[0.012s] Invoking command in '/home/wtr/programs/cpp/ros2/jaka/src/build/jaka_planner': AMENT_PREFIX_PATH=/home/wtr/programs/cpp/ros2/jaka/src/install/jaka_msgs:${AMENT_PREFIX_PATH} CMAKE_PREFIX_PATH=/home/wtr/programs/cpp/ros2/jaka/src/install/jaka_msgs:/opt/ros/humble LD_LIBRARY_PATH=/home/wtr/programs/cpp/ros2/jaka/src/install/jaka_msgs/lib:${LD_LIBRARY_PATH} PYTHONPATH=/home/wtr/programs/cpp/ros2/jaka/src/install/jaka_msgs/local/lib/python3.10/dist-packages:${PYTHONPATH} /usr/bin/cmake --build /home/wtr/programs/cpp/ros2/jaka/src/build/jaka_planner -- -j8 -l8
[0.068s] [35m[1mConsolidate compiler generated dependencies of target moveit_server[0m
[0.078s] [ 50%] Built target moveit_server
[0.087s] [35m[1mConsolidate compiler generated dependencies of target moveit_test[0m
[0.134s] [100%] Built target moveit_test
[0.143s] Invoked command in '/home/wtr/programs/cpp/ros2/jaka/src/build/jaka_planner' returned '0': AMENT_PREFIX_PATH=/home/wtr/programs/cpp/ros2/jaka/src/install/jaka_msgs:${AMENT_PREFIX_PATH} CMAKE_PREFIX_PATH=/home/wtr/programs/cpp/ros2/jaka/src/install/jaka_msgs:/opt/ros/humble LD_LIBRARY_PATH=/home/wtr/programs/cpp/ros2/jaka/src/install/jaka_msgs/lib:${LD_LIBRARY_PATH} PYTHONPATH=/home/wtr/programs/cpp/ros2/jaka/src/install/jaka_msgs/local/lib/python3.10/dist-packages:${PYTHONPATH} /usr/bin/cmake --build /home/wtr/programs/cpp/ros2/jaka/src/build/jaka_planner -- -j8 -l8
[0.146s] Invoking command in '/home/wtr/programs/cpp/ros2/jaka/src/build/jaka_planner': AMENT_PREFIX_PATH=/home/wtr/programs/cpp/ros2/jaka/src/install/jaka_msgs:${AMENT_PREFIX_PATH} CMAKE_PREFIX_PATH=/home/wtr/programs/cpp/ros2/jaka/src/install/jaka_msgs:/opt/ros/humble LD_LIBRARY_PATH=/home/wtr/programs/cpp/ros2/jaka/src/install/jaka_msgs/lib:${LD_LIBRARY_PATH} PYTHONPATH=/home/wtr/programs/cpp/ros2/jaka/src/install/jaka_msgs/local/lib/python3.10/dist-packages:${PYTHONPATH} /usr/bin/cmake --install /home/wtr/programs/cpp/ros2/jaka/src/build/jaka_planner
[0.152s] -- Install configuration: "Debug"
[0.155s] -- Execute custom install script
[0.155s] -- Up-to-date symlink: /home/wtr/programs/cpp/ros2/jaka/src/install/jaka_planner/lib/jaka_planner/moveit_server
[0.155s] -- Up-to-date symlink: /home/wtr/programs/cpp/ros2/jaka/src/install/jaka_planner/lib/jaka_planner/moveit_test
[0.155s] -- Up-to-date symlink: /home/wtr/programs/cpp/ros2/jaka/src/install/jaka_planner/share/jaka_planner/launch/moveit_server.launch.py
[0.155s] -- Up-to-date symlink: /home/wtr/programs/cpp/ros2/jaka/src/install/jaka_planner/share/ament_index/resource_index/package_run_dependencies/jaka_planner
[0.155s] -- Up-to-date symlink: /home/wtr/programs/cpp/ros2/jaka/src/install/jaka_planner/share/ament_index/resource_index/parent_prefix_path/jaka_planner
[0.155s] -- Up-to-date symlink: /home/wtr/programs/cpp/ros2/jaka/src/install/jaka_planner/share/jaka_planner/environment/ament_prefix_path.sh
[0.155s] -- Up-to-date symlink: /home/wtr/programs/cpp/ros2/jaka/src/install/jaka_planner/share/jaka_planner/environment/ament_prefix_path.dsv
[0.155s] -- Up-to-date symlink: /home/wtr/programs/cpp/ros2/jaka/src/install/jaka_planner/share/jaka_planner/environment/path.sh
[0.155s] -- Up-to-date symlink: /home/wtr/programs/cpp/ros2/jaka/src/install/jaka_planner/share/jaka_planner/environment/path.dsv
[0.155s] -- Up-to-date symlink: /home/wtr/programs/cpp/ros2/jaka/src/install/jaka_planner/share/jaka_planner/local_setup.bash
[0.155s] -- Up-to-date symlink: /home/wtr/programs/cpp/ros2/jaka/src/install/jaka_planner/share/jaka_planner/local_setup.sh
[0.155s] -- Up-to-date symlink: /home/wtr/programs/cpp/ros2/jaka/src/install/jaka_planner/share/jaka_planner/local_setup.zsh
[0.155s] -- Up-to-date symlink: /home/wtr/programs/cpp/ros2/jaka/src/install/jaka_planner/share/jaka_planner/local_setup.dsv
[0.155s] -- Symlinking: /home/wtr/programs/cpp/ros2/jaka/src/install/jaka_planner/share/jaka_planner/package.dsv
[0.163s] -- Up-to-date symlink: /home/wtr/programs/cpp/ros2/jaka/src/install/jaka_planner/share/ament_index/resource_index/packages/jaka_planner
[0.163s] -- Up-to-date symlink: /home/wtr/programs/cpp/ros2/jaka/src/install/jaka_planner/share/jaka_planner/cmake/jaka_plannerConfig.cmake
[0.163s] -- Up-to-date symlink: /home/wtr/programs/cpp/ros2/jaka/src/install/jaka_planner/share/jaka_planner/cmake/jaka_plannerConfig-version.cmake
[0.163s] -- Up-to-date symlink: /home/wtr/programs/cpp/ros2/jaka/src/install/jaka_planner/share/jaka_planner/package.xml
[0.166s] Invoked command in '/home/wtr/programs/cpp/ros2/jaka/src/build/jaka_planner' returned '0': AMENT_PREFIX_PATH=/home/wtr/programs/cpp/ros2/jaka/src/install/jaka_msgs:${AMENT_PREFIX_PATH} CMAKE_PREFIX_PATH=/home/wtr/programs/cpp/ros2/jaka/src/install/jaka_msgs:/opt/ros/humble LD_LIBRARY_PATH=/home/wtr/programs/cpp/ros2/jaka/src/install/jaka_msgs/lib:${LD_LIBRARY_PATH} PYTHONPATH=/home/wtr/programs/cpp/ros2/jaka/src/install/jaka_msgs/local/lib/python3.10/dist-packages:${PYTHONPATH} /usr/bin/cmake --install /home/wtr/programs/cpp/ros2/jaka/src/build/jaka_planner
