[0.011s] Invoking command in '/home/wtr/programs/cpp/ros2/jaka/src/build/jaka_msgs': CMAKE_PREFIX_PATH=/opt/ros/humble /usr/bin/cmake --build /home/wtr/programs/cpp/ros2/jaka/src/build/jaka_msgs -- -j8 -l8
[0.039s] -- Found ament_cmake: 1.3.12 (/opt/ros/humble/share/ament_cmake/cmake)
[0.125s] -- Override CMake install command with custom implementation using symlinks instead of copying resources
[0.130s] -- Found rosidl_default_generators: 1.2.0 (/opt/ros/humble/share/rosidl_default_generators/cmake)
[0.131s] -- Using all available rosidl_typesupport_c: rosidl_typesupport_fastrtps_c;rosidl_typesupport_introspection_c
[0.132s] -- Found rosidl_adapter: 3.1.7 (/opt/ros/humble/share/rosidl_adapter/cmake)
[0.155s] -- Using all available rosidl_typesupport_cpp: rosidl_typesupport_fastrtps_cpp;rosidl_typesupport_introspection_cpp
[0.171s] -- Found std_msgs: 4.9.0 (/opt/ros/humble/share/std_msgs/cmake)
[0.187s] -- Found rclcpp: 16.0.15 (/opt/ros/humble/share/rclcpp/cmake)
[0.203s] -- Found rmw_implementation_cmake: 6.1.2 (/opt/ros/humble/share/rmw_implementation_cmake/cmake)
[0.204s] -- Found rmw_fastrtps_cpp: 6.2.9 (/opt/ros/humble/share/rmw_fastrtps_cpp/cmake)
[0.278s] -- Using RMW implementation 'rmw_fastrtps_cpp' as default
[0.302s] -- Found std_srvs: 4.9.0 (/opt/ros/humble/share/std_srvs/cmake)
[0.601s] -- Found ament_cmake_ros: 0.10.0 (/opt/ros/humble/share/ament_cmake_ros/cmake)
[0.776s] -- Using all available rosidl_typesupport_c: rosidl_typesupport_fastrtps_c;rosidl_typesupport_introspection_c
[1.003s] -- Using all available rosidl_typesupport_cpp: rosidl_typesupport_fastrtps_cpp;rosidl_typesupport_introspection_cpp
[1.026s] -- Found python_cmake_module: 0.10.0 (/opt/ros/humble/share/python_cmake_module/cmake)
[1.048s] -- Using PYTHON_EXECUTABLE: /usr/bin/python3
[1.048s] -- Using PYTHON_INCLUDE_DIRS: /usr/include/python3.10
[1.048s] -- Using PYTHON_LIBRARIES: /usr/lib/x86_64-linux-gnu/libpython3.10.so
[1.082s] -- Configuring done
[1.140s] -- Generating done
[1.154s] -- Build files have been written to: /home/wtr/programs/cpp/ros2/jaka/src/build/jaka_msgs
[1.177s] [  1%] [34m[1mGenerating C code for ROS interfaces[0m
[1.186s] [  1%] [34m[1mGenerating C++ code for ROS interfaces[0m
[1.193s] [  1%] Built target ament_cmake_python_symlink_jaka_msgs
[1.393s] running egg_info
[1.393s] writing jaka_msgs.egg-info/PKG-INFO
[1.393s] writing dependency_links to jaka_msgs.egg-info/dependency_links.txt
[1.393s] writing top-level names to jaka_msgs.egg-info/top_level.txt
[1.397s] reading manifest file 'jaka_msgs.egg-info/SOURCES.txt'
[1.397s] writing manifest file 'jaka_msgs.egg-info/SOURCES.txt'
[1.425s] [  1%] Built target ament_cmake_python_build_jaka_msgs_egg
[2.097s] [35m[1mConsolidate compiler generated dependencies of target jaka_msgs__rosidl_generator_c[0m
[2.113s] [  2%] [32mBuilding C object CMakeFiles/jaka_msgs__rosidl_generator_c.dir/rosidl_generator_c/jaka_msgs/msg/detail/my_pose_cmd__functions.c.o[0m
[2.115s] [  2%] [32mBuilding C object CMakeFiles/jaka_msgs__rosidl_generator_c.dir/rosidl_generator_c/jaka_msgs/msg/detail/robot_msg__functions.c.o[0m
[2.125s] [  3%] [32mBuilding C object CMakeFiles/jaka_msgs__rosidl_generator_c.dir/rosidl_generator_c/jaka_msgs/srv/detail/move__functions.c.o[0m
[2.138s] [  4%] [32mBuilding C object CMakeFiles/jaka_msgs__rosidl_generator_c.dir/rosidl_generator_c/jaka_msgs/srv/detail/servo_move_enable__functions.c.o[0m
[2.144s] [  4%] [32mBuilding C object CMakeFiles/jaka_msgs__rosidl_generator_c.dir/rosidl_generator_c/jaka_msgs/srv/detail/servo_move__functions.c.o[0m
[2.153s] [  5%] [32mBuilding C object CMakeFiles/jaka_msgs__rosidl_generator_c.dir/rosidl_generator_c/jaka_msgs/srv/detail/set_tcp_frame__functions.c.o[0m
[2.173s] [  6%] [32mBuilding C object CMakeFiles/jaka_msgs__rosidl_generator_c.dir/rosidl_generator_c/jaka_msgs/srv/detail/set_user_frame__functions.c.o[0m
[2.196s] [  7%] [32mBuilding C object CMakeFiles/jaka_msgs__rosidl_generator_c.dir/rosidl_generator_c/jaka_msgs/srv/detail/set_payload__functions.c.o[0m
[2.205s] [  7%] [32mBuilding C object CMakeFiles/jaka_msgs__rosidl_generator_c.dir/rosidl_generator_c/jaka_msgs/srv/detail/set_collision__functions.c.o[0m
[2.216s] [  7%] Built target jaka_msgs__cpp
[2.226s] [  8%] [32mBuilding C object CMakeFiles/jaka_msgs__rosidl_generator_c.dir/rosidl_generator_c/jaka_msgs/srv/detail/set_io__functions.c.o[0m
[2.226s] [  9%] [32mBuilding C object CMakeFiles/jaka_msgs__rosidl_generator_c.dir/rosidl_generator_c/jaka_msgs/srv/detail/get_io__functions.c.o[0m
[2.227s] [ 10%] [32mBuilding C object CMakeFiles/jaka_msgs__rosidl_generator_c.dir/rosidl_generator_c/jaka_msgs/srv/detail/clear_error__functions.c.o[0m
[2.228s] [ 12%] [34m[1mGenerating C++ type support for eProsima Fast-RTPS[0m
[2.230s] [ 12%] [34m[1mGenerating C++ type support dispatch for ROS interfaces[0m
[2.272s] [ 12%] [32mBuilding C object CMakeFiles/jaka_msgs__rosidl_generator_c.dir/rosidl_generator_c/jaka_msgs/srv/detail/get_fk__functions.c.o[0m
[2.276s] [ 12%] [34m[1mGenerating C++ introspection for ROS interfaces[0m
[2.278s] [ 13%] [32mBuilding C object CMakeFiles/jaka_msgs__rosidl_generator_c.dir/rosidl_generator_c/jaka_msgs/srv/detail/get_ik__functions.c.o[0m
[2.341s] [ 14%] [32m[1mLinking C shared library libjaka_msgs__rosidl_generator_c.so[0m
[2.413s] [ 14%] Built target jaka_msgs__rosidl_generator_c
[2.431s] [ 15%] [34m[1mGenerating C type support dispatch for ROS interfaces[0m
[2.432s] [ 16%] [34m[1mGenerating C introspection for ROS interfaces[0m
[2.436s] [ 17%] [34m[1mGenerating C type support for eProsima Fast-RTPS[0m
[2.808s] [35m[1mConsolidate compiler generated dependencies of target jaka_msgs__rosidl_typesupport_cpp[0m
[2.830s] [ 19%] [32mBuilding CXX object CMakeFiles/jaka_msgs__rosidl_typesupport_cpp.dir/rosidl_typesupport_cpp/jaka_msgs/msg/my_pose_cmd__type_support.cpp.o[0m
[2.830s] [ 19%] [32mBuilding CXX object CMakeFiles/jaka_msgs__rosidl_typesupport_cpp.dir/rosidl_typesupport_cpp/jaka_msgs/msg/robot_msg__type_support.cpp.o[0m
[2.847s] [ 19%] [32mBuilding CXX object CMakeFiles/jaka_msgs__rosidl_typesupport_cpp.dir/rosidl_typesupport_cpp/jaka_msgs/srv/move__type_support.cpp.o[0m
[3.130s] [ 20%] [32mBuilding CXX object CMakeFiles/jaka_msgs__rosidl_typesupport_cpp.dir/rosidl_typesupport_cpp/jaka_msgs/srv/servo_move_enable__type_support.cpp.o[0m
[3.166s] [35m[1mConsolidate compiler generated dependencies of target jaka_msgs__rosidl_typesupport_c[0m
[3.177s] [ 21%] [32mBuilding CXX object CMakeFiles/jaka_msgs__rosidl_typesupport_cpp.dir/rosidl_typesupport_cpp/jaka_msgs/srv/servo_move__type_support.cpp.o[0m
[3.185s] [ 21%] [32mBuilding CXX object CMakeFiles/jaka_msgs__rosidl_typesupport_cpp.dir/rosidl_typesupport_cpp/jaka_msgs/srv/set_tcp_frame__type_support.cpp.o[0m
[3.187s] [ 21%] [32mBuilding CXX object CMakeFiles/jaka_msgs__rosidl_typesupport_c.dir/rosidl_typesupport_c/jaka_msgs/msg/robot_msg__type_support.cpp.o[0m
[3.245s] [ 22%] [32mBuilding CXX object CMakeFiles/jaka_msgs__rosidl_typesupport_c.dir/rosidl_typesupport_c/jaka_msgs/msg/my_pose_cmd__type_support.cpp.o[0m
[3.338s] [ 23%] [32mBuilding CXX object CMakeFiles/jaka_msgs__rosidl_typesupport_c.dir/rosidl_typesupport_c/jaka_msgs/srv/move__type_support.cpp.o[0m
[3.393s] [ 24%] [32mBuilding CXX object CMakeFiles/jaka_msgs__rosidl_typesupport_c.dir/rosidl_typesupport_c/jaka_msgs/srv/servo_move_enable__type_support.cpp.o[0m
[3.423s] [ 25%] [32mBuilding CXX object CMakeFiles/jaka_msgs__rosidl_typesupport_cpp.dir/rosidl_typesupport_cpp/jaka_msgs/srv/set_user_frame__type_support.cpp.o[0m
[3.452s] [35m[1mConsolidate compiler generated dependencies of target jaka_msgs__rosidl_typesupport_introspection_cpp[0m
[3.452s] [ 26%] [32mBuilding CXX object CMakeFiles/jaka_msgs__rosidl_typesupport_cpp.dir/rosidl_typesupport_cpp/jaka_msgs/srv/set_payload__type_support.cpp.o[0m
[3.452s] [ 26%] [32mBuilding CXX object CMakeFiles/jaka_msgs__rosidl_typesupport_c.dir/rosidl_typesupport_c/jaka_msgs/srv/servo_move__type_support.cpp.o[0m
[3.474s] [ 27%] [32mBuilding CXX object CMakeFiles/jaka_msgs__rosidl_typesupport_introspection_cpp.dir/rosidl_typesupport_introspection_cpp/jaka_msgs/msg/detail/robot_msg__type_support.cpp.o[0m
[3.493s] [ 28%] [32mBuilding CXX object CMakeFiles/jaka_msgs__rosidl_typesupport_c.dir/rosidl_typesupport_c/jaka_msgs/srv/set_tcp_frame__type_support.cpp.o[0m
[3.506s] [ 29%] [32mBuilding CXX object CMakeFiles/jaka_msgs__rosidl_typesupport_cpp.dir/rosidl_typesupport_cpp/jaka_msgs/srv/set_collision__type_support.cpp.o[0m
[3.528s] [ 30%] [32mBuilding CXX object CMakeFiles/jaka_msgs__rosidl_typesupport_c.dir/rosidl_typesupport_c/jaka_msgs/srv/set_user_frame__type_support.cpp.o[0m
[3.560s] [ 31%] [32mBuilding CXX object CMakeFiles/jaka_msgs__rosidl_typesupport_c.dir/rosidl_typesupport_c/jaka_msgs/srv/set_payload__type_support.cpp.o[0m
[3.607s] [ 31%] [32mBuilding CXX object CMakeFiles/jaka_msgs__rosidl_typesupport_c.dir/rosidl_typesupport_c/jaka_msgs/srv/set_collision__type_support.cpp.o[0m
[3.665s] [ 32%] [32mBuilding CXX object CMakeFiles/jaka_msgs__rosidl_typesupport_c.dir/rosidl_typesupport_c/jaka_msgs/srv/set_io__type_support.cpp.o[0m
[3.668s] [35m[1mConsolidate compiler generated dependencies of target jaka_msgs__rosidl_typesupport_introspection_c[0m
[3.691s] [ 33%] [32mBuilding C object CMakeFiles/jaka_msgs__rosidl_typesupport_introspection_c.dir/rosidl_typesupport_introspection_c/jaka_msgs/msg/detail/robot_msg__type_support.c.o[0m
[3.734s] [ 34%] [32mBuilding CXX object CMakeFiles/jaka_msgs__rosidl_typesupport_c.dir/rosidl_typesupport_c/jaka_msgs/srv/get_io__type_support.cpp.o[0m
[3.754s] [ 35%] [32mBuilding CXX object CMakeFiles/jaka_msgs__rosidl_typesupport_c.dir/rosidl_typesupport_c/jaka_msgs/srv/clear_error__type_support.cpp.o[0m
[3.754s] [ 36%] [32mBuilding C object CMakeFiles/jaka_msgs__rosidl_typesupport_introspection_c.dir/rosidl_typesupport_introspection_c/jaka_msgs/msg/detail/my_pose_cmd__type_support.c.o[0m
[3.771s] [35m[1mConsolidate compiler generated dependencies of target jaka_msgs__rosidl_typesupport_fastrtps_cpp[0m
[3.779s] [ 37%] [32mBuilding C object CMakeFiles/jaka_msgs__rosidl_typesupport_introspection_c.dir/rosidl_typesupport_introspection_c/jaka_msgs/srv/detail/servo_move_enable__type_support.c.o[0m
[3.783s] [ 37%] [32mBuilding CXX object CMakeFiles/jaka_msgs__rosidl_typesupport_c.dir/rosidl_typesupport_c/jaka_msgs/srv/get_fk__type_support.cpp.o[0m
[3.792s] [ 38%] [32mBuilding CXX object CMakeFiles/jaka_msgs__rosidl_typesupport_fastrtps_cpp.dir/rosidl_typesupport_fastrtps_cpp/jaka_msgs/msg/detail/dds_fastrtps/robot_msg__type_support.cpp.o[0m
[3.799s] [ 38%] [32mBuilding C object CMakeFiles/jaka_msgs__rosidl_typesupport_introspection_c.dir/rosidl_typesupport_introspection_c/jaka_msgs/srv/detail/move__type_support.c.o[0m
[3.810s] [ 38%] [32mBuilding CXX object CMakeFiles/jaka_msgs__rosidl_typesupport_cpp.dir/rosidl_typesupport_cpp/jaka_msgs/srv/set_io__type_support.cpp.o[0m
[3.837s] [ 39%] [32mBuilding CXX object CMakeFiles/jaka_msgs__rosidl_typesupport_cpp.dir/rosidl_typesupport_cpp/jaka_msgs/srv/get_io__type_support.cpp.o[0m
[3.839s] [ 40%] [32mBuilding CXX object CMakeFiles/jaka_msgs__rosidl_typesupport_c.dir/rosidl_typesupport_c/jaka_msgs/srv/get_ik__type_support.cpp.o[0m
[3.844s] [ 41%] [32mBuilding C object CMakeFiles/jaka_msgs__rosidl_typesupport_introspection_c.dir/rosidl_typesupport_introspection_c/jaka_msgs/srv/detail/servo_move__type_support.c.o[0m
[3.854s] [35m[1mConsolidate compiler generated dependencies of target jaka_msgs__rosidl_typesupport_fastrtps_c[0m
[3.861s] [ 42%] [32mBuilding C object CMakeFiles/jaka_msgs__rosidl_typesupport_introspection_c.dir/rosidl_typesupport_introspection_c/jaka_msgs/srv/detail/set_tcp_frame__type_support.c.o[0m
[3.885s] [ 42%] [32mBuilding C object CMakeFiles/jaka_msgs__rosidl_typesupport_introspection_c.dir/rosidl_typesupport_introspection_c/jaka_msgs/srv/detail/set_user_frame__type_support.c.o[0m
[3.891s] [ 43%] [32mBuilding CXX object CMakeFiles/jaka_msgs__rosidl_typesupport_fastrtps_c.dir/rosidl_typesupport_fastrtps_c/jaka_msgs/msg/detail/robot_msg__type_support_c.cpp.o[0m
[3.911s] [ 44%] [32m[1mLinking CXX shared library libjaka_msgs__rosidl_typesupport_c.so[0m
[3.911s] [ 45%] [32mBuilding CXX object CMakeFiles/jaka_msgs__rosidl_typesupport_introspection_cpp.dir/rosidl_typesupport_introspection_cpp/jaka_msgs/msg/detail/my_pose_cmd__type_support.cpp.o[0m
[3.937s] [ 46%] [32mBuilding C object CMakeFiles/jaka_msgs__rosidl_typesupport_introspection_c.dir/rosidl_typesupport_introspection_c/jaka_msgs/srv/detail/set_payload__type_support.c.o[0m
[3.949s] [ 47%] [32mBuilding C object CMakeFiles/jaka_msgs__rosidl_typesupport_introspection_c.dir/rosidl_typesupport_introspection_c/jaka_msgs/srv/detail/set_collision__type_support.c.o[0m
[4.003s] [ 48%] [32mBuilding CXX object CMakeFiles/jaka_msgs__rosidl_typesupport_introspection_cpp.dir/rosidl_typesupport_introspection_cpp/jaka_msgs/srv/detail/move__type_support.cpp.o[0m
[4.021s] [ 48%] Built target jaka_msgs__rosidl_typesupport_c
[4.032s] [ 48%] [32mBuilding C object CMakeFiles/jaka_msgs__rosidl_typesupport_introspection_c.dir/rosidl_typesupport_introspection_c/jaka_msgs/srv/detail/set_io__type_support.c.o[0m
[4.040s] [ 49%] [32mBuilding C object CMakeFiles/jaka_msgs__rosidl_typesupport_introspection_c.dir/rosidl_typesupport_introspection_c/jaka_msgs/srv/detail/get_io__type_support.c.o[0m
[4.058s] [ 50%] [32mBuilding CXX object CMakeFiles/jaka_msgs__rosidl_typesupport_cpp.dir/rosidl_typesupport_cpp/jaka_msgs/srv/clear_error__type_support.cpp.o[0m
[4.107s] [ 50%] [32mBuilding CXX object CMakeFiles/jaka_msgs__rosidl_typesupport_introspection_cpp.dir/rosidl_typesupport_introspection_cpp/jaka_msgs/srv/detail/servo_move_enable__type_support.cpp.o[0m
[4.111s] [ 51%] [32mBuilding C object CMakeFiles/jaka_msgs__rosidl_typesupport_introspection_c.dir/rosidl_typesupport_introspection_c/jaka_msgs/srv/detail/clear_error__type_support.c.o[0m
[4.149s] [ 52%] [32mBuilding CXX object CMakeFiles/jaka_msgs__rosidl_typesupport_fastrtps_cpp.dir/rosidl_typesupport_fastrtps_cpp/jaka_msgs/msg/detail/dds_fastrtps/my_pose_cmd__type_support.cpp.o[0m
[4.169s] [ 53%] [32mBuilding C object CMakeFiles/jaka_msgs__rosidl_typesupport_introspection_c.dir/rosidl_typesupport_introspection_c/jaka_msgs/srv/detail/get_fk__type_support.c.o[0m
[4.213s] [ 53%] [32mBuilding CXX object CMakeFiles/jaka_msgs__rosidl_typesupport_fastrtps_cpp.dir/rosidl_typesupport_fastrtps_cpp/jaka_msgs/srv/detail/dds_fastrtps/move__type_support.cpp.o[0m
[4.226s] [ 53%] [32mBuilding C object CMakeFiles/jaka_msgs__rosidl_typesupport_introspection_c.dir/rosidl_typesupport_introspection_c/jaka_msgs/srv/detail/get_ik__type_support.c.o[0m
[4.300s] [ 54%] [32m[1mLinking C shared library libjaka_msgs__rosidl_typesupport_introspection_c.so[0m
[4.328s] [ 54%] [32mBuilding CXX object CMakeFiles/jaka_msgs__rosidl_typesupport_fastrtps_c.dir/rosidl_typesupport_fastrtps_c/jaka_msgs/msg/detail/my_pose_cmd__type_support_c.cpp.o[0m
[4.386s] [ 54%] Built target jaka_msgs__rosidl_typesupport_introspection_c
[4.393s] [ 55%] [32mBuilding CXX object CMakeFiles/jaka_msgs__rosidl_typesupport_fastrtps_cpp.dir/rosidl_typesupport_fastrtps_cpp/jaka_msgs/srv/detail/dds_fastrtps/servo_move_enable__type_support.cpp.o[0m
[4.433s] [ 56%] [32mBuilding CXX object CMakeFiles/jaka_msgs__rosidl_typesupport_introspection_cpp.dir/rosidl_typesupport_introspection_cpp/jaka_msgs/srv/detail/servo_move__type_support.cpp.o[0m
[4.498s] [ 57%] [32mBuilding CXX object CMakeFiles/jaka_msgs__rosidl_typesupport_cpp.dir/rosidl_typesupport_cpp/jaka_msgs/srv/get_fk__type_support.cpp.o[0m
[4.553s] [ 58%] [32mBuilding CXX object CMakeFiles/jaka_msgs__rosidl_typesupport_fastrtps_c.dir/rosidl_typesupport_fastrtps_c/jaka_msgs/srv/detail/move__type_support_c.cpp.o[0m
[4.585s] [ 59%] [32mBuilding CXX object CMakeFiles/jaka_msgs__rosidl_typesupport_fastrtps_cpp.dir/rosidl_typesupport_fastrtps_cpp/jaka_msgs/srv/detail/dds_fastrtps/servo_move__type_support.cpp.o[0m
[4.594s] [ 60%] [32mBuilding CXX object CMakeFiles/jaka_msgs__rosidl_typesupport_fastrtps_c.dir/rosidl_typesupport_fastrtps_c/jaka_msgs/srv/detail/servo_move_enable__type_support_c.cpp.o[0m
[4.687s] [ 61%] [32mBuilding CXX object CMakeFiles/jaka_msgs__rosidl_typesupport_fastrtps_c.dir/rosidl_typesupport_fastrtps_c/jaka_msgs/srv/detail/servo_move__type_support_c.cpp.o[0m
[4.719s] [ 62%] [32mBuilding CXX object CMakeFiles/jaka_msgs__rosidl_typesupport_introspection_cpp.dir/rosidl_typesupport_introspection_cpp/jaka_msgs/srv/detail/set_tcp_frame__type_support.cpp.o[0m
[4.797s] [ 62%] [32mBuilding CXX object CMakeFiles/jaka_msgs__rosidl_typesupport_cpp.dir/rosidl_typesupport_cpp/jaka_msgs/srv/get_ik__type_support.cpp.o[0m
[4.818s] [ 62%] [32mBuilding CXX object CMakeFiles/jaka_msgs__rosidl_typesupport_fastrtps_c.dir/rosidl_typesupport_fastrtps_c/jaka_msgs/srv/detail/set_tcp_frame__type_support_c.cpp.o[0m
[5.040s] [ 63%] [32mBuilding CXX object CMakeFiles/jaka_msgs__rosidl_typesupport_fastrtps_c.dir/rosidl_typesupport_fastrtps_c/jaka_msgs/srv/detail/set_user_frame__type_support_c.cpp.o[0m
[5.057s] [ 64%] [32m[1mLinking CXX shared library libjaka_msgs__rosidl_typesupport_cpp.so[0m
[5.083s] [ 65%] [32mBuilding CXX object CMakeFiles/jaka_msgs__rosidl_typesupport_introspection_cpp.dir/rosidl_typesupport_introspection_cpp/jaka_msgs/srv/detail/set_user_frame__type_support.cpp.o[0m
[5.090s] [ 66%] [32mBuilding CXX object CMakeFiles/jaka_msgs__rosidl_typesupport_fastrtps_c.dir/rosidl_typesupport_fastrtps_c/jaka_msgs/srv/detail/set_payload__type_support_c.cpp.o[0m
[5.099s] [ 67%] [32mBuilding CXX object CMakeFiles/jaka_msgs__rosidl_typesupport_fastrtps_cpp.dir/rosidl_typesupport_fastrtps_cpp/jaka_msgs/srv/detail/dds_fastrtps/set_tcp_frame__type_support.cpp.o[0m
[5.140s] [ 67%] Built target jaka_msgs__rosidl_typesupport_cpp
[5.159s] [ 67%] [32mBuilding CXX object CMakeFiles/jaka_msgs__rosidl_typesupport_introspection_cpp.dir/rosidl_typesupport_introspection_cpp/jaka_msgs/srv/detail/set_payload__type_support.cpp.o[0m
[5.237s] [ 68%] [32mBuilding CXX object CMakeFiles/jaka_msgs__rosidl_typesupport_introspection_cpp.dir/rosidl_typesupport_introspection_cpp/jaka_msgs/srv/detail/set_collision__type_support.cpp.o[0m
[5.266s] [ 68%] [32mBuilding CXX object CMakeFiles/jaka_msgs__rosidl_typesupport_fastrtps_cpp.dir/rosidl_typesupport_fastrtps_cpp/jaka_msgs/srv/detail/dds_fastrtps/set_user_frame__type_support.cpp.o[0m
[5.305s] [ 69%] [32mBuilding CXX object CMakeFiles/jaka_msgs__rosidl_typesupport_introspection_cpp.dir/rosidl_typesupport_introspection_cpp/jaka_msgs/srv/detail/set_io__type_support.cpp.o[0m
[5.392s] [ 70%] [32mBuilding CXX object CMakeFiles/jaka_msgs__rosidl_typesupport_fastrtps_c.dir/rosidl_typesupport_fastrtps_c/jaka_msgs/srv/detail/set_collision__type_support_c.cpp.o[0m
[5.482s] [ 70%] [32mBuilding CXX object CMakeFiles/jaka_msgs__rosidl_typesupport_fastrtps_c.dir/rosidl_typesupport_fastrtps_c/jaka_msgs/srv/detail/set_io__type_support_c.cpp.o[0m
[5.561s] [ 71%] [32mBuilding CXX object CMakeFiles/jaka_msgs__rosidl_typesupport_fastrtps_c.dir/rosidl_typesupport_fastrtps_c/jaka_msgs/srv/detail/get_io__type_support_c.cpp.o[0m
[5.667s] [ 72%] [32mBuilding CXX object CMakeFiles/jaka_msgs__rosidl_typesupport_fastrtps_cpp.dir/rosidl_typesupport_fastrtps_cpp/jaka_msgs/srv/detail/dds_fastrtps/set_payload__type_support.cpp.o[0m
[5.680s] [ 74%] [32mBuilding CXX object CMakeFiles/jaka_msgs__rosidl_typesupport_fastrtps_cpp.dir/rosidl_typesupport_fastrtps_cpp/jaka_msgs/srv/detail/dds_fastrtps/set_collision__type_support.cpp.o[0m
[5.681s] [ 74%] [32mBuilding CXX object CMakeFiles/jaka_msgs__rosidl_typesupport_introspection_cpp.dir/rosidl_typesupport_introspection_cpp/jaka_msgs/srv/detail/get_io__type_support.cpp.o[0m
[5.846s] [ 75%] [32mBuilding CXX object CMakeFiles/jaka_msgs__rosidl_typesupport_fastrtps_c.dir/rosidl_typesupport_fastrtps_c/jaka_msgs/srv/detail/clear_error__type_support_c.cpp.o[0m
[5.865s] [ 76%] [32mBuilding CXX object CMakeFiles/jaka_msgs__rosidl_typesupport_fastrtps_cpp.dir/rosidl_typesupport_fastrtps_cpp/jaka_msgs/srv/detail/dds_fastrtps/set_io__type_support.cpp.o[0m
[5.893s] [ 76%] [32mBuilding CXX object CMakeFiles/jaka_msgs__rosidl_typesupport_introspection_cpp.dir/rosidl_typesupport_introspection_cpp/jaka_msgs/srv/detail/clear_error__type_support.cpp.o[0m
[5.991s] [ 76%] [32mBuilding CXX object CMakeFiles/jaka_msgs__rosidl_typesupport_fastrtps_c.dir/rosidl_typesupport_fastrtps_c/jaka_msgs/srv/detail/get_ik__type_support_c.cpp.o[0m
[5.991s] [ 77%] [32mBuilding CXX object CMakeFiles/jaka_msgs__rosidl_typesupport_fastrtps_c.dir/rosidl_typesupport_fastrtps_c/jaka_msgs/srv/detail/get_fk__type_support_c.cpp.o[0m
[6.118s] [ 77%] [32mBuilding CXX object CMakeFiles/jaka_msgs__rosidl_typesupport_fastrtps_cpp.dir/rosidl_typesupport_fastrtps_cpp/jaka_msgs/srv/detail/dds_fastrtps/get_io__type_support.cpp.o[0m
[6.142s] [ 78%] [32mBuilding CXX object CMakeFiles/jaka_msgs__rosidl_typesupport_introspection_cpp.dir/rosidl_typesupport_introspection_cpp/jaka_msgs/srv/detail/get_fk__type_support.cpp.o[0m
[6.239s] [ 79%] [32mBuilding CXX object CMakeFiles/jaka_msgs__rosidl_typesupport_introspection_cpp.dir/rosidl_typesupport_introspection_cpp/jaka_msgs/srv/detail/get_ik__type_support.cpp.o[0m
[6.293s] [ 80%] [32mBuilding CXX object CMakeFiles/jaka_msgs__rosidl_typesupport_fastrtps_cpp.dir/rosidl_typesupport_fastrtps_cpp/jaka_msgs/srv/detail/dds_fastrtps/clear_error__type_support.cpp.o[0m
[6.372s] [ 81%] [32mBuilding CXX object CMakeFiles/jaka_msgs__rosidl_typesupport_fastrtps_cpp.dir/rosidl_typesupport_fastrtps_cpp/jaka_msgs/srv/detail/dds_fastrtps/get_fk__type_support.cpp.o[0m
[6.445s] [ 82%] [32mBuilding CXX object CMakeFiles/jaka_msgs__rosidl_typesupport_fastrtps_cpp.dir/rosidl_typesupport_fastrtps_cpp/jaka_msgs/srv/detail/dds_fastrtps/get_ik__type_support.cpp.o[0m
[6.458s] [ 83%] [32m[1mLinking CXX shared library libjaka_msgs__rosidl_typesupport_fastrtps_c.so[0m
[6.553s] [ 83%] Built target jaka_msgs__rosidl_typesupport_fastrtps_c
[6.687s] [ 84%] [32m[1mLinking CXX shared library libjaka_msgs__rosidl_typesupport_introspection_cpp.so[0m
[6.781s] [ 84%] Built target jaka_msgs__rosidl_typesupport_introspection_cpp
[6.873s] [ 84%] [32m[1mLinking CXX shared library libjaka_msgs__rosidl_typesupport_fastrtps_cpp.so[0m
[6.942s] [ 84%] Built target jaka_msgs__rosidl_typesupport_fastrtps_cpp
[6.957s] [ 84%] Built target jaka_msgs
[6.981s] [ 85%] [34m[1mGenerating Python code for ROS interfaces[0m
[8.336s] [ 85%] Built target jaka_msgs__py
[8.346s] [35m[1mConsolidate compiler generated dependencies of target jaka_msgs__rosidl_generator_py[0m
[8.361s] [ 86%] [32mBuilding C object CMakeFiles/jaka_msgs__rosidl_generator_py.dir/rosidl_generator_py/jaka_msgs/srv/_move_s.c.o[0m
[8.362s] [ 86%] [32mBuilding C object CMakeFiles/jaka_msgs__rosidl_generator_py.dir/rosidl_generator_py/jaka_msgs/srv/_set_tcp_frame_s.c.o[0m
[8.363s] [ 86%] [32mBuilding C object CMakeFiles/jaka_msgs__rosidl_generator_py.dir/rosidl_generator_py/jaka_msgs/msg/_my_pose_cmd_s.c.o[0m
[8.364s] [ 87%] [32mBuilding C object CMakeFiles/jaka_msgs__rosidl_generator_py.dir/rosidl_generator_py/jaka_msgs/msg/_robot_msg_s.c.o[0m
[8.364s] [ 88%] [32mBuilding C object CMakeFiles/jaka_msgs__rosidl_generator_py.dir/rosidl_generator_py/jaka_msgs/srv/_servo_move_enable_s.c.o[0m
[8.364s] [ 89%] [32mBuilding C object CMakeFiles/jaka_msgs__rosidl_generator_py.dir/rosidl_generator_py/jaka_msgs/srv/_servo_move_s.c.o[0m
[8.366s] [ 90%] [32mBuilding C object CMakeFiles/jaka_msgs__rosidl_generator_py.dir/rosidl_generator_py/jaka_msgs/srv/_set_payload_s.c.o[0m
[8.372s] [ 91%] [32mBuilding C object CMakeFiles/jaka_msgs__rosidl_generator_py.dir/rosidl_generator_py/jaka_msgs/srv/_set_user_frame_s.c.o[0m
[8.517s] [ 91%] [32mBuilding C object CMakeFiles/jaka_msgs__rosidl_generator_py.dir/rosidl_generator_py/jaka_msgs/srv/_set_io_s.c.o[0m
[8.520s] [ 92%] [32mBuilding C object CMakeFiles/jaka_msgs__rosidl_generator_py.dir/rosidl_generator_py/jaka_msgs/srv/_set_collision_s.c.o[0m
[8.541s] [ 93%] [32mBuilding C object CMakeFiles/jaka_msgs__rosidl_generator_py.dir/rosidl_generator_py/jaka_msgs/srv/_get_io_s.c.o[0m
[8.548s] [ 94%] [32mBuilding C object CMakeFiles/jaka_msgs__rosidl_generator_py.dir/rosidl_generator_py/jaka_msgs/srv/_clear_error_s.c.o[0m
[8.553s] [ 95%] [32mBuilding C object CMakeFiles/jaka_msgs__rosidl_generator_py.dir/rosidl_generator_py/jaka_msgs/srv/_get_fk_s.c.o[0m
[8.554s] [ 95%] [32mBuilding C object CMakeFiles/jaka_msgs__rosidl_generator_py.dir/rosidl_generator_py/jaka_msgs/srv/_get_ik_s.c.o[0m
[8.660s] [ 96%] [32m[1mLinking C shared library rosidl_generator_py/jaka_msgs/libjaka_msgs__rosidl_generator_py.so[0m
[8.698s] [ 96%] Built target jaka_msgs__rosidl_generator_py
[8.708s] [35m[1mConsolidate compiler generated dependencies of target jaka_msgs__rosidl_typesupport_fastrtps_c__pyext[0m
[8.708s] [35m[1mConsolidate compiler generated dependencies of target jaka_msgs__rosidl_typesupport_c__pyext[0m
[8.709s] [35m[1mConsolidate compiler generated dependencies of target jaka_msgs__rosidl_typesupport_introspection_c__pyext[0m
[8.719s] [ 97%] [32mBuilding C object CMakeFiles/jaka_msgs__rosidl_typesupport_introspection_c__pyext.dir/rosidl_generator_py/jaka_msgs/_jaka_msgs_s.ep.rosidl_typesupport_introspection_c.c.o[0m
[8.719s] [ 98%] [32mBuilding C object CMakeFiles/jaka_msgs__rosidl_typesupport_fastrtps_c__pyext.dir/rosidl_generator_py/jaka_msgs/_jaka_msgs_s.ep.rosidl_typesupport_fastrtps_c.c.o[0m
[8.720s] [ 99%] [32mBuilding C object CMakeFiles/jaka_msgs__rosidl_typesupport_c__pyext.dir/rosidl_generator_py/jaka_msgs/_jaka_msgs_s.ep.rosidl_typesupport_c.c.o[0m
[8.854s] [ 99%] [32m[1mLinking C shared library rosidl_generator_py/jaka_msgs/jaka_msgs_s__rosidl_typesupport_fastrtps_c.cpython-310-x86_64-linux-gnu.so[0m
[8.857s] [100%] [32m[1mLinking C shared library rosidl_generator_py/jaka_msgs/jaka_msgs_s__rosidl_typesupport_introspection_c.cpython-310-x86_64-linux-gnu.so[0m
[8.886s] [100%] [32m[1mLinking C shared library rosidl_generator_py/jaka_msgs/jaka_msgs_s__rosidl_typesupport_c.cpython-310-x86_64-linux-gnu.so[0m
[8.886s] [100%] Built target jaka_msgs__rosidl_typesupport_fastrtps_c__pyext
[8.893s] [100%] Built target jaka_msgs__rosidl_typesupport_introspection_c__pyext
[8.926s] [100%] Built target jaka_msgs__rosidl_typesupport_c__pyext
[8.937s] Invoked command in '/home/wtr/programs/cpp/ros2/jaka/src/build/jaka_msgs' returned '0': CMAKE_PREFIX_PATH=/opt/ros/humble /usr/bin/cmake --build /home/wtr/programs/cpp/ros2/jaka/src/build/jaka_msgs -- -j8 -l8
[8.946s] Invoking command in '/home/wtr/programs/cpp/ros2/jaka/src/build/jaka_msgs': CMAKE_PREFIX_PATH=/opt/ros/humble /usr/bin/cmake --install /home/wtr/programs/cpp/ros2/jaka/src/build/jaka_msgs
[8.951s] -- Install configuration: ""
[8.952s] -- Execute custom install script
[8.952s] -- Up-to-date symlink: /home/wtr/programs/cpp/ros2/jaka/src/install/jaka_msgs/share/ament_index/resource_index/rosidl_interfaces/jaka_msgs
[8.952s] -- Symlinking: /home/wtr/programs/cpp/ros2/jaka/src/install/jaka_msgs/include/jaka_msgs/jaka_msgs/msg/detail/my_pose_cmd__functions.h
[8.959s] -- Symlinking: /home/wtr/programs/cpp/ros2/jaka/src/install/jaka_msgs/include/jaka_msgs/jaka_msgs/msg/detail/my_pose_cmd__struct.h
[8.965s] -- Symlinking: /home/wtr/programs/cpp/ros2/jaka/src/install/jaka_msgs/include/jaka_msgs/jaka_msgs/msg/detail/my_pose_cmd__type_support.h
[8.977s] -- Up-to-date symlink: /home/wtr/programs/cpp/ros2/jaka/src/install/jaka_msgs/include/jaka_msgs/jaka_msgs/msg/detail/robot_msg__functions.h
[8.978s] -- Up-to-date symlink: /home/wtr/programs/cpp/ros2/jaka/src/install/jaka_msgs/include/jaka_msgs/jaka_msgs/msg/detail/robot_msg__struct.h
[8.978s] -- Up-to-date symlink: /home/wtr/programs/cpp/ros2/jaka/src/install/jaka_msgs/include/jaka_msgs/jaka_msgs/msg/detail/robot_msg__type_support.h
[8.978s] -- Symlinking: /home/wtr/programs/cpp/ros2/jaka/src/install/jaka_msgs/include/jaka_msgs/jaka_msgs/msg/my_pose_cmd.h
[8.985s] -- Up-to-date symlink: /home/wtr/programs/cpp/ros2/jaka/src/install/jaka_msgs/include/jaka_msgs/jaka_msgs/msg/robot_msg.h
[8.988s] -- Up-to-date symlink: /home/wtr/programs/cpp/ros2/jaka/src/install/jaka_msgs/include/jaka_msgs/jaka_msgs/msg/rosidl_generator_c__visibility_control.h
[8.989s] -- Up-to-date symlink: /home/wtr/programs/cpp/ros2/jaka/src/install/jaka_msgs/include/jaka_msgs/jaka_msgs/srv/clear_error.h
[8.989s] -- Up-to-date symlink: /home/wtr/programs/cpp/ros2/jaka/src/install/jaka_msgs/include/jaka_msgs/jaka_msgs/srv/detail/clear_error__functions.h
[8.989s] -- Up-to-date symlink: /home/wtr/programs/cpp/ros2/jaka/src/install/jaka_msgs/include/jaka_msgs/jaka_msgs/srv/detail/clear_error__struct.h
[8.989s] -- Up-to-date symlink: /home/wtr/programs/cpp/ros2/jaka/src/install/jaka_msgs/include/jaka_msgs/jaka_msgs/srv/detail/clear_error__type_support.h
[8.989s] -- Up-to-date symlink: /home/wtr/programs/cpp/ros2/jaka/src/install/jaka_msgs/include/jaka_msgs/jaka_msgs/srv/detail/get_fk__functions.h
[8.990s] -- Up-to-date symlink: /home/wtr/programs/cpp/ros2/jaka/src/install/jaka_msgs/include/jaka_msgs/jaka_msgs/srv/detail/get_fk__struct.h
[8.990s] -- Up-to-date symlink: /home/wtr/programs/cpp/ros2/jaka/src/install/jaka_msgs/include/jaka_msgs/jaka_msgs/srv/detail/get_fk__type_support.h
[8.990s] -- Up-to-date symlink: /home/wtr/programs/cpp/ros2/jaka/src/install/jaka_msgs/include/jaka_msgs/jaka_msgs/srv/detail/get_ik__functions.h
[8.990s] -- Up-to-date symlink: /home/wtr/programs/cpp/ros2/jaka/src/install/jaka_msgs/include/jaka_msgs/jaka_msgs/srv/detail/get_ik__struct.h
[8.990s] -- Up-to-date symlink: /home/wtr/programs/cpp/ros2/jaka/src/install/jaka_msgs/include/jaka_msgs/jaka_msgs/srv/detail/get_ik__type_support.h
[8.990s] -- Up-to-date symlink: /home/wtr/programs/cpp/ros2/jaka/src/install/jaka_msgs/include/jaka_msgs/jaka_msgs/srv/detail/get_io__functions.h
[8.990s] -- Up-to-date symlink: /home/wtr/programs/cpp/ros2/jaka/src/install/jaka_msgs/include/jaka_msgs/jaka_msgs/srv/detail/get_io__struct.h
[8.990s] -- Up-to-date symlink: /home/wtr/programs/cpp/ros2/jaka/src/install/jaka_msgs/include/jaka_msgs/jaka_msgs/srv/detail/get_io__type_support.h
[8.990s] -- Up-to-date symlink: /home/wtr/programs/cpp/ros2/jaka/src/install/jaka_msgs/include/jaka_msgs/jaka_msgs/srv/detail/move__functions.h
[8.990s] -- Up-to-date symlink: /home/wtr/programs/cpp/ros2/jaka/src/install/jaka_msgs/include/jaka_msgs/jaka_msgs/srv/detail/move__struct.h
[8.990s] -- Up-to-date symlink: /home/wtr/programs/cpp/ros2/jaka/src/install/jaka_msgs/include/jaka_msgs/jaka_msgs/srv/detail/move__type_support.h
[8.990s] -- Up-to-date symlink: /home/wtr/programs/cpp/ros2/jaka/src/install/jaka_msgs/include/jaka_msgs/jaka_msgs/srv/detail/servo_move__functions.h
[8.991s] -- Up-to-date symlink: /home/wtr/programs/cpp/ros2/jaka/src/install/jaka_msgs/include/jaka_msgs/jaka_msgs/srv/detail/servo_move__struct.h
[8.991s] -- Up-to-date symlink: /home/wtr/programs/cpp/ros2/jaka/src/install/jaka_msgs/include/jaka_msgs/jaka_msgs/srv/detail/servo_move__type_support.h
[8.991s] -- Up-to-date symlink: /home/wtr/programs/cpp/ros2/jaka/src/install/jaka_msgs/include/jaka_msgs/jaka_msgs/srv/detail/servo_move_enable__functions.h
[8.991s] -- Up-to-date symlink: /home/wtr/programs/cpp/ros2/jaka/src/install/jaka_msgs/include/jaka_msgs/jaka_msgs/srv/detail/servo_move_enable__struct.h
[8.991s] -- Up-to-date symlink: /home/wtr/programs/cpp/ros2/jaka/src/install/jaka_msgs/include/jaka_msgs/jaka_msgs/srv/detail/servo_move_enable__type_support.h
[8.991s] -- Up-to-date symlink: /home/wtr/programs/cpp/ros2/jaka/src/install/jaka_msgs/include/jaka_msgs/jaka_msgs/srv/detail/set_collision__functions.h
[8.991s] -- Up-to-date symlink: /home/wtr/programs/cpp/ros2/jaka/src/install/jaka_msgs/include/jaka_msgs/jaka_msgs/srv/detail/set_collision__struct.h
[8.992s] -- Up-to-date symlink: /home/wtr/programs/cpp/ros2/jaka/src/install/jaka_msgs/include/jaka_msgs/jaka_msgs/srv/detail/set_collision__type_support.h
[8.992s] -- Up-to-date symlink: /home/wtr/programs/cpp/ros2/jaka/src/install/jaka_msgs/include/jaka_msgs/jaka_msgs/srv/detail/set_io__functions.h
[8.992s] -- Up-to-date symlink: /home/wtr/programs/cpp/ros2/jaka/src/install/jaka_msgs/include/jaka_msgs/jaka_msgs/srv/detail/set_io__struct.h
[8.992s] -- Up-to-date symlink: /home/wtr/programs/cpp/ros2/jaka/src/install/jaka_msgs/include/jaka_msgs/jaka_msgs/srv/detail/set_io__type_support.h
[8.992s] -- Up-to-date symlink: /home/wtr/programs/cpp/ros2/jaka/src/install/jaka_msgs/include/jaka_msgs/jaka_msgs/srv/detail/set_payload__functions.h
[8.992s] -- Up-to-date symlink: /home/wtr/programs/cpp/ros2/jaka/src/install/jaka_msgs/include/jaka_msgs/jaka_msgs/srv/detail/set_payload__struct.h
[8.992s] -- Up-to-date symlink: /home/wtr/programs/cpp/ros2/jaka/src/install/jaka_msgs/include/jaka_msgs/jaka_msgs/srv/detail/set_payload__type_support.h
[8.992s] -- Up-to-date symlink: /home/wtr/programs/cpp/ros2/jaka/src/install/jaka_msgs/include/jaka_msgs/jaka_msgs/srv/detail/set_tcp_frame__functions.h
[8.992s] -- Up-to-date symlink: /home/wtr/programs/cpp/ros2/jaka/src/install/jaka_msgs/include/jaka_msgs/jaka_msgs/srv/detail/set_tcp_frame__struct.h
[8.992s] -- Up-to-date symlink: /home/wtr/programs/cpp/ros2/jaka/src/install/jaka_msgs/include/jaka_msgs/jaka_msgs/srv/detail/set_tcp_frame__type_support.h
[8.992s] -- Up-to-date symlink: /home/wtr/programs/cpp/ros2/jaka/src/install/jaka_msgs/include/jaka_msgs/jaka_msgs/srv/detail/set_user_frame__functions.h
[8.992s] -- Up-to-date symlink: /home/wtr/programs/cpp/ros2/jaka/src/install/jaka_msgs/include/jaka_msgs/jaka_msgs/srv/detail/set_user_frame__struct.h
[8.992s] -- Up-to-date symlink: /home/wtr/programs/cpp/ros2/jaka/src/install/jaka_msgs/include/jaka_msgs/jaka_msgs/srv/detail/set_user_frame__type_support.h
[8.992s] -- Up-to-date symlink: /home/wtr/programs/cpp/ros2/jaka/src/install/jaka_msgs/include/jaka_msgs/jaka_msgs/srv/get_fk.h
[8.993s] -- Up-to-date symlink: /home/wtr/programs/cpp/ros2/jaka/src/install/jaka_msgs/include/jaka_msgs/jaka_msgs/srv/get_ik.h
[8.993s] -- Up-to-date symlink: /home/wtr/programs/cpp/ros2/jaka/src/install/jaka_msgs/include/jaka_msgs/jaka_msgs/srv/get_io.h
[8.993s] -- Up-to-date symlink: /home/wtr/programs/cpp/ros2/jaka/src/install/jaka_msgs/include/jaka_msgs/jaka_msgs/srv/move.h
[8.993s] -- Up-to-date symlink: /home/wtr/programs/cpp/ros2/jaka/src/install/jaka_msgs/include/jaka_msgs/jaka_msgs/srv/servo_move.h
[8.993s] -- Up-to-date symlink: /home/wtr/programs/cpp/ros2/jaka/src/install/jaka_msgs/include/jaka_msgs/jaka_msgs/srv/servo_move_enable.h
[8.993s] -- Up-to-date symlink: /home/wtr/programs/cpp/ros2/jaka/src/install/jaka_msgs/include/jaka_msgs/jaka_msgs/srv/set_collision.h
[8.993s] -- Up-to-date symlink: /home/wtr/programs/cpp/ros2/jaka/src/install/jaka_msgs/include/jaka_msgs/jaka_msgs/srv/set_io.h
[8.993s] -- Up-to-date symlink: /home/wtr/programs/cpp/ros2/jaka/src/install/jaka_msgs/include/jaka_msgs/jaka_msgs/srv/set_payload.h
[8.993s] -- Up-to-date symlink: /home/wtr/programs/cpp/ros2/jaka/src/install/jaka_msgs/include/jaka_msgs/jaka_msgs/srv/set_tcp_frame.h
[8.993s] -- Up-to-date symlink: /home/wtr/programs/cpp/ros2/jaka/src/install/jaka_msgs/include/jaka_msgs/jaka_msgs/srv/set_user_frame.h
[8.994s] -- Up-to-date symlink: /home/wtr/programs/cpp/ros2/jaka/src/install/jaka_msgs/share/jaka_msgs/environment/library_path.sh
[8.994s] -- Up-to-date symlink: /home/wtr/programs/cpp/ros2/jaka/src/install/jaka_msgs/share/jaka_msgs/environment/library_path.dsv
[8.994s] -- Symlinking: /home/wtr/programs/cpp/ros2/jaka/src/install/jaka_msgs/include/jaka_msgs/jaka_msgs/msg/detail/my_pose_cmd__rosidl_typesupport_fastrtps_c.h
[9.003s] -- Up-to-date symlink: /home/wtr/programs/cpp/ros2/jaka/src/install/jaka_msgs/include/jaka_msgs/jaka_msgs/msg/detail/robot_msg__rosidl_typesupport_fastrtps_c.h
[9.003s] -- Up-to-date symlink: /home/wtr/programs/cpp/ros2/jaka/src/install/jaka_msgs/include/jaka_msgs/jaka_msgs/msg/rosidl_typesupport_fastrtps_c__visibility_control.h
[9.003s] -- Up-to-date symlink: /home/wtr/programs/cpp/ros2/jaka/src/install/jaka_msgs/include/jaka_msgs/jaka_msgs/srv/detail/clear_error__rosidl_typesupport_fastrtps_c.h
[9.003s] -- Up-to-date symlink: /home/wtr/programs/cpp/ros2/jaka/src/install/jaka_msgs/include/jaka_msgs/jaka_msgs/srv/detail/get_fk__rosidl_typesupport_fastrtps_c.h
[9.003s] -- Up-to-date symlink: /home/wtr/programs/cpp/ros2/jaka/src/install/jaka_msgs/include/jaka_msgs/jaka_msgs/srv/detail/get_ik__rosidl_typesupport_fastrtps_c.h
[9.003s] -- Up-to-date symlink: /home/wtr/programs/cpp/ros2/jaka/src/install/jaka_msgs/include/jaka_msgs/jaka_msgs/srv/detail/get_io__rosidl_typesupport_fastrtps_c.h
[9.003s] -- Up-to-date symlink: /home/wtr/programs/cpp/ros2/jaka/src/install/jaka_msgs/include/jaka_msgs/jaka_msgs/srv/detail/move__rosidl_typesupport_fastrtps_c.h
[9.003s] -- Up-to-date symlink: /home/wtr/programs/cpp/ros2/jaka/src/install/jaka_msgs/include/jaka_msgs/jaka_msgs/srv/detail/servo_move__rosidl_typesupport_fastrtps_c.h
[9.003s] -- Up-to-date symlink: /home/wtr/programs/cpp/ros2/jaka/src/install/jaka_msgs/include/jaka_msgs/jaka_msgs/srv/detail/servo_move_enable__rosidl_typesupport_fastrtps_c.h
[9.004s] -- Up-to-date symlink: /home/wtr/programs/cpp/ros2/jaka/src/install/jaka_msgs/include/jaka_msgs/jaka_msgs/srv/detail/set_collision__rosidl_typesupport_fastrtps_c.h
[9.004s] -- Up-to-date symlink: /home/wtr/programs/cpp/ros2/jaka/src/install/jaka_msgs/include/jaka_msgs/jaka_msgs/srv/detail/set_io__rosidl_typesupport_fastrtps_c.h
[9.004s] -- Up-to-date symlink: /home/wtr/programs/cpp/ros2/jaka/src/install/jaka_msgs/include/jaka_msgs/jaka_msgs/srv/detail/set_payload__rosidl_typesupport_fastrtps_c.h
[9.004s] -- Up-to-date symlink: /home/wtr/programs/cpp/ros2/jaka/src/install/jaka_msgs/include/jaka_msgs/jaka_msgs/srv/detail/set_tcp_frame__rosidl_typesupport_fastrtps_c.h
[9.004s] -- Up-to-date symlink: /home/wtr/programs/cpp/ros2/jaka/src/install/jaka_msgs/include/jaka_msgs/jaka_msgs/srv/detail/set_user_frame__rosidl_typesupport_fastrtps_c.h
[9.005s] -- Symlinking: /home/wtr/programs/cpp/ros2/jaka/src/install/jaka_msgs/include/jaka_msgs/jaka_msgs/msg/detail/my_pose_cmd__rosidl_typesupport_introspection_c.h
[9.014s] -- Up-to-date symlink: /home/wtr/programs/cpp/ros2/jaka/src/install/jaka_msgs/include/jaka_msgs/jaka_msgs/msg/detail/robot_msg__rosidl_typesupport_introspection_c.h
[9.014s] -- Up-to-date symlink: /home/wtr/programs/cpp/ros2/jaka/src/install/jaka_msgs/include/jaka_msgs/jaka_msgs/msg/rosidl_typesupport_introspection_c__visibility_control.h
[9.014s] -- Up-to-date symlink: /home/wtr/programs/cpp/ros2/jaka/src/install/jaka_msgs/include/jaka_msgs/jaka_msgs/srv/detail/clear_error__rosidl_typesupport_introspection_c.h
[9.014s] -- Up-to-date symlink: /home/wtr/programs/cpp/ros2/jaka/src/install/jaka_msgs/include/jaka_msgs/jaka_msgs/srv/detail/get_fk__rosidl_typesupport_introspection_c.h
[9.014s] -- Up-to-date symlink: /home/wtr/programs/cpp/ros2/jaka/src/install/jaka_msgs/include/jaka_msgs/jaka_msgs/srv/detail/get_ik__rosidl_typesupport_introspection_c.h
[9.014s] -- Up-to-date symlink: /home/wtr/programs/cpp/ros2/jaka/src/install/jaka_msgs/include/jaka_msgs/jaka_msgs/srv/detail/get_io__rosidl_typesupport_introspection_c.h
[9.014s] -- Up-to-date symlink: /home/wtr/programs/cpp/ros2/jaka/src/install/jaka_msgs/include/jaka_msgs/jaka_msgs/srv/detail/move__rosidl_typesupport_introspection_c.h
[9.014s] -- Up-to-date symlink: /home/wtr/programs/cpp/ros2/jaka/src/install/jaka_msgs/include/jaka_msgs/jaka_msgs/srv/detail/servo_move__rosidl_typesupport_introspection_c.h
[9.014s] -- Up-to-date symlink: /home/wtr/programs/cpp/ros2/jaka/src/install/jaka_msgs/include/jaka_msgs/jaka_msgs/srv/detail/servo_move_enable__rosidl_typesupport_introspection_c.h
[9.014s] -- Up-to-date symlink: /home/wtr/programs/cpp/ros2/jaka/src/install/jaka_msgs/include/jaka_msgs/jaka_msgs/srv/detail/set_collision__rosidl_typesupport_introspection_c.h
[9.014s] -- Up-to-date symlink: /home/wtr/programs/cpp/ros2/jaka/src/install/jaka_msgs/include/jaka_msgs/jaka_msgs/srv/detail/set_io__rosidl_typesupport_introspection_c.h
[9.014s] -- Up-to-date symlink: /home/wtr/programs/cpp/ros2/jaka/src/install/jaka_msgs/include/jaka_msgs/jaka_msgs/srv/detail/set_payload__rosidl_typesupport_introspection_c.h
[9.015s] -- Up-to-date symlink: /home/wtr/programs/cpp/ros2/jaka/src/install/jaka_msgs/include/jaka_msgs/jaka_msgs/srv/detail/set_tcp_frame__rosidl_typesupport_introspection_c.h
[9.015s] -- Up-to-date symlink: /home/wtr/programs/cpp/ros2/jaka/src/install/jaka_msgs/include/jaka_msgs/jaka_msgs/srv/detail/set_user_frame__rosidl_typesupport_introspection_c.h
[9.015s] -- Symlinking: /home/wtr/programs/cpp/ros2/jaka/src/install/jaka_msgs/include/jaka_msgs/jaka_msgs/msg/detail/my_pose_cmd__builder.hpp
[9.022s] -- Symlinking: /home/wtr/programs/cpp/ros2/jaka/src/install/jaka_msgs/include/jaka_msgs/jaka_msgs/msg/detail/my_pose_cmd__struct.hpp
[9.029s] -- Symlinking: /home/wtr/programs/cpp/ros2/jaka/src/install/jaka_msgs/include/jaka_msgs/jaka_msgs/msg/detail/my_pose_cmd__traits.hpp
[9.036s] -- Symlinking: /home/wtr/programs/cpp/ros2/jaka/src/install/jaka_msgs/include/jaka_msgs/jaka_msgs/msg/detail/my_pose_cmd__type_support.hpp
[9.043s] -- Up-to-date symlink: /home/wtr/programs/cpp/ros2/jaka/src/install/jaka_msgs/include/jaka_msgs/jaka_msgs/msg/detail/robot_msg__builder.hpp
[9.043s] -- Up-to-date symlink: /home/wtr/programs/cpp/ros2/jaka/src/install/jaka_msgs/include/jaka_msgs/jaka_msgs/msg/detail/robot_msg__struct.hpp
[9.043s] -- Up-to-date symlink: /home/wtr/programs/cpp/ros2/jaka/src/install/jaka_msgs/include/jaka_msgs/jaka_msgs/msg/detail/robot_msg__traits.hpp
[9.043s] -- Up-to-date symlink: /home/wtr/programs/cpp/ros2/jaka/src/install/jaka_msgs/include/jaka_msgs/jaka_msgs/msg/detail/robot_msg__type_support.hpp
[9.043s] -- Symlinking: /home/wtr/programs/cpp/ros2/jaka/src/install/jaka_msgs/include/jaka_msgs/jaka_msgs/msg/my_pose_cmd.hpp
[9.050s] -- Up-to-date symlink: /home/wtr/programs/cpp/ros2/jaka/src/install/jaka_msgs/include/jaka_msgs/jaka_msgs/msg/robot_msg.hpp
[9.050s] -- Up-to-date symlink: /home/wtr/programs/cpp/ros2/jaka/src/install/jaka_msgs/include/jaka_msgs/jaka_msgs/msg/rosidl_generator_cpp__visibility_control.hpp
[9.050s] -- Up-to-date symlink: /home/wtr/programs/cpp/ros2/jaka/src/install/jaka_msgs/include/jaka_msgs/jaka_msgs/srv/clear_error.hpp
[9.051s] -- Up-to-date symlink: /home/wtr/programs/cpp/ros2/jaka/src/install/jaka_msgs/include/jaka_msgs/jaka_msgs/srv/detail/clear_error__builder.hpp
[9.051s] -- Up-to-date symlink: /home/wtr/programs/cpp/ros2/jaka/src/install/jaka_msgs/include/jaka_msgs/jaka_msgs/srv/detail/clear_error__struct.hpp
[9.051s] -- Up-to-date symlink: /home/wtr/programs/cpp/ros2/jaka/src/install/jaka_msgs/include/jaka_msgs/jaka_msgs/srv/detail/clear_error__traits.hpp
[9.051s] -- Up-to-date symlink: /home/wtr/programs/cpp/ros2/jaka/src/install/jaka_msgs/include/jaka_msgs/jaka_msgs/srv/detail/clear_error__type_support.hpp
[9.051s] -- Up-to-date symlink: /home/wtr/programs/cpp/ros2/jaka/src/install/jaka_msgs/include/jaka_msgs/jaka_msgs/srv/detail/get_fk__builder.hpp
[9.051s] -- Up-to-date symlink: /home/wtr/programs/cpp/ros2/jaka/src/install/jaka_msgs/include/jaka_msgs/jaka_msgs/srv/detail/get_fk__struct.hpp
[9.051s] -- Up-to-date symlink: /home/wtr/programs/cpp/ros2/jaka/src/install/jaka_msgs/include/jaka_msgs/jaka_msgs/srv/detail/get_fk__traits.hpp
[9.051s] -- Up-to-date symlink: /home/wtr/programs/cpp/ros2/jaka/src/install/jaka_msgs/include/jaka_msgs/jaka_msgs/srv/detail/get_fk__type_support.hpp
[9.051s] -- Up-to-date symlink: /home/wtr/programs/cpp/ros2/jaka/src/install/jaka_msgs/include/jaka_msgs/jaka_msgs/srv/detail/get_ik__builder.hpp
[9.051s] -- Up-to-date symlink: /home/wtr/programs/cpp/ros2/jaka/src/install/jaka_msgs/include/jaka_msgs/jaka_msgs/srv/detail/get_ik__struct.hpp
[9.051s] -- Up-to-date symlink: /home/wtr/programs/cpp/ros2/jaka/src/install/jaka_msgs/include/jaka_msgs/jaka_msgs/srv/detail/get_ik__traits.hpp
[9.051s] -- Up-to-date symlink: /home/wtr/programs/cpp/ros2/jaka/src/install/jaka_msgs/include/jaka_msgs/jaka_msgs/srv/detail/get_ik__type_support.hpp
[9.051s] -- Up-to-date symlink: /home/wtr/programs/cpp/ros2/jaka/src/install/jaka_msgs/include/jaka_msgs/jaka_msgs/srv/detail/get_io__builder.hpp
[9.051s] -- Up-to-date symlink: /home/wtr/programs/cpp/ros2/jaka/src/install/jaka_msgs/include/jaka_msgs/jaka_msgs/srv/detail/get_io__struct.hpp
[9.051s] -- Up-to-date symlink: /home/wtr/programs/cpp/ros2/jaka/src/install/jaka_msgs/include/jaka_msgs/jaka_msgs/srv/detail/get_io__traits.hpp
[9.051s] -- Up-to-date symlink: /home/wtr/programs/cpp/ros2/jaka/src/install/jaka_msgs/include/jaka_msgs/jaka_msgs/srv/detail/get_io__type_support.hpp
[9.051s] -- Up-to-date symlink: /home/wtr/programs/cpp/ros2/jaka/src/install/jaka_msgs/include/jaka_msgs/jaka_msgs/srv/detail/move__builder.hpp
[9.051s] -- Up-to-date symlink: /home/wtr/programs/cpp/ros2/jaka/src/install/jaka_msgs/include/jaka_msgs/jaka_msgs/srv/detail/move__struct.hpp
[9.051s] -- Up-to-date symlink: /home/wtr/programs/cpp/ros2/jaka/src/install/jaka_msgs/include/jaka_msgs/jaka_msgs/srv/detail/move__traits.hpp
[9.052s] -- Up-to-date symlink: /home/wtr/programs/cpp/ros2/jaka/src/install/jaka_msgs/include/jaka_msgs/jaka_msgs/srv/detail/move__type_support.hpp
[9.052s] -- Up-to-date symlink: /home/wtr/programs/cpp/ros2/jaka/src/install/jaka_msgs/include/jaka_msgs/jaka_msgs/srv/detail/servo_move__builder.hpp
[9.052s] -- Up-to-date symlink: /home/wtr/programs/cpp/ros2/jaka/src/install/jaka_msgs/include/jaka_msgs/jaka_msgs/srv/detail/servo_move__struct.hpp
[9.052s] -- Up-to-date symlink: /home/wtr/programs/cpp/ros2/jaka/src/install/jaka_msgs/include/jaka_msgs/jaka_msgs/srv/detail/servo_move__traits.hpp
[9.052s] -- Up-to-date symlink: /home/wtr/programs/cpp/ros2/jaka/src/install/jaka_msgs/include/jaka_msgs/jaka_msgs/srv/detail/servo_move__type_support.hpp
[9.052s] -- Up-to-date symlink: /home/wtr/programs/cpp/ros2/jaka/src/install/jaka_msgs/include/jaka_msgs/jaka_msgs/srv/detail/servo_move_enable__builder.hpp
[9.052s] -- Up-to-date symlink: /home/wtr/programs/cpp/ros2/jaka/src/install/jaka_msgs/include/jaka_msgs/jaka_msgs/srv/detail/servo_move_enable__struct.hpp
[9.052s] -- Up-to-date symlink: /home/wtr/programs/cpp/ros2/jaka/src/install/jaka_msgs/include/jaka_msgs/jaka_msgs/srv/detail/servo_move_enable__traits.hpp
[9.052s] -- Up-to-date symlink: /home/wtr/programs/cpp/ros2/jaka/src/install/jaka_msgs/include/jaka_msgs/jaka_msgs/srv/detail/servo_move_enable__type_support.hpp
[9.052s] -- Up-to-date symlink: /home/wtr/programs/cpp/ros2/jaka/src/install/jaka_msgs/include/jaka_msgs/jaka_msgs/srv/detail/set_collision__builder.hpp
[9.052s] -- Up-to-date symlink: /home/wtr/programs/cpp/ros2/jaka/src/install/jaka_msgs/include/jaka_msgs/jaka_msgs/srv/detail/set_collision__struct.hpp
[9.052s] -- Up-to-date symlink: /home/wtr/programs/cpp/ros2/jaka/src/install/jaka_msgs/include/jaka_msgs/jaka_msgs/srv/detail/set_collision__traits.hpp
[9.052s] -- Up-to-date symlink: /home/wtr/programs/cpp/ros2/jaka/src/install/jaka_msgs/include/jaka_msgs/jaka_msgs/srv/detail/set_collision__type_support.hpp
[9.052s] -- Up-to-date symlink: /home/wtr/programs/cpp/ros2/jaka/src/install/jaka_msgs/include/jaka_msgs/jaka_msgs/srv/detail/set_io__builder.hpp
[9.052s] -- Up-to-date symlink: /home/wtr/programs/cpp/ros2/jaka/src/install/jaka_msgs/include/jaka_msgs/jaka_msgs/srv/detail/set_io__struct.hpp
[9.052s] -- Up-to-date symlink: /home/wtr/programs/cpp/ros2/jaka/src/install/jaka_msgs/include/jaka_msgs/jaka_msgs/srv/detail/set_io__traits.hpp
[9.052s] -- Up-to-date symlink: /home/wtr/programs/cpp/ros2/jaka/src/install/jaka_msgs/include/jaka_msgs/jaka_msgs/srv/detail/set_io__type_support.hpp
[9.052s] -- Up-to-date symlink: /home/wtr/programs/cpp/ros2/jaka/src/install/jaka_msgs/include/jaka_msgs/jaka_msgs/srv/detail/set_payload__builder.hpp
[9.052s] -- Up-to-date symlink: /home/wtr/programs/cpp/ros2/jaka/src/install/jaka_msgs/include/jaka_msgs/jaka_msgs/srv/detail/set_payload__struct.hpp
[9.052s] -- Up-to-date symlink: /home/wtr/programs/cpp/ros2/jaka/src/install/jaka_msgs/include/jaka_msgs/jaka_msgs/srv/detail/set_payload__traits.hpp
[9.052s] -- Up-to-date symlink: /home/wtr/programs/cpp/ros2/jaka/src/install/jaka_msgs/include/jaka_msgs/jaka_msgs/srv/detail/set_payload__type_support.hpp
[9.053s] -- Up-to-date symlink: /home/wtr/programs/cpp/ros2/jaka/src/install/jaka_msgs/include/jaka_msgs/jaka_msgs/srv/detail/set_tcp_frame__builder.hpp
[9.053s] -- Up-to-date symlink: /home/wtr/programs/cpp/ros2/jaka/src/install/jaka_msgs/include/jaka_msgs/jaka_msgs/srv/detail/set_tcp_frame__struct.hpp
[9.053s] -- Up-to-date symlink: /home/wtr/programs/cpp/ros2/jaka/src/install/jaka_msgs/include/jaka_msgs/jaka_msgs/srv/detail/set_tcp_frame__traits.hpp
[9.053s] -- Up-to-date symlink: /home/wtr/programs/cpp/ros2/jaka/src/install/jaka_msgs/include/jaka_msgs/jaka_msgs/srv/detail/set_tcp_frame__type_support.hpp
[9.053s] -- Up-to-date symlink: /home/wtr/programs/cpp/ros2/jaka/src/install/jaka_msgs/include/jaka_msgs/jaka_msgs/srv/detail/set_user_frame__builder.hpp
[9.053s] -- Up-to-date symlink: /home/wtr/programs/cpp/ros2/jaka/src/install/jaka_msgs/include/jaka_msgs/jaka_msgs/srv/detail/set_user_frame__struct.hpp
[9.053s] -- Up-to-date symlink: /home/wtr/programs/cpp/ros2/jaka/src/install/jaka_msgs/include/jaka_msgs/jaka_msgs/srv/detail/set_user_frame__traits.hpp
[9.053s] -- Up-to-date symlink: /home/wtr/programs/cpp/ros2/jaka/src/install/jaka_msgs/include/jaka_msgs/jaka_msgs/srv/detail/set_user_frame__type_support.hpp
[9.053s] -- Up-to-date symlink: /home/wtr/programs/cpp/ros2/jaka/src/install/jaka_msgs/include/jaka_msgs/jaka_msgs/srv/get_fk.hpp
[9.053s] -- Up-to-date symlink: /home/wtr/programs/cpp/ros2/jaka/src/install/jaka_msgs/include/jaka_msgs/jaka_msgs/srv/get_ik.hpp
[9.053s] -- Up-to-date symlink: /home/wtr/programs/cpp/ros2/jaka/src/install/jaka_msgs/include/jaka_msgs/jaka_msgs/srv/get_io.hpp
[9.054s] -- Up-to-date symlink: /home/wtr/programs/cpp/ros2/jaka/src/install/jaka_msgs/include/jaka_msgs/jaka_msgs/srv/move.hpp
[9.054s] -- Up-to-date symlink: /home/wtr/programs/cpp/ros2/jaka/src/install/jaka_msgs/include/jaka_msgs/jaka_msgs/srv/servo_move.hpp
[9.054s] -- Up-to-date symlink: /home/wtr/programs/cpp/ros2/jaka/src/install/jaka_msgs/include/jaka_msgs/jaka_msgs/srv/servo_move_enable.hpp
[9.054s] -- Up-to-date symlink: /home/wtr/programs/cpp/ros2/jaka/src/install/jaka_msgs/include/jaka_msgs/jaka_msgs/srv/set_collision.hpp
[9.054s] -- Up-to-date symlink: /home/wtr/programs/cpp/ros2/jaka/src/install/jaka_msgs/include/jaka_msgs/jaka_msgs/srv/set_io.hpp
[9.054s] -- Up-to-date symlink: /home/wtr/programs/cpp/ros2/jaka/src/install/jaka_msgs/include/jaka_msgs/jaka_msgs/srv/set_payload.hpp
[9.054s] -- Up-to-date symlink: /home/wtr/programs/cpp/ros2/jaka/src/install/jaka_msgs/include/jaka_msgs/jaka_msgs/srv/set_tcp_frame.hpp
[9.054s] -- Up-to-date symlink: /home/wtr/programs/cpp/ros2/jaka/src/install/jaka_msgs/include/jaka_msgs/jaka_msgs/srv/set_user_frame.hpp
[9.054s] -- Symlinking: /home/wtr/programs/cpp/ros2/jaka/src/install/jaka_msgs/include/jaka_msgs/jaka_msgs/msg/detail/my_pose_cmd__rosidl_typesupport_fastrtps_cpp.hpp
[9.061s] -- Up-to-date symlink: /home/wtr/programs/cpp/ros2/jaka/src/install/jaka_msgs/include/jaka_msgs/jaka_msgs/msg/detail/robot_msg__rosidl_typesupport_fastrtps_cpp.hpp
[9.061s] -- Up-to-date symlink: /home/wtr/programs/cpp/ros2/jaka/src/install/jaka_msgs/include/jaka_msgs/jaka_msgs/msg/rosidl_typesupport_fastrtps_cpp__visibility_control.h
[9.061s] -- Up-to-date symlink: /home/wtr/programs/cpp/ros2/jaka/src/install/jaka_msgs/include/jaka_msgs/jaka_msgs/srv/detail/clear_error__rosidl_typesupport_fastrtps_cpp.hpp
[9.061s] -- Up-to-date symlink: /home/wtr/programs/cpp/ros2/jaka/src/install/jaka_msgs/include/jaka_msgs/jaka_msgs/srv/detail/get_fk__rosidl_typesupport_fastrtps_cpp.hpp
[9.062s] -- Up-to-date symlink: /home/wtr/programs/cpp/ros2/jaka/src/install/jaka_msgs/include/jaka_msgs/jaka_msgs/srv/detail/get_ik__rosidl_typesupport_fastrtps_cpp.hpp
[9.062s] -- Up-to-date symlink: /home/wtr/programs/cpp/ros2/jaka/src/install/jaka_msgs/include/jaka_msgs/jaka_msgs/srv/detail/get_io__rosidl_typesupport_fastrtps_cpp.hpp
[9.062s] -- Up-to-date symlink: /home/wtr/programs/cpp/ros2/jaka/src/install/jaka_msgs/include/jaka_msgs/jaka_msgs/srv/detail/move__rosidl_typesupport_fastrtps_cpp.hpp
[9.062s] -- Up-to-date symlink: /home/wtr/programs/cpp/ros2/jaka/src/install/jaka_msgs/include/jaka_msgs/jaka_msgs/srv/detail/servo_move__rosidl_typesupport_fastrtps_cpp.hpp
[9.062s] -- Up-to-date symlink: /home/wtr/programs/cpp/ros2/jaka/src/install/jaka_msgs/include/jaka_msgs/jaka_msgs/srv/detail/servo_move_enable__rosidl_typesupport_fastrtps_cpp.hpp
[9.062s] -- Up-to-date symlink: /home/wtr/programs/cpp/ros2/jaka/src/install/jaka_msgs/include/jaka_msgs/jaka_msgs/srv/detail/set_collision__rosidl_typesupport_fastrtps_cpp.hpp
[9.062s] -- Up-to-date symlink: /home/wtr/programs/cpp/ros2/jaka/src/install/jaka_msgs/include/jaka_msgs/jaka_msgs/srv/detail/set_io__rosidl_typesupport_fastrtps_cpp.hpp
[9.062s] -- Up-to-date symlink: /home/wtr/programs/cpp/ros2/jaka/src/install/jaka_msgs/include/jaka_msgs/jaka_msgs/srv/detail/set_payload__rosidl_typesupport_fastrtps_cpp.hpp
[9.062s] -- Up-to-date symlink: /home/wtr/programs/cpp/ros2/jaka/src/install/jaka_msgs/include/jaka_msgs/jaka_msgs/srv/detail/set_tcp_frame__rosidl_typesupport_fastrtps_cpp.hpp
[9.062s] -- Up-to-date symlink: /home/wtr/programs/cpp/ros2/jaka/src/install/jaka_msgs/include/jaka_msgs/jaka_msgs/srv/detail/set_user_frame__rosidl_typesupport_fastrtps_cpp.hpp
[9.062s] -- Symlinking: /home/wtr/programs/cpp/ros2/jaka/src/install/jaka_msgs/include/jaka_msgs/jaka_msgs/msg/detail/my_pose_cmd__rosidl_typesupport_introspection_cpp.hpp
[9.073s] -- Up-to-date symlink: /home/wtr/programs/cpp/ros2/jaka/src/install/jaka_msgs/include/jaka_msgs/jaka_msgs/msg/detail/robot_msg__rosidl_typesupport_introspection_cpp.hpp
[9.074s] -- Up-to-date symlink: /home/wtr/programs/cpp/ros2/jaka/src/install/jaka_msgs/include/jaka_msgs/jaka_msgs/srv/detail/clear_error__rosidl_typesupport_introspection_cpp.hpp
[9.074s] -- Up-to-date symlink: /home/wtr/programs/cpp/ros2/jaka/src/install/jaka_msgs/include/jaka_msgs/jaka_msgs/srv/detail/get_fk__rosidl_typesupport_introspection_cpp.hpp
[9.074s] -- Up-to-date symlink: /home/wtr/programs/cpp/ros2/jaka/src/install/jaka_msgs/include/jaka_msgs/jaka_msgs/srv/detail/get_ik__rosidl_typesupport_introspection_cpp.hpp
[9.074s] -- Up-to-date symlink: /home/wtr/programs/cpp/ros2/jaka/src/install/jaka_msgs/include/jaka_msgs/jaka_msgs/srv/detail/get_io__rosidl_typesupport_introspection_cpp.hpp
[9.074s] -- Up-to-date symlink: /home/wtr/programs/cpp/ros2/jaka/src/install/jaka_msgs/include/jaka_msgs/jaka_msgs/srv/detail/move__rosidl_typesupport_introspection_cpp.hpp
[9.075s] -- Up-to-date symlink: /home/wtr/programs/cpp/ros2/jaka/src/install/jaka_msgs/include/jaka_msgs/jaka_msgs/srv/detail/servo_move__rosidl_typesupport_introspection_cpp.hpp
[9.075s] -- Up-to-date symlink: /home/wtr/programs/cpp/ros2/jaka/src/install/jaka_msgs/include/jaka_msgs/jaka_msgs/srv/detail/servo_move_enable__rosidl_typesupport_introspection_cpp.hpp
[9.075s] -- Up-to-date symlink: /home/wtr/programs/cpp/ros2/jaka/src/install/jaka_msgs/include/jaka_msgs/jaka_msgs/srv/detail/set_collision__rosidl_typesupport_introspection_cpp.hpp
[9.075s] -- Up-to-date symlink: /home/wtr/programs/cpp/ros2/jaka/src/install/jaka_msgs/include/jaka_msgs/jaka_msgs/srv/detail/set_io__rosidl_typesupport_introspection_cpp.hpp
[9.075s] -- Up-to-date symlink: /home/wtr/programs/cpp/ros2/jaka/src/install/jaka_msgs/include/jaka_msgs/jaka_msgs/srv/detail/set_payload__rosidl_typesupport_introspection_cpp.hpp
[9.075s] -- Up-to-date symlink: /home/wtr/programs/cpp/ros2/jaka/src/install/jaka_msgs/include/jaka_msgs/jaka_msgs/srv/detail/set_tcp_frame__rosidl_typesupport_introspection_cpp.hpp
[9.075s] -- Up-to-date symlink: /home/wtr/programs/cpp/ros2/jaka/src/install/jaka_msgs/include/jaka_msgs/jaka_msgs/srv/detail/set_user_frame__rosidl_typesupport_introspection_cpp.hpp
[9.075s] -- Up-to-date symlink: /home/wtr/programs/cpp/ros2/jaka/src/install/jaka_msgs/share/jaka_msgs/environment/pythonpath.sh
[9.076s] -- Up-to-date symlink: /home/wtr/programs/cpp/ros2/jaka/src/install/jaka_msgs/share/jaka_msgs/environment/pythonpath.dsv
[9.076s] -- Up-to-date symlink: /home/wtr/programs/cpp/ros2/jaka/src/install/jaka_msgs/local/lib/python3.10/dist-packages/jaka_msgs-0.0.0-py3.10.egg-info/PKG-INFO
[9.076s] -- Up-to-date symlink: /home/wtr/programs/cpp/ros2/jaka/src/install/jaka_msgs/local/lib/python3.10/dist-packages/jaka_msgs-0.0.0-py3.10.egg-info/SOURCES.txt
[9.076s] -- Up-to-date symlink: /home/wtr/programs/cpp/ros2/jaka/src/install/jaka_msgs/local/lib/python3.10/dist-packages/jaka_msgs-0.0.0-py3.10.egg-info/dependency_links.txt
[9.076s] -- Up-to-date symlink: /home/wtr/programs/cpp/ros2/jaka/src/install/jaka_msgs/local/lib/python3.10/dist-packages/jaka_msgs-0.0.0-py3.10.egg-info/top_level.txt
[9.076s] -- Up-to-date symlink: /home/wtr/programs/cpp/ros2/jaka/src/install/jaka_msgs/local/lib/python3.10/dist-packages/jaka_msgs/__init__.py
[9.076s] -- Up-to-date symlink: /home/wtr/programs/cpp/ros2/jaka/src/install/jaka_msgs/local/lib/python3.10/dist-packages/jaka_msgs/_jaka_msgs_s.ep.rosidl_typesupport_c.c
[9.076s] -- Up-to-date symlink: /home/wtr/programs/cpp/ros2/jaka/src/install/jaka_msgs/local/lib/python3.10/dist-packages/jaka_msgs/_jaka_msgs_s.ep.rosidl_typesupport_fastrtps_c.c
[9.076s] -- Up-to-date symlink: /home/wtr/programs/cpp/ros2/jaka/src/install/jaka_msgs/local/lib/python3.10/dist-packages/jaka_msgs/_jaka_msgs_s.ep.rosidl_typesupport_introspection_c.c
[9.076s] -- Up-to-date symlink: /home/wtr/programs/cpp/ros2/jaka/src/install/jaka_msgs/local/lib/python3.10/dist-packages/jaka_msgs/jaka_msgs_s__rosidl_typesupport_c.cpython-310-x86_64-linux-gnu.so
[9.076s] -- Up-to-date symlink: /home/wtr/programs/cpp/ros2/jaka/src/install/jaka_msgs/local/lib/python3.10/dist-packages/jaka_msgs/jaka_msgs_s__rosidl_typesupport_fastrtps_c.cpython-310-x86_64-linux-gnu.so
[9.076s] -- Up-to-date symlink: /home/wtr/programs/cpp/ros2/jaka/src/install/jaka_msgs/local/lib/python3.10/dist-packages/jaka_msgs/jaka_msgs_s__rosidl_typesupport_introspection_c.cpython-310-x86_64-linux-gnu.so
[9.076s] -- Up-to-date symlink: /home/wtr/programs/cpp/ros2/jaka/src/install/jaka_msgs/local/lib/python3.10/dist-packages/jaka_msgs/libjaka_msgs__rosidl_generator_py.so
[9.076s] -- Up-to-date symlink: /home/wtr/programs/cpp/ros2/jaka/src/install/jaka_msgs/local/lib/python3.10/dist-packages/jaka_msgs/msg/__init__.py
[9.076s] -- Symlinking: /home/wtr/programs/cpp/ros2/jaka/src/install/jaka_msgs/local/lib/python3.10/dist-packages/jaka_msgs/msg/_my_pose_cmd.py
[9.088s] -- Symlinking: /home/wtr/programs/cpp/ros2/jaka/src/install/jaka_msgs/local/lib/python3.10/dist-packages/jaka_msgs/msg/_my_pose_cmd_s.c
[9.101s] -- Up-to-date symlink: /home/wtr/programs/cpp/ros2/jaka/src/install/jaka_msgs/local/lib/python3.10/dist-packages/jaka_msgs/msg/_robot_msg.py
[9.102s] -- Up-to-date symlink: /home/wtr/programs/cpp/ros2/jaka/src/install/jaka_msgs/local/lib/python3.10/dist-packages/jaka_msgs/msg/_robot_msg_s.c
[9.102s] -- Up-to-date symlink: /home/wtr/programs/cpp/ros2/jaka/src/install/jaka_msgs/local/lib/python3.10/dist-packages/jaka_msgs/srv/__init__.py
[9.102s] -- Up-to-date symlink: /home/wtr/programs/cpp/ros2/jaka/src/install/jaka_msgs/local/lib/python3.10/dist-packages/jaka_msgs/srv/_clear_error.py
[9.102s] -- Up-to-date symlink: /home/wtr/programs/cpp/ros2/jaka/src/install/jaka_msgs/local/lib/python3.10/dist-packages/jaka_msgs/srv/_clear_error_s.c
[9.102s] -- Up-to-date symlink: /home/wtr/programs/cpp/ros2/jaka/src/install/jaka_msgs/local/lib/python3.10/dist-packages/jaka_msgs/srv/_get_fk.py
[9.102s] -- Up-to-date symlink: /home/wtr/programs/cpp/ros2/jaka/src/install/jaka_msgs/local/lib/python3.10/dist-packages/jaka_msgs/srv/_get_fk_s.c
[9.102s] -- Up-to-date symlink: /home/wtr/programs/cpp/ros2/jaka/src/install/jaka_msgs/local/lib/python3.10/dist-packages/jaka_msgs/srv/_get_ik.py
[9.102s] -- Up-to-date symlink: /home/wtr/programs/cpp/ros2/jaka/src/install/jaka_msgs/local/lib/python3.10/dist-packages/jaka_msgs/srv/_get_ik_s.c
[9.102s] -- Up-to-date symlink: /home/wtr/programs/cpp/ros2/jaka/src/install/jaka_msgs/local/lib/python3.10/dist-packages/jaka_msgs/srv/_get_io.py
[9.102s] -- Up-to-date symlink: /home/wtr/programs/cpp/ros2/jaka/src/install/jaka_msgs/local/lib/python3.10/dist-packages/jaka_msgs/srv/_get_io_s.c
[9.102s] -- Up-to-date symlink: /home/wtr/programs/cpp/ros2/jaka/src/install/jaka_msgs/local/lib/python3.10/dist-packages/jaka_msgs/srv/_move.py
[9.102s] -- Up-to-date symlink: /home/wtr/programs/cpp/ros2/jaka/src/install/jaka_msgs/local/lib/python3.10/dist-packages/jaka_msgs/srv/_move_s.c
[9.102s] -- Up-to-date symlink: /home/wtr/programs/cpp/ros2/jaka/src/install/jaka_msgs/local/lib/python3.10/dist-packages/jaka_msgs/srv/_servo_move.py
[9.102s] -- Up-to-date symlink: /home/wtr/programs/cpp/ros2/jaka/src/install/jaka_msgs/local/lib/python3.10/dist-packages/jaka_msgs/srv/_servo_move_enable.py
[9.102s] -- Up-to-date symlink: /home/wtr/programs/cpp/ros2/jaka/src/install/jaka_msgs/local/lib/python3.10/dist-packages/jaka_msgs/srv/_servo_move_enable_s.c
[9.102s] -- Up-to-date symlink: /home/wtr/programs/cpp/ros2/jaka/src/install/jaka_msgs/local/lib/python3.10/dist-packages/jaka_msgs/srv/_servo_move_s.c
[9.102s] -- Up-to-date symlink: /home/wtr/programs/cpp/ros2/jaka/src/install/jaka_msgs/local/lib/python3.10/dist-packages/jaka_msgs/srv/_set_collision.py
[9.102s] -- Up-to-date symlink: /home/wtr/programs/cpp/ros2/jaka/src/install/jaka_msgs/local/lib/python3.10/dist-packages/jaka_msgs/srv/_set_collision_s.c
[9.102s] -- Up-to-date symlink: /home/wtr/programs/cpp/ros2/jaka/src/install/jaka_msgs/local/lib/python3.10/dist-packages/jaka_msgs/srv/_set_io.py
[9.102s] -- Up-to-date symlink: /home/wtr/programs/cpp/ros2/jaka/src/install/jaka_msgs/local/lib/python3.10/dist-packages/jaka_msgs/srv/_set_io_s.c
[9.102s] -- Up-to-date symlink: /home/wtr/programs/cpp/ros2/jaka/src/install/jaka_msgs/local/lib/python3.10/dist-packages/jaka_msgs/srv/_set_payload.py
[9.102s] -- Up-to-date symlink: /home/wtr/programs/cpp/ros2/jaka/src/install/jaka_msgs/local/lib/python3.10/dist-packages/jaka_msgs/srv/_set_payload_s.c
[9.102s] -- Up-to-date symlink: /home/wtr/programs/cpp/ros2/jaka/src/install/jaka_msgs/local/lib/python3.10/dist-packages/jaka_msgs/srv/_set_tcp_frame.py
[9.102s] -- Up-to-date symlink: /home/wtr/programs/cpp/ros2/jaka/src/install/jaka_msgs/local/lib/python3.10/dist-packages/jaka_msgs/srv/_set_tcp_frame_s.c
[9.102s] -- Up-to-date symlink: /home/wtr/programs/cpp/ros2/jaka/src/install/jaka_msgs/local/lib/python3.10/dist-packages/jaka_msgs/srv/_set_user_frame.py
[9.102s] -- Up-to-date symlink: /home/wtr/programs/cpp/ros2/jaka/src/install/jaka_msgs/local/lib/python3.10/dist-packages/jaka_msgs/srv/_set_user_frame_s.c
[9.102s] -- Up-to-date symlink: /home/wtr/programs/cpp/ros2/jaka/src/install/jaka_msgs/local/lib/python3.10/dist-packages/jaka_msgs/jaka_msgs_s__rosidl_typesupport_fastrtps_c.cpython-310-x86_64-linux-gnu.so
[9.103s] -- Up-to-date symlink: /home/wtr/programs/cpp/ros2/jaka/src/install/jaka_msgs/local/lib/python3.10/dist-packages/jaka_msgs/jaka_msgs_s__rosidl_typesupport_introspection_c.cpython-310-x86_64-linux-gnu.so
[9.103s] -- Up-to-date symlink: /home/wtr/programs/cpp/ros2/jaka/src/install/jaka_msgs/local/lib/python3.10/dist-packages/jaka_msgs/jaka_msgs_s__rosidl_typesupport_c.cpython-310-x86_64-linux-gnu.so
[9.103s] -- Up-to-date symlink: /home/wtr/programs/cpp/ros2/jaka/src/install/jaka_msgs/share/jaka_msgs/msg/RobotMsg.idl
[9.103s] -- Symlinking: /home/wtr/programs/cpp/ros2/jaka/src/install/jaka_msgs/share/jaka_msgs/msg/MyPoseCmd.idl
[9.112s] -- Up-to-date symlink: /home/wtr/programs/cpp/ros2/jaka/src/install/jaka_msgs/share/jaka_msgs/srv/Move.idl
[9.112s] -- Up-to-date symlink: /home/wtr/programs/cpp/ros2/jaka/src/install/jaka_msgs/share/jaka_msgs/srv/ServoMoveEnable.idl
[9.112s] -- Up-to-date symlink: /home/wtr/programs/cpp/ros2/jaka/src/install/jaka_msgs/share/jaka_msgs/srv/ServoMove.idl
[9.112s] -- Up-to-date symlink: /home/wtr/programs/cpp/ros2/jaka/src/install/jaka_msgs/share/jaka_msgs/srv/SetTcpFrame.idl
[9.113s] -- Up-to-date symlink: /home/wtr/programs/cpp/ros2/jaka/src/install/jaka_msgs/share/jaka_msgs/srv/SetUserFrame.idl
[9.113s] -- Up-to-date symlink: /home/wtr/programs/cpp/ros2/jaka/src/install/jaka_msgs/share/jaka_msgs/srv/SetPayload.idl
[9.113s] -- Up-to-date symlink: /home/wtr/programs/cpp/ros2/jaka/src/install/jaka_msgs/share/jaka_msgs/srv/SetCollision.idl
[9.113s] -- Up-to-date symlink: /home/wtr/programs/cpp/ros2/jaka/src/install/jaka_msgs/share/jaka_msgs/srv/SetIO.idl
[9.113s] -- Up-to-date symlink: /home/wtr/programs/cpp/ros2/jaka/src/install/jaka_msgs/share/jaka_msgs/srv/GetIO.idl
[9.113s] -- Up-to-date symlink: /home/wtr/programs/cpp/ros2/jaka/src/install/jaka_msgs/share/jaka_msgs/srv/ClearError.idl
[9.113s] -- Up-to-date symlink: /home/wtr/programs/cpp/ros2/jaka/src/install/jaka_msgs/share/jaka_msgs/srv/GetFK.idl
[9.113s] -- Up-to-date symlink: /home/wtr/programs/cpp/ros2/jaka/src/install/jaka_msgs/share/jaka_msgs/srv/GetIK.idl
[9.113s] -- Up-to-date symlink: /home/wtr/programs/cpp/ros2/jaka/src/install/jaka_msgs/share/jaka_msgs/msg/RobotMsg.msg
[9.113s] -- Symlinking: /home/wtr/programs/cpp/ros2/jaka/src/install/jaka_msgs/share/jaka_msgs/msg/MyPoseCmd.msg
[9.121s] -- Up-to-date symlink: /home/wtr/programs/cpp/ros2/jaka/src/install/jaka_msgs/share/jaka_msgs/srv/Move.srv
[9.121s] -- Up-to-date symlink: /home/wtr/programs/cpp/ros2/jaka/src/install/jaka_msgs/share/jaka_msgs/srv/Move_Request.msg
[9.121s] -- Up-to-date symlink: /home/wtr/programs/cpp/ros2/jaka/src/install/jaka_msgs/share/jaka_msgs/srv/Move_Response.msg
[9.121s] -- Up-to-date symlink: /home/wtr/programs/cpp/ros2/jaka/src/install/jaka_msgs/share/jaka_msgs/srv/ServoMoveEnable.srv
[9.122s] -- Up-to-date symlink: /home/wtr/programs/cpp/ros2/jaka/src/install/jaka_msgs/share/jaka_msgs/srv/ServoMoveEnable_Request.msg
[9.122s] -- Up-to-date symlink: /home/wtr/programs/cpp/ros2/jaka/src/install/jaka_msgs/share/jaka_msgs/srv/ServoMoveEnable_Response.msg
[9.122s] -- Up-to-date symlink: /home/wtr/programs/cpp/ros2/jaka/src/install/jaka_msgs/share/jaka_msgs/srv/ServoMove.srv
[9.122s] -- Up-to-date symlink: /home/wtr/programs/cpp/ros2/jaka/src/install/jaka_msgs/share/jaka_msgs/srv/ServoMove_Request.msg
[9.122s] -- Up-to-date symlink: /home/wtr/programs/cpp/ros2/jaka/src/install/jaka_msgs/share/jaka_msgs/srv/ServoMove_Response.msg
[9.122s] -- Up-to-date symlink: /home/wtr/programs/cpp/ros2/jaka/src/install/jaka_msgs/share/jaka_msgs/srv/SetTcpFrame.srv
[9.122s] -- Up-to-date symlink: /home/wtr/programs/cpp/ros2/jaka/src/install/jaka_msgs/share/jaka_msgs/srv/SetTcpFrame_Request.msg
[9.122s] -- Up-to-date symlink: /home/wtr/programs/cpp/ros2/jaka/src/install/jaka_msgs/share/jaka_msgs/srv/SetTcpFrame_Response.msg
[9.122s] -- Up-to-date symlink: /home/wtr/programs/cpp/ros2/jaka/src/install/jaka_msgs/share/jaka_msgs/srv/SetUserFrame.srv
[9.122s] -- Up-to-date symlink: /home/wtr/programs/cpp/ros2/jaka/src/install/jaka_msgs/share/jaka_msgs/srv/SetUserFrame_Request.msg
[9.122s] -- Up-to-date symlink: /home/wtr/programs/cpp/ros2/jaka/src/install/jaka_msgs/share/jaka_msgs/srv/SetUserFrame_Response.msg
[9.122s] -- Up-to-date symlink: /home/wtr/programs/cpp/ros2/jaka/src/install/jaka_msgs/share/jaka_msgs/srv/SetPayload.srv
[9.123s] -- Up-to-date symlink: /home/wtr/programs/cpp/ros2/jaka/src/install/jaka_msgs/share/jaka_msgs/srv/SetPayload_Request.msg
[9.123s] -- Up-to-date symlink: /home/wtr/programs/cpp/ros2/jaka/src/install/jaka_msgs/share/jaka_msgs/srv/SetPayload_Response.msg
[9.123s] -- Up-to-date symlink: /home/wtr/programs/cpp/ros2/jaka/src/install/jaka_msgs/share/jaka_msgs/srv/SetCollision.srv
[9.123s] -- Up-to-date symlink: /home/wtr/programs/cpp/ros2/jaka/src/install/jaka_msgs/share/jaka_msgs/srv/SetCollision_Request.msg
[9.123s] -- Up-to-date symlink: /home/wtr/programs/cpp/ros2/jaka/src/install/jaka_msgs/share/jaka_msgs/srv/SetCollision_Response.msg
[9.123s] -- Up-to-date symlink: /home/wtr/programs/cpp/ros2/jaka/src/install/jaka_msgs/share/jaka_msgs/srv/SetIO.srv
[9.123s] -- Up-to-date symlink: /home/wtr/programs/cpp/ros2/jaka/src/install/jaka_msgs/share/jaka_msgs/srv/SetIO_Request.msg
[9.123s] -- Up-to-date symlink: /home/wtr/programs/cpp/ros2/jaka/src/install/jaka_msgs/share/jaka_msgs/srv/SetIO_Response.msg
[9.124s] -- Up-to-date symlink: /home/wtr/programs/cpp/ros2/jaka/src/install/jaka_msgs/share/jaka_msgs/srv/GetIO.srv
[9.124s] -- Up-to-date symlink: /home/wtr/programs/cpp/ros2/jaka/src/install/jaka_msgs/share/jaka_msgs/srv/GetIO_Request.msg
[9.124s] -- Up-to-date symlink: /home/wtr/programs/cpp/ros2/jaka/src/install/jaka_msgs/share/jaka_msgs/srv/GetIO_Response.msg
[9.124s] -- Up-to-date symlink: /home/wtr/programs/cpp/ros2/jaka/src/install/jaka_msgs/share/jaka_msgs/srv/ClearError.srv
[9.124s] -- Up-to-date symlink: /home/wtr/programs/cpp/ros2/jaka/src/install/jaka_msgs/share/jaka_msgs/srv/ClearError_Request.msg
[9.124s] -- Up-to-date symlink: /home/wtr/programs/cpp/ros2/jaka/src/install/jaka_msgs/share/jaka_msgs/srv/ClearError_Response.msg
[9.124s] -- Up-to-date symlink: /home/wtr/programs/cpp/ros2/jaka/src/install/jaka_msgs/share/jaka_msgs/srv/GetFK.srv
[9.124s] -- Up-to-date symlink: /home/wtr/programs/cpp/ros2/jaka/src/install/jaka_msgs/share/jaka_msgs/srv/GetFK_Request.msg
[9.124s] -- Up-to-date symlink: /home/wtr/programs/cpp/ros2/jaka/src/install/jaka_msgs/share/jaka_msgs/srv/GetFK_Response.msg
[9.124s] -- Up-to-date symlink: /home/wtr/programs/cpp/ros2/jaka/src/install/jaka_msgs/share/jaka_msgs/srv/GetIK.srv
[9.124s] -- Up-to-date symlink: /home/wtr/programs/cpp/ros2/jaka/src/install/jaka_msgs/share/jaka_msgs/srv/GetIK_Request.msg
[9.124s] -- Up-to-date symlink: /home/wtr/programs/cpp/ros2/jaka/src/install/jaka_msgs/share/jaka_msgs/srv/GetIK_Response.msg
[9.124s] -- Up-to-date symlink: /home/wtr/programs/cpp/ros2/jaka/src/install/jaka_msgs/share/ament_index/resource_index/package_run_dependencies/jaka_msgs
[9.124s] -- Up-to-date symlink: /home/wtr/programs/cpp/ros2/jaka/src/install/jaka_msgs/share/ament_index/resource_index/parent_prefix_path/jaka_msgs
[9.124s] -- Up-to-date symlink: /home/wtr/programs/cpp/ros2/jaka/src/install/jaka_msgs/share/jaka_msgs/environment/ament_prefix_path.sh
[9.124s] -- Up-to-date symlink: /home/wtr/programs/cpp/ros2/jaka/src/install/jaka_msgs/share/jaka_msgs/environment/ament_prefix_path.dsv
[9.124s] -- Up-to-date symlink: /home/wtr/programs/cpp/ros2/jaka/src/install/jaka_msgs/share/jaka_msgs/environment/path.sh
[9.125s] -- Up-to-date symlink: /home/wtr/programs/cpp/ros2/jaka/src/install/jaka_msgs/share/jaka_msgs/environment/path.dsv
[9.125s] -- Up-to-date symlink: /home/wtr/programs/cpp/ros2/jaka/src/install/jaka_msgs/share/jaka_msgs/local_setup.bash
[9.125s] -- Up-to-date symlink: /home/wtr/programs/cpp/ros2/jaka/src/install/jaka_msgs/share/jaka_msgs/local_setup.sh
[9.125s] -- Up-to-date symlink: /home/wtr/programs/cpp/ros2/jaka/src/install/jaka_msgs/share/jaka_msgs/local_setup.zsh
[9.125s] -- Up-to-date symlink: /home/wtr/programs/cpp/ros2/jaka/src/install/jaka_msgs/share/jaka_msgs/local_setup.dsv
[9.125s] -- Symlinking: /home/wtr/programs/cpp/ros2/jaka/src/install/jaka_msgs/share/jaka_msgs/package.dsv
[9.136s] -- Up-to-date symlink: /home/wtr/programs/cpp/ros2/jaka/src/install/jaka_msgs/share/ament_index/resource_index/packages/jaka_msgs
[9.136s] -- Up-to-date symlink: /home/wtr/programs/cpp/ros2/jaka/src/install/jaka_msgs/share/jaka_msgs/cmake/rosidl_cmake-extras.cmake
[9.136s] -- Up-to-date symlink: /home/wtr/programs/cpp/ros2/jaka/src/install/jaka_msgs/share/jaka_msgs/cmake/ament_cmake_export_dependencies-extras.cmake
[9.136s] -- Up-to-date symlink: /home/wtr/programs/cpp/ros2/jaka/src/install/jaka_msgs/share/jaka_msgs/cmake/ament_cmake_export_include_directories-extras.cmake
[9.136s] -- Up-to-date symlink: /home/wtr/programs/cpp/ros2/jaka/src/install/jaka_msgs/share/jaka_msgs/cmake/ament_cmake_export_libraries-extras.cmake
[9.136s] -- Up-to-date symlink: /home/wtr/programs/cpp/ros2/jaka/src/install/jaka_msgs/share/jaka_msgs/cmake/ament_cmake_export_targets-extras.cmake
[9.136s] -- Up-to-date symlink: /home/wtr/programs/cpp/ros2/jaka/src/install/jaka_msgs/share/jaka_msgs/cmake/rosidl_cmake_export_typesupport_targets-extras.cmake
[9.136s] -- Up-to-date symlink: /home/wtr/programs/cpp/ros2/jaka/src/install/jaka_msgs/share/jaka_msgs/cmake/rosidl_cmake_export_typesupport_libraries-extras.cmake
[9.136s] -- Up-to-date symlink: /home/wtr/programs/cpp/ros2/jaka/src/install/jaka_msgs/share/jaka_msgs/cmake/jaka_msgsConfig.cmake
[9.136s] -- Up-to-date symlink: /home/wtr/programs/cpp/ros2/jaka/src/install/jaka_msgs/share/jaka_msgs/cmake/jaka_msgsConfig-version.cmake
[9.136s] -- Up-to-date symlink: /home/wtr/programs/cpp/ros2/jaka/src/install/jaka_msgs/share/jaka_msgs/package.xml
[9.138s] -- Installing: /home/wtr/programs/cpp/ros2/jaka/src/install/jaka_msgs/lib/libjaka_msgs__rosidl_generator_c.so
[9.139s] -- Set runtime path of "/home/wtr/programs/cpp/ros2/jaka/src/install/jaka_msgs/lib/libjaka_msgs__rosidl_generator_c.so" to ""
[9.140s] -- Installing: /home/wtr/programs/cpp/ros2/jaka/src/install/jaka_msgs/lib/libjaka_msgs__rosidl_typesupport_fastrtps_c.so
[9.140s] -- Set runtime path of "/home/wtr/programs/cpp/ros2/jaka/src/install/jaka_msgs/lib/libjaka_msgs__rosidl_typesupport_fastrtps_c.so" to ""
[9.140s] -- Installing: /home/wtr/programs/cpp/ros2/jaka/src/install/jaka_msgs/lib/libjaka_msgs__rosidl_typesupport_introspection_c.so
[9.141s] -- Set runtime path of "/home/wtr/programs/cpp/ros2/jaka/src/install/jaka_msgs/lib/libjaka_msgs__rosidl_typesupport_introspection_c.so" to ""
[9.141s] -- Installing: /home/wtr/programs/cpp/ros2/jaka/src/install/jaka_msgs/lib/libjaka_msgs__rosidl_typesupport_c.so
[9.142s] -- Set runtime path of "/home/wtr/programs/cpp/ros2/jaka/src/install/jaka_msgs/lib/libjaka_msgs__rosidl_typesupport_c.so" to ""
[9.142s] -- Installing: /home/wtr/programs/cpp/ros2/jaka/src/install/jaka_msgs/lib/libjaka_msgs__rosidl_typesupport_fastrtps_cpp.so
[9.143s] -- Set runtime path of "/home/wtr/programs/cpp/ros2/jaka/src/install/jaka_msgs/lib/libjaka_msgs__rosidl_typesupport_fastrtps_cpp.so" to ""
[9.143s] -- Installing: /home/wtr/programs/cpp/ros2/jaka/src/install/jaka_msgs/lib/libjaka_msgs__rosidl_typesupport_introspection_cpp.so
[9.143s] -- Set runtime path of "/home/wtr/programs/cpp/ros2/jaka/src/install/jaka_msgs/lib/libjaka_msgs__rosidl_typesupport_introspection_cpp.so" to ""
[9.143s] -- Installing: /home/wtr/programs/cpp/ros2/jaka/src/install/jaka_msgs/lib/libjaka_msgs__rosidl_typesupport_cpp.so
[9.143s] -- Set runtime path of "/home/wtr/programs/cpp/ros2/jaka/src/install/jaka_msgs/lib/libjaka_msgs__rosidl_typesupport_cpp.so" to ""
[9.195s] Listing '/home/wtr/programs/cpp/ros2/jaka/src/install/jaka_msgs/local/lib/python3.10/dist-packages/jaka_msgs'...
[9.196s] Compiling '/home/wtr/programs/cpp/ros2/jaka/src/install/jaka_msgs/local/lib/python3.10/dist-packages/jaka_msgs/__init__.py'...
[9.196s] Listing '/home/wtr/programs/cpp/ros2/jaka/src/install/jaka_msgs/local/lib/python3.10/dist-packages/jaka_msgs/msg'...
[9.196s] Compiling '/home/wtr/programs/cpp/ros2/jaka/src/install/jaka_msgs/local/lib/python3.10/dist-packages/jaka_msgs/msg/__init__.py'...
[9.196s] Compiling '/home/wtr/programs/cpp/ros2/jaka/src/install/jaka_msgs/local/lib/python3.10/dist-packages/jaka_msgs/msg/_my_pose_cmd.py'...
[9.196s] Compiling '/home/wtr/programs/cpp/ros2/jaka/src/install/jaka_msgs/local/lib/python3.10/dist-packages/jaka_msgs/msg/_robot_msg.py'...
[9.196s] Listing '/home/wtr/programs/cpp/ros2/jaka/src/install/jaka_msgs/local/lib/python3.10/dist-packages/jaka_msgs/srv'...
[9.196s] Compiling '/home/wtr/programs/cpp/ros2/jaka/src/install/jaka_msgs/local/lib/python3.10/dist-packages/jaka_msgs/srv/__init__.py'...
[9.196s] Compiling '/home/wtr/programs/cpp/ros2/jaka/src/install/jaka_msgs/local/lib/python3.10/dist-packages/jaka_msgs/srv/_clear_error.py'...
[9.196s] Compiling '/home/wtr/programs/cpp/ros2/jaka/src/install/jaka_msgs/local/lib/python3.10/dist-packages/jaka_msgs/srv/_get_fk.py'...
[9.196s] Compiling '/home/wtr/programs/cpp/ros2/jaka/src/install/jaka_msgs/local/lib/python3.10/dist-packages/jaka_msgs/srv/_get_ik.py'...
[9.196s] Compiling '/home/wtr/programs/cpp/ros2/jaka/src/install/jaka_msgs/local/lib/python3.10/dist-packages/jaka_msgs/srv/_get_io.py'...
[9.196s] Compiling '/home/wtr/programs/cpp/ros2/jaka/src/install/jaka_msgs/local/lib/python3.10/dist-packages/jaka_msgs/srv/_move.py'...
[9.196s] Compiling '/home/wtr/programs/cpp/ros2/jaka/src/install/jaka_msgs/local/lib/python3.10/dist-packages/jaka_msgs/srv/_servo_move.py'...
[9.196s] Compiling '/home/wtr/programs/cpp/ros2/jaka/src/install/jaka_msgs/local/lib/python3.10/dist-packages/jaka_msgs/srv/_servo_move_enable.py'...
[9.196s] Compiling '/home/wtr/programs/cpp/ros2/jaka/src/install/jaka_msgs/local/lib/python3.10/dist-packages/jaka_msgs/srv/_set_collision.py'...
[9.196s] Compiling '/home/wtr/programs/cpp/ros2/jaka/src/install/jaka_msgs/local/lib/python3.10/dist-packages/jaka_msgs/srv/_set_io.py'...
[9.196s] Compiling '/home/wtr/programs/cpp/ros2/jaka/src/install/jaka_msgs/local/lib/python3.10/dist-packages/jaka_msgs/srv/_set_payload.py'...
[9.196s] Compiling '/home/wtr/programs/cpp/ros2/jaka/src/install/jaka_msgs/local/lib/python3.10/dist-packages/jaka_msgs/srv/_set_tcp_frame.py'...
[9.196s] Compiling '/home/wtr/programs/cpp/ros2/jaka/src/install/jaka_msgs/local/lib/python3.10/dist-packages/jaka_msgs/srv/_set_user_frame.py'...
[9.200s] -- Installing: /home/wtr/programs/cpp/ros2/jaka/src/install/jaka_msgs/lib/libjaka_msgs__rosidl_generator_py.so
[9.201s] -- Set runtime path of "/home/wtr/programs/cpp/ros2/jaka/src/install/jaka_msgs/lib/libjaka_msgs__rosidl_generator_py.so" to ""
[9.201s] -- Up-to-date: /home/wtr/programs/cpp/ros2/jaka/src/install/jaka_msgs/share/jaka_msgs/cmake/export_jaka_msgs__rosidl_generator_cExport.cmake
[9.201s] -- Up-to-date: /home/wtr/programs/cpp/ros2/jaka/src/install/jaka_msgs/share/jaka_msgs/cmake/export_jaka_msgs__rosidl_generator_cExport-noconfig.cmake
[9.201s] -- Up-to-date: /home/wtr/programs/cpp/ros2/jaka/src/install/jaka_msgs/share/jaka_msgs/cmake/export_jaka_msgs__rosidl_typesupport_fastrtps_cExport.cmake
[9.201s] -- Up-to-date: /home/wtr/programs/cpp/ros2/jaka/src/install/jaka_msgs/share/jaka_msgs/cmake/export_jaka_msgs__rosidl_typesupport_fastrtps_cExport-noconfig.cmake
[9.202s] -- Up-to-date: /home/wtr/programs/cpp/ros2/jaka/src/install/jaka_msgs/share/jaka_msgs/cmake/jaka_msgs__rosidl_typesupport_introspection_cExport.cmake
[9.202s] -- Up-to-date: /home/wtr/programs/cpp/ros2/jaka/src/install/jaka_msgs/share/jaka_msgs/cmake/jaka_msgs__rosidl_typesupport_introspection_cExport-noconfig.cmake
[9.202s] -- Up-to-date: /home/wtr/programs/cpp/ros2/jaka/src/install/jaka_msgs/share/jaka_msgs/cmake/jaka_msgs__rosidl_typesupport_cExport.cmake
[9.202s] -- Up-to-date: /home/wtr/programs/cpp/ros2/jaka/src/install/jaka_msgs/share/jaka_msgs/cmake/jaka_msgs__rosidl_typesupport_cExport-noconfig.cmake
[9.202s] -- Up-to-date: /home/wtr/programs/cpp/ros2/jaka/src/install/jaka_msgs/share/jaka_msgs/cmake/export_jaka_msgs__rosidl_generator_cppExport.cmake
[9.202s] -- Up-to-date: /home/wtr/programs/cpp/ros2/jaka/src/install/jaka_msgs/share/jaka_msgs/cmake/export_jaka_msgs__rosidl_typesupport_fastrtps_cppExport.cmake
[9.202s] -- Up-to-date: /home/wtr/programs/cpp/ros2/jaka/src/install/jaka_msgs/share/jaka_msgs/cmake/export_jaka_msgs__rosidl_typesupport_fastrtps_cppExport-noconfig.cmake
[9.202s] -- Up-to-date: /home/wtr/programs/cpp/ros2/jaka/src/install/jaka_msgs/share/jaka_msgs/cmake/jaka_msgs__rosidl_typesupport_introspection_cppExport.cmake
[9.202s] -- Up-to-date: /home/wtr/programs/cpp/ros2/jaka/src/install/jaka_msgs/share/jaka_msgs/cmake/jaka_msgs__rosidl_typesupport_introspection_cppExport-noconfig.cmake
[9.202s] -- Up-to-date: /home/wtr/programs/cpp/ros2/jaka/src/install/jaka_msgs/share/jaka_msgs/cmake/jaka_msgs__rosidl_typesupport_cppExport.cmake
[9.202s] -- Up-to-date: /home/wtr/programs/cpp/ros2/jaka/src/install/jaka_msgs/share/jaka_msgs/cmake/jaka_msgs__rosidl_typesupport_cppExport-noconfig.cmake
[9.202s] -- Up-to-date: /home/wtr/programs/cpp/ros2/jaka/src/install/jaka_msgs/share/jaka_msgs/cmake/export_jaka_msgs__rosidl_generator_pyExport.cmake
[9.202s] -- Up-to-date: /home/wtr/programs/cpp/ros2/jaka/src/install/jaka_msgs/share/jaka_msgs/cmake/export_jaka_msgs__rosidl_generator_pyExport-noconfig.cmake
[9.204s] Invoked command in '/home/wtr/programs/cpp/ros2/jaka/src/build/jaka_msgs' returned '0': CMAKE_PREFIX_PATH=/opt/ros/humble /usr/bin/cmake --install /home/wtr/programs/cpp/ros2/jaka/src/build/jaka_msgs
