[0.116s] DEBUG:colcon:Command line arguments: ['/usr/bin/colcon', 'build', '--packages-select', 'user_commands', '--symlink-install']
[0.117s] DEBUG:colcon:Parsed command line arguments: Namespace(log_base=None, log_level=None, verb_name='build', build_base='build', install_base='install', merge_install=False, symlink_install=True, test_result_base=None, continue_on_error=False, executor='parallel', parallel_workers=8, event_handlers=None, ignore_user_meta=False, metas=['./colcon.meta'], base_paths=['.'], packages_ignore=None, packages_ignore_regex=None, paths=None, packages_up_to=None, packages_up_to_regex=None, packages_above=None, packages_above_and_dependencies=None, packages_above_depth=None, packages_select_by_dep=None, packages_skip_by_dep=None, packages_skip_up_to=None, packages_select_build_failed=False, packages_skip_build_finished=False, packages_select_test_failures=False, packages_skip_test_passed=False, packages_select=['user_commands'], packages_skip=None, packages_select_regex=None, packages_skip_regex=None, packages_start=None, packages_end=None, allow_overriding=[], cmake_args=None, cmake_target=None, cmake_target_skip_unavailable=False, cmake_clean_cache=False, cmake_clean_first=False, cmake_force_configure=False, ament_cmake_args=None, catkin_cmake_args=None, catkin_skip_building_tests=False, verb_parser=<colcon_defaults.argument_parser.defaults.DefaultArgumentsDecorator object at 0x7a764d0509d0>, verb_extension=<colcon_core.verb.build.BuildVerb object at 0x7a764d0504f0>, main=<bound method BuildVerb.main of <colcon_core.verb.build.BuildVerb object at 0x7a764d0504f0>>)
[0.288s] Level 1:colcon.colcon_core.package_discovery:discover_packages(colcon_meta) check parameters
[0.289s] Level 1:colcon.colcon_core.package_discovery:discover_packages(recursive) check parameters
[0.289s] Level 1:colcon.colcon_core.package_discovery:discover_packages(ignore) check parameters
[0.289s] Level 1:colcon.colcon_core.package_discovery:discover_packages(path) check parameters
[0.289s] Level 1:colcon.colcon_core.package_discovery:discover_packages(colcon_meta) discover
[0.289s] Level 1:colcon.colcon_core.package_discovery:discover_packages(recursive) discover
[0.289s] INFO:colcon.colcon_core.package_discovery:Crawling recursively for packages in '/home/wtr/programs/cpp/ros2/jaka/src'
[0.289s] Level 1:colcon.colcon_core.package_identification:_identify(.) by extensions ['ignore', 'ignore_ament_install']
[0.289s] Level 1:colcon.colcon_core.package_identification:_identify(.) by extension 'ignore'
[0.289s] Level 1:colcon.colcon_core.package_identification:_identify(.) by extension 'ignore_ament_install'
[0.289s] Level 1:colcon.colcon_core.package_identification:_identify(.) by extensions ['colcon_pkg']
[0.289s] Level 1:colcon.colcon_core.package_identification:_identify(.) by extension 'colcon_pkg'
[0.289s] Level 1:colcon.colcon_core.package_identification:_identify(.) by extensions ['colcon_meta']
[0.289s] Level 1:colcon.colcon_core.package_identification:_identify(.) by extension 'colcon_meta'
[0.289s] Level 1:colcon.colcon_core.package_identification:_identify(.) by extensions ['ros']
[0.289s] Level 1:colcon.colcon_core.package_identification:_identify(.) by extension 'ros'
[0.298s] Level 1:colcon.colcon_core.package_identification:_identify(.) by extensions ['cmake', 'python']
[0.299s] Level 1:colcon.colcon_core.package_identification:_identify(.) by extension 'cmake'
[0.299s] Level 1:colcon.colcon_core.package_identification:_identify(.) by extension 'python'
[0.299s] Level 1:colcon.colcon_core.package_identification:_identify(.) by extensions ['python_setup_py']
[0.299s] Level 1:colcon.colcon_core.package_identification:_identify(.) by extension 'python_setup_py'
[0.299s] Level 1:colcon.colcon_core.package_identification:_identify(build) by extensions ['ignore', 'ignore_ament_install']
[0.299s] Level 1:colcon.colcon_core.package_identification:_identify(build) by extension 'ignore'
[0.299s] Level 1:colcon.colcon_core.package_identification:_identify(build) ignored
[0.299s] Level 1:colcon.colcon_core.package_identification:_identify(install) by extensions ['ignore', 'ignore_ament_install']
[0.299s] Level 1:colcon.colcon_core.package_identification:_identify(install) by extension 'ignore'
[0.299s] Level 1:colcon.colcon_core.package_identification:_identify(install) ignored
[0.299s] Level 1:colcon.colcon_core.package_identification:_identify(jaka_description) by extensions ['ignore', 'ignore_ament_install']
[0.300s] Level 1:colcon.colcon_core.package_identification:_identify(jaka_description) by extension 'ignore'
[0.300s] Level 1:colcon.colcon_core.package_identification:_identify(jaka_description) by extension 'ignore_ament_install'
[0.300s] Level 1:colcon.colcon_core.package_identification:_identify(jaka_description) by extensions ['colcon_pkg']
[0.300s] Level 1:colcon.colcon_core.package_identification:_identify(jaka_description) by extension 'colcon_pkg'
[0.300s] Level 1:colcon.colcon_core.package_identification:_identify(jaka_description) by extensions ['colcon_meta']
[0.300s] Level 1:colcon.colcon_core.package_identification:_identify(jaka_description) by extension 'colcon_meta'
[0.300s] Level 1:colcon.colcon_core.package_identification:_identify(jaka_description) by extensions ['ros']
[0.300s] Level 1:colcon.colcon_core.package_identification:_identify(jaka_description) by extension 'ros'
[0.302s] DEBUG:colcon.colcon_core.package_identification:Package 'jaka_description' with type 'ros.ament_cmake' and name 'jaka_description'
[0.302s] Level 1:colcon.colcon_core.package_identification:_identify(jaka_driver) by extensions ['ignore', 'ignore_ament_install']
[0.302s] Level 1:colcon.colcon_core.package_identification:_identify(jaka_driver) by extension 'ignore'
[0.302s] Level 1:colcon.colcon_core.package_identification:_identify(jaka_driver) by extension 'ignore_ament_install'
[0.303s] Level 1:colcon.colcon_core.package_identification:_identify(jaka_driver) by extensions ['colcon_pkg']
[0.303s] Level 1:colcon.colcon_core.package_identification:_identify(jaka_driver) by extension 'colcon_pkg'
[0.303s] Level 1:colcon.colcon_core.package_identification:_identify(jaka_driver) by extensions ['colcon_meta']
[0.303s] Level 1:colcon.colcon_core.package_identification:_identify(jaka_driver) by extension 'colcon_meta'
[0.303s] Level 1:colcon.colcon_core.package_identification:_identify(jaka_driver) by extensions ['ros']
[0.303s] Level 1:colcon.colcon_core.package_identification:_identify(jaka_driver) by extension 'ros'
[0.304s] DEBUG:colcon.colcon_core.package_identification:Package 'jaka_driver' with type 'ros.ament_cmake' and name 'jaka_driver'
[0.304s] Level 1:colcon.colcon_core.package_identification:_identify(jaka_msgs) by extensions ['ignore', 'ignore_ament_install']
[0.304s] Level 1:colcon.colcon_core.package_identification:_identify(jaka_msgs) by extension 'ignore'
[0.304s] Level 1:colcon.colcon_core.package_identification:_identify(jaka_msgs) by extension 'ignore_ament_install'
[0.304s] Level 1:colcon.colcon_core.package_identification:_identify(jaka_msgs) by extensions ['colcon_pkg']
[0.304s] Level 1:colcon.colcon_core.package_identification:_identify(jaka_msgs) by extension 'colcon_pkg'
[0.304s] Level 1:colcon.colcon_core.package_identification:_identify(jaka_msgs) by extensions ['colcon_meta']
[0.304s] Level 1:colcon.colcon_core.package_identification:_identify(jaka_msgs) by extension 'colcon_meta'
[0.305s] Level 1:colcon.colcon_core.package_identification:_identify(jaka_msgs) by extensions ['ros']
[0.305s] Level 1:colcon.colcon_core.package_identification:_identify(jaka_msgs) by extension 'ros'
[0.305s] DEBUG:colcon.colcon_core.package_identification:Package 'jaka_msgs' with type 'ros.ament_cmake' and name 'jaka_msgs'
[0.306s] Level 1:colcon.colcon_core.package_identification:_identify(jaka_planner) by extensions ['ignore', 'ignore_ament_install']
[0.306s] Level 1:colcon.colcon_core.package_identification:_identify(jaka_planner) by extension 'ignore'
[0.306s] Level 1:colcon.colcon_core.package_identification:_identify(jaka_planner) by extension 'ignore_ament_install'
[0.306s] Level 1:colcon.colcon_core.package_identification:_identify(jaka_planner) by extensions ['colcon_pkg']
[0.306s] Level 1:colcon.colcon_core.package_identification:_identify(jaka_planner) by extension 'colcon_pkg'
[0.306s] Level 1:colcon.colcon_core.package_identification:_identify(jaka_planner) by extensions ['colcon_meta']
[0.307s] Level 1:colcon.colcon_core.package_identification:_identify(jaka_planner) by extension 'colcon_meta'
[0.307s] Level 1:colcon.colcon_core.package_identification:_identify(jaka_planner) by extensions ['ros']
[0.307s] Level 1:colcon.colcon_core.package_identification:_identify(jaka_planner) by extension 'ros'
[0.308s] DEBUG:colcon.colcon_core.package_identification:Package 'jaka_planner' with type 'ros.ament_cmake' and name 'jaka_planner'
[0.308s] Level 1:colcon.colcon_core.package_identification:_identify(jaka_zu5_moveit_config) by extensions ['ignore', 'ignore_ament_install']
[0.308s] Level 1:colcon.colcon_core.package_identification:_identify(jaka_zu5_moveit_config) by extension 'ignore'
[0.308s] Level 1:colcon.colcon_core.package_identification:_identify(jaka_zu5_moveit_config) by extension 'ignore_ament_install'
[0.308s] Level 1:colcon.colcon_core.package_identification:_identify(jaka_zu5_moveit_config) by extensions ['colcon_pkg']
[0.308s] Level 1:colcon.colcon_core.package_identification:_identify(jaka_zu5_moveit_config) by extension 'colcon_pkg'
[0.308s] Level 1:colcon.colcon_core.package_identification:_identify(jaka_zu5_moveit_config) by extensions ['colcon_meta']
[0.308s] Level 1:colcon.colcon_core.package_identification:_identify(jaka_zu5_moveit_config) by extension 'colcon_meta'
[0.308s] Level 1:colcon.colcon_core.package_identification:_identify(jaka_zu5_moveit_config) by extensions ['ros']
[0.308s] Level 1:colcon.colcon_core.package_identification:_identify(jaka_zu5_moveit_config) by extension 'ros'
[0.309s] DEBUG:colcon.colcon_core.package_identification:Package 'jaka_zu5_moveit_config' with type 'ros.ament_cmake' and name 'jaka_zu5_moveit_config'
[0.309s] Level 1:colcon.colcon_core.package_identification:_identify(log) by extensions ['ignore', 'ignore_ament_install']
[0.309s] Level 1:colcon.colcon_core.package_identification:_identify(log) by extension 'ignore'
[0.309s] Level 1:colcon.colcon_core.package_identification:_identify(log) ignored
[0.309s] Level 1:colcon.colcon_core.package_identification:_identify(user_commands) by extensions ['ignore', 'ignore_ament_install']
[0.309s] Level 1:colcon.colcon_core.package_identification:_identify(user_commands) by extension 'ignore'
[0.309s] Level 1:colcon.colcon_core.package_identification:_identify(user_commands) by extension 'ignore_ament_install'
[0.309s] Level 1:colcon.colcon_core.package_identification:_identify(user_commands) by extensions ['colcon_pkg']
[0.309s] Level 1:colcon.colcon_core.package_identification:_identify(user_commands) by extension 'colcon_pkg'
[0.309s] Level 1:colcon.colcon_core.package_identification:_identify(user_commands) by extensions ['colcon_meta']
[0.309s] Level 1:colcon.colcon_core.package_identification:_identify(user_commands) by extension 'colcon_meta'
[0.309s] Level 1:colcon.colcon_core.package_identification:_identify(user_commands) by extensions ['ros']
[0.309s] Level 1:colcon.colcon_core.package_identification:_identify(user_commands) by extension 'ros'
[0.310s] DEBUG:colcon.colcon_core.package_identification:Package 'user_commands' with type 'ros.ament_cmake' and name 'user_commands'
[0.310s] Level 1:colcon.colcon_core.package_discovery:discover_packages(recursive) using defaults
[0.310s] Level 1:colcon.colcon_core.package_discovery:discover_packages(ignore) discover
[0.310s] Level 1:colcon.colcon_core.package_discovery:discover_packages(ignore) using defaults
[0.310s] Level 1:colcon.colcon_core.package_discovery:discover_packages(path) discover
[0.310s] Level 1:colcon.colcon_core.package_discovery:discover_packages(path) using defaults
[0.350s] INFO:colcon.colcon_core.package_selection:Skipping not selected package 'jaka_description' in 'jaka_description'
[0.351s] INFO:colcon.colcon_core.package_selection:Skipping not selected package 'jaka_msgs' in 'jaka_msgs'
[0.351s] INFO:colcon.colcon_core.package_selection:Skipping not selected package 'jaka_driver' in 'jaka_driver'
[0.351s] INFO:colcon.colcon_core.package_selection:Skipping not selected package 'jaka_planner' in 'jaka_planner'
[0.351s] INFO:colcon.colcon_core.package_selection:Skipping not selected package 'jaka_zu5_moveit_config' in 'jaka_zu5_moveit_config'
[0.351s] Level 1:colcon.colcon_core.package_discovery:discover_packages(prefix_path) check parameters
[0.351s] Level 1:colcon.colcon_core.package_discovery:discover_packages(prefix_path) discover
[0.355s] DEBUG:colcon.colcon_installed_package_information.package_discovery:Found 6 installed packages in /home/wtr/programs/cpp/ros2/jaka/src/install
[0.358s] DEBUG:colcon.colcon_installed_package_information.package_discovery:Found 383 installed packages in /opt/ros/humble
[0.359s] Level 1:colcon.colcon_core.package_discovery:discover_packages(prefix_path) using defaults
[0.393s] Level 5:colcon.colcon_core.verb:set package 'user_commands' build argument 'cmake_args' from command line to 'None'
[0.393s] Level 5:colcon.colcon_core.verb:set package 'user_commands' build argument 'cmake_target' from command line to 'None'
[0.393s] Level 5:colcon.colcon_core.verb:set package 'user_commands' build argument 'cmake_target_skip_unavailable' from command line to 'False'
[0.393s] Level 5:colcon.colcon_core.verb:set package 'user_commands' build argument 'cmake_clean_cache' from command line to 'False'
[0.393s] Level 5:colcon.colcon_core.verb:set package 'user_commands' build argument 'cmake_clean_first' from command line to 'False'
[0.393s] Level 5:colcon.colcon_core.verb:set package 'user_commands' build argument 'cmake_force_configure' from command line to 'False'
[0.393s] Level 5:colcon.colcon_core.verb:set package 'user_commands' build argument 'ament_cmake_args' from command line to 'None'
[0.393s] Level 5:colcon.colcon_core.verb:set package 'user_commands' build argument 'catkin_cmake_args' from command line to 'None'
[0.393s] Level 5:colcon.colcon_core.verb:set package 'user_commands' build argument 'catkin_skip_building_tests' from command line to 'False'
[0.393s] DEBUG:colcon.colcon_core.verb:Building package 'user_commands' with the following arguments: {'ament_cmake_args': None, 'build_base': '/home/wtr/programs/cpp/ros2/jaka/src/build/user_commands', 'catkin_cmake_args': None, 'catkin_skip_building_tests': False, 'cmake_args': None, 'cmake_clean_cache': False, 'cmake_clean_first': False, 'cmake_force_configure': False, 'cmake_target': None, 'cmake_target_skip_unavailable': False, 'install_base': '/home/wtr/programs/cpp/ros2/jaka/src/install/user_commands', 'merge_install': False, 'path': '/home/wtr/programs/cpp/ros2/jaka/src/user_commands', 'symlink_install': True, 'test_result_base': None}
[0.393s] INFO:colcon.colcon_core.executor:Executing jobs using 'parallel' executor
[0.395s] DEBUG:colcon.colcon_parallel_executor.executor.parallel:run_until_complete
[0.395s] INFO:colcon.colcon_ros.task.ament_cmake.build:Building ROS package in '/home/wtr/programs/cpp/ros2/jaka/src/user_commands' with build type 'ament_cmake'
[0.395s] INFO:colcon.colcon_cmake.task.cmake.build:Building CMake package in '/home/wtr/programs/cpp/ros2/jaka/src/user_commands'
[0.397s] INFO:colcon.colcon_core.plugin_system:Skipping extension 'colcon_core.shell.bat': Not used on non-Windows systems
[0.397s] INFO:colcon.colcon_core.shell:Skip shell extension 'powershell' for command environment: Not usable outside of PowerShell
[0.397s] DEBUG:colcon.colcon_core.shell:Skip shell extension 'dsv' for command environment
[0.416s] DEBUG:colcon.colcon_core.event_handler.log_command:Invoking command in '/home/wtr/programs/cpp/ros2/jaka/src/build/user_commands': CMAKE_PREFIX_PATH=/home/wtr/programs/cpp/ros2/jaka/src/install/jaka_msgs:/home/wtr/programs/cpp/ros2/jaka/src/install/user_commands:/home/wtr/programs/cpp/ros2/jaka/src/install/jaka_zu5_moveit_config:/home/wtr/programs/cpp/ros2/jaka/src/install/jaka_planner:/home/wtr/programs/cpp/ros2/jaka/src/install/jaka_driver:/home/wtr/programs/cpp/ros2/jaka/src/install/jaka_description:/opt/ros/humble /usr/bin/cmake --build /home/wtr/programs/cpp/ros2/jaka/src/build/user_commands -- -j8 -l8
[1.176s] DEBUG:colcon.colcon_core.event_handler.log_command:Invoked command in '/home/wtr/programs/cpp/ros2/jaka/src/build/user_commands' returned '2': CMAKE_PREFIX_PATH=/home/wtr/programs/cpp/ros2/jaka/src/install/jaka_msgs:/home/wtr/programs/cpp/ros2/jaka/src/install/user_commands:/home/wtr/programs/cpp/ros2/jaka/src/install/jaka_zu5_moveit_config:/home/wtr/programs/cpp/ros2/jaka/src/install/jaka_planner:/home/wtr/programs/cpp/ros2/jaka/src/install/jaka_driver:/home/wtr/programs/cpp/ros2/jaka/src/install/jaka_description:/opt/ros/humble /usr/bin/cmake --build /home/wtr/programs/cpp/ros2/jaka/src/build/user_commands -- -j8 -l8
[1.177s] Level 1:colcon.colcon_core.environment:create_environment_scripts_only(user_commands)
[1.180s] Level 1:colcon.colcon_core.environment:checking '/home/wtr/programs/cpp/ros2/jaka/src/install/user_commands' for CMake module files
[1.181s] Level 1:colcon.colcon_core.environment:checking '/home/wtr/programs/cpp/ros2/jaka/src/install/user_commands' for CMake config files
[1.181s] Level 1:colcon.colcon_core.shell:create_environment_hook('user_commands', 'cmake_prefix_path')
[1.182s] INFO:colcon.colcon_core.shell:Creating environment hook '/home/wtr/programs/cpp/ros2/jaka/src/install/user_commands/share/user_commands/hook/cmake_prefix_path.ps1'
[1.183s] INFO:colcon.colcon_core.shell:Creating environment descriptor '/home/wtr/programs/cpp/ros2/jaka/src/install/user_commands/share/user_commands/hook/cmake_prefix_path.dsv'
[1.184s] INFO:colcon.colcon_core.shell:Creating environment hook '/home/wtr/programs/cpp/ros2/jaka/src/install/user_commands/share/user_commands/hook/cmake_prefix_path.sh'
[1.188s] Level 1:colcon.colcon_core.environment:checking '/home/wtr/programs/cpp/ros2/jaka/src/install/user_commands/lib'
[1.189s] Level 1:colcon.colcon_core.environment:checking '/home/wtr/programs/cpp/ros2/jaka/src/install/user_commands/bin'
[1.190s] Level 1:colcon.colcon_core.environment:checking '/home/wtr/programs/cpp/ros2/jaka/src/install/user_commands/lib/pkgconfig/user_commands.pc'
[1.191s] Level 1:colcon.colcon_core.environment:checking '/home/wtr/programs/cpp/ros2/jaka/src/install/user_commands/lib/python3.10/site-packages'
[1.191s] Level 1:colcon.colcon_core.environment:checking '/home/wtr/programs/cpp/ros2/jaka/src/install/user_commands/bin'
[1.192s] INFO:colcon.colcon_core.shell:Creating package script '/home/wtr/programs/cpp/ros2/jaka/src/install/user_commands/share/user_commands/package.ps1'
[1.195s] INFO:colcon.colcon_core.shell:Creating package descriptor '/home/wtr/programs/cpp/ros2/jaka/src/install/user_commands/share/user_commands/package.dsv'
[1.196s] INFO:colcon.colcon_core.shell:Creating package script '/home/wtr/programs/cpp/ros2/jaka/src/install/user_commands/share/user_commands/package.sh'
[1.198s] INFO:colcon.colcon_core.shell:Creating package script '/home/wtr/programs/cpp/ros2/jaka/src/install/user_commands/share/user_commands/package.bash'
[1.200s] INFO:colcon.colcon_core.shell:Creating package script '/home/wtr/programs/cpp/ros2/jaka/src/install/user_commands/share/user_commands/package.zsh'
[1.201s] Level 1:colcon.colcon_core.environment:create_file_with_runtime_dependencies(/home/wtr/programs/cpp/ros2/jaka/src/install/user_commands/share/colcon-core/packages/user_commands)
[1.216s] DEBUG:colcon.colcon_parallel_executor.executor.parallel:closing loop
[1.216s] DEBUG:colcon.colcon_parallel_executor.executor.parallel:loop closed
[1.216s] DEBUG:colcon.colcon_parallel_executor.executor.parallel:run_until_complete finished with '2'
[1.216s] DEBUG:colcon.colcon_core.event_reactor:joining thread
[1.225s] INFO:colcon.colcon_core.plugin_system:Skipping extension 'colcon_notification.desktop_notification.terminal_notifier': Not used on non-Darwin systems
[1.226s] INFO:colcon.colcon_core.plugin_system:Skipping extension 'colcon_notification.desktop_notification.win32': Not used on non-Windows systems
[1.226s] INFO:colcon.colcon_notification.desktop_notification:Sending desktop notification using 'notify2'
[1.272s] DEBUG:colcon.colcon_core.event_reactor:joined thread
[1.273s] INFO:colcon.colcon_core.shell:Creating prefix script '/home/wtr/programs/cpp/ros2/jaka/src/install/local_setup.ps1'
[1.276s] INFO:colcon.colcon_core.shell:Creating prefix util module '/home/wtr/programs/cpp/ros2/jaka/src/install/_local_setup_util_ps1.py'
[1.284s] INFO:colcon.colcon_core.shell:Creating prefix chain script '/home/wtr/programs/cpp/ros2/jaka/src/install/setup.ps1'
[1.287s] INFO:colcon.colcon_core.shell:Creating prefix script '/home/wtr/programs/cpp/ros2/jaka/src/install/local_setup.sh'
[1.288s] INFO:colcon.colcon_core.shell:Creating prefix util module '/home/wtr/programs/cpp/ros2/jaka/src/install/_local_setup_util_sh.py'
[1.289s] INFO:colcon.colcon_core.shell:Creating prefix chain script '/home/wtr/programs/cpp/ros2/jaka/src/install/setup.sh'
[1.295s] INFO:colcon.colcon_core.shell:Creating prefix script '/home/wtr/programs/cpp/ros2/jaka/src/install/local_setup.bash'
[1.298s] INFO:colcon.colcon_core.shell:Creating prefix chain script '/home/wtr/programs/cpp/ros2/jaka/src/install/setup.bash'
[1.307s] INFO:colcon.colcon_core.shell:Creating prefix script '/home/wtr/programs/cpp/ros2/jaka/src/install/local_setup.zsh'
[1.310s] INFO:colcon.colcon_core.shell:Creating prefix chain script '/home/wtr/programs/cpp/ros2/jaka/src/install/setup.zsh'
