[0.082s] DEBUG:colcon:Command line arguments: ['/usr/bin/colcon', 'build', '--packages-select', 'jaka_msgs', '--symlink-install']
[0.082s] DEBUG:colcon:Parsed command line arguments: Namespace(log_base=None, log_level=None, verb_name='build', build_base='build', install_base='install', merge_install=False, symlink_install=True, test_result_base=None, continue_on_error=False, executor='parallel', parallel_workers=8, event_handlers=None, ignore_user_meta=False, metas=['./colcon.meta'], base_paths=['.'], packages_ignore=None, packages_ignore_regex=None, paths=None, packages_up_to=None, packages_up_to_regex=None, packages_above=None, packages_above_and_dependencies=None, packages_above_depth=None, packages_select_by_dep=None, packages_skip_by_dep=None, packages_skip_up_to=None, packages_select_build_failed=False, packages_skip_build_finished=False, packages_select_test_failures=False, packages_skip_test_passed=False, packages_select=['jaka_msgs'], packages_skip=None, packages_select_regex=None, packages_skip_regex=None, packages_start=None, packages_end=None, allow_overriding=[], cmake_args=None, cmake_target=None, cmake_target_skip_unavailable=False, cmake_clean_cache=False, cmake_clean_first=False, cmake_force_configure=False, ament_cmake_args=None, catkin_cmake_args=None, catkin_skip_building_tests=False, verb_parser=<colcon_defaults.argument_parser.defaults.DefaultArgumentsDecorator object at 0x76dd2b034790>, verb_extension=<colcon_core.verb.build.BuildVerb object at 0x76dd2b0342b0>, main=<bound method BuildVerb.main of <colcon_core.verb.build.BuildVerb object at 0x76dd2b0342b0>>)
[0.190s] Level 1:colcon.colcon_core.package_discovery:discover_packages(colcon_meta) check parameters
[0.190s] Level 1:colcon.colcon_core.package_discovery:discover_packages(recursive) check parameters
[0.190s] Level 1:colcon.colcon_core.package_discovery:discover_packages(ignore) check parameters
[0.190s] Level 1:colcon.colcon_core.package_discovery:discover_packages(path) check parameters
[0.191s] Level 1:colcon.colcon_core.package_discovery:discover_packages(colcon_meta) discover
[0.191s] Level 1:colcon.colcon_core.package_discovery:discover_packages(recursive) discover
[0.191s] INFO:colcon.colcon_core.package_discovery:Crawling recursively for packages in '/home/wtr/programs/cpp/ros2/jaka/src'
[0.191s] Level 1:colcon.colcon_core.package_identification:_identify(.) by extensions ['ignore', 'ignore_ament_install']
[0.191s] Level 1:colcon.colcon_core.package_identification:_identify(.) by extension 'ignore'
[0.191s] Level 1:colcon.colcon_core.package_identification:_identify(.) by extension 'ignore_ament_install'
[0.191s] Level 1:colcon.colcon_core.package_identification:_identify(.) by extensions ['colcon_pkg']
[0.191s] Level 1:colcon.colcon_core.package_identification:_identify(.) by extension 'colcon_pkg'
[0.191s] Level 1:colcon.colcon_core.package_identification:_identify(.) by extensions ['colcon_meta']
[0.191s] Level 1:colcon.colcon_core.package_identification:_identify(.) by extension 'colcon_meta'
[0.191s] Level 1:colcon.colcon_core.package_identification:_identify(.) by extensions ['ros']
[0.191s] Level 1:colcon.colcon_core.package_identification:_identify(.) by extension 'ros'
[0.199s] Level 1:colcon.colcon_core.package_identification:_identify(.) by extensions ['cmake', 'python']
[0.199s] Level 1:colcon.colcon_core.package_identification:_identify(.) by extension 'cmake'
[0.199s] Level 1:colcon.colcon_core.package_identification:_identify(.) by extension 'python'
[0.199s] Level 1:colcon.colcon_core.package_identification:_identify(.) by extensions ['python_setup_py']
[0.199s] Level 1:colcon.colcon_core.package_identification:_identify(.) by extension 'python_setup_py'
[0.199s] Level 1:colcon.colcon_core.package_identification:_identify(build) by extensions ['ignore', 'ignore_ament_install']
[0.199s] Level 1:colcon.colcon_core.package_identification:_identify(build) by extension 'ignore'
[0.199s] Level 1:colcon.colcon_core.package_identification:_identify(build) ignored
[0.199s] Level 1:colcon.colcon_core.package_identification:_identify(install) by extensions ['ignore', 'ignore_ament_install']
[0.199s] Level 1:colcon.colcon_core.package_identification:_identify(install) by extension 'ignore'
[0.199s] Level 1:colcon.colcon_core.package_identification:_identify(install) ignored
[0.199s] Level 1:colcon.colcon_core.package_identification:_identify(jaka_description) by extensions ['ignore', 'ignore_ament_install']
[0.199s] Level 1:colcon.colcon_core.package_identification:_identify(jaka_description) by extension 'ignore'
[0.199s] Level 1:colcon.colcon_core.package_identification:_identify(jaka_description) by extension 'ignore_ament_install'
[0.199s] Level 1:colcon.colcon_core.package_identification:_identify(jaka_description) by extensions ['colcon_pkg']
[0.199s] Level 1:colcon.colcon_core.package_identification:_identify(jaka_description) by extension 'colcon_pkg'
[0.199s] Level 1:colcon.colcon_core.package_identification:_identify(jaka_description) by extensions ['colcon_meta']
[0.199s] Level 1:colcon.colcon_core.package_identification:_identify(jaka_description) by extension 'colcon_meta'
[0.200s] Level 1:colcon.colcon_core.package_identification:_identify(jaka_description) by extensions ['ros']
[0.200s] Level 1:colcon.colcon_core.package_identification:_identify(jaka_description) by extension 'ros'
[0.201s] DEBUG:colcon.colcon_core.package_identification:Package 'jaka_description' with type 'ros.ament_cmake' and name 'jaka_description'
[0.201s] Level 1:colcon.colcon_core.package_identification:_identify(jaka_driver) by extensions ['ignore', 'ignore_ament_install']
[0.201s] Level 1:colcon.colcon_core.package_identification:_identify(jaka_driver) by extension 'ignore'
[0.201s] Level 1:colcon.colcon_core.package_identification:_identify(jaka_driver) by extension 'ignore_ament_install'
[0.201s] Level 1:colcon.colcon_core.package_identification:_identify(jaka_driver) by extensions ['colcon_pkg']
[0.201s] Level 1:colcon.colcon_core.package_identification:_identify(jaka_driver) by extension 'colcon_pkg'
[0.202s] Level 1:colcon.colcon_core.package_identification:_identify(jaka_driver) by extensions ['colcon_meta']
[0.202s] Level 1:colcon.colcon_core.package_identification:_identify(jaka_driver) by extension 'colcon_meta'
[0.202s] Level 1:colcon.colcon_core.package_identification:_identify(jaka_driver) by extensions ['ros']
[0.202s] Level 1:colcon.colcon_core.package_identification:_identify(jaka_driver) by extension 'ros'
[0.202s] DEBUG:colcon.colcon_core.package_identification:Package 'jaka_driver' with type 'ros.ament_cmake' and name 'jaka_driver'
[0.202s] Level 1:colcon.colcon_core.package_identification:_identify(jaka_msgs) by extensions ['ignore', 'ignore_ament_install']
[0.202s] Level 1:colcon.colcon_core.package_identification:_identify(jaka_msgs) by extension 'ignore'
[0.202s] Level 1:colcon.colcon_core.package_identification:_identify(jaka_msgs) by extension 'ignore_ament_install'
[0.202s] Level 1:colcon.colcon_core.package_identification:_identify(jaka_msgs) by extensions ['colcon_pkg']
[0.202s] Level 1:colcon.colcon_core.package_identification:_identify(jaka_msgs) by extension 'colcon_pkg'
[0.202s] Level 1:colcon.colcon_core.package_identification:_identify(jaka_msgs) by extensions ['colcon_meta']
[0.202s] Level 1:colcon.colcon_core.package_identification:_identify(jaka_msgs) by extension 'colcon_meta'
[0.202s] Level 1:colcon.colcon_core.package_identification:_identify(jaka_msgs) by extensions ['ros']
[0.202s] Level 1:colcon.colcon_core.package_identification:_identify(jaka_msgs) by extension 'ros'
[0.203s] DEBUG:colcon.colcon_core.package_identification:Package 'jaka_msgs' with type 'ros.ament_cmake' and name 'jaka_msgs'
[0.203s] Level 1:colcon.colcon_core.package_identification:_identify(jaka_planner) by extensions ['ignore', 'ignore_ament_install']
[0.203s] Level 1:colcon.colcon_core.package_identification:_identify(jaka_planner) by extension 'ignore'
[0.203s] Level 1:colcon.colcon_core.package_identification:_identify(jaka_planner) by extension 'ignore_ament_install'
[0.203s] Level 1:colcon.colcon_core.package_identification:_identify(jaka_planner) by extensions ['colcon_pkg']
[0.203s] Level 1:colcon.colcon_core.package_identification:_identify(jaka_planner) by extension 'colcon_pkg'
[0.203s] Level 1:colcon.colcon_core.package_identification:_identify(jaka_planner) by extensions ['colcon_meta']
[0.203s] Level 1:colcon.colcon_core.package_identification:_identify(jaka_planner) by extension 'colcon_meta'
[0.203s] Level 1:colcon.colcon_core.package_identification:_identify(jaka_planner) by extensions ['ros']
[0.203s] Level 1:colcon.colcon_core.package_identification:_identify(jaka_planner) by extension 'ros'
[0.203s] DEBUG:colcon.colcon_core.package_identification:Package 'jaka_planner' with type 'ros.ament_cmake' and name 'jaka_planner'
[0.204s] Level 1:colcon.colcon_core.package_identification:_identify(jaka_zu5_moveit_config) by extensions ['ignore', 'ignore_ament_install']
[0.204s] Level 1:colcon.colcon_core.package_identification:_identify(jaka_zu5_moveit_config) by extension 'ignore'
[0.204s] Level 1:colcon.colcon_core.package_identification:_identify(jaka_zu5_moveit_config) by extension 'ignore_ament_install'
[0.204s] Level 1:colcon.colcon_core.package_identification:_identify(jaka_zu5_moveit_config) by extensions ['colcon_pkg']
[0.204s] Level 1:colcon.colcon_core.package_identification:_identify(jaka_zu5_moveit_config) by extension 'colcon_pkg'
[0.204s] Level 1:colcon.colcon_core.package_identification:_identify(jaka_zu5_moveit_config) by extensions ['colcon_meta']
[0.204s] Level 1:colcon.colcon_core.package_identification:_identify(jaka_zu5_moveit_config) by extension 'colcon_meta'
[0.204s] Level 1:colcon.colcon_core.package_identification:_identify(jaka_zu5_moveit_config) by extensions ['ros']
[0.204s] Level 1:colcon.colcon_core.package_identification:_identify(jaka_zu5_moveit_config) by extension 'ros'
[0.205s] DEBUG:colcon.colcon_core.package_identification:Package 'jaka_zu5_moveit_config' with type 'ros.ament_cmake' and name 'jaka_zu5_moveit_config'
[0.205s] Level 1:colcon.colcon_core.package_identification:_identify(log) by extensions ['ignore', 'ignore_ament_install']
[0.205s] Level 1:colcon.colcon_core.package_identification:_identify(log) by extension 'ignore'
[0.205s] Level 1:colcon.colcon_core.package_identification:_identify(log) ignored
[0.205s] Level 1:colcon.colcon_core.package_identification:_identify(user_commands) by extensions ['ignore', 'ignore_ament_install']
[0.205s] Level 1:colcon.colcon_core.package_identification:_identify(user_commands) by extension 'ignore'
[0.205s] Level 1:colcon.colcon_core.package_identification:_identify(user_commands) by extension 'ignore_ament_install'
[0.205s] Level 1:colcon.colcon_core.package_identification:_identify(user_commands) by extensions ['colcon_pkg']
[0.205s] Level 1:colcon.colcon_core.package_identification:_identify(user_commands) by extension 'colcon_pkg'
[0.205s] Level 1:colcon.colcon_core.package_identification:_identify(user_commands) by extensions ['colcon_meta']
[0.205s] Level 1:colcon.colcon_core.package_identification:_identify(user_commands) by extension 'colcon_meta'
[0.205s] Level 1:colcon.colcon_core.package_identification:_identify(user_commands) by extensions ['ros']
[0.205s] Level 1:colcon.colcon_core.package_identification:_identify(user_commands) by extension 'ros'
[0.206s] DEBUG:colcon.colcon_core.package_identification:Package 'user_commands' with type 'ros.ament_cmake' and name 'user_commands'
[0.206s] Level 1:colcon.colcon_core.package_discovery:discover_packages(recursive) using defaults
[0.206s] Level 1:colcon.colcon_core.package_discovery:discover_packages(ignore) discover
[0.206s] Level 1:colcon.colcon_core.package_discovery:discover_packages(ignore) using defaults
[0.206s] Level 1:colcon.colcon_core.package_discovery:discover_packages(path) discover
[0.206s] Level 1:colcon.colcon_core.package_discovery:discover_packages(path) using defaults
[0.229s] INFO:colcon.colcon_core.package_selection:Skipping not selected package 'jaka_description' in 'jaka_description'
[0.229s] INFO:colcon.colcon_core.package_selection:Skipping not selected package 'jaka_driver' in 'jaka_driver'
[0.229s] INFO:colcon.colcon_core.package_selection:Skipping not selected package 'jaka_planner' in 'jaka_planner'
[0.229s] INFO:colcon.colcon_core.package_selection:Skipping not selected package 'jaka_zu5_moveit_config' in 'jaka_zu5_moveit_config'
[0.229s] INFO:colcon.colcon_core.package_selection:Skipping not selected package 'user_commands' in 'user_commands'
[0.229s] Level 1:colcon.colcon_core.package_discovery:discover_packages(prefix_path) check parameters
[0.230s] Level 1:colcon.colcon_core.package_discovery:discover_packages(prefix_path) discover
[0.231s] DEBUG:colcon.colcon_installed_package_information.package_discovery:Found 383 installed packages in /opt/ros/humble
[0.232s] Level 1:colcon.colcon_core.package_discovery:discover_packages(prefix_path) using defaults
[0.267s] Level 5:colcon.colcon_core.verb:set package 'jaka_msgs' build argument 'cmake_args' from command line to 'None'
[0.267s] Level 5:colcon.colcon_core.verb:set package 'jaka_msgs' build argument 'cmake_target' from command line to 'None'
[0.267s] Level 5:colcon.colcon_core.verb:set package 'jaka_msgs' build argument 'cmake_target_skip_unavailable' from command line to 'False'
[0.267s] Level 5:colcon.colcon_core.verb:set package 'jaka_msgs' build argument 'cmake_clean_cache' from command line to 'False'
[0.267s] Level 5:colcon.colcon_core.verb:set package 'jaka_msgs' build argument 'cmake_clean_first' from command line to 'False'
[0.267s] Level 5:colcon.colcon_core.verb:set package 'jaka_msgs' build argument 'cmake_force_configure' from command line to 'False'
[0.267s] Level 5:colcon.colcon_core.verb:set package 'jaka_msgs' build argument 'ament_cmake_args' from command line to 'None'
[0.267s] Level 5:colcon.colcon_core.verb:set package 'jaka_msgs' build argument 'catkin_cmake_args' from command line to 'None'
[0.267s] Level 5:colcon.colcon_core.verb:set package 'jaka_msgs' build argument 'catkin_skip_building_tests' from command line to 'False'
[0.267s] DEBUG:colcon.colcon_core.verb:Building package 'jaka_msgs' with the following arguments: {'ament_cmake_args': None, 'build_base': '/home/wtr/programs/cpp/ros2/jaka/src/build/jaka_msgs', 'catkin_cmake_args': None, 'catkin_skip_building_tests': False, 'cmake_args': None, 'cmake_clean_cache': False, 'cmake_clean_first': False, 'cmake_force_configure': False, 'cmake_target': None, 'cmake_target_skip_unavailable': False, 'install_base': '/home/wtr/programs/cpp/ros2/jaka/src/install/jaka_msgs', 'merge_install': False, 'path': '/home/wtr/programs/cpp/ros2/jaka/src/jaka_msgs', 'symlink_install': True, 'test_result_base': None}
[0.267s] INFO:colcon.colcon_core.executor:Executing jobs using 'parallel' executor
[0.268s] DEBUG:colcon.colcon_parallel_executor.executor.parallel:run_until_complete
[0.269s] INFO:colcon.colcon_ros.task.ament_cmake.build:Building ROS package in '/home/wtr/programs/cpp/ros2/jaka/src/jaka_msgs' with build type 'ament_cmake'
[0.269s] INFO:colcon.colcon_cmake.task.cmake.build:Building CMake package in '/home/wtr/programs/cpp/ros2/jaka/src/jaka_msgs'
[0.270s] INFO:colcon.colcon_core.plugin_system:Skipping extension 'colcon_core.shell.bat': Not used on non-Windows systems
[0.271s] INFO:colcon.colcon_core.shell:Skip shell extension 'powershell' for command environment: Not usable outside of PowerShell
[0.271s] DEBUG:colcon.colcon_core.shell:Skip shell extension 'dsv' for command environment
[0.280s] DEBUG:colcon.colcon_core.event_handler.log_command:Invoking command in '/home/wtr/programs/cpp/ros2/jaka/src/build/jaka_msgs': CMAKE_PREFIX_PATH=/opt/ros/humble /usr/bin/cmake --build /home/wtr/programs/cpp/ros2/jaka/src/build/jaka_msgs -- -j8 -l8
[9.206s] DEBUG:colcon.colcon_core.event_handler.log_command:Invoked command in '/home/wtr/programs/cpp/ros2/jaka/src/build/jaka_msgs' returned '0': CMAKE_PREFIX_PATH=/opt/ros/humble /usr/bin/cmake --build /home/wtr/programs/cpp/ros2/jaka/src/build/jaka_msgs -- -j8 -l8
[9.215s] DEBUG:colcon.colcon_core.event_handler.log_command:Invoking command in '/home/wtr/programs/cpp/ros2/jaka/src/build/jaka_msgs': CMAKE_PREFIX_PATH=/opt/ros/humble /usr/bin/cmake --install /home/wtr/programs/cpp/ros2/jaka/src/build/jaka_msgs
[9.473s] Level 1:colcon.colcon_core.environment:create_environment_scripts_only(jaka_msgs)
[9.473s] DEBUG:colcon.colcon_core.event_handler.log_command:Invoked command in '/home/wtr/programs/cpp/ros2/jaka/src/build/jaka_msgs' returned '0': CMAKE_PREFIX_PATH=/opt/ros/humble /usr/bin/cmake --install /home/wtr/programs/cpp/ros2/jaka/src/build/jaka_msgs
[9.475s] Level 1:colcon.colcon_core.environment:checking '/home/wtr/programs/cpp/ros2/jaka/src/install/jaka_msgs' for CMake module files
[9.476s] Level 1:colcon.colcon_core.environment:checking '/home/wtr/programs/cpp/ros2/jaka/src/install/jaka_msgs' for CMake config files
[9.477s] Level 1:colcon.colcon_core.shell:create_environment_hook('jaka_msgs', 'cmake_prefix_path')
[9.478s] INFO:colcon.colcon_core.shell:Creating environment hook '/home/wtr/programs/cpp/ros2/jaka/src/install/jaka_msgs/share/jaka_msgs/hook/cmake_prefix_path.ps1'
[9.478s] INFO:colcon.colcon_core.shell:Creating environment descriptor '/home/wtr/programs/cpp/ros2/jaka/src/install/jaka_msgs/share/jaka_msgs/hook/cmake_prefix_path.dsv'
[9.479s] INFO:colcon.colcon_core.shell:Creating environment hook '/home/wtr/programs/cpp/ros2/jaka/src/install/jaka_msgs/share/jaka_msgs/hook/cmake_prefix_path.sh'
[9.480s] Level 1:colcon.colcon_core.environment:checking '/home/wtr/programs/cpp/ros2/jaka/src/install/jaka_msgs/lib'
[9.480s] Level 1:colcon.colcon_core.shell:create_environment_hook('jaka_msgs', 'ld_library_path_lib')
[9.480s] INFO:colcon.colcon_core.shell:Creating environment hook '/home/wtr/programs/cpp/ros2/jaka/src/install/jaka_msgs/share/jaka_msgs/hook/ld_library_path_lib.ps1'
[9.480s] INFO:colcon.colcon_core.shell:Creating environment descriptor '/home/wtr/programs/cpp/ros2/jaka/src/install/jaka_msgs/share/jaka_msgs/hook/ld_library_path_lib.dsv'
[9.480s] INFO:colcon.colcon_core.shell:Creating environment hook '/home/wtr/programs/cpp/ros2/jaka/src/install/jaka_msgs/share/jaka_msgs/hook/ld_library_path_lib.sh'
[9.481s] Level 1:colcon.colcon_core.environment:checking '/home/wtr/programs/cpp/ros2/jaka/src/install/jaka_msgs/bin'
[9.481s] Level 1:colcon.colcon_core.environment:checking '/home/wtr/programs/cpp/ros2/jaka/src/install/jaka_msgs/lib/pkgconfig/jaka_msgs.pc'
[9.481s] Level 1:colcon.colcon_core.environment:checking '/home/wtr/programs/cpp/ros2/jaka/src/install/jaka_msgs/lib/python3.10/site-packages'
[9.481s] Level 1:colcon.colcon_core.environment:checking '/home/wtr/programs/cpp/ros2/jaka/src/install/jaka_msgs/bin'
[9.481s] INFO:colcon.colcon_core.shell:Creating package script '/home/wtr/programs/cpp/ros2/jaka/src/install/jaka_msgs/share/jaka_msgs/package.ps1'
[9.482s] INFO:colcon.colcon_core.shell:Creating package descriptor '/home/wtr/programs/cpp/ros2/jaka/src/install/jaka_msgs/share/jaka_msgs/package.dsv'
[9.482s] INFO:colcon.colcon_core.shell:Creating package script '/home/wtr/programs/cpp/ros2/jaka/src/install/jaka_msgs/share/jaka_msgs/package.sh'
[9.483s] INFO:colcon.colcon_core.shell:Creating package script '/home/wtr/programs/cpp/ros2/jaka/src/install/jaka_msgs/share/jaka_msgs/package.bash'
[9.483s] INFO:colcon.colcon_core.shell:Creating package script '/home/wtr/programs/cpp/ros2/jaka/src/install/jaka_msgs/share/jaka_msgs/package.zsh'
[9.484s] Level 1:colcon.colcon_core.environment:create_file_with_runtime_dependencies(/home/wtr/programs/cpp/ros2/jaka/src/install/jaka_msgs/share/colcon-core/packages/jaka_msgs)
[9.484s] Level 1:colcon.colcon_core.environment:create_environment_scripts_only(jaka_msgs)
[9.485s] Level 1:colcon.colcon_core.environment:checking '/home/wtr/programs/cpp/ros2/jaka/src/install/jaka_msgs' for CMake module files
[9.485s] Level 1:colcon.colcon_core.environment:checking '/home/wtr/programs/cpp/ros2/jaka/src/install/jaka_msgs' for CMake config files
[9.486s] Level 1:colcon.colcon_core.shell:create_environment_hook('jaka_msgs', 'cmake_prefix_path')
[9.487s] INFO:colcon.colcon_core.shell:Creating environment hook '/home/wtr/programs/cpp/ros2/jaka/src/install/jaka_msgs/share/jaka_msgs/hook/cmake_prefix_path.ps1'
[9.487s] INFO:colcon.colcon_core.shell:Creating environment descriptor '/home/wtr/programs/cpp/ros2/jaka/src/install/jaka_msgs/share/jaka_msgs/hook/cmake_prefix_path.dsv'
[9.487s] INFO:colcon.colcon_core.shell:Creating environment hook '/home/wtr/programs/cpp/ros2/jaka/src/install/jaka_msgs/share/jaka_msgs/hook/cmake_prefix_path.sh'
[9.488s] Level 1:colcon.colcon_core.environment:checking '/home/wtr/programs/cpp/ros2/jaka/src/install/jaka_msgs/lib'
[9.488s] Level 1:colcon.colcon_core.shell:create_environment_hook('jaka_msgs', 'ld_library_path_lib')
[9.488s] INFO:colcon.colcon_core.shell:Creating environment hook '/home/wtr/programs/cpp/ros2/jaka/src/install/jaka_msgs/share/jaka_msgs/hook/ld_library_path_lib.ps1'
[9.488s] INFO:colcon.colcon_core.shell:Creating environment descriptor '/home/wtr/programs/cpp/ros2/jaka/src/install/jaka_msgs/share/jaka_msgs/hook/ld_library_path_lib.dsv'
[9.489s] INFO:colcon.colcon_core.shell:Creating environment hook '/home/wtr/programs/cpp/ros2/jaka/src/install/jaka_msgs/share/jaka_msgs/hook/ld_library_path_lib.sh'
[9.489s] Level 1:colcon.colcon_core.environment:checking '/home/wtr/programs/cpp/ros2/jaka/src/install/jaka_msgs/bin'
[9.489s] Level 1:colcon.colcon_core.environment:checking '/home/wtr/programs/cpp/ros2/jaka/src/install/jaka_msgs/lib/pkgconfig/jaka_msgs.pc'
[9.489s] Level 1:colcon.colcon_core.environment:checking '/home/wtr/programs/cpp/ros2/jaka/src/install/jaka_msgs/lib/python3.10/site-packages'
[9.489s] Level 1:colcon.colcon_core.environment:checking '/home/wtr/programs/cpp/ros2/jaka/src/install/jaka_msgs/bin'
[9.490s] INFO:colcon.colcon_core.shell:Creating package script '/home/wtr/programs/cpp/ros2/jaka/src/install/jaka_msgs/share/jaka_msgs/package.ps1'
[9.490s] INFO:colcon.colcon_core.shell:Creating package descriptor '/home/wtr/programs/cpp/ros2/jaka/src/install/jaka_msgs/share/jaka_msgs/package.dsv'
[9.490s] INFO:colcon.colcon_core.shell:Creating package script '/home/wtr/programs/cpp/ros2/jaka/src/install/jaka_msgs/share/jaka_msgs/package.sh'
[9.491s] INFO:colcon.colcon_core.shell:Creating package script '/home/wtr/programs/cpp/ros2/jaka/src/install/jaka_msgs/share/jaka_msgs/package.bash'
[9.491s] INFO:colcon.colcon_core.shell:Creating package script '/home/wtr/programs/cpp/ros2/jaka/src/install/jaka_msgs/share/jaka_msgs/package.zsh'
[9.492s] Level 1:colcon.colcon_core.environment:create_file_with_runtime_dependencies(/home/wtr/programs/cpp/ros2/jaka/src/install/jaka_msgs/share/colcon-core/packages/jaka_msgs)
[9.492s] DEBUG:colcon.colcon_parallel_executor.executor.parallel:closing loop
[9.493s] DEBUG:colcon.colcon_parallel_executor.executor.parallel:loop closed
[9.493s] DEBUG:colcon.colcon_parallel_executor.executor.parallel:run_until_complete finished with '0'
[9.493s] DEBUG:colcon.colcon_core.event_reactor:joining thread
[9.497s] INFO:colcon.colcon_core.plugin_system:Skipping extension 'colcon_notification.desktop_notification.terminal_notifier': Not used on non-Darwin systems
[9.497s] INFO:colcon.colcon_core.plugin_system:Skipping extension 'colcon_notification.desktop_notification.win32': Not used on non-Windows systems
[9.497s] INFO:colcon.colcon_notification.desktop_notification:Sending desktop notification using 'notify2'
[9.516s] DEBUG:colcon.colcon_core.event_reactor:joined thread
[9.517s] INFO:colcon.colcon_core.shell:Creating prefix script '/home/wtr/programs/cpp/ros2/jaka/src/install/local_setup.ps1'
[9.517s] INFO:colcon.colcon_core.shell:Creating prefix util module '/home/wtr/programs/cpp/ros2/jaka/src/install/_local_setup_util_ps1.py'
[9.520s] INFO:colcon.colcon_core.shell:Creating prefix chain script '/home/wtr/programs/cpp/ros2/jaka/src/install/setup.ps1'
[9.521s] INFO:colcon.colcon_core.shell:Creating prefix script '/home/wtr/programs/cpp/ros2/jaka/src/install/local_setup.sh'
[9.522s] INFO:colcon.colcon_core.shell:Creating prefix util module '/home/wtr/programs/cpp/ros2/jaka/src/install/_local_setup_util_sh.py'
[9.523s] INFO:colcon.colcon_core.shell:Creating prefix chain script '/home/wtr/programs/cpp/ros2/jaka/src/install/setup.sh'
[9.524s] INFO:colcon.colcon_core.shell:Creating prefix script '/home/wtr/programs/cpp/ros2/jaka/src/install/local_setup.bash'
[9.524s] INFO:colcon.colcon_core.shell:Creating prefix chain script '/home/wtr/programs/cpp/ros2/jaka/src/install/setup.bash'
[9.525s] INFO:colcon.colcon_core.shell:Creating prefix script '/home/wtr/programs/cpp/ros2/jaka/src/install/local_setup.zsh'
[9.526s] INFO:colcon.colcon_core.shell:Creating prefix chain script '/home/wtr/programs/cpp/ros2/jaka/src/install/setup.zsh'
