-- Install configuration: "Debug"
-- Execute custom install script
-- Up-to-date symlink: /home/wtr/programs/cpp/ros2/jaka/src/install/jaka_description/share/jaka_description/urdf/jaka_a12.urdf
-- Up-to-date symlink: /home/wtr/programs/cpp/ros2/jaka/src/install/jaka_description/share/jaka_description/urdf/jaka_a5.urdf
-- Up-to-date symlink: /home/wtr/programs/cpp/ros2/jaka/src/install/jaka_description/share/jaka_description/urdf/jaka_c12.urdf
-- Up-to-date symlink: /home/wtr/programs/cpp/ros2/jaka/src/install/jaka_description/share/jaka_description/urdf/jaka_c5.urdf
-- Up-to-date symlink: /home/wtr/programs/cpp/ros2/jaka/src/install/jaka_description/share/jaka_description/urdf/jaka_c7.urdf
-- Up-to-date symlink: /home/wtr/programs/cpp/ros2/jaka/src/install/jaka_description/share/jaka_description/urdf/jaka_minicobo.urdf
-- Up-to-date symlink: /home/wtr/programs/cpp/ros2/jaka/src/install/jaka_description/share/jaka_description/urdf/jaka_pro12.urdf
-- Up-to-date symlink: /home/wtr/programs/cpp/ros2/jaka/src/install/jaka_description/share/jaka_description/urdf/jaka_pro16.urdf
-- Up-to-date symlink: /home/wtr/programs/cpp/ros2/jaka/src/install/jaka_description/share/jaka_description/urdf/jaka_pro18.urdf
-- Up-to-date symlink: /home/wtr/programs/cpp/ros2/jaka/src/install/jaka_description/share/jaka_description/urdf/jaka_pro5.urdf
-- Up-to-date symlink: /home/wtr/programs/cpp/ros2/jaka/src/install/jaka_description/share/jaka_description/urdf/jaka_pro7.urdf
-- Up-to-date symlink: /home/wtr/programs/cpp/ros2/jaka/src/install/jaka_description/share/jaka_description/urdf/jaka_s12.urdf
-- Up-to-date symlink: /home/wtr/programs/cpp/ros2/jaka/src/install/jaka_description/share/jaka_description/urdf/jaka_s5.urdf
-- Up-to-date symlink: /home/wtr/programs/cpp/ros2/jaka/src/install/jaka_description/share/jaka_description/urdf/jaka_s7.urdf
-- Up-to-date symlink: /home/wtr/programs/cpp/ros2/jaka/src/install/jaka_description/share/jaka_description/urdf/jaka_zu12.urdf
-- Up-to-date symlink: /home/wtr/programs/cpp/ros2/jaka/src/install/jaka_description/share/jaka_description/urdf/jaka_zu18.urdf
-- Up-to-date symlink: /home/wtr/programs/cpp/ros2/jaka/src/install/jaka_description/share/jaka_description/urdf/jaka_zu20.urdf
-- Up-to-date symlink: /home/wtr/programs/cpp/ros2/jaka/src/install/jaka_description/share/jaka_description/urdf/jaka_zu3.urdf
-- Up-to-date symlink: /home/wtr/programs/cpp/ros2/jaka/src/install/jaka_description/share/jaka_description/urdf/jaka_zu30.urdf
-- Up-to-date symlink: /home/wtr/programs/cpp/ros2/jaka/src/install/jaka_description/share/jaka_description/urdf/jaka_zu5.urdf
-- Up-to-date symlink: /home/wtr/programs/cpp/ros2/jaka/src/install/jaka_description/share/jaka_description/urdf/jaka_zu7.urdf
-- Up-to-date symlink: /home/wtr/programs/cpp/ros2/jaka/src/install/jaka_description/share/jaka_description/meshes/jaka_a12_meshes/J1.STL
-- Up-to-date symlink: /home/wtr/programs/cpp/ros2/jaka/src/install/jaka_description/share/jaka_description/meshes/jaka_a12_meshes/J2.STL
-- Up-to-date symlink: /home/wtr/programs/cpp/ros2/jaka/src/install/jaka_description/share/jaka_description/meshes/jaka_a12_meshes/J3.STL
-- Up-to-date symlink: /home/wtr/programs/cpp/ros2/jaka/src/install/jaka_description/share/jaka_description/meshes/jaka_a12_meshes/J4.STL
-- Up-to-date symlink: /home/wtr/programs/cpp/ros2/jaka/src/install/jaka_description/share/jaka_description/meshes/jaka_a12_meshes/J5.STL
-- Up-to-date symlink: /home/wtr/programs/cpp/ros2/jaka/src/install/jaka_description/share/jaka_description/meshes/jaka_a12_meshes/J6.STL
-- Up-to-date symlink: /home/wtr/programs/cpp/ros2/jaka/src/install/jaka_description/share/jaka_description/meshes/jaka_a12_meshes/base_link.STL
-- Up-to-date symlink: /home/wtr/programs/cpp/ros2/jaka/src/install/jaka_description/share/jaka_description/meshes/jaka_a5_meshes/J1.STL
-- Up-to-date symlink: /home/wtr/programs/cpp/ros2/jaka/src/install/jaka_description/share/jaka_description/meshes/jaka_a5_meshes/J2.STL
-- Up-to-date symlink: /home/wtr/programs/cpp/ros2/jaka/src/install/jaka_description/share/jaka_description/meshes/jaka_a5_meshes/J3.STL
-- Up-to-date symlink: /home/wtr/programs/cpp/ros2/jaka/src/install/jaka_description/share/jaka_description/meshes/jaka_a5_meshes/J4.STL
-- Up-to-date symlink: /home/wtr/programs/cpp/ros2/jaka/src/install/jaka_description/share/jaka_description/meshes/jaka_a5_meshes/J5.STL
-- Up-to-date symlink: /home/wtr/programs/cpp/ros2/jaka/src/install/jaka_description/share/jaka_description/meshes/jaka_a5_meshes/J6.STL
-- Up-to-date symlink: /home/wtr/programs/cpp/ros2/jaka/src/install/jaka_description/share/jaka_description/meshes/jaka_a5_meshes/base_link.STL
-- Up-to-date symlink: /home/wtr/programs/cpp/ros2/jaka/src/install/jaka_description/share/jaka_description/meshes/jaka_c12_meshes/Link_01.STL
-- Up-to-date symlink: /home/wtr/programs/cpp/ros2/jaka/src/install/jaka_description/share/jaka_description/meshes/jaka_c12_meshes/Link_02.STL
-- Up-to-date symlink: /home/wtr/programs/cpp/ros2/jaka/src/install/jaka_description/share/jaka_description/meshes/jaka_c12_meshes/Link_03.STL
-- Up-to-date symlink: /home/wtr/programs/cpp/ros2/jaka/src/install/jaka_description/share/jaka_description/meshes/jaka_c12_meshes/Link_04.STL
-- Up-to-date symlink: /home/wtr/programs/cpp/ros2/jaka/src/install/jaka_description/share/jaka_description/meshes/jaka_c12_meshes/Link_05.STL
-- Up-to-date symlink: /home/wtr/programs/cpp/ros2/jaka/src/install/jaka_description/share/jaka_description/meshes/jaka_c12_meshes/Link_06.STL
-- Up-to-date symlink: /home/wtr/programs/cpp/ros2/jaka/src/install/jaka_description/share/jaka_description/meshes/jaka_c12_meshes/base_link.STL
-- Up-to-date symlink: /home/wtr/programs/cpp/ros2/jaka/src/install/jaka_description/share/jaka_description/meshes/jaka_c5_meshes/Link_00.STL
-- Up-to-date symlink: /home/wtr/programs/cpp/ros2/jaka/src/install/jaka_description/share/jaka_description/meshes/jaka_c5_meshes/Link_01.STL
-- Up-to-date symlink: /home/wtr/programs/cpp/ros2/jaka/src/install/jaka_description/share/jaka_description/meshes/jaka_c5_meshes/Link_02.STL
-- Up-to-date symlink: /home/wtr/programs/cpp/ros2/jaka/src/install/jaka_description/share/jaka_description/meshes/jaka_c5_meshes/Link_03.STL
-- Up-to-date symlink: /home/wtr/programs/cpp/ros2/jaka/src/install/jaka_description/share/jaka_description/meshes/jaka_c5_meshes/Link_04.STL
-- Up-to-date symlink: /home/wtr/programs/cpp/ros2/jaka/src/install/jaka_description/share/jaka_description/meshes/jaka_c5_meshes/Link_05.STL
-- Up-to-date symlink: /home/wtr/programs/cpp/ros2/jaka/src/install/jaka_description/share/jaka_description/meshes/jaka_c5_meshes/Link_06.STL
-- Up-to-date symlink: /home/wtr/programs/cpp/ros2/jaka/src/install/jaka_description/share/jaka_description/meshes/jaka_c7_meshes/Link_00.STL
-- Up-to-date symlink: /home/wtr/programs/cpp/ros2/jaka/src/install/jaka_description/share/jaka_description/meshes/jaka_c7_meshes/Link_01.STL
-- Up-to-date symlink: /home/wtr/programs/cpp/ros2/jaka/src/install/jaka_description/share/jaka_description/meshes/jaka_c7_meshes/Link_02.STL
-- Up-to-date symlink: /home/wtr/programs/cpp/ros2/jaka/src/install/jaka_description/share/jaka_description/meshes/jaka_c7_meshes/Link_03.STL
-- Up-to-date symlink: /home/wtr/programs/cpp/ros2/jaka/src/install/jaka_description/share/jaka_description/meshes/jaka_c7_meshes/Link_04.STL
-- Up-to-date symlink: /home/wtr/programs/cpp/ros2/jaka/src/install/jaka_description/share/jaka_description/meshes/jaka_c7_meshes/Link_05.STL
-- Up-to-date symlink: /home/wtr/programs/cpp/ros2/jaka/src/install/jaka_description/share/jaka_description/meshes/jaka_c7_meshes/Link_06.STL
-- Up-to-date symlink: /home/wtr/programs/cpp/ros2/jaka/src/install/jaka_description/share/jaka_description/meshes/jaka_minicobo_meshes/Link0.STL
-- Up-to-date symlink: /home/wtr/programs/cpp/ros2/jaka/src/install/jaka_description/share/jaka_description/meshes/jaka_minicobo_meshes/Link1.STL
-- Up-to-date symlink: /home/wtr/programs/cpp/ros2/jaka/src/install/jaka_description/share/jaka_description/meshes/jaka_minicobo_meshes/Link2.STL
-- Up-to-date symlink: /home/wtr/programs/cpp/ros2/jaka/src/install/jaka_description/share/jaka_description/meshes/jaka_minicobo_meshes/Link3.STL
-- Up-to-date symlink: /home/wtr/programs/cpp/ros2/jaka/src/install/jaka_description/share/jaka_description/meshes/jaka_minicobo_meshes/Link4.STL
-- Up-to-date symlink: /home/wtr/programs/cpp/ros2/jaka/src/install/jaka_description/share/jaka_description/meshes/jaka_minicobo_meshes/Link5.STL
-- Up-to-date symlink: /home/wtr/programs/cpp/ros2/jaka/src/install/jaka_description/share/jaka_description/meshes/jaka_minicobo_meshes/Link6.STL
-- Up-to-date symlink: /home/wtr/programs/cpp/ros2/jaka/src/install/jaka_description/share/jaka_description/meshes/jaka_pro12_meshes/Link_01.STL
-- Up-to-date symlink: /home/wtr/programs/cpp/ros2/jaka/src/install/jaka_description/share/jaka_description/meshes/jaka_pro12_meshes/Link_02.STL
-- Up-to-date symlink: /home/wtr/programs/cpp/ros2/jaka/src/install/jaka_description/share/jaka_description/meshes/jaka_pro12_meshes/Link_03.STL
-- Up-to-date symlink: /home/wtr/programs/cpp/ros2/jaka/src/install/jaka_description/share/jaka_description/meshes/jaka_pro12_meshes/Link_04.STL
-- Up-to-date symlink: /home/wtr/programs/cpp/ros2/jaka/src/install/jaka_description/share/jaka_description/meshes/jaka_pro12_meshes/Link_05.STL
-- Up-to-date symlink: /home/wtr/programs/cpp/ros2/jaka/src/install/jaka_description/share/jaka_description/meshes/jaka_pro12_meshes/Link_06.STL
-- Up-to-date symlink: /home/wtr/programs/cpp/ros2/jaka/src/install/jaka_description/share/jaka_description/meshes/jaka_pro12_meshes/base_link.STL
-- Up-to-date symlink: /home/wtr/programs/cpp/ros2/jaka/src/install/jaka_description/share/jaka_description/meshes/jaka_pro16_meshes/Link_0.STL
-- Up-to-date symlink: /home/wtr/programs/cpp/ros2/jaka/src/install/jaka_description/share/jaka_description/meshes/jaka_pro16_meshes/Link_1.STL
-- Up-to-date symlink: /home/wtr/programs/cpp/ros2/jaka/src/install/jaka_description/share/jaka_description/meshes/jaka_pro16_meshes/Link_2.STL
-- Up-to-date symlink: /home/wtr/programs/cpp/ros2/jaka/src/install/jaka_description/share/jaka_description/meshes/jaka_pro16_meshes/Link_3.STL
-- Up-to-date symlink: /home/wtr/programs/cpp/ros2/jaka/src/install/jaka_description/share/jaka_description/meshes/jaka_pro16_meshes/Link_4.STL
-- Up-to-date symlink: /home/wtr/programs/cpp/ros2/jaka/src/install/jaka_description/share/jaka_description/meshes/jaka_pro16_meshes/Link_5.STL
-- Up-to-date symlink: /home/wtr/programs/cpp/ros2/jaka/src/install/jaka_description/share/jaka_description/meshes/jaka_pro16_meshes/Link_6.STL
-- Up-to-date symlink: /home/wtr/programs/cpp/ros2/jaka/src/install/jaka_description/share/jaka_description/meshes/jaka_pro18_meshes/Link_01.STL
-- Up-to-date symlink: /home/wtr/programs/cpp/ros2/jaka/src/install/jaka_description/share/jaka_description/meshes/jaka_pro18_meshes/Link_02.STL
-- Up-to-date symlink: /home/wtr/programs/cpp/ros2/jaka/src/install/jaka_description/share/jaka_description/meshes/jaka_pro18_meshes/Link_03.STL
-- Up-to-date symlink: /home/wtr/programs/cpp/ros2/jaka/src/install/jaka_description/share/jaka_description/meshes/jaka_pro18_meshes/Link_04.STL
-- Up-to-date symlink: /home/wtr/programs/cpp/ros2/jaka/src/install/jaka_description/share/jaka_description/meshes/jaka_pro18_meshes/Link_05.STL
-- Up-to-date symlink: /home/wtr/programs/cpp/ros2/jaka/src/install/jaka_description/share/jaka_description/meshes/jaka_pro18_meshes/Link_06.STL
-- Up-to-date symlink: /home/wtr/programs/cpp/ros2/jaka/src/install/jaka_description/share/jaka_description/meshes/jaka_pro18_meshes/base_link.STL
-- Up-to-date symlink: /home/wtr/programs/cpp/ros2/jaka/src/install/jaka_description/share/jaka_description/meshes/jaka_pro5_meshes/Link_00.STL
-- Up-to-date symlink: /home/wtr/programs/cpp/ros2/jaka/src/install/jaka_description/share/jaka_description/meshes/jaka_pro5_meshes/Link_01.STL
-- Up-to-date symlink: /home/wtr/programs/cpp/ros2/jaka/src/install/jaka_description/share/jaka_description/meshes/jaka_pro5_meshes/Link_02.STL
-- Up-to-date symlink: /home/wtr/programs/cpp/ros2/jaka/src/install/jaka_description/share/jaka_description/meshes/jaka_pro5_meshes/Link_03.STL
-- Up-to-date symlink: /home/wtr/programs/cpp/ros2/jaka/src/install/jaka_description/share/jaka_description/meshes/jaka_pro5_meshes/Link_04.STL
-- Up-to-date symlink: /home/wtr/programs/cpp/ros2/jaka/src/install/jaka_description/share/jaka_description/meshes/jaka_pro5_meshes/Link_05.STL
-- Up-to-date symlink: /home/wtr/programs/cpp/ros2/jaka/src/install/jaka_description/share/jaka_description/meshes/jaka_pro5_meshes/Link_06.STL
-- Up-to-date symlink: /home/wtr/programs/cpp/ros2/jaka/src/install/jaka_description/share/jaka_description/meshes/jaka_pro7_meshes/Link_01.STL
-- Up-to-date symlink: /home/wtr/programs/cpp/ros2/jaka/src/install/jaka_description/share/jaka_description/meshes/jaka_pro7_meshes/Link_02.STL
-- Up-to-date symlink: /home/wtr/programs/cpp/ros2/jaka/src/install/jaka_description/share/jaka_description/meshes/jaka_pro7_meshes/Link_03.STL
-- Up-to-date symlink: /home/wtr/programs/cpp/ros2/jaka/src/install/jaka_description/share/jaka_description/meshes/jaka_pro7_meshes/Link_04.STL
-- Up-to-date symlink: /home/wtr/programs/cpp/ros2/jaka/src/install/jaka_description/share/jaka_description/meshes/jaka_pro7_meshes/Link_05.STL
-- Up-to-date symlink: /home/wtr/programs/cpp/ros2/jaka/src/install/jaka_description/share/jaka_description/meshes/jaka_pro7_meshes/Link_06.STL
-- Up-to-date symlink: /home/wtr/programs/cpp/ros2/jaka/src/install/jaka_description/share/jaka_description/meshes/jaka_pro7_meshes/base_link.STL
-- Up-to-date symlink: /home/wtr/programs/cpp/ros2/jaka/src/install/jaka_description/share/jaka_description/meshes/jaka_s12_meshes/Link_01.STL
-- Up-to-date symlink: /home/wtr/programs/cpp/ros2/jaka/src/install/jaka_description/share/jaka_description/meshes/jaka_s12_meshes/Link_02.STL
-- Up-to-date symlink: /home/wtr/programs/cpp/ros2/jaka/src/install/jaka_description/share/jaka_description/meshes/jaka_s12_meshes/Link_03.STL
-- Up-to-date symlink: /home/wtr/programs/cpp/ros2/jaka/src/install/jaka_description/share/jaka_description/meshes/jaka_s12_meshes/Link_04.STL
-- Up-to-date symlink: /home/wtr/programs/cpp/ros2/jaka/src/install/jaka_description/share/jaka_description/meshes/jaka_s12_meshes/Link_05.STL
-- Up-to-date symlink: /home/wtr/programs/cpp/ros2/jaka/src/install/jaka_description/share/jaka_description/meshes/jaka_s12_meshes/Link_06.STL
-- Up-to-date symlink: /home/wtr/programs/cpp/ros2/jaka/src/install/jaka_description/share/jaka_description/meshes/jaka_s12_meshes/base_link.STL
-- Up-to-date symlink: /home/wtr/programs/cpp/ros2/jaka/src/install/jaka_description/share/jaka_description/meshes/jaka_s5_meshes/Link_00.STL
-- Up-to-date symlink: /home/wtr/programs/cpp/ros2/jaka/src/install/jaka_description/share/jaka_description/meshes/jaka_s5_meshes/Link_01.STL
-- Up-to-date symlink: /home/wtr/programs/cpp/ros2/jaka/src/install/jaka_description/share/jaka_description/meshes/jaka_s5_meshes/Link_02.STL
-- Up-to-date symlink: /home/wtr/programs/cpp/ros2/jaka/src/install/jaka_description/share/jaka_description/meshes/jaka_s5_meshes/Link_03.STL
-- Up-to-date symlink: /home/wtr/programs/cpp/ros2/jaka/src/install/jaka_description/share/jaka_description/meshes/jaka_s5_meshes/Link_04.STL
-- Up-to-date symlink: /home/wtr/programs/cpp/ros2/jaka/src/install/jaka_description/share/jaka_description/meshes/jaka_s5_meshes/Link_05.STL
-- Up-to-date symlink: /home/wtr/programs/cpp/ros2/jaka/src/install/jaka_description/share/jaka_description/meshes/jaka_s5_meshes/Link_06.STL
-- Up-to-date symlink: /home/wtr/programs/cpp/ros2/jaka/src/install/jaka_description/share/jaka_description/meshes/jaka_s7_meshes/Link_00.STL
-- Up-to-date symlink: /home/wtr/programs/cpp/ros2/jaka/src/install/jaka_description/share/jaka_description/meshes/jaka_s7_meshes/Link_01.STL
-- Up-to-date symlink: /home/wtr/programs/cpp/ros2/jaka/src/install/jaka_description/share/jaka_description/meshes/jaka_s7_meshes/Link_02.STL
-- Up-to-date symlink: /home/wtr/programs/cpp/ros2/jaka/src/install/jaka_description/share/jaka_description/meshes/jaka_s7_meshes/Link_03.STL
-- Up-to-date symlink: /home/wtr/programs/cpp/ros2/jaka/src/install/jaka_description/share/jaka_description/meshes/jaka_s7_meshes/Link_04.STL
-- Up-to-date symlink: /home/wtr/programs/cpp/ros2/jaka/src/install/jaka_description/share/jaka_description/meshes/jaka_s7_meshes/Link_05.STL
-- Up-to-date symlink: /home/wtr/programs/cpp/ros2/jaka/src/install/jaka_description/share/jaka_description/meshes/jaka_s7_meshes/Link_06.STL
-- Up-to-date symlink: /home/wtr/programs/cpp/ros2/jaka/src/install/jaka_description/share/jaka_description/meshes/jaka_zu12_meshes/1.STL
-- Up-to-date symlink: /home/wtr/programs/cpp/ros2/jaka/src/install/jaka_description/share/jaka_description/meshes/jaka_zu12_meshes/2.STL
-- Up-to-date symlink: /home/wtr/programs/cpp/ros2/jaka/src/install/jaka_description/share/jaka_description/meshes/jaka_zu12_meshes/3.STL
-- Up-to-date symlink: /home/wtr/programs/cpp/ros2/jaka/src/install/jaka_description/share/jaka_description/meshes/jaka_zu12_meshes/4.STL
-- Up-to-date symlink: /home/wtr/programs/cpp/ros2/jaka/src/install/jaka_description/share/jaka_description/meshes/jaka_zu12_meshes/5.STL
-- Up-to-date symlink: /home/wtr/programs/cpp/ros2/jaka/src/install/jaka_description/share/jaka_description/meshes/jaka_zu12_meshes/6.STL
-- Up-to-date symlink: /home/wtr/programs/cpp/ros2/jaka/src/install/jaka_description/share/jaka_description/meshes/jaka_zu12_meshes/base_link.STL
-- Up-to-date symlink: /home/wtr/programs/cpp/ros2/jaka/src/install/jaka_description/share/jaka_description/meshes/jaka_zu18_meshes/Link_01.STL
-- Up-to-date symlink: /home/wtr/programs/cpp/ros2/jaka/src/install/jaka_description/share/jaka_description/meshes/jaka_zu18_meshes/Link_02.STL
-- Up-to-date symlink: /home/wtr/programs/cpp/ros2/jaka/src/install/jaka_description/share/jaka_description/meshes/jaka_zu18_meshes/Link_03.STL
-- Up-to-date symlink: /home/wtr/programs/cpp/ros2/jaka/src/install/jaka_description/share/jaka_description/meshes/jaka_zu18_meshes/Link_04.STL
-- Up-to-date symlink: /home/wtr/programs/cpp/ros2/jaka/src/install/jaka_description/share/jaka_description/meshes/jaka_zu18_meshes/Link_05.STL
-- Up-to-date symlink: /home/wtr/programs/cpp/ros2/jaka/src/install/jaka_description/share/jaka_description/meshes/jaka_zu18_meshes/Link_06.STL
-- Up-to-date symlink: /home/wtr/programs/cpp/ros2/jaka/src/install/jaka_description/share/jaka_description/meshes/jaka_zu18_meshes/base_link.STL
-- Up-to-date symlink: /home/wtr/programs/cpp/ros2/jaka/src/install/jaka_description/share/jaka_description/meshes/jaka_zu20_meshes/Link_01.STL
-- Up-to-date symlink: /home/wtr/programs/cpp/ros2/jaka/src/install/jaka_description/share/jaka_description/meshes/jaka_zu20_meshes/Link_02.STL
-- Up-to-date symlink: /home/wtr/programs/cpp/ros2/jaka/src/install/jaka_description/share/jaka_description/meshes/jaka_zu20_meshes/Link_03.STL
-- Up-to-date symlink: /home/wtr/programs/cpp/ros2/jaka/src/install/jaka_description/share/jaka_description/meshes/jaka_zu20_meshes/Link_04.STL
-- Up-to-date symlink: /home/wtr/programs/cpp/ros2/jaka/src/install/jaka_description/share/jaka_description/meshes/jaka_zu20_meshes/Link_05.STL
-- Up-to-date symlink: /home/wtr/programs/cpp/ros2/jaka/src/install/jaka_description/share/jaka_description/meshes/jaka_zu20_meshes/Link_06.STL
-- Up-to-date symlink: /home/wtr/programs/cpp/ros2/jaka/src/install/jaka_description/share/jaka_description/meshes/jaka_zu20_meshes/base_link.STL
-- Up-to-date symlink: /home/wtr/programs/cpp/ros2/jaka/src/install/jaka_description/share/jaka_description/meshes/jaka_zu30_meshes/Empty_Link0.STL
-- Up-to-date symlink: /home/wtr/programs/cpp/ros2/jaka/src/install/jaka_description/share/jaka_description/meshes/jaka_zu30_meshes/Empty_Link1.STL
-- Up-to-date symlink: /home/wtr/programs/cpp/ros2/jaka/src/install/jaka_description/share/jaka_description/meshes/jaka_zu30_meshes/Empty_Link2.STL
-- Up-to-date symlink: /home/wtr/programs/cpp/ros2/jaka/src/install/jaka_description/share/jaka_description/meshes/jaka_zu30_meshes/Empty_Link3.STL
-- Up-to-date symlink: /home/wtr/programs/cpp/ros2/jaka/src/install/jaka_description/share/jaka_description/meshes/jaka_zu30_meshes/Empty_Link4.STL
-- Up-to-date symlink: /home/wtr/programs/cpp/ros2/jaka/src/install/jaka_description/share/jaka_description/meshes/jaka_zu30_meshes/Empty_Link5.STL
-- Up-to-date symlink: /home/wtr/programs/cpp/ros2/jaka/src/install/jaka_description/share/jaka_description/meshes/jaka_zu30_meshes/Empty_Link6.STL
-- Up-to-date symlink: /home/wtr/programs/cpp/ros2/jaka/src/install/jaka_description/share/jaka_description/meshes/jaka_zu3_meshes/Link_0.STL
-- Up-to-date symlink: /home/wtr/programs/cpp/ros2/jaka/src/install/jaka_description/share/jaka_description/meshes/jaka_zu3_meshes/Link_1.STL
-- Up-to-date symlink: /home/wtr/programs/cpp/ros2/jaka/src/install/jaka_description/share/jaka_description/meshes/jaka_zu3_meshes/Link_2.STL
-- Up-to-date symlink: /home/wtr/programs/cpp/ros2/jaka/src/install/jaka_description/share/jaka_description/meshes/jaka_zu3_meshes/Link_3.STL
-- Up-to-date symlink: /home/wtr/programs/cpp/ros2/jaka/src/install/jaka_description/share/jaka_description/meshes/jaka_zu3_meshes/Link_4.STL
-- Up-to-date symlink: /home/wtr/programs/cpp/ros2/jaka/src/install/jaka_description/share/jaka_description/meshes/jaka_zu3_meshes/Link_5.STL
-- Up-to-date symlink: /home/wtr/programs/cpp/ros2/jaka/src/install/jaka_description/share/jaka_description/meshes/jaka_zu3_meshes/Link_6.STL
-- Up-to-date symlink: /home/wtr/programs/cpp/ros2/jaka/src/install/jaka_description/share/jaka_description/meshes/jaka_zu5_meshes/Link_0.STL
-- Up-to-date symlink: /home/wtr/programs/cpp/ros2/jaka/src/install/jaka_description/share/jaka_description/meshes/jaka_zu5_meshes/Link_1.STL
-- Up-to-date symlink: /home/wtr/programs/cpp/ros2/jaka/src/install/jaka_description/share/jaka_description/meshes/jaka_zu5_meshes/Link_2.STL
-- Up-to-date symlink: /home/wtr/programs/cpp/ros2/jaka/src/install/jaka_description/share/jaka_description/meshes/jaka_zu5_meshes/Link_3.STL
-- Up-to-date symlink: /home/wtr/programs/cpp/ros2/jaka/src/install/jaka_description/share/jaka_description/meshes/jaka_zu5_meshes/Link_4.STL
-- Up-to-date symlink: /home/wtr/programs/cpp/ros2/jaka/src/install/jaka_description/share/jaka_description/meshes/jaka_zu5_meshes/Link_5.STL
-- Up-to-date symlink: /home/wtr/programs/cpp/ros2/jaka/src/install/jaka_description/share/jaka_description/meshes/jaka_zu5_meshes/Link_6.STL
-- Up-to-date symlink: /home/wtr/programs/cpp/ros2/jaka/src/install/jaka_description/share/jaka_description/meshes/jaka_zu7_meshes/Link_0.STL
-- Up-to-date symlink: /home/wtr/programs/cpp/ros2/jaka/src/install/jaka_description/share/jaka_description/meshes/jaka_zu7_meshes/Link_1.STL
-- Up-to-date symlink: /home/wtr/programs/cpp/ros2/jaka/src/install/jaka_description/share/jaka_description/meshes/jaka_zu7_meshes/Link_2.STL
-- Up-to-date symlink: /home/wtr/programs/cpp/ros2/jaka/src/install/jaka_description/share/jaka_description/meshes/jaka_zu7_meshes/Link_3.STL
-- Up-to-date symlink: /home/wtr/programs/cpp/ros2/jaka/src/install/jaka_description/share/jaka_description/meshes/jaka_zu7_meshes/Link_4.STL
-- Up-to-date symlink: /home/wtr/programs/cpp/ros2/jaka/src/install/jaka_description/share/jaka_description/meshes/jaka_zu7_meshes/Link_5.STL
-- Up-to-date symlink: /home/wtr/programs/cpp/ros2/jaka/src/install/jaka_description/share/jaka_description/meshes/jaka_zu7_meshes/Link_6.STL
-- Up-to-date symlink: /home/wtr/programs/cpp/ros2/jaka/src/install/jaka_description/share/jaka_description/config/jaka_minicobo_urdf.rviz
-- Up-to-date symlink: /home/wtr/programs/cpp/ros2/jaka/src/install/jaka_description/share/jaka_description/config/jaka_zu12_urdf.rviz
-- Up-to-date symlink: /home/wtr/programs/cpp/ros2/jaka/src/install/jaka_description/share/jaka_description/config/jaka_zu18_urdf.rviz
-- Up-to-date symlink: /home/wtr/programs/cpp/ros2/jaka/src/install/jaka_description/share/jaka_description/config/jaka_zu3_urdf.rviz
-- Up-to-date symlink: /home/wtr/programs/cpp/ros2/jaka/src/install/jaka_description/share/jaka_description/config/jaka_zu5_urdf.rviz
-- Up-to-date symlink: /home/wtr/programs/cpp/ros2/jaka/src/install/jaka_description/share/jaka_description/config/jaka_zu7_urdf.rviz
-- Up-to-date symlink: /home/wtr/programs/cpp/ros2/jaka/src/install/jaka_description/share/jaka_description/launch/jaka_minicobo_rviz_control_launch.py
-- Up-to-date symlink: /home/wtr/programs/cpp/ros2/jaka/src/install/jaka_description/share/jaka_description/launch/jaka_pro16_rviz_control_launch.py
-- Up-to-date symlink: /home/wtr/programs/cpp/ros2/jaka/src/install/jaka_description/share/jaka_description/launch/jaka_pro7_rviz_control_launch.py
-- Up-to-date symlink: /home/wtr/programs/cpp/ros2/jaka/src/install/jaka_description/share/jaka_description/launch/jaka_zu12_rviz_control_launch.py
-- Up-to-date symlink: /home/wtr/programs/cpp/ros2/jaka/src/install/jaka_description/share/jaka_description/launch/jaka_zu18_rviz_control_launch.py
-- Up-to-date symlink: /home/wtr/programs/cpp/ros2/jaka/src/install/jaka_description/share/jaka_description/launch/jaka_zu3_rviz_control_launch.py
-- Up-to-date symlink: /home/wtr/programs/cpp/ros2/jaka/src/install/jaka_description/share/jaka_description/launch/jaka_zu5_rviz_control_launch.py
-- Up-to-date symlink: /home/wtr/programs/cpp/ros2/jaka/src/install/jaka_description/share/jaka_description/launch/jaka_zu7_rviz_control_launch.py
-- Up-to-date symlink: /home/wtr/programs/cpp/ros2/jaka/src/install/jaka_description/share/jaka_description/launch/test_launch.py
-- Up-to-date symlink: /home/wtr/programs/cpp/ros2/jaka/src/install/jaka_description/share/ament_index/resource_index/package_run_dependencies/jaka_description
-- Up-to-date symlink: /home/wtr/programs/cpp/ros2/jaka/src/install/jaka_description/share/ament_index/resource_index/parent_prefix_path/jaka_description
-- Up-to-date symlink: /home/wtr/programs/cpp/ros2/jaka/src/install/jaka_description/share/jaka_description/environment/ament_prefix_path.sh
-- Up-to-date symlink: /home/wtr/programs/cpp/ros2/jaka/src/install/jaka_description/share/jaka_description/environment/ament_prefix_path.dsv
-- Up-to-date symlink: /home/wtr/programs/cpp/ros2/jaka/src/install/jaka_description/share/jaka_description/environment/path.sh
-- Up-to-date symlink: /home/wtr/programs/cpp/ros2/jaka/src/install/jaka_description/share/jaka_description/environment/path.dsv
-- Up-to-date symlink: /home/wtr/programs/cpp/ros2/jaka/src/install/jaka_description/share/jaka_description/local_setup.bash
-- Up-to-date symlink: /home/wtr/programs/cpp/ros2/jaka/src/install/jaka_description/share/jaka_description/local_setup.sh
-- Up-to-date symlink: /home/wtr/programs/cpp/ros2/jaka/src/install/jaka_description/share/jaka_description/local_setup.zsh
-- Up-to-date symlink: /home/wtr/programs/cpp/ros2/jaka/src/install/jaka_description/share/jaka_description/local_setup.dsv
-- Symlinking: /home/wtr/programs/cpp/ros2/jaka/src/install/jaka_description/share/jaka_description/package.dsv
-- Up-to-date symlink: /home/wtr/programs/cpp/ros2/jaka/src/install/jaka_description/share/ament_index/resource_index/packages/jaka_description
-- Up-to-date symlink: /home/wtr/programs/cpp/ros2/jaka/src/install/jaka_description/share/jaka_description/cmake/jaka_descriptionConfig.cmake
-- Up-to-date symlink: /home/wtr/programs/cpp/ros2/jaka/src/install/jaka_description/share/jaka_description/cmake/jaka_descriptionConfig-version.cmake
-- Up-to-date symlink: /home/wtr/programs/cpp/ros2/jaka/src/install/jaka_description/share/jaka_description/package.xml
