[0.023s] Invoking command in '/home/wtr/programs/cpp/ros2/jaka/src/build/my_jaka_zu5_moveit_config': CMAKE_PREFIX_PATH=/home/wtr/programs/cpp/ros2/jaka/src/install/jaka_description:/home/wtr/programs/cpp/ros2/jaka/src/install/user_commands:/home/wtr/programs/cpp/ros2/jaka/src/install/jaka_zu5_moveit_config:/home/wtr/programs/cpp/ros2/jaka/src/install/jaka_planner:/home/wtr/programs/cpp/ros2/jaka/src/install/jaka_driver:/home/wtr/programs/cpp/ros2/jaka/src/install/jaka_msgs:/opt/ros/humble /usr/bin/cmake /home/wtr/programs/cpp/ros2/jaka/src/my_jaka_zu5_moveit_config -DAMENT_CMAKE_SYMLINK_INSTALL=1 -DCMAKE_INSTALL_PREFIX=/home/wtr/programs/cpp/ros2/jaka/src/install/my_jaka_zu5_moveit_config
[0.127s] -- The C compiler identification is GNU 11.4.0
[0.216s] -- The CXX compiler identification is GNU 11.4.0
[0.229s] -- Detecting C compiler ABI info
[0.294s] -- Detecting C compiler ABI info - done
[0.300s] -- Check for working C compiler: /usr/bin/cc - skipped
[0.301s] -- Detecting C compile features
[0.302s] -- Detecting C compile features - done
[0.306s] -- Detecting CXX compiler ABI info
[0.373s] -- Detecting CXX compiler ABI info - done
[0.378s] -- Check for working CXX compiler: /usr/bin/c++ - skipped
[0.378s] -- Detecting CXX compile features
[0.378s] -- Detecting CXX compile features - done
[0.383s] -- Found ament_cmake: 1.3.12 (/opt/ros/humble/share/ament_cmake/cmake)
[0.512s] -- Found Python3: /usr/bin/python3 (found version "3.10.12") found components: Interpreter 
[0.572s] -- Override CMake install command with custom implementation using symlinks instead of copying resources
[0.659s] -- Configuring done
[0.661s] -- Generating done
[0.662s] -- Build files have been written to: /home/wtr/programs/cpp/ros2/jaka/src/build/my_jaka_zu5_moveit_config
[0.667s] Invoked command in '/home/wtr/programs/cpp/ros2/jaka/src/build/my_jaka_zu5_moveit_config' returned '0': CMAKE_PREFIX_PATH=/home/wtr/programs/cpp/ros2/jaka/src/install/jaka_description:/home/wtr/programs/cpp/ros2/jaka/src/install/user_commands:/home/wtr/programs/cpp/ros2/jaka/src/install/jaka_zu5_moveit_config:/home/wtr/programs/cpp/ros2/jaka/src/install/jaka_planner:/home/wtr/programs/cpp/ros2/jaka/src/install/jaka_driver:/home/wtr/programs/cpp/ros2/jaka/src/install/jaka_msgs:/opt/ros/humble /usr/bin/cmake /home/wtr/programs/cpp/ros2/jaka/src/my_jaka_zu5_moveit_config -DAMENT_CMAKE_SYMLINK_INSTALL=1 -DCMAKE_INSTALL_PREFIX=/home/wtr/programs/cpp/ros2/jaka/src/install/my_jaka_zu5_moveit_config
[0.668s] Invoking command in '/home/wtr/programs/cpp/ros2/jaka/src/build/my_jaka_zu5_moveit_config': CMAKE_PREFIX_PATH=/home/wtr/programs/cpp/ros2/jaka/src/install/jaka_description:/home/wtr/programs/cpp/ros2/jaka/src/install/user_commands:/home/wtr/programs/cpp/ros2/jaka/src/install/jaka_zu5_moveit_config:/home/wtr/programs/cpp/ros2/jaka/src/install/jaka_planner:/home/wtr/programs/cpp/ros2/jaka/src/install/jaka_driver:/home/wtr/programs/cpp/ros2/jaka/src/install/jaka_msgs:/opt/ros/humble /usr/bin/cmake --build /home/wtr/programs/cpp/ros2/jaka/src/build/my_jaka_zu5_moveit_config -- -j8 -l8
[0.695s] Invoked command in '/home/wtr/programs/cpp/ros2/jaka/src/build/my_jaka_zu5_moveit_config' returned '0': CMAKE_PREFIX_PATH=/home/wtr/programs/cpp/ros2/jaka/src/install/jaka_description:/home/wtr/programs/cpp/ros2/jaka/src/install/user_commands:/home/wtr/programs/cpp/ros2/jaka/src/install/jaka_zu5_moveit_config:/home/wtr/programs/cpp/ros2/jaka/src/install/jaka_planner:/home/wtr/programs/cpp/ros2/jaka/src/install/jaka_driver:/home/wtr/programs/cpp/ros2/jaka/src/install/jaka_msgs:/opt/ros/humble /usr/bin/cmake --build /home/wtr/programs/cpp/ros2/jaka/src/build/my_jaka_zu5_moveit_config -- -j8 -l8
[0.702s] Invoking command in '/home/wtr/programs/cpp/ros2/jaka/src/build/my_jaka_zu5_moveit_config': CMAKE_PREFIX_PATH=/home/wtr/programs/cpp/ros2/jaka/src/install/jaka_description:/home/wtr/programs/cpp/ros2/jaka/src/install/user_commands:/home/wtr/programs/cpp/ros2/jaka/src/install/jaka_zu5_moveit_config:/home/wtr/programs/cpp/ros2/jaka/src/install/jaka_planner:/home/wtr/programs/cpp/ros2/jaka/src/install/jaka_driver:/home/wtr/programs/cpp/ros2/jaka/src/install/jaka_msgs:/opt/ros/humble /usr/bin/cmake --install /home/wtr/programs/cpp/ros2/jaka/src/build/my_jaka_zu5_moveit_config
[0.708s] -- Install configuration: ""
[0.708s] -- Execute custom install script
[0.708s] -- Symlinking: /home/wtr/programs/cpp/ros2/jaka/src/install/my_jaka_zu5_moveit_config/share/ament_index/resource_index/package_run_dependencies/my_jaka_zu5_moveit_config
[0.718s] -- Symlinking: /home/wtr/programs/cpp/ros2/jaka/src/install/my_jaka_zu5_moveit_config/share/ament_index/resource_index/parent_prefix_path/my_jaka_zu5_moveit_config
[0.727s] -- Symlinking: /home/wtr/programs/cpp/ros2/jaka/src/install/my_jaka_zu5_moveit_config/share/my_jaka_zu5_moveit_config/environment/ament_prefix_path.sh
[0.733s] -- Symlinking: /home/wtr/programs/cpp/ros2/jaka/src/install/my_jaka_zu5_moveit_config/share/my_jaka_zu5_moveit_config/environment/ament_prefix_path.dsv
[0.739s] -- Symlinking: /home/wtr/programs/cpp/ros2/jaka/src/install/my_jaka_zu5_moveit_config/share/my_jaka_zu5_moveit_config/environment/path.sh
[0.747s] -- Symlinking: /home/wtr/programs/cpp/ros2/jaka/src/install/my_jaka_zu5_moveit_config/share/my_jaka_zu5_moveit_config/environment/path.dsv
[0.753s] -- Symlinking: /home/wtr/programs/cpp/ros2/jaka/src/install/my_jaka_zu5_moveit_config/share/my_jaka_zu5_moveit_config/local_setup.bash
[0.760s] -- Symlinking: /home/wtr/programs/cpp/ros2/jaka/src/install/my_jaka_zu5_moveit_config/share/my_jaka_zu5_moveit_config/local_setup.sh
[0.766s] -- Symlinking: /home/wtr/programs/cpp/ros2/jaka/src/install/my_jaka_zu5_moveit_config/share/my_jaka_zu5_moveit_config/local_setup.zsh
[0.773s] -- Symlinking: /home/wtr/programs/cpp/ros2/jaka/src/install/my_jaka_zu5_moveit_config/share/my_jaka_zu5_moveit_config/local_setup.dsv
[0.779s] -- Symlinking: /home/wtr/programs/cpp/ros2/jaka/src/install/my_jaka_zu5_moveit_config/share/my_jaka_zu5_moveit_config/package.dsv
[0.785s] -- Symlinking: /home/wtr/programs/cpp/ros2/jaka/src/install/my_jaka_zu5_moveit_config/share/ament_index/resource_index/packages/my_jaka_zu5_moveit_config
[0.791s] -- Symlinking: /home/wtr/programs/cpp/ros2/jaka/src/install/my_jaka_zu5_moveit_config/share/my_jaka_zu5_moveit_config/cmake/my_jaka_zu5_moveit_configConfig.cmake
[0.797s] -- Symlinking: /home/wtr/programs/cpp/ros2/jaka/src/install/my_jaka_zu5_moveit_config/share/my_jaka_zu5_moveit_config/cmake/my_jaka_zu5_moveit_configConfig-version.cmake
[0.804s] -- Symlinking: /home/wtr/programs/cpp/ros2/jaka/src/install/my_jaka_zu5_moveit_config/share/my_jaka_zu5_moveit_config/package.xml
[0.810s] -- Symlinking: /home/wtr/programs/cpp/ros2/jaka/src/install/my_jaka_zu5_moveit_config/share/my_jaka_zu5_moveit_config/launch/demo.launch.py
[0.818s] -- Symlinking: /home/wtr/programs/cpp/ros2/jaka/src/install/my_jaka_zu5_moveit_config/share/my_jaka_zu5_moveit_config/launch/move_group.launch.py
[0.828s] -- Symlinking: /home/wtr/programs/cpp/ros2/jaka/src/install/my_jaka_zu5_moveit_config/share/my_jaka_zu5_moveit_config/launch/moveit_rviz.launch.py
[0.835s] -- Symlinking: /home/wtr/programs/cpp/ros2/jaka/src/install/my_jaka_zu5_moveit_config/share/my_jaka_zu5_moveit_config/launch/rsp.launch.py
[0.842s] -- Symlinking: /home/wtr/programs/cpp/ros2/jaka/src/install/my_jaka_zu5_moveit_config/share/my_jaka_zu5_moveit_config/launch/setup_assistant.launch.py
[0.848s] -- Symlinking: /home/wtr/programs/cpp/ros2/jaka/src/install/my_jaka_zu5_moveit_config/share/my_jaka_zu5_moveit_config/launch/spawn_controllers.launch.py
[0.855s] -- Symlinking: /home/wtr/programs/cpp/ros2/jaka/src/install/my_jaka_zu5_moveit_config/share/my_jaka_zu5_moveit_config/launch/static_virtual_joint_tfs.launch.py
[0.863s] -- Symlinking: /home/wtr/programs/cpp/ros2/jaka/src/install/my_jaka_zu5_moveit_config/share/my_jaka_zu5_moveit_config/launch/warehouse_db.launch.py
[0.870s] -- Symlinking: /home/wtr/programs/cpp/ros2/jaka/src/install/my_jaka_zu5_moveit_config/share/my_jaka_zu5_moveit_config/config/initial_positions.yaml
[0.876s] -- Symlinking: /home/wtr/programs/cpp/ros2/jaka/src/install/my_jaka_zu5_moveit_config/share/my_jaka_zu5_moveit_config/config/jaka_zu5.ros2_control.xacro
[0.882s] -- Symlinking: /home/wtr/programs/cpp/ros2/jaka/src/install/my_jaka_zu5_moveit_config/share/my_jaka_zu5_moveit_config/config/jaka_zu5.srdf
[0.888s] -- Symlinking: /home/wtr/programs/cpp/ros2/jaka/src/install/my_jaka_zu5_moveit_config/share/my_jaka_zu5_moveit_config/config/jaka_zu5.urdf.xacro
[0.894s] -- Symlinking: /home/wtr/programs/cpp/ros2/jaka/src/install/my_jaka_zu5_moveit_config/share/my_jaka_zu5_moveit_config/config/joint_limits.yaml
[0.901s] -- Symlinking: /home/wtr/programs/cpp/ros2/jaka/src/install/my_jaka_zu5_moveit_config/share/my_jaka_zu5_moveit_config/config/kinematics.yaml
[0.907s] -- Symlinking: /home/wtr/programs/cpp/ros2/jaka/src/install/my_jaka_zu5_moveit_config/share/my_jaka_zu5_moveit_config/config/moveit.rviz
[0.914s] -- Symlinking: /home/wtr/programs/cpp/ros2/jaka/src/install/my_jaka_zu5_moveit_config/share/my_jaka_zu5_moveit_config/config/moveit_controllers.yaml
[0.921s] -- Symlinking: /home/wtr/programs/cpp/ros2/jaka/src/install/my_jaka_zu5_moveit_config/share/my_jaka_zu5_moveit_config/config/pilz_cartesian_limits.yaml
[0.928s] -- Symlinking: /home/wtr/programs/cpp/ros2/jaka/src/install/my_jaka_zu5_moveit_config/share/my_jaka_zu5_moveit_config/config/ros2_controllers.yaml
[0.935s] -- Symlinking: /home/wtr/programs/cpp/ros2/jaka/src/install/my_jaka_zu5_moveit_config/share/my_jaka_zu5_moveit_config/.setup_assistant
[0.945s] Invoked command in '/home/wtr/programs/cpp/ros2/jaka/src/build/my_jaka_zu5_moveit_config' returned '0': CMAKE_PREFIX_PATH=/home/wtr/programs/cpp/ros2/jaka/src/install/jaka_description:/home/wtr/programs/cpp/ros2/jaka/src/install/user_commands:/home/wtr/programs/cpp/ros2/jaka/src/install/jaka_zu5_moveit_config:/home/wtr/programs/cpp/ros2/jaka/src/install/jaka_planner:/home/wtr/programs/cpp/ros2/jaka/src/install/jaka_driver:/home/wtr/programs/cpp/ros2/jaka/src/install/jaka_msgs:/opt/ros/humble /usr/bin/cmake --install /home/wtr/programs/cpp/ros2/jaka/src/build/my_jaka_zu5_moveit_config
