[0.021s] Invoking command in '/home/wtr/programs/cpp/ros2/jaka/src/build/user_commands': AMENT_PREFIX_PATH=/home/wtr/programs/cpp/ros2/jaka/src/install/jaka_msgs:${AMENT_PREFIX_PATH} CMAKE_PREFIX_PATH=/home/wtr/programs/cpp/ros2/jaka/src/install/jaka_msgs:/opt/ros/humble LD_LIBRARY_PATH=/home/wtr/programs/cpp/ros2/jaka/src/install/jaka_msgs/lib:${LD_LIBRARY_PATH} PYTHONPATH=/home/wtr/programs/cpp/ros2/jaka/src/install/jaka_msgs/local/lib/python3.10/dist-packages:${PYTHONPATH} /usr/bin/cmake --build /home/wtr/programs/cpp/ros2/jaka/src/build/user_commands -- -j8 -l8
[0.155s] [35m[1mConsolidate compiler generated dependencies of target my_moveit[0m
[0.175s] [ 50%] [32mBuilding CXX object CMakeFiles/my_moveit.dir/src/my_moveit.cpp.o[0m
[11.941s] [100%] [32m[1mLinking CXX executable my_moveit[0m
[12.757s] [100%] Built target my_moveit
[12.766s] Invoked command in '/home/wtr/programs/cpp/ros2/jaka/src/build/user_commands' returned '0': AMENT_PREFIX_PATH=/home/wtr/programs/cpp/ros2/jaka/src/install/jaka_msgs:${AMENT_PREFIX_PATH} CMAKE_PREFIX_PATH=/home/wtr/programs/cpp/ros2/jaka/src/install/jaka_msgs:/opt/ros/humble LD_LIBRARY_PATH=/home/wtr/programs/cpp/ros2/jaka/src/install/jaka_msgs/lib:${LD_LIBRARY_PATH} PYTHONPATH=/home/wtr/programs/cpp/ros2/jaka/src/install/jaka_msgs/local/lib/python3.10/dist-packages:${PYTHONPATH} /usr/bin/cmake --build /home/wtr/programs/cpp/ros2/jaka/src/build/user_commands -- -j8 -l8
[12.779s] Invoking command in '/home/wtr/programs/cpp/ros2/jaka/src/build/user_commands': AMENT_PREFIX_PATH=/home/wtr/programs/cpp/ros2/jaka/src/install/jaka_msgs:${AMENT_PREFIX_PATH} CMAKE_PREFIX_PATH=/home/wtr/programs/cpp/ros2/jaka/src/install/jaka_msgs:/opt/ros/humble LD_LIBRARY_PATH=/home/wtr/programs/cpp/ros2/jaka/src/install/jaka_msgs/lib:${LD_LIBRARY_PATH} PYTHONPATH=/home/wtr/programs/cpp/ros2/jaka/src/install/jaka_msgs/local/lib/python3.10/dist-packages:${PYTHONPATH} /usr/bin/cmake --install /home/wtr/programs/cpp/ros2/jaka/src/build/user_commands
[12.785s] -- Install configuration: ""
[12.786s] -- Execute custom install script
[12.786s] -- Up-to-date symlink: /home/wtr/programs/cpp/ros2/jaka/src/install/user_commands/lib/user_commands/my_moveit
[12.787s] -- Up-to-date symlink: /home/wtr/programs/cpp/ros2/jaka/src/install/user_commands/share/ament_index/resource_index/package_run_dependencies/user_commands
[12.787s] -- Up-to-date symlink: /home/wtr/programs/cpp/ros2/jaka/src/install/user_commands/share/ament_index/resource_index/parent_prefix_path/user_commands
[12.787s] -- Up-to-date symlink: /home/wtr/programs/cpp/ros2/jaka/src/install/user_commands/share/user_commands/environment/ament_prefix_path.sh
[12.787s] -- Up-to-date symlink: /home/wtr/programs/cpp/ros2/jaka/src/install/user_commands/share/user_commands/environment/ament_prefix_path.dsv
[12.787s] -- Up-to-date symlink: /home/wtr/programs/cpp/ros2/jaka/src/install/user_commands/share/user_commands/environment/path.sh
[12.787s] -- Up-to-date symlink: /home/wtr/programs/cpp/ros2/jaka/src/install/user_commands/share/user_commands/environment/path.dsv
[12.787s] -- Up-to-date symlink: /home/wtr/programs/cpp/ros2/jaka/src/install/user_commands/share/user_commands/local_setup.bash
[12.787s] -- Up-to-date symlink: /home/wtr/programs/cpp/ros2/jaka/src/install/user_commands/share/user_commands/local_setup.sh
[12.787s] -- Up-to-date symlink: /home/wtr/programs/cpp/ros2/jaka/src/install/user_commands/share/user_commands/local_setup.zsh
[12.787s] -- Up-to-date symlink: /home/wtr/programs/cpp/ros2/jaka/src/install/user_commands/share/user_commands/local_setup.dsv
[12.787s] -- Symlinking: /home/wtr/programs/cpp/ros2/jaka/src/install/user_commands/share/user_commands/package.dsv
[12.796s] -- Up-to-date symlink: /home/wtr/programs/cpp/ros2/jaka/src/install/user_commands/share/ament_index/resource_index/packages/user_commands
[12.796s] -- Up-to-date symlink: /home/wtr/programs/cpp/ros2/jaka/src/install/user_commands/share/user_commands/cmake/user_commandsConfig.cmake
[12.796s] -- Up-to-date symlink: /home/wtr/programs/cpp/ros2/jaka/src/install/user_commands/share/user_commands/cmake/user_commandsConfig-version.cmake
[12.796s] -- Up-to-date symlink: /home/wtr/programs/cpp/ros2/jaka/src/install/user_commands/share/user_commands/package.xml
[12.796s] -- Installing: /home/wtr/programs/cpp/ros2/jaka/src/install/user_commands/lib/user_commands/ui
[12.799s] Invoked command in '/home/wtr/programs/cpp/ros2/jaka/src/build/user_commands' returned '0': AMENT_PREFIX_PATH=/home/wtr/programs/cpp/ros2/jaka/src/install/jaka_msgs:${AMENT_PREFIX_PATH} CMAKE_PREFIX_PATH=/home/wtr/programs/cpp/ros2/jaka/src/install/jaka_msgs:/opt/ros/humble LD_LIBRARY_PATH=/home/wtr/programs/cpp/ros2/jaka/src/install/jaka_msgs/lib:${LD_LIBRARY_PATH} PYTHONPATH=/home/wtr/programs/cpp/ros2/jaka/src/install/jaka_msgs/local/lib/python3.10/dist-packages:${PYTHONPATH} /usr/bin/cmake --install /home/wtr/programs/cpp/ros2/jaka/src/build/user_commands
