[0.090s] DEBUG:colcon:Command line arguments: ['/usr/bin/colcon', 'build', '--symlink-install', '--packages-select', 'user_commands']
[0.090s] DEBUG:colcon:Parsed command line arguments: Namespace(log_base=None, log_level=None, verb_name='build', build_base='build', install_base='install', merge_install=False, symlink_install=True, test_result_base=None, continue_on_error=False, executor='parallel', parallel_workers=8, event_handlers=None, ignore_user_meta=False, metas=['./colcon.meta'], base_paths=['.'], packages_ignore=None, packages_ignore_regex=None, paths=None, packages_up_to=None, packages_up_to_regex=None, packages_above=None, packages_above_and_dependencies=None, packages_above_depth=None, packages_select_by_dep=None, packages_skip_by_dep=None, packages_skip_up_to=None, packages_select_build_failed=False, packages_skip_build_finished=False, packages_select_test_failures=False, packages_skip_test_passed=False, packages_select=['user_commands'], packages_skip=None, packages_select_regex=None, packages_skip_regex=None, packages_start=None, packages_end=None, allow_overriding=[], cmake_args=None, cmake_target=None, cmake_target_skip_unavailable=False, cmake_clean_cache=False, cmake_clean_first=False, cmake_force_configure=False, ament_cmake_args=None, catkin_cmake_args=None, catkin_skip_building_tests=False, verb_parser=<colcon_defaults.argument_parser.defaults.DefaultArgumentsDecorator object at 0x788bf94489d0>, verb_extension=<colcon_core.verb.build.BuildVerb object at 0x788bf94484f0>, main=<bound method BuildVerb.main of <colcon_core.verb.build.BuildVerb object at 0x788bf94484f0>>)
[0.210s] Level 1:colcon.colcon_core.package_discovery:discover_packages(colcon_meta) check parameters
[0.211s] Level 1:colcon.colcon_core.package_discovery:discover_packages(recursive) check parameters
[0.211s] Level 1:colcon.colcon_core.package_discovery:discover_packages(ignore) check parameters
[0.211s] Level 1:colcon.colcon_core.package_discovery:discover_packages(path) check parameters
[0.211s] Level 1:colcon.colcon_core.package_discovery:discover_packages(colcon_meta) discover
[0.211s] Level 1:colcon.colcon_core.package_discovery:discover_packages(recursive) discover
[0.211s] INFO:colcon.colcon_core.package_discovery:Crawling recursively for packages in '/home/wtr/programs/cpp/ros2/jaka/src'
[0.211s] Level 1:colcon.colcon_core.package_identification:_identify(.) by extensions ['ignore', 'ignore_ament_install']
[0.211s] Level 1:colcon.colcon_core.package_identification:_identify(.) by extension 'ignore'
[0.211s] Level 1:colcon.colcon_core.package_identification:_identify(.) by extension 'ignore_ament_install'
[0.211s] Level 1:colcon.colcon_core.package_identification:_identify(.) by extensions ['colcon_pkg']
[0.211s] Level 1:colcon.colcon_core.package_identification:_identify(.) by extension 'colcon_pkg'
[0.211s] Level 1:colcon.colcon_core.package_identification:_identify(.) by extensions ['colcon_meta']
[0.211s] Level 1:colcon.colcon_core.package_identification:_identify(.) by extension 'colcon_meta'
[0.211s] Level 1:colcon.colcon_core.package_identification:_identify(.) by extensions ['ros']
[0.211s] Level 1:colcon.colcon_core.package_identification:_identify(.) by extension 'ros'
[0.219s] Level 1:colcon.colcon_core.package_identification:_identify(.) by extensions ['cmake', 'python']
[0.220s] Level 1:colcon.colcon_core.package_identification:_identify(.) by extension 'cmake'
[0.220s] Level 1:colcon.colcon_core.package_identification:_identify(.) by extension 'python'
[0.220s] Level 1:colcon.colcon_core.package_identification:_identify(.) by extensions ['python_setup_py']
[0.220s] Level 1:colcon.colcon_core.package_identification:_identify(.) by extension 'python_setup_py'
[0.220s] Level 1:colcon.colcon_core.package_identification:_identify(build) by extensions ['ignore', 'ignore_ament_install']
[0.220s] Level 1:colcon.colcon_core.package_identification:_identify(build) by extension 'ignore'
[0.220s] Level 1:colcon.colcon_core.package_identification:_identify(build) ignored
[0.220s] Level 1:colcon.colcon_core.package_identification:_identify(install) by extensions ['ignore', 'ignore_ament_install']
[0.220s] Level 1:colcon.colcon_core.package_identification:_identify(install) by extension 'ignore'
[0.220s] Level 1:colcon.colcon_core.package_identification:_identify(install) ignored
[0.220s] Level 1:colcon.colcon_core.package_identification:_identify(jaka_description) by extensions ['ignore', 'ignore_ament_install']
[0.220s] Level 1:colcon.colcon_core.package_identification:_identify(jaka_description) by extension 'ignore'
[0.220s] Level 1:colcon.colcon_core.package_identification:_identify(jaka_description) by extension 'ignore_ament_install'
[0.220s] Level 1:colcon.colcon_core.package_identification:_identify(jaka_description) by extensions ['colcon_pkg']
[0.220s] Level 1:colcon.colcon_core.package_identification:_identify(jaka_description) by extension 'colcon_pkg'
[0.220s] Level 1:colcon.colcon_core.package_identification:_identify(jaka_description) by extensions ['colcon_meta']
[0.220s] Level 1:colcon.colcon_core.package_identification:_identify(jaka_description) by extension 'colcon_meta'
[0.220s] Level 1:colcon.colcon_core.package_identification:_identify(jaka_description) by extensions ['ros']
[0.220s] Level 1:colcon.colcon_core.package_identification:_identify(jaka_description) by extension 'ros'
[0.223s] DEBUG:colcon.colcon_core.package_identification:Package 'jaka_description' with type 'ros.ament_cmake' and name 'jaka_description'
[0.223s] Level 1:colcon.colcon_core.package_identification:_identify(jaka_driver) by extensions ['ignore', 'ignore_ament_install']
[0.223s] Level 1:colcon.colcon_core.package_identification:_identify(jaka_driver) by extension 'ignore'
[0.223s] Level 1:colcon.colcon_core.package_identification:_identify(jaka_driver) by extension 'ignore_ament_install'
[0.223s] Level 1:colcon.colcon_core.package_identification:_identify(jaka_driver) by extensions ['colcon_pkg']
[0.223s] Level 1:colcon.colcon_core.package_identification:_identify(jaka_driver) by extension 'colcon_pkg'
[0.223s] Level 1:colcon.colcon_core.package_identification:_identify(jaka_driver) by extensions ['colcon_meta']
[0.223s] Level 1:colcon.colcon_core.package_identification:_identify(jaka_driver) by extension 'colcon_meta'
[0.224s] Level 1:colcon.colcon_core.package_identification:_identify(jaka_driver) by extensions ['ros']
[0.224s] Level 1:colcon.colcon_core.package_identification:_identify(jaka_driver) by extension 'ros'
[0.224s] DEBUG:colcon.colcon_core.package_identification:Package 'jaka_driver' with type 'ros.ament_cmake' and name 'jaka_driver'
[0.224s] Level 1:colcon.colcon_core.package_identification:_identify(jaka_msgs) by extensions ['ignore', 'ignore_ament_install']
[0.224s] Level 1:colcon.colcon_core.package_identification:_identify(jaka_msgs) by extension 'ignore'
[0.224s] Level 1:colcon.colcon_core.package_identification:_identify(jaka_msgs) by extension 'ignore_ament_install'
[0.225s] Level 1:colcon.colcon_core.package_identification:_identify(jaka_msgs) by extensions ['colcon_pkg']
[0.225s] Level 1:colcon.colcon_core.package_identification:_identify(jaka_msgs) by extension 'colcon_pkg'
[0.225s] Level 1:colcon.colcon_core.package_identification:_identify(jaka_msgs) by extensions ['colcon_meta']
[0.225s] Level 1:colcon.colcon_core.package_identification:_identify(jaka_msgs) by extension 'colcon_meta'
[0.225s] Level 1:colcon.colcon_core.package_identification:_identify(jaka_msgs) by extensions ['ros']
[0.225s] Level 1:colcon.colcon_core.package_identification:_identify(jaka_msgs) by extension 'ros'
[0.226s] DEBUG:colcon.colcon_core.package_identification:Package 'jaka_msgs' with type 'ros.ament_cmake' and name 'jaka_msgs'
[0.226s] Level 1:colcon.colcon_core.package_identification:_identify(jaka_planner) by extensions ['ignore', 'ignore_ament_install']
[0.226s] Level 1:colcon.colcon_core.package_identification:_identify(jaka_planner) by extension 'ignore'
[0.226s] Level 1:colcon.colcon_core.package_identification:_identify(jaka_planner) by extension 'ignore_ament_install'
[0.226s] Level 1:colcon.colcon_core.package_identification:_identify(jaka_planner) by extensions ['colcon_pkg']
[0.226s] Level 1:colcon.colcon_core.package_identification:_identify(jaka_planner) by extension 'colcon_pkg'
[0.226s] Level 1:colcon.colcon_core.package_identification:_identify(jaka_planner) by extensions ['colcon_meta']
[0.226s] Level 1:colcon.colcon_core.package_identification:_identify(jaka_planner) by extension 'colcon_meta'
[0.226s] Level 1:colcon.colcon_core.package_identification:_identify(jaka_planner) by extensions ['ros']
[0.226s] Level 1:colcon.colcon_core.package_identification:_identify(jaka_planner) by extension 'ros'
[0.227s] DEBUG:colcon.colcon_core.package_identification:Package 'jaka_planner' with type 'ros.ament_cmake' and name 'jaka_planner'
[0.227s] Level 1:colcon.colcon_core.package_identification:_identify(jaka_zu5_moveit_config) by extensions ['ignore', 'ignore_ament_install']
[0.227s] Level 1:colcon.colcon_core.package_identification:_identify(jaka_zu5_moveit_config) by extension 'ignore'
[0.227s] Level 1:colcon.colcon_core.package_identification:_identify(jaka_zu5_moveit_config) by extension 'ignore_ament_install'
[0.227s] Level 1:colcon.colcon_core.package_identification:_identify(jaka_zu5_moveit_config) by extensions ['colcon_pkg']
[0.227s] Level 1:colcon.colcon_core.package_identification:_identify(jaka_zu5_moveit_config) by extension 'colcon_pkg'
[0.227s] Level 1:colcon.colcon_core.package_identification:_identify(jaka_zu5_moveit_config) by extensions ['colcon_meta']
[0.227s] Level 1:colcon.colcon_core.package_identification:_identify(jaka_zu5_moveit_config) by extension 'colcon_meta'
[0.227s] Level 1:colcon.colcon_core.package_identification:_identify(jaka_zu5_moveit_config) by extensions ['ros']
[0.227s] Level 1:colcon.colcon_core.package_identification:_identify(jaka_zu5_moveit_config) by extension 'ros'
[0.228s] DEBUG:colcon.colcon_core.package_identification:Package 'jaka_zu5_moveit_config' with type 'ros.ament_cmake' and name 'jaka_zu5_moveit_config'
[0.228s] Level 1:colcon.colcon_core.package_identification:_identify(log) by extensions ['ignore', 'ignore_ament_install']
[0.228s] Level 1:colcon.colcon_core.package_identification:_identify(log) by extension 'ignore'
[0.229s] Level 1:colcon.colcon_core.package_identification:_identify(log) ignored
[0.229s] Level 1:colcon.colcon_core.package_identification:_identify(user_commands) by extensions ['ignore', 'ignore_ament_install']
[0.229s] Level 1:colcon.colcon_core.package_identification:_identify(user_commands) by extension 'ignore'
[0.229s] Level 1:colcon.colcon_core.package_identification:_identify(user_commands) by extension 'ignore_ament_install'
[0.229s] Level 1:colcon.colcon_core.package_identification:_identify(user_commands) by extensions ['colcon_pkg']
[0.229s] Level 1:colcon.colcon_core.package_identification:_identify(user_commands) by extension 'colcon_pkg'
[0.229s] Level 1:colcon.colcon_core.package_identification:_identify(user_commands) by extensions ['colcon_meta']
[0.229s] Level 1:colcon.colcon_core.package_identification:_identify(user_commands) by extension 'colcon_meta'
[0.229s] Level 1:colcon.colcon_core.package_identification:_identify(user_commands) by extensions ['ros']
[0.229s] Level 1:colcon.colcon_core.package_identification:_identify(user_commands) by extension 'ros'
[0.229s] DEBUG:colcon.colcon_core.package_identification:Package 'user_commands' with type 'ros.ament_cmake' and name 'user_commands'
[0.229s] Level 1:colcon.colcon_core.package_discovery:discover_packages(recursive) using defaults
[0.229s] Level 1:colcon.colcon_core.package_discovery:discover_packages(ignore) discover
[0.229s] Level 1:colcon.colcon_core.package_discovery:discover_packages(ignore) using defaults
[0.229s] Level 1:colcon.colcon_core.package_discovery:discover_packages(path) discover
[0.229s] Level 1:colcon.colcon_core.package_discovery:discover_packages(path) using defaults
[0.264s] INFO:colcon.colcon_core.package_selection:Skipping not selected package 'jaka_description' in 'jaka_description'
[0.264s] INFO:colcon.colcon_core.package_selection:Skipping not selected package 'jaka_msgs' in 'jaka_msgs'
[0.264s] INFO:colcon.colcon_core.package_selection:Skipping not selected package 'jaka_driver' in 'jaka_driver'
[0.264s] INFO:colcon.colcon_core.package_selection:Skipping not selected package 'jaka_planner' in 'jaka_planner'
[0.264s] INFO:colcon.colcon_core.package_selection:Skipping not selected package 'jaka_zu5_moveit_config' in 'jaka_zu5_moveit_config'
[0.265s] Level 1:colcon.colcon_core.package_discovery:discover_packages(prefix_path) check parameters
[0.265s] Level 1:colcon.colcon_core.package_discovery:discover_packages(prefix_path) discover
[0.269s] DEBUG:colcon.colcon_installed_package_information.package_discovery:Found 6 installed packages in /home/wtr/programs/cpp/ros2/jaka/src/install
[0.272s] DEBUG:colcon.colcon_installed_package_information.package_discovery:Found 383 installed packages in /opt/ros/humble
[0.273s] Level 1:colcon.colcon_core.package_discovery:discover_packages(prefix_path) using defaults
[0.305s] Level 5:colcon.colcon_core.verb:set package 'user_commands' build argument 'cmake_args' from command line to 'None'
[0.306s] Level 5:colcon.colcon_core.verb:set package 'user_commands' build argument 'cmake_target' from command line to 'None'
[0.306s] Level 5:colcon.colcon_core.verb:set package 'user_commands' build argument 'cmake_target_skip_unavailable' from command line to 'False'
[0.306s] Level 5:colcon.colcon_core.verb:set package 'user_commands' build argument 'cmake_clean_cache' from command line to 'False'
[0.306s] Level 5:colcon.colcon_core.verb:set package 'user_commands' build argument 'cmake_clean_first' from command line to 'False'
[0.306s] Level 5:colcon.colcon_core.verb:set package 'user_commands' build argument 'cmake_force_configure' from command line to 'False'
[0.306s] Level 5:colcon.colcon_core.verb:set package 'user_commands' build argument 'ament_cmake_args' from command line to 'None'
[0.306s] Level 5:colcon.colcon_core.verb:set package 'user_commands' build argument 'catkin_cmake_args' from command line to 'None'
[0.306s] Level 5:colcon.colcon_core.verb:set package 'user_commands' build argument 'catkin_skip_building_tests' from command line to 'False'
[0.306s] DEBUG:colcon.colcon_core.verb:Building package 'user_commands' with the following arguments: {'ament_cmake_args': None, 'build_base': '/home/wtr/programs/cpp/ros2/jaka/src/build/user_commands', 'catkin_cmake_args': None, 'catkin_skip_building_tests': False, 'cmake_args': None, 'cmake_clean_cache': False, 'cmake_clean_first': False, 'cmake_force_configure': False, 'cmake_target': None, 'cmake_target_skip_unavailable': False, 'install_base': '/home/wtr/programs/cpp/ros2/jaka/src/install/user_commands', 'merge_install': False, 'path': '/home/wtr/programs/cpp/ros2/jaka/src/user_commands', 'symlink_install': True, 'test_result_base': None}
[0.306s] INFO:colcon.colcon_core.executor:Executing jobs using 'parallel' executor
[0.308s] DEBUG:colcon.colcon_parallel_executor.executor.parallel:run_until_complete
[0.308s] INFO:colcon.colcon_ros.task.ament_cmake.build:Building ROS package in '/home/wtr/programs/cpp/ros2/jaka/src/user_commands' with build type 'ament_cmake'
[0.309s] INFO:colcon.colcon_cmake.task.cmake.build:Building CMake package in '/home/wtr/programs/cpp/ros2/jaka/src/user_commands'
[0.311s] INFO:colcon.colcon_core.plugin_system:Skipping extension 'colcon_core.shell.bat': Not used on non-Windows systems
[0.311s] INFO:colcon.colcon_core.shell:Skip shell extension 'powershell' for command environment: Not usable outside of PowerShell
[0.311s] DEBUG:colcon.colcon_core.shell:Skip shell extension 'dsv' for command environment
[0.334s] DEBUG:colcon.colcon_core.event_handler.log_command:Invoking command in '/home/wtr/programs/cpp/ros2/jaka/src/build/user_commands': CMAKE_PREFIX_PATH=/home/wtr/programs/cpp/ros2/jaka/src/install/jaka_msgs:/home/wtr/programs/cpp/ros2/jaka/src/install/user_commands:/home/wtr/programs/cpp/ros2/jaka/src/install/jaka_zu5_moveit_config:/home/wtr/programs/cpp/ros2/jaka/src/install/jaka_planner:/home/wtr/programs/cpp/ros2/jaka/src/install/jaka_driver:/home/wtr/programs/cpp/ros2/jaka/src/install/jaka_description:/opt/ros/humble /usr/bin/cmake --build /home/wtr/programs/cpp/ros2/jaka/src/build/user_commands -- -j8 -l8
[0.419s] DEBUG:colcon.colcon_core.event_handler.log_command:Invoked command in '/home/wtr/programs/cpp/ros2/jaka/src/build/user_commands' returned '0': CMAKE_PREFIX_PATH=/home/wtr/programs/cpp/ros2/jaka/src/install/jaka_msgs:/home/wtr/programs/cpp/ros2/jaka/src/install/user_commands:/home/wtr/programs/cpp/ros2/jaka/src/install/jaka_zu5_moveit_config:/home/wtr/programs/cpp/ros2/jaka/src/install/jaka_planner:/home/wtr/programs/cpp/ros2/jaka/src/install/jaka_driver:/home/wtr/programs/cpp/ros2/jaka/src/install/jaka_description:/opt/ros/humble /usr/bin/cmake --build /home/wtr/programs/cpp/ros2/jaka/src/build/user_commands -- -j8 -l8
[0.429s] DEBUG:colcon.colcon_core.event_handler.log_command:Invoking command in '/home/wtr/programs/cpp/ros2/jaka/src/build/user_commands': CMAKE_PREFIX_PATH=/home/wtr/programs/cpp/ros2/jaka/src/install/jaka_msgs:/home/wtr/programs/cpp/ros2/jaka/src/install/user_commands:/home/wtr/programs/cpp/ros2/jaka/src/install/jaka_zu5_moveit_config:/home/wtr/programs/cpp/ros2/jaka/src/install/jaka_planner:/home/wtr/programs/cpp/ros2/jaka/src/install/jaka_driver:/home/wtr/programs/cpp/ros2/jaka/src/install/jaka_description:/opt/ros/humble /usr/bin/cmake --install /home/wtr/programs/cpp/ros2/jaka/src/build/user_commands
[0.466s] Level 1:colcon.colcon_core.environment:create_environment_scripts_only(user_commands)
[0.468s] DEBUG:colcon.colcon_core.event_handler.log_command:Invoked command in '/home/wtr/programs/cpp/ros2/jaka/src/build/user_commands' returned '0': CMAKE_PREFIX_PATH=/home/wtr/programs/cpp/ros2/jaka/src/install/jaka_msgs:/home/wtr/programs/cpp/ros2/jaka/src/install/user_commands:/home/wtr/programs/cpp/ros2/jaka/src/install/jaka_zu5_moveit_config:/home/wtr/programs/cpp/ros2/jaka/src/install/jaka_planner:/home/wtr/programs/cpp/ros2/jaka/src/install/jaka_driver:/home/wtr/programs/cpp/ros2/jaka/src/install/jaka_description:/opt/ros/humble /usr/bin/cmake --install /home/wtr/programs/cpp/ros2/jaka/src/build/user_commands
[0.469s] Level 1:colcon.colcon_core.environment:checking '/home/wtr/programs/cpp/ros2/jaka/src/install/user_commands' for CMake module files
[0.469s] Level 1:colcon.colcon_core.environment:checking '/home/wtr/programs/cpp/ros2/jaka/src/install/user_commands' for CMake config files
[0.471s] Level 1:colcon.colcon_core.shell:create_environment_hook('user_commands', 'cmake_prefix_path')
[0.471s] INFO:colcon.colcon_core.shell:Creating environment hook '/home/wtr/programs/cpp/ros2/jaka/src/install/user_commands/share/user_commands/hook/cmake_prefix_path.ps1'
[0.473s] INFO:colcon.colcon_core.shell:Creating environment descriptor '/home/wtr/programs/cpp/ros2/jaka/src/install/user_commands/share/user_commands/hook/cmake_prefix_path.dsv'
[0.474s] INFO:colcon.colcon_core.shell:Creating environment hook '/home/wtr/programs/cpp/ros2/jaka/src/install/user_commands/share/user_commands/hook/cmake_prefix_path.sh'
[0.476s] Level 1:colcon.colcon_core.environment:checking '/home/wtr/programs/cpp/ros2/jaka/src/install/user_commands/lib'
[0.477s] Level 1:colcon.colcon_core.environment:checking '/home/wtr/programs/cpp/ros2/jaka/src/install/user_commands/bin'
[0.477s] Level 1:colcon.colcon_core.environment:checking '/home/wtr/programs/cpp/ros2/jaka/src/install/user_commands/lib/pkgconfig/user_commands.pc'
[0.477s] Level 1:colcon.colcon_core.environment:checking '/home/wtr/programs/cpp/ros2/jaka/src/install/user_commands/lib/python3.10/site-packages'
[0.478s] Level 1:colcon.colcon_core.environment:checking '/home/wtr/programs/cpp/ros2/jaka/src/install/user_commands/bin'
[0.478s] INFO:colcon.colcon_core.shell:Creating package script '/home/wtr/programs/cpp/ros2/jaka/src/install/user_commands/share/user_commands/package.ps1'
[0.482s] INFO:colcon.colcon_core.shell:Creating package descriptor '/home/wtr/programs/cpp/ros2/jaka/src/install/user_commands/share/user_commands/package.dsv'
[0.484s] INFO:colcon.colcon_core.shell:Creating package script '/home/wtr/programs/cpp/ros2/jaka/src/install/user_commands/share/user_commands/package.sh'
[0.485s] INFO:colcon.colcon_core.shell:Creating package script '/home/wtr/programs/cpp/ros2/jaka/src/install/user_commands/share/user_commands/package.bash'
[0.486s] INFO:colcon.colcon_core.shell:Creating package script '/home/wtr/programs/cpp/ros2/jaka/src/install/user_commands/share/user_commands/package.zsh'
[0.487s] Level 1:colcon.colcon_core.environment:create_file_with_runtime_dependencies(/home/wtr/programs/cpp/ros2/jaka/src/install/user_commands/share/colcon-core/packages/user_commands)
[0.488s] Level 1:colcon.colcon_core.environment:create_environment_scripts_only(user_commands)
[0.488s] Level 1:colcon.colcon_core.environment:checking '/home/wtr/programs/cpp/ros2/jaka/src/install/user_commands' for CMake module files
[0.489s] Level 1:colcon.colcon_core.environment:checking '/home/wtr/programs/cpp/ros2/jaka/src/install/user_commands' for CMake config files
[0.489s] Level 1:colcon.colcon_core.shell:create_environment_hook('user_commands', 'cmake_prefix_path')
[0.490s] INFO:colcon.colcon_core.shell:Creating environment hook '/home/wtr/programs/cpp/ros2/jaka/src/install/user_commands/share/user_commands/hook/cmake_prefix_path.ps1'
[0.491s] INFO:colcon.colcon_core.shell:Creating environment descriptor '/home/wtr/programs/cpp/ros2/jaka/src/install/user_commands/share/user_commands/hook/cmake_prefix_path.dsv'
[0.492s] INFO:colcon.colcon_core.shell:Creating environment hook '/home/wtr/programs/cpp/ros2/jaka/src/install/user_commands/share/user_commands/hook/cmake_prefix_path.sh'
[0.492s] Level 1:colcon.colcon_core.environment:checking '/home/wtr/programs/cpp/ros2/jaka/src/install/user_commands/lib'
[0.493s] Level 1:colcon.colcon_core.environment:checking '/home/wtr/programs/cpp/ros2/jaka/src/install/user_commands/bin'
[0.493s] Level 1:colcon.colcon_core.environment:checking '/home/wtr/programs/cpp/ros2/jaka/src/install/user_commands/lib/pkgconfig/user_commands.pc'
[0.493s] Level 1:colcon.colcon_core.environment:checking '/home/wtr/programs/cpp/ros2/jaka/src/install/user_commands/lib/python3.10/site-packages'
[0.493s] Level 1:colcon.colcon_core.environment:checking '/home/wtr/programs/cpp/ros2/jaka/src/install/user_commands/bin'
[0.493s] INFO:colcon.colcon_core.shell:Creating package script '/home/wtr/programs/cpp/ros2/jaka/src/install/user_commands/share/user_commands/package.ps1'
[0.494s] INFO:colcon.colcon_core.shell:Creating package descriptor '/home/wtr/programs/cpp/ros2/jaka/src/install/user_commands/share/user_commands/package.dsv'
[0.496s] INFO:colcon.colcon_core.shell:Creating package script '/home/wtr/programs/cpp/ros2/jaka/src/install/user_commands/share/user_commands/package.sh'
[0.496s] INFO:colcon.colcon_core.shell:Creating package script '/home/wtr/programs/cpp/ros2/jaka/src/install/user_commands/share/user_commands/package.bash'
[0.497s] INFO:colcon.colcon_core.shell:Creating package script '/home/wtr/programs/cpp/ros2/jaka/src/install/user_commands/share/user_commands/package.zsh'
[0.498s] Level 1:colcon.colcon_core.environment:create_file_with_runtime_dependencies(/home/wtr/programs/cpp/ros2/jaka/src/install/user_commands/share/colcon-core/packages/user_commands)
[0.498s] DEBUG:colcon.colcon_parallel_executor.executor.parallel:closing loop
[0.498s] DEBUG:colcon.colcon_parallel_executor.executor.parallel:loop closed
[0.498s] DEBUG:colcon.colcon_parallel_executor.executor.parallel:run_until_complete finished with '0'
[0.498s] DEBUG:colcon.colcon_core.event_reactor:joining thread
[0.505s] INFO:colcon.colcon_core.plugin_system:Skipping extension 'colcon_notification.desktop_notification.terminal_notifier': Not used on non-Darwin systems
[0.506s] INFO:colcon.colcon_core.plugin_system:Skipping extension 'colcon_notification.desktop_notification.win32': Not used on non-Windows systems
[0.506s] INFO:colcon.colcon_notification.desktop_notification:Sending desktop notification using 'notify2'
[0.527s] DEBUG:colcon.colcon_core.event_reactor:joined thread
[0.528s] INFO:colcon.colcon_core.shell:Creating prefix script '/home/wtr/programs/cpp/ros2/jaka/src/install/local_setup.ps1'
[0.530s] INFO:colcon.colcon_core.shell:Creating prefix util module '/home/wtr/programs/cpp/ros2/jaka/src/install/_local_setup_util_ps1.py'
[0.533s] INFO:colcon.colcon_core.shell:Creating prefix chain script '/home/wtr/programs/cpp/ros2/jaka/src/install/setup.ps1'
[0.537s] INFO:colcon.colcon_core.shell:Creating prefix script '/home/wtr/programs/cpp/ros2/jaka/src/install/local_setup.sh'
[0.538s] INFO:colcon.colcon_core.shell:Creating prefix util module '/home/wtr/programs/cpp/ros2/jaka/src/install/_local_setup_util_sh.py'
[0.539s] INFO:colcon.colcon_core.shell:Creating prefix chain script '/home/wtr/programs/cpp/ros2/jaka/src/install/setup.sh'
[0.541s] INFO:colcon.colcon_core.shell:Creating prefix script '/home/wtr/programs/cpp/ros2/jaka/src/install/local_setup.bash'
[0.542s] INFO:colcon.colcon_core.shell:Creating prefix chain script '/home/wtr/programs/cpp/ros2/jaka/src/install/setup.bash'
[0.543s] INFO:colcon.colcon_core.shell:Creating prefix script '/home/wtr/programs/cpp/ros2/jaka/src/install/local_setup.zsh'
[0.544s] INFO:colcon.colcon_core.shell:Creating prefix chain script '/home/wtr/programs/cpp/ros2/jaka/src/install/setup.zsh'
