[35m[1mConsolidate compiler generated dependencies of target jaka_msgs__rosidl_generator_c[0m
[  0%] Built target jaka_msgs__cpp
[ 12%] Built target jaka_msgs__rosidl_generator_c
[ 12%] Built target ament_cmake_python_symlink_jaka_msgs
[35m[1mConsolidate compiler generated dependencies of target jaka_msgs__rosidl_typesupport_introspection_cpp[0m
[35m[1mConsolidate compiler generated dependencies of target jaka_msgs__rosidl_typesupport_fastrtps_cpp[0m
[35m[1mConsolidate compiler generated dependencies of target jaka_msgs__rosidl_typesupport_cpp[0m
[35m[1mConsolidate compiler generated dependencies of target jaka_msgs__rosidl_typesupport_c[0m
[35m[1mConsolidate compiler generated dependencies of target jaka_msgs__rosidl_typesupport_fastrtps_c[0m
[ 24%] Built target jaka_msgs__rosidl_typesupport_introspection_cpp
[ 36%] Built target jaka_msgs__rosidl_typesupport_c
[35m[1mConsolidate compiler generated dependencies of target jaka_msgs__rosidl_typesupport_introspection_c[0m
[ 48%] Built target jaka_msgs__rosidl_typesupport_fastrtps_cpp
[ 60%] Built target jaka_msgs__rosidl_typesupport_cpp
[ 72%] Built target jaka_msgs__rosidl_typesupport_fastrtps_c
[ 84%] Built target jaka_msgs__rosidl_typesupport_introspection_c
[ 84%] Built target jaka_msgs
[ 85%] Built target jaka_msgs__py
[35m[1mConsolidate compiler generated dependencies of target jaka_msgs__rosidl_generator_py[0m
[ 96%] Built target jaka_msgs__rosidl_generator_py
[35m[1mConsolidate compiler generated dependencies of target jaka_msgs__rosidl_typesupport_introspection_c__pyext[0m
[35m[1mConsolidate compiler generated dependencies of target jaka_msgs__rosidl_typesupport_fastrtps_c__pyext[0m
[35m[1mConsolidate compiler generated dependencies of target jaka_msgs__rosidl_typesupport_c__pyext[0m
[ 98%] Built target jaka_msgs__rosidl_typesupport_introspection_c__pyext
[ 99%] Built target jaka_msgs__rosidl_typesupport_fastrtps_c__pyext
[100%] Built target jaka_msgs__rosidl_typesupport_c__pyext
running egg_info
writing jaka_msgs.egg-info/PKG-INFO
writing dependency_links to jaka_msgs.egg-info/dependency_links.txt
writing top-level names to jaka_msgs.egg-info/top_level.txt
reading manifest file 'jaka_msgs.egg-info/SOURCES.txt'
writing manifest file 'jaka_msgs.egg-info/SOURCES.txt'
[100%] Built target ament_cmake_python_build_jaka_msgs_egg
-- Install configuration: ""
-- Execute custom install script
-- Up-to-date symlink: /home/wtr/programs/cpp/ros2/jaka/src/install/jaka_msgs/share/ament_index/resource_index/rosidl_interfaces/jaka_msgs
-- Up-to-date symlink: /home/wtr/programs/cpp/ros2/jaka/src/install/jaka_msgs/include/jaka_msgs/jaka_msgs/msg/detail/robot_msg__functions.h
-- Up-to-date symlink: /home/wtr/programs/cpp/ros2/jaka/src/install/jaka_msgs/include/jaka_msgs/jaka_msgs/msg/detail/robot_msg__struct.h
-- Up-to-date symlink: /home/wtr/programs/cpp/ros2/jaka/src/install/jaka_msgs/include/jaka_msgs/jaka_msgs/msg/detail/robot_msg__type_support.h
-- Up-to-date symlink: /home/wtr/programs/cpp/ros2/jaka/src/install/jaka_msgs/include/jaka_msgs/jaka_msgs/msg/robot_msg.h
-- Up-to-date symlink: /home/wtr/programs/cpp/ros2/jaka/src/install/jaka_msgs/include/jaka_msgs/jaka_msgs/msg/rosidl_generator_c__visibility_control.h
-- Up-to-date symlink: /home/wtr/programs/cpp/ros2/jaka/src/install/jaka_msgs/include/jaka_msgs/jaka_msgs/srv/clear_error.h
-- Up-to-date symlink: /home/wtr/programs/cpp/ros2/jaka/src/install/jaka_msgs/include/jaka_msgs/jaka_msgs/srv/detail/clear_error__functions.h
-- Up-to-date symlink: /home/wtr/programs/cpp/ros2/jaka/src/install/jaka_msgs/include/jaka_msgs/jaka_msgs/srv/detail/clear_error__struct.h
-- Up-to-date symlink: /home/wtr/programs/cpp/ros2/jaka/src/install/jaka_msgs/include/jaka_msgs/jaka_msgs/srv/detail/clear_error__type_support.h
-- Up-to-date symlink: /home/wtr/programs/cpp/ros2/jaka/src/install/jaka_msgs/include/jaka_msgs/jaka_msgs/srv/detail/get_fk__functions.h
-- Up-to-date symlink: /home/wtr/programs/cpp/ros2/jaka/src/install/jaka_msgs/include/jaka_msgs/jaka_msgs/srv/detail/get_fk__struct.h
-- Up-to-date symlink: /home/wtr/programs/cpp/ros2/jaka/src/install/jaka_msgs/include/jaka_msgs/jaka_msgs/srv/detail/get_fk__type_support.h
-- Up-to-date symlink: /home/wtr/programs/cpp/ros2/jaka/src/install/jaka_msgs/include/jaka_msgs/jaka_msgs/srv/detail/get_ik__functions.h
-- Up-to-date symlink: /home/wtr/programs/cpp/ros2/jaka/src/install/jaka_msgs/include/jaka_msgs/jaka_msgs/srv/detail/get_ik__struct.h
-- Up-to-date symlink: /home/wtr/programs/cpp/ros2/jaka/src/install/jaka_msgs/include/jaka_msgs/jaka_msgs/srv/detail/get_ik__type_support.h
-- Up-to-date symlink: /home/wtr/programs/cpp/ros2/jaka/src/install/jaka_msgs/include/jaka_msgs/jaka_msgs/srv/detail/get_io__functions.h
-- Up-to-date symlink: /home/wtr/programs/cpp/ros2/jaka/src/install/jaka_msgs/include/jaka_msgs/jaka_msgs/srv/detail/get_io__struct.h
-- Up-to-date symlink: /home/wtr/programs/cpp/ros2/jaka/src/install/jaka_msgs/include/jaka_msgs/jaka_msgs/srv/detail/get_io__type_support.h
-- Up-to-date symlink: /home/wtr/programs/cpp/ros2/jaka/src/install/jaka_msgs/include/jaka_msgs/jaka_msgs/srv/detail/move__functions.h
-- Up-to-date symlink: /home/wtr/programs/cpp/ros2/jaka/src/install/jaka_msgs/include/jaka_msgs/jaka_msgs/srv/detail/move__struct.h
-- Up-to-date symlink: /home/wtr/programs/cpp/ros2/jaka/src/install/jaka_msgs/include/jaka_msgs/jaka_msgs/srv/detail/move__type_support.h
-- Up-to-date symlink: /home/wtr/programs/cpp/ros2/jaka/src/install/jaka_msgs/include/jaka_msgs/jaka_msgs/srv/detail/servo_move__functions.h
-- Up-to-date symlink: /home/wtr/programs/cpp/ros2/jaka/src/install/jaka_msgs/include/jaka_msgs/jaka_msgs/srv/detail/servo_move__struct.h
-- Up-to-date symlink: /home/wtr/programs/cpp/ros2/jaka/src/install/jaka_msgs/include/jaka_msgs/jaka_msgs/srv/detail/servo_move__type_support.h
-- Up-to-date symlink: /home/wtr/programs/cpp/ros2/jaka/src/install/jaka_msgs/include/jaka_msgs/jaka_msgs/srv/detail/servo_move_enable__functions.h
-- Up-to-date symlink: /home/wtr/programs/cpp/ros2/jaka/src/install/jaka_msgs/include/jaka_msgs/jaka_msgs/srv/detail/servo_move_enable__struct.h
-- Up-to-date symlink: /home/wtr/programs/cpp/ros2/jaka/src/install/jaka_msgs/include/jaka_msgs/jaka_msgs/srv/detail/servo_move_enable__type_support.h
-- Up-to-date symlink: /home/wtr/programs/cpp/ros2/jaka/src/install/jaka_msgs/include/jaka_msgs/jaka_msgs/srv/detail/set_collision__functions.h
-- Up-to-date symlink: /home/wtr/programs/cpp/ros2/jaka/src/install/jaka_msgs/include/jaka_msgs/jaka_msgs/srv/detail/set_collision__struct.h
-- Up-to-date symlink: /home/wtr/programs/cpp/ros2/jaka/src/install/jaka_msgs/include/jaka_msgs/jaka_msgs/srv/detail/set_collision__type_support.h
-- Up-to-date symlink: /home/wtr/programs/cpp/ros2/jaka/src/install/jaka_msgs/include/jaka_msgs/jaka_msgs/srv/detail/set_io__functions.h
-- Up-to-date symlink: /home/wtr/programs/cpp/ros2/jaka/src/install/jaka_msgs/include/jaka_msgs/jaka_msgs/srv/detail/set_io__struct.h
-- Up-to-date symlink: /home/wtr/programs/cpp/ros2/jaka/src/install/jaka_msgs/include/jaka_msgs/jaka_msgs/srv/detail/set_io__type_support.h
-- Up-to-date symlink: /home/wtr/programs/cpp/ros2/jaka/src/install/jaka_msgs/include/jaka_msgs/jaka_msgs/srv/detail/set_payload__functions.h
-- Up-to-date symlink: /home/wtr/programs/cpp/ros2/jaka/src/install/jaka_msgs/include/jaka_msgs/jaka_msgs/srv/detail/set_payload__struct.h
-- Up-to-date symlink: /home/wtr/programs/cpp/ros2/jaka/src/install/jaka_msgs/include/jaka_msgs/jaka_msgs/srv/detail/set_payload__type_support.h
-- Up-to-date symlink: /home/wtr/programs/cpp/ros2/jaka/src/install/jaka_msgs/include/jaka_msgs/jaka_msgs/srv/detail/set_tcp_frame__functions.h
-- Up-to-date symlink: /home/wtr/programs/cpp/ros2/jaka/src/install/jaka_msgs/include/jaka_msgs/jaka_msgs/srv/detail/set_tcp_frame__struct.h
-- Up-to-date symlink: /home/wtr/programs/cpp/ros2/jaka/src/install/jaka_msgs/include/jaka_msgs/jaka_msgs/srv/detail/set_tcp_frame__type_support.h
-- Up-to-date symlink: /home/wtr/programs/cpp/ros2/jaka/src/install/jaka_msgs/include/jaka_msgs/jaka_msgs/srv/detail/set_user_frame__functions.h
-- Up-to-date symlink: /home/wtr/programs/cpp/ros2/jaka/src/install/jaka_msgs/include/jaka_msgs/jaka_msgs/srv/detail/set_user_frame__struct.h
-- Up-to-date symlink: /home/wtr/programs/cpp/ros2/jaka/src/install/jaka_msgs/include/jaka_msgs/jaka_msgs/srv/detail/set_user_frame__type_support.h
-- Up-to-date symlink: /home/wtr/programs/cpp/ros2/jaka/src/install/jaka_msgs/include/jaka_msgs/jaka_msgs/srv/get_fk.h
-- Up-to-date symlink: /home/wtr/programs/cpp/ros2/jaka/src/install/jaka_msgs/include/jaka_msgs/jaka_msgs/srv/get_ik.h
-- Up-to-date symlink: /home/wtr/programs/cpp/ros2/jaka/src/install/jaka_msgs/include/jaka_msgs/jaka_msgs/srv/get_io.h
-- Up-to-date symlink: /home/wtr/programs/cpp/ros2/jaka/src/install/jaka_msgs/include/jaka_msgs/jaka_msgs/srv/move.h
-- Up-to-date symlink: /home/wtr/programs/cpp/ros2/jaka/src/install/jaka_msgs/include/jaka_msgs/jaka_msgs/srv/servo_move.h
-- Up-to-date symlink: /home/wtr/programs/cpp/ros2/jaka/src/install/jaka_msgs/include/jaka_msgs/jaka_msgs/srv/servo_move_enable.h
-- Up-to-date symlink: /home/wtr/programs/cpp/ros2/jaka/src/install/jaka_msgs/include/jaka_msgs/jaka_msgs/srv/set_collision.h
-- Up-to-date symlink: /home/wtr/programs/cpp/ros2/jaka/src/install/jaka_msgs/include/jaka_msgs/jaka_msgs/srv/set_io.h
-- Up-to-date symlink: /home/wtr/programs/cpp/ros2/jaka/src/install/jaka_msgs/include/jaka_msgs/jaka_msgs/srv/set_payload.h
-- Up-to-date symlink: /home/wtr/programs/cpp/ros2/jaka/src/install/jaka_msgs/include/jaka_msgs/jaka_msgs/srv/set_tcp_frame.h
-- Up-to-date symlink: /home/wtr/programs/cpp/ros2/jaka/src/install/jaka_msgs/include/jaka_msgs/jaka_msgs/srv/set_user_frame.h
-- Up-to-date symlink: /home/wtr/programs/cpp/ros2/jaka/src/install/jaka_msgs/share/jaka_msgs/environment/library_path.sh
-- Up-to-date symlink: /home/wtr/programs/cpp/ros2/jaka/src/install/jaka_msgs/share/jaka_msgs/environment/library_path.dsv
-- Up-to-date symlink: /home/wtr/programs/cpp/ros2/jaka/src/install/jaka_msgs/include/jaka_msgs/jaka_msgs/msg/detail/robot_msg__rosidl_typesupport_fastrtps_c.h
-- Up-to-date symlink: /home/wtr/programs/cpp/ros2/jaka/src/install/jaka_msgs/include/jaka_msgs/jaka_msgs/msg/rosidl_typesupport_fastrtps_c__visibility_control.h
-- Up-to-date symlink: /home/wtr/programs/cpp/ros2/jaka/src/install/jaka_msgs/include/jaka_msgs/jaka_msgs/srv/detail/clear_error__rosidl_typesupport_fastrtps_c.h
-- Up-to-date symlink: /home/wtr/programs/cpp/ros2/jaka/src/install/jaka_msgs/include/jaka_msgs/jaka_msgs/srv/detail/get_fk__rosidl_typesupport_fastrtps_c.h
-- Up-to-date symlink: /home/wtr/programs/cpp/ros2/jaka/src/install/jaka_msgs/include/jaka_msgs/jaka_msgs/srv/detail/get_ik__rosidl_typesupport_fastrtps_c.h
-- Up-to-date symlink: /home/wtr/programs/cpp/ros2/jaka/src/install/jaka_msgs/include/jaka_msgs/jaka_msgs/srv/detail/get_io__rosidl_typesupport_fastrtps_c.h
-- Up-to-date symlink: /home/wtr/programs/cpp/ros2/jaka/src/install/jaka_msgs/include/jaka_msgs/jaka_msgs/srv/detail/move__rosidl_typesupport_fastrtps_c.h
-- Up-to-date symlink: /home/wtr/programs/cpp/ros2/jaka/src/install/jaka_msgs/include/jaka_msgs/jaka_msgs/srv/detail/servo_move__rosidl_typesupport_fastrtps_c.h
-- Up-to-date symlink: /home/wtr/programs/cpp/ros2/jaka/src/install/jaka_msgs/include/jaka_msgs/jaka_msgs/srv/detail/servo_move_enable__rosidl_typesupport_fastrtps_c.h
-- Up-to-date symlink: /home/wtr/programs/cpp/ros2/jaka/src/install/jaka_msgs/include/jaka_msgs/jaka_msgs/srv/detail/set_collision__rosidl_typesupport_fastrtps_c.h
-- Up-to-date symlink: /home/wtr/programs/cpp/ros2/jaka/src/install/jaka_msgs/include/jaka_msgs/jaka_msgs/srv/detail/set_io__rosidl_typesupport_fastrtps_c.h
-- Up-to-date symlink: /home/wtr/programs/cpp/ros2/jaka/src/install/jaka_msgs/include/jaka_msgs/jaka_msgs/srv/detail/set_payload__rosidl_typesupport_fastrtps_c.h
-- Up-to-date symlink: /home/wtr/programs/cpp/ros2/jaka/src/install/jaka_msgs/include/jaka_msgs/jaka_msgs/srv/detail/set_tcp_frame__rosidl_typesupport_fastrtps_c.h
-- Up-to-date symlink: /home/wtr/programs/cpp/ros2/jaka/src/install/jaka_msgs/include/jaka_msgs/jaka_msgs/srv/detail/set_user_frame__rosidl_typesupport_fastrtps_c.h
-- Up-to-date symlink: /home/wtr/programs/cpp/ros2/jaka/src/install/jaka_msgs/include/jaka_msgs/jaka_msgs/msg/detail/robot_msg__rosidl_typesupport_introspection_c.h
-- Up-to-date symlink: /home/wtr/programs/cpp/ros2/jaka/src/install/jaka_msgs/include/jaka_msgs/jaka_msgs/msg/rosidl_typesupport_introspection_c__visibility_control.h
-- Up-to-date symlink: /home/wtr/programs/cpp/ros2/jaka/src/install/jaka_msgs/include/jaka_msgs/jaka_msgs/srv/detail/clear_error__rosidl_typesupport_introspection_c.h
-- Up-to-date symlink: /home/wtr/programs/cpp/ros2/jaka/src/install/jaka_msgs/include/jaka_msgs/jaka_msgs/srv/detail/get_fk__rosidl_typesupport_introspection_c.h
-- Up-to-date symlink: /home/wtr/programs/cpp/ros2/jaka/src/install/jaka_msgs/include/jaka_msgs/jaka_msgs/srv/detail/get_ik__rosidl_typesupport_introspection_c.h
-- Up-to-date symlink: /home/wtr/programs/cpp/ros2/jaka/src/install/jaka_msgs/include/jaka_msgs/jaka_msgs/srv/detail/get_io__rosidl_typesupport_introspection_c.h
-- Up-to-date symlink: /home/wtr/programs/cpp/ros2/jaka/src/install/jaka_msgs/include/jaka_msgs/jaka_msgs/srv/detail/move__rosidl_typesupport_introspection_c.h
-- Up-to-date symlink: /home/wtr/programs/cpp/ros2/jaka/src/install/jaka_msgs/include/jaka_msgs/jaka_msgs/srv/detail/servo_move__rosidl_typesupport_introspection_c.h
-- Up-to-date symlink: /home/wtr/programs/cpp/ros2/jaka/src/install/jaka_msgs/include/jaka_msgs/jaka_msgs/srv/detail/servo_move_enable__rosidl_typesupport_introspection_c.h
-- Up-to-date symlink: /home/wtr/programs/cpp/ros2/jaka/src/install/jaka_msgs/include/jaka_msgs/jaka_msgs/srv/detail/set_collision__rosidl_typesupport_introspection_c.h
-- Up-to-date symlink: /home/wtr/programs/cpp/ros2/jaka/src/install/jaka_msgs/include/jaka_msgs/jaka_msgs/srv/detail/set_io__rosidl_typesupport_introspection_c.h
-- Up-to-date symlink: /home/wtr/programs/cpp/ros2/jaka/src/install/jaka_msgs/include/jaka_msgs/jaka_msgs/srv/detail/set_payload__rosidl_typesupport_introspection_c.h
-- Up-to-date symlink: /home/wtr/programs/cpp/ros2/jaka/src/install/jaka_msgs/include/jaka_msgs/jaka_msgs/srv/detail/set_tcp_frame__rosidl_typesupport_introspection_c.h
-- Up-to-date symlink: /home/wtr/programs/cpp/ros2/jaka/src/install/jaka_msgs/include/jaka_msgs/jaka_msgs/srv/detail/set_user_frame__rosidl_typesupport_introspection_c.h
-- Up-to-date symlink: /home/wtr/programs/cpp/ros2/jaka/src/install/jaka_msgs/include/jaka_msgs/jaka_msgs/msg/detail/robot_msg__builder.hpp
-- Up-to-date symlink: /home/wtr/programs/cpp/ros2/jaka/src/install/jaka_msgs/include/jaka_msgs/jaka_msgs/msg/detail/robot_msg__struct.hpp
-- Up-to-date symlink: /home/wtr/programs/cpp/ros2/jaka/src/install/jaka_msgs/include/jaka_msgs/jaka_msgs/msg/detail/robot_msg__traits.hpp
-- Up-to-date symlink: /home/wtr/programs/cpp/ros2/jaka/src/install/jaka_msgs/include/jaka_msgs/jaka_msgs/msg/detail/robot_msg__type_support.hpp
-- Up-to-date symlink: /home/wtr/programs/cpp/ros2/jaka/src/install/jaka_msgs/include/jaka_msgs/jaka_msgs/msg/robot_msg.hpp
-- Up-to-date symlink: /home/wtr/programs/cpp/ros2/jaka/src/install/jaka_msgs/include/jaka_msgs/jaka_msgs/msg/rosidl_generator_cpp__visibility_control.hpp
-- Up-to-date symlink: /home/wtr/programs/cpp/ros2/jaka/src/install/jaka_msgs/include/jaka_msgs/jaka_msgs/srv/clear_error.hpp
-- Up-to-date symlink: /home/wtr/programs/cpp/ros2/jaka/src/install/jaka_msgs/include/jaka_msgs/jaka_msgs/srv/detail/clear_error__builder.hpp
-- Up-to-date symlink: /home/wtr/programs/cpp/ros2/jaka/src/install/jaka_msgs/include/jaka_msgs/jaka_msgs/srv/detail/clear_error__struct.hpp
-- Up-to-date symlink: /home/wtr/programs/cpp/ros2/jaka/src/install/jaka_msgs/include/jaka_msgs/jaka_msgs/srv/detail/clear_error__traits.hpp
-- Up-to-date symlink: /home/wtr/programs/cpp/ros2/jaka/src/install/jaka_msgs/include/jaka_msgs/jaka_msgs/srv/detail/clear_error__type_support.hpp
-- Up-to-date symlink: /home/wtr/programs/cpp/ros2/jaka/src/install/jaka_msgs/include/jaka_msgs/jaka_msgs/srv/detail/get_fk__builder.hpp
-- Up-to-date symlink: /home/wtr/programs/cpp/ros2/jaka/src/install/jaka_msgs/include/jaka_msgs/jaka_msgs/srv/detail/get_fk__struct.hpp
-- Up-to-date symlink: /home/wtr/programs/cpp/ros2/jaka/src/install/jaka_msgs/include/jaka_msgs/jaka_msgs/srv/detail/get_fk__traits.hpp
-- Up-to-date symlink: /home/wtr/programs/cpp/ros2/jaka/src/install/jaka_msgs/include/jaka_msgs/jaka_msgs/srv/detail/get_fk__type_support.hpp
-- Up-to-date symlink: /home/wtr/programs/cpp/ros2/jaka/src/install/jaka_msgs/include/jaka_msgs/jaka_msgs/srv/detail/get_ik__builder.hpp
-- Up-to-date symlink: /home/wtr/programs/cpp/ros2/jaka/src/install/jaka_msgs/include/jaka_msgs/jaka_msgs/srv/detail/get_ik__struct.hpp
-- Up-to-date symlink: /home/wtr/programs/cpp/ros2/jaka/src/install/jaka_msgs/include/jaka_msgs/jaka_msgs/srv/detail/get_ik__traits.hpp
-- Up-to-date symlink: /home/wtr/programs/cpp/ros2/jaka/src/install/jaka_msgs/include/jaka_msgs/jaka_msgs/srv/detail/get_ik__type_support.hpp
-- Up-to-date symlink: /home/wtr/programs/cpp/ros2/jaka/src/install/jaka_msgs/include/jaka_msgs/jaka_msgs/srv/detail/get_io__builder.hpp
-- Up-to-date symlink: /home/wtr/programs/cpp/ros2/jaka/src/install/jaka_msgs/include/jaka_msgs/jaka_msgs/srv/detail/get_io__struct.hpp
-- Up-to-date symlink: /home/wtr/programs/cpp/ros2/jaka/src/install/jaka_msgs/include/jaka_msgs/jaka_msgs/srv/detail/get_io__traits.hpp
-- Up-to-date symlink: /home/wtr/programs/cpp/ros2/jaka/src/install/jaka_msgs/include/jaka_msgs/jaka_msgs/srv/detail/get_io__type_support.hpp
-- Up-to-date symlink: /home/wtr/programs/cpp/ros2/jaka/src/install/jaka_msgs/include/jaka_msgs/jaka_msgs/srv/detail/move__builder.hpp
-- Up-to-date symlink: /home/wtr/programs/cpp/ros2/jaka/src/install/jaka_msgs/include/jaka_msgs/jaka_msgs/srv/detail/move__struct.hpp
-- Up-to-date symlink: /home/wtr/programs/cpp/ros2/jaka/src/install/jaka_msgs/include/jaka_msgs/jaka_msgs/srv/detail/move__traits.hpp
-- Up-to-date symlink: /home/wtr/programs/cpp/ros2/jaka/src/install/jaka_msgs/include/jaka_msgs/jaka_msgs/srv/detail/move__type_support.hpp
-- Up-to-date symlink: /home/wtr/programs/cpp/ros2/jaka/src/install/jaka_msgs/include/jaka_msgs/jaka_msgs/srv/detail/servo_move__builder.hpp
-- Up-to-date symlink: /home/wtr/programs/cpp/ros2/jaka/src/install/jaka_msgs/include/jaka_msgs/jaka_msgs/srv/detail/servo_move__struct.hpp
-- Up-to-date symlink: /home/wtr/programs/cpp/ros2/jaka/src/install/jaka_msgs/include/jaka_msgs/jaka_msgs/srv/detail/servo_move__traits.hpp
-- Up-to-date symlink: /home/wtr/programs/cpp/ros2/jaka/src/install/jaka_msgs/include/jaka_msgs/jaka_msgs/srv/detail/servo_move__type_support.hpp
-- Up-to-date symlink: /home/wtr/programs/cpp/ros2/jaka/src/install/jaka_msgs/include/jaka_msgs/jaka_msgs/srv/detail/servo_move_enable__builder.hpp
-- Up-to-date symlink: /home/wtr/programs/cpp/ros2/jaka/src/install/jaka_msgs/include/jaka_msgs/jaka_msgs/srv/detail/servo_move_enable__struct.hpp
-- Up-to-date symlink: /home/wtr/programs/cpp/ros2/jaka/src/install/jaka_msgs/include/jaka_msgs/jaka_msgs/srv/detail/servo_move_enable__traits.hpp
-- Up-to-date symlink: /home/wtr/programs/cpp/ros2/jaka/src/install/jaka_msgs/include/jaka_msgs/jaka_msgs/srv/detail/servo_move_enable__type_support.hpp
-- Up-to-date symlink: /home/wtr/programs/cpp/ros2/jaka/src/install/jaka_msgs/include/jaka_msgs/jaka_msgs/srv/detail/set_collision__builder.hpp
-- Up-to-date symlink: /home/wtr/programs/cpp/ros2/jaka/src/install/jaka_msgs/include/jaka_msgs/jaka_msgs/srv/detail/set_collision__struct.hpp
-- Up-to-date symlink: /home/wtr/programs/cpp/ros2/jaka/src/install/jaka_msgs/include/jaka_msgs/jaka_msgs/srv/detail/set_collision__traits.hpp
-- Up-to-date symlink: /home/wtr/programs/cpp/ros2/jaka/src/install/jaka_msgs/include/jaka_msgs/jaka_msgs/srv/detail/set_collision__type_support.hpp
-- Up-to-date symlink: /home/wtr/programs/cpp/ros2/jaka/src/install/jaka_msgs/include/jaka_msgs/jaka_msgs/srv/detail/set_io__builder.hpp
-- Up-to-date symlink: /home/wtr/programs/cpp/ros2/jaka/src/install/jaka_msgs/include/jaka_msgs/jaka_msgs/srv/detail/set_io__struct.hpp
-- Up-to-date symlink: /home/wtr/programs/cpp/ros2/jaka/src/install/jaka_msgs/include/jaka_msgs/jaka_msgs/srv/detail/set_io__traits.hpp
-- Up-to-date symlink: /home/wtr/programs/cpp/ros2/jaka/src/install/jaka_msgs/include/jaka_msgs/jaka_msgs/srv/detail/set_io__type_support.hpp
-- Up-to-date symlink: /home/wtr/programs/cpp/ros2/jaka/src/install/jaka_msgs/include/jaka_msgs/jaka_msgs/srv/detail/set_payload__builder.hpp
-- Up-to-date symlink: /home/wtr/programs/cpp/ros2/jaka/src/install/jaka_msgs/include/jaka_msgs/jaka_msgs/srv/detail/set_payload__struct.hpp
-- Up-to-date symlink: /home/wtr/programs/cpp/ros2/jaka/src/install/jaka_msgs/include/jaka_msgs/jaka_msgs/srv/detail/set_payload__traits.hpp
-- Up-to-date symlink: /home/wtr/programs/cpp/ros2/jaka/src/install/jaka_msgs/include/jaka_msgs/jaka_msgs/srv/detail/set_payload__type_support.hpp
-- Up-to-date symlink: /home/wtr/programs/cpp/ros2/jaka/src/install/jaka_msgs/include/jaka_msgs/jaka_msgs/srv/detail/set_tcp_frame__builder.hpp
-- Up-to-date symlink: /home/wtr/programs/cpp/ros2/jaka/src/install/jaka_msgs/include/jaka_msgs/jaka_msgs/srv/detail/set_tcp_frame__struct.hpp
-- Up-to-date symlink: /home/wtr/programs/cpp/ros2/jaka/src/install/jaka_msgs/include/jaka_msgs/jaka_msgs/srv/detail/set_tcp_frame__traits.hpp
-- Up-to-date symlink: /home/wtr/programs/cpp/ros2/jaka/src/install/jaka_msgs/include/jaka_msgs/jaka_msgs/srv/detail/set_tcp_frame__type_support.hpp
-- Up-to-date symlink: /home/wtr/programs/cpp/ros2/jaka/src/install/jaka_msgs/include/jaka_msgs/jaka_msgs/srv/detail/set_user_frame__builder.hpp
-- Up-to-date symlink: /home/wtr/programs/cpp/ros2/jaka/src/install/jaka_msgs/include/jaka_msgs/jaka_msgs/srv/detail/set_user_frame__struct.hpp
-- Up-to-date symlink: /home/wtr/programs/cpp/ros2/jaka/src/install/jaka_msgs/include/jaka_msgs/jaka_msgs/srv/detail/set_user_frame__traits.hpp
-- Up-to-date symlink: /home/wtr/programs/cpp/ros2/jaka/src/install/jaka_msgs/include/jaka_msgs/jaka_msgs/srv/detail/set_user_frame__type_support.hpp
-- Up-to-date symlink: /home/wtr/programs/cpp/ros2/jaka/src/install/jaka_msgs/include/jaka_msgs/jaka_msgs/srv/get_fk.hpp
-- Up-to-date symlink: /home/wtr/programs/cpp/ros2/jaka/src/install/jaka_msgs/include/jaka_msgs/jaka_msgs/srv/get_ik.hpp
-- Up-to-date symlink: /home/wtr/programs/cpp/ros2/jaka/src/install/jaka_msgs/include/jaka_msgs/jaka_msgs/srv/get_io.hpp
-- Up-to-date symlink: /home/wtr/programs/cpp/ros2/jaka/src/install/jaka_msgs/include/jaka_msgs/jaka_msgs/srv/move.hpp
-- Up-to-date symlink: /home/wtr/programs/cpp/ros2/jaka/src/install/jaka_msgs/include/jaka_msgs/jaka_msgs/srv/servo_move.hpp
-- Up-to-date symlink: /home/wtr/programs/cpp/ros2/jaka/src/install/jaka_msgs/include/jaka_msgs/jaka_msgs/srv/servo_move_enable.hpp
-- Up-to-date symlink: /home/wtr/programs/cpp/ros2/jaka/src/install/jaka_msgs/include/jaka_msgs/jaka_msgs/srv/set_collision.hpp
-- Up-to-date symlink: /home/wtr/programs/cpp/ros2/jaka/src/install/jaka_msgs/include/jaka_msgs/jaka_msgs/srv/set_io.hpp
-- Up-to-date symlink: /home/wtr/programs/cpp/ros2/jaka/src/install/jaka_msgs/include/jaka_msgs/jaka_msgs/srv/set_payload.hpp
-- Up-to-date symlink: /home/wtr/programs/cpp/ros2/jaka/src/install/jaka_msgs/include/jaka_msgs/jaka_msgs/srv/set_tcp_frame.hpp
-- Up-to-date symlink: /home/wtr/programs/cpp/ros2/jaka/src/install/jaka_msgs/include/jaka_msgs/jaka_msgs/srv/set_user_frame.hpp
-- Up-to-date symlink: /home/wtr/programs/cpp/ros2/jaka/src/install/jaka_msgs/include/jaka_msgs/jaka_msgs/msg/detail/robot_msg__rosidl_typesupport_fastrtps_cpp.hpp
-- Up-to-date symlink: /home/wtr/programs/cpp/ros2/jaka/src/install/jaka_msgs/include/jaka_msgs/jaka_msgs/msg/rosidl_typesupport_fastrtps_cpp__visibility_control.h
-- Up-to-date symlink: /home/wtr/programs/cpp/ros2/jaka/src/install/jaka_msgs/include/jaka_msgs/jaka_msgs/srv/detail/clear_error__rosidl_typesupport_fastrtps_cpp.hpp
-- Up-to-date symlink: /home/wtr/programs/cpp/ros2/jaka/src/install/jaka_msgs/include/jaka_msgs/jaka_msgs/srv/detail/get_fk__rosidl_typesupport_fastrtps_cpp.hpp
-- Up-to-date symlink: /home/wtr/programs/cpp/ros2/jaka/src/install/jaka_msgs/include/jaka_msgs/jaka_msgs/srv/detail/get_ik__rosidl_typesupport_fastrtps_cpp.hpp
-- Up-to-date symlink: /home/wtr/programs/cpp/ros2/jaka/src/install/jaka_msgs/include/jaka_msgs/jaka_msgs/srv/detail/get_io__rosidl_typesupport_fastrtps_cpp.hpp
-- Up-to-date symlink: /home/wtr/programs/cpp/ros2/jaka/src/install/jaka_msgs/include/jaka_msgs/jaka_msgs/srv/detail/move__rosidl_typesupport_fastrtps_cpp.hpp
-- Up-to-date symlink: /home/wtr/programs/cpp/ros2/jaka/src/install/jaka_msgs/include/jaka_msgs/jaka_msgs/srv/detail/servo_move__rosidl_typesupport_fastrtps_cpp.hpp
-- Up-to-date symlink: /home/wtr/programs/cpp/ros2/jaka/src/install/jaka_msgs/include/jaka_msgs/jaka_msgs/srv/detail/servo_move_enable__rosidl_typesupport_fastrtps_cpp.hpp
-- Up-to-date symlink: /home/wtr/programs/cpp/ros2/jaka/src/install/jaka_msgs/include/jaka_msgs/jaka_msgs/srv/detail/set_collision__rosidl_typesupport_fastrtps_cpp.hpp
-- Up-to-date symlink: /home/wtr/programs/cpp/ros2/jaka/src/install/jaka_msgs/include/jaka_msgs/jaka_msgs/srv/detail/set_io__rosidl_typesupport_fastrtps_cpp.hpp
-- Up-to-date symlink: /home/wtr/programs/cpp/ros2/jaka/src/install/jaka_msgs/include/jaka_msgs/jaka_msgs/srv/detail/set_payload__rosidl_typesupport_fastrtps_cpp.hpp
-- Up-to-date symlink: /home/wtr/programs/cpp/ros2/jaka/src/install/jaka_msgs/include/jaka_msgs/jaka_msgs/srv/detail/set_tcp_frame__rosidl_typesupport_fastrtps_cpp.hpp
-- Up-to-date symlink: /home/wtr/programs/cpp/ros2/jaka/src/install/jaka_msgs/include/jaka_msgs/jaka_msgs/srv/detail/set_user_frame__rosidl_typesupport_fastrtps_cpp.hpp
-- Up-to-date symlink: /home/wtr/programs/cpp/ros2/jaka/src/install/jaka_msgs/include/jaka_msgs/jaka_msgs/msg/detail/robot_msg__rosidl_typesupport_introspection_cpp.hpp
-- Up-to-date symlink: /home/wtr/programs/cpp/ros2/jaka/src/install/jaka_msgs/include/jaka_msgs/jaka_msgs/srv/detail/clear_error__rosidl_typesupport_introspection_cpp.hpp
-- Up-to-date symlink: /home/wtr/programs/cpp/ros2/jaka/src/install/jaka_msgs/include/jaka_msgs/jaka_msgs/srv/detail/get_fk__rosidl_typesupport_introspection_cpp.hpp
-- Up-to-date symlink: /home/wtr/programs/cpp/ros2/jaka/src/install/jaka_msgs/include/jaka_msgs/jaka_msgs/srv/detail/get_ik__rosidl_typesupport_introspection_cpp.hpp
-- Up-to-date symlink: /home/wtr/programs/cpp/ros2/jaka/src/install/jaka_msgs/include/jaka_msgs/jaka_msgs/srv/detail/get_io__rosidl_typesupport_introspection_cpp.hpp
-- Up-to-date symlink: /home/wtr/programs/cpp/ros2/jaka/src/install/jaka_msgs/include/jaka_msgs/jaka_msgs/srv/detail/move__rosidl_typesupport_introspection_cpp.hpp
-- Up-to-date symlink: /home/wtr/programs/cpp/ros2/jaka/src/install/jaka_msgs/include/jaka_msgs/jaka_msgs/srv/detail/servo_move__rosidl_typesupport_introspection_cpp.hpp
-- Up-to-date symlink: /home/wtr/programs/cpp/ros2/jaka/src/install/jaka_msgs/include/jaka_msgs/jaka_msgs/srv/detail/servo_move_enable__rosidl_typesupport_introspection_cpp.hpp
-- Up-to-date symlink: /home/wtr/programs/cpp/ros2/jaka/src/install/jaka_msgs/include/jaka_msgs/jaka_msgs/srv/detail/set_collision__rosidl_typesupport_introspection_cpp.hpp
-- Up-to-date symlink: /home/wtr/programs/cpp/ros2/jaka/src/install/jaka_msgs/include/jaka_msgs/jaka_msgs/srv/detail/set_io__rosidl_typesupport_introspection_cpp.hpp
-- Up-to-date symlink: /home/wtr/programs/cpp/ros2/jaka/src/install/jaka_msgs/include/jaka_msgs/jaka_msgs/srv/detail/set_payload__rosidl_typesupport_introspection_cpp.hpp
-- Up-to-date symlink: /home/wtr/programs/cpp/ros2/jaka/src/install/jaka_msgs/include/jaka_msgs/jaka_msgs/srv/detail/set_tcp_frame__rosidl_typesupport_introspection_cpp.hpp
-- Up-to-date symlink: /home/wtr/programs/cpp/ros2/jaka/src/install/jaka_msgs/include/jaka_msgs/jaka_msgs/srv/detail/set_user_frame__rosidl_typesupport_introspection_cpp.hpp
-- Up-to-date symlink: /home/wtr/programs/cpp/ros2/jaka/src/install/jaka_msgs/share/jaka_msgs/environment/pythonpath.sh
-- Up-to-date symlink: /home/wtr/programs/cpp/ros2/jaka/src/install/jaka_msgs/share/jaka_msgs/environment/pythonpath.dsv
-- Up-to-date symlink: /home/wtr/programs/cpp/ros2/jaka/src/install/jaka_msgs/local/lib/python3.10/dist-packages/jaka_msgs-0.0.0-py3.10.egg-info/PKG-INFO
-- Up-to-date symlink: /home/wtr/programs/cpp/ros2/jaka/src/install/jaka_msgs/local/lib/python3.10/dist-packages/jaka_msgs-0.0.0-py3.10.egg-info/SOURCES.txt
-- Up-to-date symlink: /home/wtr/programs/cpp/ros2/jaka/src/install/jaka_msgs/local/lib/python3.10/dist-packages/jaka_msgs-0.0.0-py3.10.egg-info/dependency_links.txt
-- Up-to-date symlink: /home/wtr/programs/cpp/ros2/jaka/src/install/jaka_msgs/local/lib/python3.10/dist-packages/jaka_msgs-0.0.0-py3.10.egg-info/top_level.txt
-- Up-to-date symlink: /home/wtr/programs/cpp/ros2/jaka/src/install/jaka_msgs/local/lib/python3.10/dist-packages/jaka_msgs/__init__.py
-- Up-to-date symlink: /home/wtr/programs/cpp/ros2/jaka/src/install/jaka_msgs/local/lib/python3.10/dist-packages/jaka_msgs/_jaka_msgs_s.ep.rosidl_typesupport_c.c
-- Up-to-date symlink: /home/wtr/programs/cpp/ros2/jaka/src/install/jaka_msgs/local/lib/python3.10/dist-packages/jaka_msgs/_jaka_msgs_s.ep.rosidl_typesupport_fastrtps_c.c
-- Up-to-date symlink: /home/wtr/programs/cpp/ros2/jaka/src/install/jaka_msgs/local/lib/python3.10/dist-packages/jaka_msgs/_jaka_msgs_s.ep.rosidl_typesupport_introspection_c.c
-- Up-to-date symlink: /home/wtr/programs/cpp/ros2/jaka/src/install/jaka_msgs/local/lib/python3.10/dist-packages/jaka_msgs/jaka_msgs_s__rosidl_typesupport_c.cpython-310-x86_64-linux-gnu.so
-- Up-to-date symlink: /home/wtr/programs/cpp/ros2/jaka/src/install/jaka_msgs/local/lib/python3.10/dist-packages/jaka_msgs/jaka_msgs_s__rosidl_typesupport_fastrtps_c.cpython-310-x86_64-linux-gnu.so
-- Up-to-date symlink: /home/wtr/programs/cpp/ros2/jaka/src/install/jaka_msgs/local/lib/python3.10/dist-packages/jaka_msgs/jaka_msgs_s__rosidl_typesupport_introspection_c.cpython-310-x86_64-linux-gnu.so
-- Up-to-date symlink: /home/wtr/programs/cpp/ros2/jaka/src/install/jaka_msgs/local/lib/python3.10/dist-packages/jaka_msgs/libjaka_msgs__rosidl_generator_py.so
-- Up-to-date symlink: /home/wtr/programs/cpp/ros2/jaka/src/install/jaka_msgs/local/lib/python3.10/dist-packages/jaka_msgs/msg/__init__.py
-- Up-to-date symlink: /home/wtr/programs/cpp/ros2/jaka/src/install/jaka_msgs/local/lib/python3.10/dist-packages/jaka_msgs/msg/_robot_msg.py
-- Up-to-date symlink: /home/wtr/programs/cpp/ros2/jaka/src/install/jaka_msgs/local/lib/python3.10/dist-packages/jaka_msgs/msg/_robot_msg_s.c
-- Up-to-date symlink: /home/wtr/programs/cpp/ros2/jaka/src/install/jaka_msgs/local/lib/python3.10/dist-packages/jaka_msgs/srv/__init__.py
-- Up-to-date symlink: /home/wtr/programs/cpp/ros2/jaka/src/install/jaka_msgs/local/lib/python3.10/dist-packages/jaka_msgs/srv/_clear_error.py
-- Up-to-date symlink: /home/wtr/programs/cpp/ros2/jaka/src/install/jaka_msgs/local/lib/python3.10/dist-packages/jaka_msgs/srv/_clear_error_s.c
-- Up-to-date symlink: /home/wtr/programs/cpp/ros2/jaka/src/install/jaka_msgs/local/lib/python3.10/dist-packages/jaka_msgs/srv/_get_fk.py
-- Up-to-date symlink: /home/wtr/programs/cpp/ros2/jaka/src/install/jaka_msgs/local/lib/python3.10/dist-packages/jaka_msgs/srv/_get_fk_s.c
-- Up-to-date symlink: /home/wtr/programs/cpp/ros2/jaka/src/install/jaka_msgs/local/lib/python3.10/dist-packages/jaka_msgs/srv/_get_ik.py
-- Up-to-date symlink: /home/wtr/programs/cpp/ros2/jaka/src/install/jaka_msgs/local/lib/python3.10/dist-packages/jaka_msgs/srv/_get_ik_s.c
-- Up-to-date symlink: /home/wtr/programs/cpp/ros2/jaka/src/install/jaka_msgs/local/lib/python3.10/dist-packages/jaka_msgs/srv/_get_io.py
-- Up-to-date symlink: /home/wtr/programs/cpp/ros2/jaka/src/install/jaka_msgs/local/lib/python3.10/dist-packages/jaka_msgs/srv/_get_io_s.c
-- Up-to-date symlink: /home/wtr/programs/cpp/ros2/jaka/src/install/jaka_msgs/local/lib/python3.10/dist-packages/jaka_msgs/srv/_move.py
-- Up-to-date symlink: /home/wtr/programs/cpp/ros2/jaka/src/install/jaka_msgs/local/lib/python3.10/dist-packages/jaka_msgs/srv/_move_s.c
-- Up-to-date symlink: /home/wtr/programs/cpp/ros2/jaka/src/install/jaka_msgs/local/lib/python3.10/dist-packages/jaka_msgs/srv/_servo_move.py
-- Up-to-date symlink: /home/wtr/programs/cpp/ros2/jaka/src/install/jaka_msgs/local/lib/python3.10/dist-packages/jaka_msgs/srv/_servo_move_enable.py
-- Up-to-date symlink: /home/wtr/programs/cpp/ros2/jaka/src/install/jaka_msgs/local/lib/python3.10/dist-packages/jaka_msgs/srv/_servo_move_enable_s.c
-- Up-to-date symlink: /home/wtr/programs/cpp/ros2/jaka/src/install/jaka_msgs/local/lib/python3.10/dist-packages/jaka_msgs/srv/_servo_move_s.c
-- Up-to-date symlink: /home/wtr/programs/cpp/ros2/jaka/src/install/jaka_msgs/local/lib/python3.10/dist-packages/jaka_msgs/srv/_set_collision.py
-- Up-to-date symlink: /home/wtr/programs/cpp/ros2/jaka/src/install/jaka_msgs/local/lib/python3.10/dist-packages/jaka_msgs/srv/_set_collision_s.c
-- Up-to-date symlink: /home/wtr/programs/cpp/ros2/jaka/src/install/jaka_msgs/local/lib/python3.10/dist-packages/jaka_msgs/srv/_set_io.py
-- Up-to-date symlink: /home/wtr/programs/cpp/ros2/jaka/src/install/jaka_msgs/local/lib/python3.10/dist-packages/jaka_msgs/srv/_set_io_s.c
-- Up-to-date symlink: /home/wtr/programs/cpp/ros2/jaka/src/install/jaka_msgs/local/lib/python3.10/dist-packages/jaka_msgs/srv/_set_payload.py
-- Up-to-date symlink: /home/wtr/programs/cpp/ros2/jaka/src/install/jaka_msgs/local/lib/python3.10/dist-packages/jaka_msgs/srv/_set_payload_s.c
-- Up-to-date symlink: /home/wtr/programs/cpp/ros2/jaka/src/install/jaka_msgs/local/lib/python3.10/dist-packages/jaka_msgs/srv/_set_tcp_frame.py
-- Up-to-date symlink: /home/wtr/programs/cpp/ros2/jaka/src/install/jaka_msgs/local/lib/python3.10/dist-packages/jaka_msgs/srv/_set_tcp_frame_s.c
-- Up-to-date symlink: /home/wtr/programs/cpp/ros2/jaka/src/install/jaka_msgs/local/lib/python3.10/dist-packages/jaka_msgs/srv/_set_user_frame.py
-- Up-to-date symlink: /home/wtr/programs/cpp/ros2/jaka/src/install/jaka_msgs/local/lib/python3.10/dist-packages/jaka_msgs/srv/_set_user_frame_s.c
-- Up-to-date symlink: /home/wtr/programs/cpp/ros2/jaka/src/install/jaka_msgs/local/lib/python3.10/dist-packages/jaka_msgs/jaka_msgs_s__rosidl_typesupport_fastrtps_c.cpython-310-x86_64-linux-gnu.so
-- Up-to-date symlink: /home/wtr/programs/cpp/ros2/jaka/src/install/jaka_msgs/local/lib/python3.10/dist-packages/jaka_msgs/jaka_msgs_s__rosidl_typesupport_introspection_c.cpython-310-x86_64-linux-gnu.so
-- Up-to-date symlink: /home/wtr/programs/cpp/ros2/jaka/src/install/jaka_msgs/local/lib/python3.10/dist-packages/jaka_msgs/jaka_msgs_s__rosidl_typesupport_c.cpython-310-x86_64-linux-gnu.so
-- Up-to-date symlink: /home/wtr/programs/cpp/ros2/jaka/src/install/jaka_msgs/share/jaka_msgs/msg/RobotMsg.idl
-- Up-to-date symlink: /home/wtr/programs/cpp/ros2/jaka/src/install/jaka_msgs/share/jaka_msgs/srv/Move.idl
-- Up-to-date symlink: /home/wtr/programs/cpp/ros2/jaka/src/install/jaka_msgs/share/jaka_msgs/srv/ServoMoveEnable.idl
-- Up-to-date symlink: /home/wtr/programs/cpp/ros2/jaka/src/install/jaka_msgs/share/jaka_msgs/srv/ServoMove.idl
-- Up-to-date symlink: /home/wtr/programs/cpp/ros2/jaka/src/install/jaka_msgs/share/jaka_msgs/srv/SetTcpFrame.idl
-- Up-to-date symlink: /home/wtr/programs/cpp/ros2/jaka/src/install/jaka_msgs/share/jaka_msgs/srv/SetUserFrame.idl
-- Up-to-date symlink: /home/wtr/programs/cpp/ros2/jaka/src/install/jaka_msgs/share/jaka_msgs/srv/SetPayload.idl
-- Up-to-date symlink: /home/wtr/programs/cpp/ros2/jaka/src/install/jaka_msgs/share/jaka_msgs/srv/SetCollision.idl
-- Up-to-date symlink: /home/wtr/programs/cpp/ros2/jaka/src/install/jaka_msgs/share/jaka_msgs/srv/SetIO.idl
-- Up-to-date symlink: /home/wtr/programs/cpp/ros2/jaka/src/install/jaka_msgs/share/jaka_msgs/srv/GetIO.idl
-- Up-to-date symlink: /home/wtr/programs/cpp/ros2/jaka/src/install/jaka_msgs/share/jaka_msgs/srv/ClearError.idl
-- Up-to-date symlink: /home/wtr/programs/cpp/ros2/jaka/src/install/jaka_msgs/share/jaka_msgs/srv/GetFK.idl
-- Up-to-date symlink: /home/wtr/programs/cpp/ros2/jaka/src/install/jaka_msgs/share/jaka_msgs/srv/GetIK.idl
-- Up-to-date symlink: /home/wtr/programs/cpp/ros2/jaka/src/install/jaka_msgs/share/jaka_msgs/msg/RobotMsg.msg
-- Up-to-date symlink: /home/wtr/programs/cpp/ros2/jaka/src/install/jaka_msgs/share/jaka_msgs/srv/Move.srv
-- Up-to-date symlink: /home/wtr/programs/cpp/ros2/jaka/src/install/jaka_msgs/share/jaka_msgs/srv/Move_Request.msg
-- Up-to-date symlink: /home/wtr/programs/cpp/ros2/jaka/src/install/jaka_msgs/share/jaka_msgs/srv/Move_Response.msg
-- Up-to-date symlink: /home/wtr/programs/cpp/ros2/jaka/src/install/jaka_msgs/share/jaka_msgs/srv/ServoMoveEnable.srv
-- Up-to-date symlink: /home/wtr/programs/cpp/ros2/jaka/src/install/jaka_msgs/share/jaka_msgs/srv/ServoMoveEnable_Request.msg
-- Up-to-date symlink: /home/wtr/programs/cpp/ros2/jaka/src/install/jaka_msgs/share/jaka_msgs/srv/ServoMoveEnable_Response.msg
-- Up-to-date symlink: /home/wtr/programs/cpp/ros2/jaka/src/install/jaka_msgs/share/jaka_msgs/srv/ServoMove.srv
-- Up-to-date symlink: /home/wtr/programs/cpp/ros2/jaka/src/install/jaka_msgs/share/jaka_msgs/srv/ServoMove_Request.msg
-- Up-to-date symlink: /home/wtr/programs/cpp/ros2/jaka/src/install/jaka_msgs/share/jaka_msgs/srv/ServoMove_Response.msg
-- Up-to-date symlink: /home/wtr/programs/cpp/ros2/jaka/src/install/jaka_msgs/share/jaka_msgs/srv/SetTcpFrame.srv
-- Up-to-date symlink: /home/wtr/programs/cpp/ros2/jaka/src/install/jaka_msgs/share/jaka_msgs/srv/SetTcpFrame_Request.msg
-- Up-to-date symlink: /home/wtr/programs/cpp/ros2/jaka/src/install/jaka_msgs/share/jaka_msgs/srv/SetTcpFrame_Response.msg
-- Up-to-date symlink: /home/wtr/programs/cpp/ros2/jaka/src/install/jaka_msgs/share/jaka_msgs/srv/SetUserFrame.srv
-- Up-to-date symlink: /home/wtr/programs/cpp/ros2/jaka/src/install/jaka_msgs/share/jaka_msgs/srv/SetUserFrame_Request.msg
-- Up-to-date symlink: /home/wtr/programs/cpp/ros2/jaka/src/install/jaka_msgs/share/jaka_msgs/srv/SetUserFrame_Response.msg
-- Up-to-date symlink: /home/wtr/programs/cpp/ros2/jaka/src/install/jaka_msgs/share/jaka_msgs/srv/SetPayload.srv
-- Up-to-date symlink: /home/wtr/programs/cpp/ros2/jaka/src/install/jaka_msgs/share/jaka_msgs/srv/SetPayload_Request.msg
-- Up-to-date symlink: /home/wtr/programs/cpp/ros2/jaka/src/install/jaka_msgs/share/jaka_msgs/srv/SetPayload_Response.msg
-- Up-to-date symlink: /home/wtr/programs/cpp/ros2/jaka/src/install/jaka_msgs/share/jaka_msgs/srv/SetCollision.srv
-- Up-to-date symlink: /home/wtr/programs/cpp/ros2/jaka/src/install/jaka_msgs/share/jaka_msgs/srv/SetCollision_Request.msg
-- Up-to-date symlink: /home/wtr/programs/cpp/ros2/jaka/src/install/jaka_msgs/share/jaka_msgs/srv/SetCollision_Response.msg
-- Up-to-date symlink: /home/wtr/programs/cpp/ros2/jaka/src/install/jaka_msgs/share/jaka_msgs/srv/SetIO.srv
-- Up-to-date symlink: /home/wtr/programs/cpp/ros2/jaka/src/install/jaka_msgs/share/jaka_msgs/srv/SetIO_Request.msg
-- Up-to-date symlink: /home/wtr/programs/cpp/ros2/jaka/src/install/jaka_msgs/share/jaka_msgs/srv/SetIO_Response.msg
-- Up-to-date symlink: /home/wtr/programs/cpp/ros2/jaka/src/install/jaka_msgs/share/jaka_msgs/srv/GetIO.srv
-- Up-to-date symlink: /home/wtr/programs/cpp/ros2/jaka/src/install/jaka_msgs/share/jaka_msgs/srv/GetIO_Request.msg
-- Up-to-date symlink: /home/wtr/programs/cpp/ros2/jaka/src/install/jaka_msgs/share/jaka_msgs/srv/GetIO_Response.msg
-- Up-to-date symlink: /home/wtr/programs/cpp/ros2/jaka/src/install/jaka_msgs/share/jaka_msgs/srv/ClearError.srv
-- Up-to-date symlink: /home/wtr/programs/cpp/ros2/jaka/src/install/jaka_msgs/share/jaka_msgs/srv/ClearError_Request.msg
-- Up-to-date symlink: /home/wtr/programs/cpp/ros2/jaka/src/install/jaka_msgs/share/jaka_msgs/srv/ClearError_Response.msg
-- Up-to-date symlink: /home/wtr/programs/cpp/ros2/jaka/src/install/jaka_msgs/share/jaka_msgs/srv/GetFK.srv
-- Up-to-date symlink: /home/wtr/programs/cpp/ros2/jaka/src/install/jaka_msgs/share/jaka_msgs/srv/GetFK_Request.msg
-- Up-to-date symlink: /home/wtr/programs/cpp/ros2/jaka/src/install/jaka_msgs/share/jaka_msgs/srv/GetFK_Response.msg
-- Up-to-date symlink: /home/wtr/programs/cpp/ros2/jaka/src/install/jaka_msgs/share/jaka_msgs/srv/GetIK.srv
-- Up-to-date symlink: /home/wtr/programs/cpp/ros2/jaka/src/install/jaka_msgs/share/jaka_msgs/srv/GetIK_Request.msg
-- Up-to-date symlink: /home/wtr/programs/cpp/ros2/jaka/src/install/jaka_msgs/share/jaka_msgs/srv/GetIK_Response.msg
-- Up-to-date symlink: /home/wtr/programs/cpp/ros2/jaka/src/install/jaka_msgs/share/ament_index/resource_index/package_run_dependencies/jaka_msgs
-- Up-to-date symlink: /home/wtr/programs/cpp/ros2/jaka/src/install/jaka_msgs/share/ament_index/resource_index/parent_prefix_path/jaka_msgs
-- Up-to-date symlink: /home/wtr/programs/cpp/ros2/jaka/src/install/jaka_msgs/share/jaka_msgs/environment/ament_prefix_path.sh
-- Up-to-date symlink: /home/wtr/programs/cpp/ros2/jaka/src/install/jaka_msgs/share/jaka_msgs/environment/ament_prefix_path.dsv
-- Up-to-date symlink: /home/wtr/programs/cpp/ros2/jaka/src/install/jaka_msgs/share/jaka_msgs/environment/path.sh
-- Up-to-date symlink: /home/wtr/programs/cpp/ros2/jaka/src/install/jaka_msgs/share/jaka_msgs/environment/path.dsv
-- Up-to-date symlink: /home/wtr/programs/cpp/ros2/jaka/src/install/jaka_msgs/share/jaka_msgs/local_setup.bash
-- Up-to-date symlink: /home/wtr/programs/cpp/ros2/jaka/src/install/jaka_msgs/share/jaka_msgs/local_setup.sh
-- Up-to-date symlink: /home/wtr/programs/cpp/ros2/jaka/src/install/jaka_msgs/share/jaka_msgs/local_setup.zsh
-- Up-to-date symlink: /home/wtr/programs/cpp/ros2/jaka/src/install/jaka_msgs/share/jaka_msgs/local_setup.dsv
-- Symlinking: /home/wtr/programs/cpp/ros2/jaka/src/install/jaka_msgs/share/jaka_msgs/package.dsv
-- Up-to-date symlink: /home/wtr/programs/cpp/ros2/jaka/src/install/jaka_msgs/share/ament_index/resource_index/packages/jaka_msgs
-- Up-to-date symlink: /home/wtr/programs/cpp/ros2/jaka/src/install/jaka_msgs/share/jaka_msgs/cmake/rosidl_cmake-extras.cmake
-- Up-to-date symlink: /home/wtr/programs/cpp/ros2/jaka/src/install/jaka_msgs/share/jaka_msgs/cmake/ament_cmake_export_dependencies-extras.cmake
-- Up-to-date symlink: /home/wtr/programs/cpp/ros2/jaka/src/install/jaka_msgs/share/jaka_msgs/cmake/ament_cmake_export_include_directories-extras.cmake
-- Up-to-date symlink: /home/wtr/programs/cpp/ros2/jaka/src/install/jaka_msgs/share/jaka_msgs/cmake/ament_cmake_export_libraries-extras.cmake
-- Up-to-date symlink: /home/wtr/programs/cpp/ros2/jaka/src/install/jaka_msgs/share/jaka_msgs/cmake/ament_cmake_export_targets-extras.cmake
-- Up-to-date symlink: /home/wtr/programs/cpp/ros2/jaka/src/install/jaka_msgs/share/jaka_msgs/cmake/rosidl_cmake_export_typesupport_targets-extras.cmake
-- Up-to-date symlink: /home/wtr/programs/cpp/ros2/jaka/src/install/jaka_msgs/share/jaka_msgs/cmake/rosidl_cmake_export_typesupport_libraries-extras.cmake
-- Up-to-date symlink: /home/wtr/programs/cpp/ros2/jaka/src/install/jaka_msgs/share/jaka_msgs/cmake/jaka_msgsConfig.cmake
-- Up-to-date symlink: /home/wtr/programs/cpp/ros2/jaka/src/install/jaka_msgs/share/jaka_msgs/cmake/jaka_msgsConfig-version.cmake
-- Up-to-date symlink: /home/wtr/programs/cpp/ros2/jaka/src/install/jaka_msgs/share/jaka_msgs/package.xml
-- Up-to-date: /home/wtr/programs/cpp/ros2/jaka/src/install/jaka_msgs/lib/libjaka_msgs__rosidl_generator_c.so
-- Up-to-date: /home/wtr/programs/cpp/ros2/jaka/src/install/jaka_msgs/lib/libjaka_msgs__rosidl_typesupport_fastrtps_c.so
-- Up-to-date: /home/wtr/programs/cpp/ros2/jaka/src/install/jaka_msgs/lib/libjaka_msgs__rosidl_typesupport_introspection_c.so
-- Up-to-date: /home/wtr/programs/cpp/ros2/jaka/src/install/jaka_msgs/lib/libjaka_msgs__rosidl_typesupport_c.so
-- Up-to-date: /home/wtr/programs/cpp/ros2/jaka/src/install/jaka_msgs/lib/libjaka_msgs__rosidl_typesupport_fastrtps_cpp.so
-- Up-to-date: /home/wtr/programs/cpp/ros2/jaka/src/install/jaka_msgs/lib/libjaka_msgs__rosidl_typesupport_introspection_cpp.so
-- Up-to-date: /home/wtr/programs/cpp/ros2/jaka/src/install/jaka_msgs/lib/libjaka_msgs__rosidl_typesupport_cpp.so
Listing '/home/wtr/programs/cpp/ros2/jaka/src/install/jaka_msgs/local/lib/python3.10/dist-packages/jaka_msgs'...
Listing '/home/wtr/programs/cpp/ros2/jaka/src/install/jaka_msgs/local/lib/python3.10/dist-packages/jaka_msgs/msg'...
Listing '/home/wtr/programs/cpp/ros2/jaka/src/install/jaka_msgs/local/lib/python3.10/dist-packages/jaka_msgs/srv'...
-- Up-to-date: /home/wtr/programs/cpp/ros2/jaka/src/install/jaka_msgs/lib/libjaka_msgs__rosidl_generator_py.so
-- Up-to-date: /home/wtr/programs/cpp/ros2/jaka/src/install/jaka_msgs/share/jaka_msgs/cmake/export_jaka_msgs__rosidl_generator_cExport.cmake
-- Up-to-date: /home/wtr/programs/cpp/ros2/jaka/src/install/jaka_msgs/share/jaka_msgs/cmake/export_jaka_msgs__rosidl_generator_cExport-noconfig.cmake
-- Up-to-date: /home/wtr/programs/cpp/ros2/jaka/src/install/jaka_msgs/share/jaka_msgs/cmake/export_jaka_msgs__rosidl_typesupport_fastrtps_cExport.cmake
-- Up-to-date: /home/wtr/programs/cpp/ros2/jaka/src/install/jaka_msgs/share/jaka_msgs/cmake/export_jaka_msgs__rosidl_typesupport_fastrtps_cExport-noconfig.cmake
-- Up-to-date: /home/wtr/programs/cpp/ros2/jaka/src/install/jaka_msgs/share/jaka_msgs/cmake/jaka_msgs__rosidl_typesupport_introspection_cExport.cmake
-- Up-to-date: /home/wtr/programs/cpp/ros2/jaka/src/install/jaka_msgs/share/jaka_msgs/cmake/jaka_msgs__rosidl_typesupport_introspection_cExport-noconfig.cmake
-- Up-to-date: /home/wtr/programs/cpp/ros2/jaka/src/install/jaka_msgs/share/jaka_msgs/cmake/jaka_msgs__rosidl_typesupport_cExport.cmake
-- Up-to-date: /home/wtr/programs/cpp/ros2/jaka/src/install/jaka_msgs/share/jaka_msgs/cmake/jaka_msgs__rosidl_typesupport_cExport-noconfig.cmake
-- Up-to-date: /home/wtr/programs/cpp/ros2/jaka/src/install/jaka_msgs/share/jaka_msgs/cmake/export_jaka_msgs__rosidl_generator_cppExport.cmake
-- Up-to-date: /home/wtr/programs/cpp/ros2/jaka/src/install/jaka_msgs/share/jaka_msgs/cmake/export_jaka_msgs__rosidl_typesupport_fastrtps_cppExport.cmake
-- Up-to-date: /home/wtr/programs/cpp/ros2/jaka/src/install/jaka_msgs/share/jaka_msgs/cmake/export_jaka_msgs__rosidl_typesupport_fastrtps_cppExport-noconfig.cmake
-- Up-to-date: /home/wtr/programs/cpp/ros2/jaka/src/install/jaka_msgs/share/jaka_msgs/cmake/jaka_msgs__rosidl_typesupport_introspection_cppExport.cmake
-- Up-to-date: /home/wtr/programs/cpp/ros2/jaka/src/install/jaka_msgs/share/jaka_msgs/cmake/jaka_msgs__rosidl_typesupport_introspection_cppExport-noconfig.cmake
-- Up-to-date: /home/wtr/programs/cpp/ros2/jaka/src/install/jaka_msgs/share/jaka_msgs/cmake/jaka_msgs__rosidl_typesupport_cppExport.cmake
-- Up-to-date: /home/wtr/programs/cpp/ros2/jaka/src/install/jaka_msgs/share/jaka_msgs/cmake/jaka_msgs__rosidl_typesupport_cppExport-noconfig.cmake
-- Up-to-date: /home/wtr/programs/cpp/ros2/jaka/src/install/jaka_msgs/share/jaka_msgs/cmake/export_jaka_msgs__rosidl_generator_pyExport.cmake
-- Up-to-date: /home/wtr/programs/cpp/ros2/jaka/src/install/jaka_msgs/share/jaka_msgs/cmake/export_jaka_msgs__rosidl_generator_pyExport-noconfig.cmake
