[0.015s] Invoking command in '/home/wtr/programs/cpp/ros2/jaka/src/build/jaka_msgs': CMAKE_PREFIX_PATH=/opt/ros/humble /usr/bin/cmake --build /home/wtr/programs/cpp/ros2/jaka/src/build/jaka_msgs -- -j8 -l8
[0.056s] [35m[1mConsolidate compiler generated dependencies of target jaka_msgs__rosidl_generator_c[0m
[0.063s] [  0%] Built target jaka_msgs__cpp
[0.068s] [ 12%] Built target jaka_msgs__rosidl_generator_c
[0.068s] [ 12%] Built target ament_cmake_python_symlink_jaka_msgs
[0.076s] [35m[1mConsolidate compiler generated dependencies of target jaka_msgs__rosidl_typesupport_introspection_cpp[0m
[0.078s] [35m[1mConsolidate compiler generated dependencies of target jaka_msgs__rosidl_typesupport_fastrtps_cpp[0m
[0.082s] [35m[1mConsolidate compiler generated dependencies of target jaka_msgs__rosidl_typesupport_cpp[0m
[0.083s] [35m[1mConsolidate compiler generated dependencies of target jaka_msgs__rosidl_typesupport_c[0m
[0.085s] [35m[1mConsolidate compiler generated dependencies of target jaka_msgs__rosidl_typesupport_fastrtps_c[0m
[0.096s] [ 24%] Built target jaka_msgs__rosidl_typesupport_introspection_cpp
[0.099s] [ 36%] Built target jaka_msgs__rosidl_typesupport_c
[0.102s] [35m[1mConsolidate compiler generated dependencies of target jaka_msgs__rosidl_typesupport_introspection_c[0m
[0.102s] [ 48%] Built target jaka_msgs__rosidl_typesupport_fastrtps_cpp
[0.110s] [ 60%] Built target jaka_msgs__rosidl_typesupport_cpp
[0.110s] [ 72%] Built target jaka_msgs__rosidl_typesupport_fastrtps_c
[0.115s] [ 84%] Built target jaka_msgs__rosidl_typesupport_introspection_c
[0.140s] [ 84%] Built target jaka_msgs
[0.160s] [ 85%] Built target jaka_msgs__py
[0.172s] [35m[1mConsolidate compiler generated dependencies of target jaka_msgs__rosidl_generator_py[0m
[0.192s] [ 96%] Built target jaka_msgs__rosidl_generator_py
[0.200s] [35m[1mConsolidate compiler generated dependencies of target jaka_msgs__rosidl_typesupport_introspection_c__pyext[0m
[0.202s] [35m[1mConsolidate compiler generated dependencies of target jaka_msgs__rosidl_typesupport_fastrtps_c__pyext[0m
[0.203s] [35m[1mConsolidate compiler generated dependencies of target jaka_msgs__rosidl_typesupport_c__pyext[0m
[0.211s] [ 98%] Built target jaka_msgs__rosidl_typesupport_introspection_c__pyext
[0.217s] [ 99%] Built target jaka_msgs__rosidl_typesupport_fastrtps_c__pyext
[0.218s] [100%] Built target jaka_msgs__rosidl_typesupport_c__pyext
[0.271s] running egg_info
[0.271s] writing jaka_msgs.egg-info/PKG-INFO
[0.272s] writing dependency_links to jaka_msgs.egg-info/dependency_links.txt
[0.272s] writing top-level names to jaka_msgs.egg-info/top_level.txt
[0.274s] reading manifest file 'jaka_msgs.egg-info/SOURCES.txt'
[0.275s] writing manifest file 'jaka_msgs.egg-info/SOURCES.txt'
[0.297s] [100%] Built target ament_cmake_python_build_jaka_msgs_egg
[0.307s] Invoked command in '/home/wtr/programs/cpp/ros2/jaka/src/build/jaka_msgs' returned '0': CMAKE_PREFIX_PATH=/opt/ros/humble /usr/bin/cmake --build /home/wtr/programs/cpp/ros2/jaka/src/build/jaka_msgs -- -j8 -l8
[0.309s] Invoking command in '/home/wtr/programs/cpp/ros2/jaka/src/build/jaka_msgs': CMAKE_PREFIX_PATH=/opt/ros/humble /usr/bin/cmake --install /home/wtr/programs/cpp/ros2/jaka/src/build/jaka_msgs
[0.317s] -- Install configuration: ""
[0.318s] -- Execute custom install script
[0.319s] -- Up-to-date symlink: /home/wtr/programs/cpp/ros2/jaka/src/install/jaka_msgs/share/ament_index/resource_index/rosidl_interfaces/jaka_msgs
[0.320s] -- Up-to-date symlink: /home/wtr/programs/cpp/ros2/jaka/src/install/jaka_msgs/include/jaka_msgs/jaka_msgs/msg/detail/robot_msg__functions.h
[0.320s] -- Up-to-date symlink: /home/wtr/programs/cpp/ros2/jaka/src/install/jaka_msgs/include/jaka_msgs/jaka_msgs/msg/detail/robot_msg__struct.h
[0.320s] -- Up-to-date symlink: /home/wtr/programs/cpp/ros2/jaka/src/install/jaka_msgs/include/jaka_msgs/jaka_msgs/msg/detail/robot_msg__type_support.h
[0.320s] -- Up-to-date symlink: /home/wtr/programs/cpp/ros2/jaka/src/install/jaka_msgs/include/jaka_msgs/jaka_msgs/msg/robot_msg.h
[0.320s] -- Up-to-date symlink: /home/wtr/programs/cpp/ros2/jaka/src/install/jaka_msgs/include/jaka_msgs/jaka_msgs/msg/rosidl_generator_c__visibility_control.h
[0.320s] -- Up-to-date symlink: /home/wtr/programs/cpp/ros2/jaka/src/install/jaka_msgs/include/jaka_msgs/jaka_msgs/srv/clear_error.h
[0.321s] -- Up-to-date symlink: /home/wtr/programs/cpp/ros2/jaka/src/install/jaka_msgs/include/jaka_msgs/jaka_msgs/srv/detail/clear_error__functions.h
[0.321s] -- Up-to-date symlink: /home/wtr/programs/cpp/ros2/jaka/src/install/jaka_msgs/include/jaka_msgs/jaka_msgs/srv/detail/clear_error__struct.h
[0.321s] -- Up-to-date symlink: /home/wtr/programs/cpp/ros2/jaka/src/install/jaka_msgs/include/jaka_msgs/jaka_msgs/srv/detail/clear_error__type_support.h
[0.321s] -- Up-to-date symlink: /home/wtr/programs/cpp/ros2/jaka/src/install/jaka_msgs/include/jaka_msgs/jaka_msgs/srv/detail/get_fk__functions.h
[0.321s] -- Up-to-date symlink: /home/wtr/programs/cpp/ros2/jaka/src/install/jaka_msgs/include/jaka_msgs/jaka_msgs/srv/detail/get_fk__struct.h
[0.321s] -- Up-to-date symlink: /home/wtr/programs/cpp/ros2/jaka/src/install/jaka_msgs/include/jaka_msgs/jaka_msgs/srv/detail/get_fk__type_support.h
[0.321s] -- Up-to-date symlink: /home/wtr/programs/cpp/ros2/jaka/src/install/jaka_msgs/include/jaka_msgs/jaka_msgs/srv/detail/get_ik__functions.h
[0.321s] -- Up-to-date symlink: /home/wtr/programs/cpp/ros2/jaka/src/install/jaka_msgs/include/jaka_msgs/jaka_msgs/srv/detail/get_ik__struct.h
[0.322s] -- Up-to-date symlink: /home/wtr/programs/cpp/ros2/jaka/src/install/jaka_msgs/include/jaka_msgs/jaka_msgs/srv/detail/get_ik__type_support.h
[0.322s] -- Up-to-date symlink: /home/wtr/programs/cpp/ros2/jaka/src/install/jaka_msgs/include/jaka_msgs/jaka_msgs/srv/detail/get_io__functions.h
[0.322s] -- Up-to-date symlink: /home/wtr/programs/cpp/ros2/jaka/src/install/jaka_msgs/include/jaka_msgs/jaka_msgs/srv/detail/get_io__struct.h
[0.322s] -- Up-to-date symlink: /home/wtr/programs/cpp/ros2/jaka/src/install/jaka_msgs/include/jaka_msgs/jaka_msgs/srv/detail/get_io__type_support.h
[0.322s] -- Up-to-date symlink: /home/wtr/programs/cpp/ros2/jaka/src/install/jaka_msgs/include/jaka_msgs/jaka_msgs/srv/detail/move__functions.h
[0.324s] -- Up-to-date symlink: /home/wtr/programs/cpp/ros2/jaka/src/install/jaka_msgs/include/jaka_msgs/jaka_msgs/srv/detail/move__struct.h
[0.324s] -- Up-to-date symlink: /home/wtr/programs/cpp/ros2/jaka/src/install/jaka_msgs/include/jaka_msgs/jaka_msgs/srv/detail/move__type_support.h
[0.324s] -- Up-to-date symlink: /home/wtr/programs/cpp/ros2/jaka/src/install/jaka_msgs/include/jaka_msgs/jaka_msgs/srv/detail/servo_move__functions.h
[0.324s] -- Up-to-date symlink: /home/wtr/programs/cpp/ros2/jaka/src/install/jaka_msgs/include/jaka_msgs/jaka_msgs/srv/detail/servo_move__struct.h
[0.324s] -- Up-to-date symlink: /home/wtr/programs/cpp/ros2/jaka/src/install/jaka_msgs/include/jaka_msgs/jaka_msgs/srv/detail/servo_move__type_support.h
[0.324s] -- Up-to-date symlink: /home/wtr/programs/cpp/ros2/jaka/src/install/jaka_msgs/include/jaka_msgs/jaka_msgs/srv/detail/servo_move_enable__functions.h
[0.324s] -- Up-to-date symlink: /home/wtr/programs/cpp/ros2/jaka/src/install/jaka_msgs/include/jaka_msgs/jaka_msgs/srv/detail/servo_move_enable__struct.h
[0.325s] -- Up-to-date symlink: /home/wtr/programs/cpp/ros2/jaka/src/install/jaka_msgs/include/jaka_msgs/jaka_msgs/srv/detail/servo_move_enable__type_support.h
[0.325s] -- Up-to-date symlink: /home/wtr/programs/cpp/ros2/jaka/src/install/jaka_msgs/include/jaka_msgs/jaka_msgs/srv/detail/set_collision__functions.h
[0.325s] -- Up-to-date symlink: /home/wtr/programs/cpp/ros2/jaka/src/install/jaka_msgs/include/jaka_msgs/jaka_msgs/srv/detail/set_collision__struct.h
[0.325s] -- Up-to-date symlink: /home/wtr/programs/cpp/ros2/jaka/src/install/jaka_msgs/include/jaka_msgs/jaka_msgs/srv/detail/set_collision__type_support.h
[0.325s] -- Up-to-date symlink: /home/wtr/programs/cpp/ros2/jaka/src/install/jaka_msgs/include/jaka_msgs/jaka_msgs/srv/detail/set_io__functions.h
[0.325s] -- Up-to-date symlink: /home/wtr/programs/cpp/ros2/jaka/src/install/jaka_msgs/include/jaka_msgs/jaka_msgs/srv/detail/set_io__struct.h
[0.325s] -- Up-to-date symlink: /home/wtr/programs/cpp/ros2/jaka/src/install/jaka_msgs/include/jaka_msgs/jaka_msgs/srv/detail/set_io__type_support.h
[0.325s] -- Up-to-date symlink: /home/wtr/programs/cpp/ros2/jaka/src/install/jaka_msgs/include/jaka_msgs/jaka_msgs/srv/detail/set_payload__functions.h
[0.326s] -- Up-to-date symlink: /home/wtr/programs/cpp/ros2/jaka/src/install/jaka_msgs/include/jaka_msgs/jaka_msgs/srv/detail/set_payload__struct.h
[0.326s] -- Up-to-date symlink: /home/wtr/programs/cpp/ros2/jaka/src/install/jaka_msgs/include/jaka_msgs/jaka_msgs/srv/detail/set_payload__type_support.h
[0.326s] -- Up-to-date symlink: /home/wtr/programs/cpp/ros2/jaka/src/install/jaka_msgs/include/jaka_msgs/jaka_msgs/srv/detail/set_tcp_frame__functions.h
[0.326s] -- Up-to-date symlink: /home/wtr/programs/cpp/ros2/jaka/src/install/jaka_msgs/include/jaka_msgs/jaka_msgs/srv/detail/set_tcp_frame__struct.h
[0.326s] -- Up-to-date symlink: /home/wtr/programs/cpp/ros2/jaka/src/install/jaka_msgs/include/jaka_msgs/jaka_msgs/srv/detail/set_tcp_frame__type_support.h
[0.326s] -- Up-to-date symlink: /home/wtr/programs/cpp/ros2/jaka/src/install/jaka_msgs/include/jaka_msgs/jaka_msgs/srv/detail/set_user_frame__functions.h
[0.326s] -- Up-to-date symlink: /home/wtr/programs/cpp/ros2/jaka/src/install/jaka_msgs/include/jaka_msgs/jaka_msgs/srv/detail/set_user_frame__struct.h
[0.326s] -- Up-to-date symlink: /home/wtr/programs/cpp/ros2/jaka/src/install/jaka_msgs/include/jaka_msgs/jaka_msgs/srv/detail/set_user_frame__type_support.h
[0.326s] -- Up-to-date symlink: /home/wtr/programs/cpp/ros2/jaka/src/install/jaka_msgs/include/jaka_msgs/jaka_msgs/srv/get_fk.h
[0.326s] -- Up-to-date symlink: /home/wtr/programs/cpp/ros2/jaka/src/install/jaka_msgs/include/jaka_msgs/jaka_msgs/srv/get_ik.h
[0.327s] -- Up-to-date symlink: /home/wtr/programs/cpp/ros2/jaka/src/install/jaka_msgs/include/jaka_msgs/jaka_msgs/srv/get_io.h
[0.327s] -- Up-to-date symlink: /home/wtr/programs/cpp/ros2/jaka/src/install/jaka_msgs/include/jaka_msgs/jaka_msgs/srv/move.h
[0.327s] -- Up-to-date symlink: /home/wtr/programs/cpp/ros2/jaka/src/install/jaka_msgs/include/jaka_msgs/jaka_msgs/srv/servo_move.h
[0.327s] -- Up-to-date symlink: /home/wtr/programs/cpp/ros2/jaka/src/install/jaka_msgs/include/jaka_msgs/jaka_msgs/srv/servo_move_enable.h
[0.327s] -- Up-to-date symlink: /home/wtr/programs/cpp/ros2/jaka/src/install/jaka_msgs/include/jaka_msgs/jaka_msgs/srv/set_collision.h
[0.327s] -- Up-to-date symlink: /home/wtr/programs/cpp/ros2/jaka/src/install/jaka_msgs/include/jaka_msgs/jaka_msgs/srv/set_io.h
[0.327s] -- Up-to-date symlink: /home/wtr/programs/cpp/ros2/jaka/src/install/jaka_msgs/include/jaka_msgs/jaka_msgs/srv/set_payload.h
[0.327s] -- Up-to-date symlink: /home/wtr/programs/cpp/ros2/jaka/src/install/jaka_msgs/include/jaka_msgs/jaka_msgs/srv/set_tcp_frame.h
[0.327s] -- Up-to-date symlink: /home/wtr/programs/cpp/ros2/jaka/src/install/jaka_msgs/include/jaka_msgs/jaka_msgs/srv/set_user_frame.h
[0.328s] -- Up-to-date symlink: /home/wtr/programs/cpp/ros2/jaka/src/install/jaka_msgs/share/jaka_msgs/environment/library_path.sh
[0.328s] -- Up-to-date symlink: /home/wtr/programs/cpp/ros2/jaka/src/install/jaka_msgs/share/jaka_msgs/environment/library_path.dsv
[0.328s] -- Up-to-date symlink: /home/wtr/programs/cpp/ros2/jaka/src/install/jaka_msgs/include/jaka_msgs/jaka_msgs/msg/detail/robot_msg__rosidl_typesupport_fastrtps_c.h
[0.328s] -- Up-to-date symlink: /home/wtr/programs/cpp/ros2/jaka/src/install/jaka_msgs/include/jaka_msgs/jaka_msgs/msg/rosidl_typesupport_fastrtps_c__visibility_control.h
[0.328s] -- Up-to-date symlink: /home/wtr/programs/cpp/ros2/jaka/src/install/jaka_msgs/include/jaka_msgs/jaka_msgs/srv/detail/clear_error__rosidl_typesupport_fastrtps_c.h
[0.328s] -- Up-to-date symlink: /home/wtr/programs/cpp/ros2/jaka/src/install/jaka_msgs/include/jaka_msgs/jaka_msgs/srv/detail/get_fk__rosidl_typesupport_fastrtps_c.h
[0.328s] -- Up-to-date symlink: /home/wtr/programs/cpp/ros2/jaka/src/install/jaka_msgs/include/jaka_msgs/jaka_msgs/srv/detail/get_ik__rosidl_typesupport_fastrtps_c.h
[0.328s] -- Up-to-date symlink: /home/wtr/programs/cpp/ros2/jaka/src/install/jaka_msgs/include/jaka_msgs/jaka_msgs/srv/detail/get_io__rosidl_typesupport_fastrtps_c.h
[0.328s] -- Up-to-date symlink: /home/wtr/programs/cpp/ros2/jaka/src/install/jaka_msgs/include/jaka_msgs/jaka_msgs/srv/detail/move__rosidl_typesupport_fastrtps_c.h
[0.328s] -- Up-to-date symlink: /home/wtr/programs/cpp/ros2/jaka/src/install/jaka_msgs/include/jaka_msgs/jaka_msgs/srv/detail/servo_move__rosidl_typesupport_fastrtps_c.h
[0.328s] -- Up-to-date symlink: /home/wtr/programs/cpp/ros2/jaka/src/install/jaka_msgs/include/jaka_msgs/jaka_msgs/srv/detail/servo_move_enable__rosidl_typesupport_fastrtps_c.h
[0.328s] -- Up-to-date symlink: /home/wtr/programs/cpp/ros2/jaka/src/install/jaka_msgs/include/jaka_msgs/jaka_msgs/srv/detail/set_collision__rosidl_typesupport_fastrtps_c.h
[0.328s] -- Up-to-date symlink: /home/wtr/programs/cpp/ros2/jaka/src/install/jaka_msgs/include/jaka_msgs/jaka_msgs/srv/detail/set_io__rosidl_typesupport_fastrtps_c.h
[0.328s] -- Up-to-date symlink: /home/wtr/programs/cpp/ros2/jaka/src/install/jaka_msgs/include/jaka_msgs/jaka_msgs/srv/detail/set_payload__rosidl_typesupport_fastrtps_c.h
[0.328s] -- Up-to-date symlink: /home/wtr/programs/cpp/ros2/jaka/src/install/jaka_msgs/include/jaka_msgs/jaka_msgs/srv/detail/set_tcp_frame__rosidl_typesupport_fastrtps_c.h
[0.328s] -- Up-to-date symlink: /home/wtr/programs/cpp/ros2/jaka/src/install/jaka_msgs/include/jaka_msgs/jaka_msgs/srv/detail/set_user_frame__rosidl_typesupport_fastrtps_c.h
[0.328s] -- Up-to-date symlink: /home/wtr/programs/cpp/ros2/jaka/src/install/jaka_msgs/include/jaka_msgs/jaka_msgs/msg/detail/robot_msg__rosidl_typesupport_introspection_c.h
[0.328s] -- Up-to-date symlink: /home/wtr/programs/cpp/ros2/jaka/src/install/jaka_msgs/include/jaka_msgs/jaka_msgs/msg/rosidl_typesupport_introspection_c__visibility_control.h
[0.328s] -- Up-to-date symlink: /home/wtr/programs/cpp/ros2/jaka/src/install/jaka_msgs/include/jaka_msgs/jaka_msgs/srv/detail/clear_error__rosidl_typesupport_introspection_c.h
[0.328s] -- Up-to-date symlink: /home/wtr/programs/cpp/ros2/jaka/src/install/jaka_msgs/include/jaka_msgs/jaka_msgs/srv/detail/get_fk__rosidl_typesupport_introspection_c.h
[0.328s] -- Up-to-date symlink: /home/wtr/programs/cpp/ros2/jaka/src/install/jaka_msgs/include/jaka_msgs/jaka_msgs/srv/detail/get_ik__rosidl_typesupport_introspection_c.h
[0.329s] -- Up-to-date symlink: /home/wtr/programs/cpp/ros2/jaka/src/install/jaka_msgs/include/jaka_msgs/jaka_msgs/srv/detail/get_io__rosidl_typesupport_introspection_c.h
[0.329s] -- Up-to-date symlink: /home/wtr/programs/cpp/ros2/jaka/src/install/jaka_msgs/include/jaka_msgs/jaka_msgs/srv/detail/move__rosidl_typesupport_introspection_c.h
[0.329s] -- Up-to-date symlink: /home/wtr/programs/cpp/ros2/jaka/src/install/jaka_msgs/include/jaka_msgs/jaka_msgs/srv/detail/servo_move__rosidl_typesupport_introspection_c.h
[0.329s] -- Up-to-date symlink: /home/wtr/programs/cpp/ros2/jaka/src/install/jaka_msgs/include/jaka_msgs/jaka_msgs/srv/detail/servo_move_enable__rosidl_typesupport_introspection_c.h
[0.329s] -- Up-to-date symlink: /home/wtr/programs/cpp/ros2/jaka/src/install/jaka_msgs/include/jaka_msgs/jaka_msgs/srv/detail/set_collision__rosidl_typesupport_introspection_c.h
[0.329s] -- Up-to-date symlink: /home/wtr/programs/cpp/ros2/jaka/src/install/jaka_msgs/include/jaka_msgs/jaka_msgs/srv/detail/set_io__rosidl_typesupport_introspection_c.h
[0.329s] -- Up-to-date symlink: /home/wtr/programs/cpp/ros2/jaka/src/install/jaka_msgs/include/jaka_msgs/jaka_msgs/srv/detail/set_payload__rosidl_typesupport_introspection_c.h
[0.329s] -- Up-to-date symlink: /home/wtr/programs/cpp/ros2/jaka/src/install/jaka_msgs/include/jaka_msgs/jaka_msgs/srv/detail/set_tcp_frame__rosidl_typesupport_introspection_c.h
[0.329s] -- Up-to-date symlink: /home/wtr/programs/cpp/ros2/jaka/src/install/jaka_msgs/include/jaka_msgs/jaka_msgs/srv/detail/set_user_frame__rosidl_typesupport_introspection_c.h
[0.329s] -- Up-to-date symlink: /home/wtr/programs/cpp/ros2/jaka/src/install/jaka_msgs/include/jaka_msgs/jaka_msgs/msg/detail/robot_msg__builder.hpp
[0.330s] -- Up-to-date symlink: /home/wtr/programs/cpp/ros2/jaka/src/install/jaka_msgs/include/jaka_msgs/jaka_msgs/msg/detail/robot_msg__struct.hpp
[0.330s] -- Up-to-date symlink: /home/wtr/programs/cpp/ros2/jaka/src/install/jaka_msgs/include/jaka_msgs/jaka_msgs/msg/detail/robot_msg__traits.hpp
[0.330s] -- Up-to-date symlink: /home/wtr/programs/cpp/ros2/jaka/src/install/jaka_msgs/include/jaka_msgs/jaka_msgs/msg/detail/robot_msg__type_support.hpp
[0.330s] -- Up-to-date symlink: /home/wtr/programs/cpp/ros2/jaka/src/install/jaka_msgs/include/jaka_msgs/jaka_msgs/msg/robot_msg.hpp
[0.330s] -- Up-to-date symlink: /home/wtr/programs/cpp/ros2/jaka/src/install/jaka_msgs/include/jaka_msgs/jaka_msgs/msg/rosidl_generator_cpp__visibility_control.hpp
[0.330s] -- Up-to-date symlink: /home/wtr/programs/cpp/ros2/jaka/src/install/jaka_msgs/include/jaka_msgs/jaka_msgs/srv/clear_error.hpp
[0.330s] -- Up-to-date symlink: /home/wtr/programs/cpp/ros2/jaka/src/install/jaka_msgs/include/jaka_msgs/jaka_msgs/srv/detail/clear_error__builder.hpp
[0.330s] -- Up-to-date symlink: /home/wtr/programs/cpp/ros2/jaka/src/install/jaka_msgs/include/jaka_msgs/jaka_msgs/srv/detail/clear_error__struct.hpp
[0.330s] -- Up-to-date symlink: /home/wtr/programs/cpp/ros2/jaka/src/install/jaka_msgs/include/jaka_msgs/jaka_msgs/srv/detail/clear_error__traits.hpp
[0.330s] -- Up-to-date symlink: /home/wtr/programs/cpp/ros2/jaka/src/install/jaka_msgs/include/jaka_msgs/jaka_msgs/srv/detail/clear_error__type_support.hpp
[0.330s] -- Up-to-date symlink: /home/wtr/programs/cpp/ros2/jaka/src/install/jaka_msgs/include/jaka_msgs/jaka_msgs/srv/detail/get_fk__builder.hpp
[0.330s] -- Up-to-date symlink: /home/wtr/programs/cpp/ros2/jaka/src/install/jaka_msgs/include/jaka_msgs/jaka_msgs/srv/detail/get_fk__struct.hpp
[0.331s] -- Up-to-date symlink: /home/wtr/programs/cpp/ros2/jaka/src/install/jaka_msgs/include/jaka_msgs/jaka_msgs/srv/detail/get_fk__traits.hpp
[0.331s] -- Up-to-date symlink: /home/wtr/programs/cpp/ros2/jaka/src/install/jaka_msgs/include/jaka_msgs/jaka_msgs/srv/detail/get_fk__type_support.hpp
[0.331s] -- Up-to-date symlink: /home/wtr/programs/cpp/ros2/jaka/src/install/jaka_msgs/include/jaka_msgs/jaka_msgs/srv/detail/get_ik__builder.hpp
[0.331s] -- Up-to-date symlink: /home/wtr/programs/cpp/ros2/jaka/src/install/jaka_msgs/include/jaka_msgs/jaka_msgs/srv/detail/get_ik__struct.hpp
[0.331s] -- Up-to-date symlink: /home/wtr/programs/cpp/ros2/jaka/src/install/jaka_msgs/include/jaka_msgs/jaka_msgs/srv/detail/get_ik__traits.hpp
[0.331s] -- Up-to-date symlink: /home/wtr/programs/cpp/ros2/jaka/src/install/jaka_msgs/include/jaka_msgs/jaka_msgs/srv/detail/get_ik__type_support.hpp
[0.331s] -- Up-to-date symlink: /home/wtr/programs/cpp/ros2/jaka/src/install/jaka_msgs/include/jaka_msgs/jaka_msgs/srv/detail/get_io__builder.hpp
[0.331s] -- Up-to-date symlink: /home/wtr/programs/cpp/ros2/jaka/src/install/jaka_msgs/include/jaka_msgs/jaka_msgs/srv/detail/get_io__struct.hpp
[0.331s] -- Up-to-date symlink: /home/wtr/programs/cpp/ros2/jaka/src/install/jaka_msgs/include/jaka_msgs/jaka_msgs/srv/detail/get_io__traits.hpp
[0.331s] -- Up-to-date symlink: /home/wtr/programs/cpp/ros2/jaka/src/install/jaka_msgs/include/jaka_msgs/jaka_msgs/srv/detail/get_io__type_support.hpp
[0.332s] -- Up-to-date symlink: /home/wtr/programs/cpp/ros2/jaka/src/install/jaka_msgs/include/jaka_msgs/jaka_msgs/srv/detail/move__builder.hpp
[0.332s] -- Up-to-date symlink: /home/wtr/programs/cpp/ros2/jaka/src/install/jaka_msgs/include/jaka_msgs/jaka_msgs/srv/detail/move__struct.hpp
[0.332s] -- Up-to-date symlink: /home/wtr/programs/cpp/ros2/jaka/src/install/jaka_msgs/include/jaka_msgs/jaka_msgs/srv/detail/move__traits.hpp
[0.332s] -- Up-to-date symlink: /home/wtr/programs/cpp/ros2/jaka/src/install/jaka_msgs/include/jaka_msgs/jaka_msgs/srv/detail/move__type_support.hpp
[0.332s] -- Up-to-date symlink: /home/wtr/programs/cpp/ros2/jaka/src/install/jaka_msgs/include/jaka_msgs/jaka_msgs/srv/detail/servo_move__builder.hpp
[0.332s] -- Up-to-date symlink: /home/wtr/programs/cpp/ros2/jaka/src/install/jaka_msgs/include/jaka_msgs/jaka_msgs/srv/detail/servo_move__struct.hpp
[0.332s] -- Up-to-date symlink: /home/wtr/programs/cpp/ros2/jaka/src/install/jaka_msgs/include/jaka_msgs/jaka_msgs/srv/detail/servo_move__traits.hpp
[0.332s] -- Up-to-date symlink: /home/wtr/programs/cpp/ros2/jaka/src/install/jaka_msgs/include/jaka_msgs/jaka_msgs/srv/detail/servo_move__type_support.hpp
[0.332s] -- Up-to-date symlink: /home/wtr/programs/cpp/ros2/jaka/src/install/jaka_msgs/include/jaka_msgs/jaka_msgs/srv/detail/servo_move_enable__builder.hpp
[0.332s] -- Up-to-date symlink: /home/wtr/programs/cpp/ros2/jaka/src/install/jaka_msgs/include/jaka_msgs/jaka_msgs/srv/detail/servo_move_enable__struct.hpp
[0.332s] -- Up-to-date symlink: /home/wtr/programs/cpp/ros2/jaka/src/install/jaka_msgs/include/jaka_msgs/jaka_msgs/srv/detail/servo_move_enable__traits.hpp
[0.332s] -- Up-to-date symlink: /home/wtr/programs/cpp/ros2/jaka/src/install/jaka_msgs/include/jaka_msgs/jaka_msgs/srv/detail/servo_move_enable__type_support.hpp
[0.332s] -- Up-to-date symlink: /home/wtr/programs/cpp/ros2/jaka/src/install/jaka_msgs/include/jaka_msgs/jaka_msgs/srv/detail/set_collision__builder.hpp
[0.332s] -- Up-to-date symlink: /home/wtr/programs/cpp/ros2/jaka/src/install/jaka_msgs/include/jaka_msgs/jaka_msgs/srv/detail/set_collision__struct.hpp
[0.332s] -- Up-to-date symlink: /home/wtr/programs/cpp/ros2/jaka/src/install/jaka_msgs/include/jaka_msgs/jaka_msgs/srv/detail/set_collision__traits.hpp
[0.333s] -- Up-to-date symlink: /home/wtr/programs/cpp/ros2/jaka/src/install/jaka_msgs/include/jaka_msgs/jaka_msgs/srv/detail/set_collision__type_support.hpp
[0.333s] -- Up-to-date symlink: /home/wtr/programs/cpp/ros2/jaka/src/install/jaka_msgs/include/jaka_msgs/jaka_msgs/srv/detail/set_io__builder.hpp
[0.333s] -- Up-to-date symlink: /home/wtr/programs/cpp/ros2/jaka/src/install/jaka_msgs/include/jaka_msgs/jaka_msgs/srv/detail/set_io__struct.hpp
[0.333s] -- Up-to-date symlink: /home/wtr/programs/cpp/ros2/jaka/src/install/jaka_msgs/include/jaka_msgs/jaka_msgs/srv/detail/set_io__traits.hpp
[0.333s] -- Up-to-date symlink: /home/wtr/programs/cpp/ros2/jaka/src/install/jaka_msgs/include/jaka_msgs/jaka_msgs/srv/detail/set_io__type_support.hpp
[0.333s] -- Up-to-date symlink: /home/wtr/programs/cpp/ros2/jaka/src/install/jaka_msgs/include/jaka_msgs/jaka_msgs/srv/detail/set_payload__builder.hpp
[0.333s] -- Up-to-date symlink: /home/wtr/programs/cpp/ros2/jaka/src/install/jaka_msgs/include/jaka_msgs/jaka_msgs/srv/detail/set_payload__struct.hpp
[0.333s] -- Up-to-date symlink: /home/wtr/programs/cpp/ros2/jaka/src/install/jaka_msgs/include/jaka_msgs/jaka_msgs/srv/detail/set_payload__traits.hpp
[0.333s] -- Up-to-date symlink: /home/wtr/programs/cpp/ros2/jaka/src/install/jaka_msgs/include/jaka_msgs/jaka_msgs/srv/detail/set_payload__type_support.hpp
[0.333s] -- Up-to-date symlink: /home/wtr/programs/cpp/ros2/jaka/src/install/jaka_msgs/include/jaka_msgs/jaka_msgs/srv/detail/set_tcp_frame__builder.hpp
[0.333s] -- Up-to-date symlink: /home/wtr/programs/cpp/ros2/jaka/src/install/jaka_msgs/include/jaka_msgs/jaka_msgs/srv/detail/set_tcp_frame__struct.hpp
[0.334s] -- Up-to-date symlink: /home/wtr/programs/cpp/ros2/jaka/src/install/jaka_msgs/include/jaka_msgs/jaka_msgs/srv/detail/set_tcp_frame__traits.hpp
[0.334s] -- Up-to-date symlink: /home/wtr/programs/cpp/ros2/jaka/src/install/jaka_msgs/include/jaka_msgs/jaka_msgs/srv/detail/set_tcp_frame__type_support.hpp
[0.334s] -- Up-to-date symlink: /home/wtr/programs/cpp/ros2/jaka/src/install/jaka_msgs/include/jaka_msgs/jaka_msgs/srv/detail/set_user_frame__builder.hpp
[0.334s] -- Up-to-date symlink: /home/wtr/programs/cpp/ros2/jaka/src/install/jaka_msgs/include/jaka_msgs/jaka_msgs/srv/detail/set_user_frame__struct.hpp
[0.334s] -- Up-to-date symlink: /home/wtr/programs/cpp/ros2/jaka/src/install/jaka_msgs/include/jaka_msgs/jaka_msgs/srv/detail/set_user_frame__traits.hpp
[0.334s] -- Up-to-date symlink: /home/wtr/programs/cpp/ros2/jaka/src/install/jaka_msgs/include/jaka_msgs/jaka_msgs/srv/detail/set_user_frame__type_support.hpp
[0.334s] -- Up-to-date symlink: /home/wtr/programs/cpp/ros2/jaka/src/install/jaka_msgs/include/jaka_msgs/jaka_msgs/srv/get_fk.hpp
[0.334s] -- Up-to-date symlink: /home/wtr/programs/cpp/ros2/jaka/src/install/jaka_msgs/include/jaka_msgs/jaka_msgs/srv/get_ik.hpp
[0.334s] -- Up-to-date symlink: /home/wtr/programs/cpp/ros2/jaka/src/install/jaka_msgs/include/jaka_msgs/jaka_msgs/srv/get_io.hpp
[0.334s] -- Up-to-date symlink: /home/wtr/programs/cpp/ros2/jaka/src/install/jaka_msgs/include/jaka_msgs/jaka_msgs/srv/move.hpp
[0.334s] -- Up-to-date symlink: /home/wtr/programs/cpp/ros2/jaka/src/install/jaka_msgs/include/jaka_msgs/jaka_msgs/srv/servo_move.hpp
[0.335s] -- Up-to-date symlink: /home/wtr/programs/cpp/ros2/jaka/src/install/jaka_msgs/include/jaka_msgs/jaka_msgs/srv/servo_move_enable.hpp
[0.335s] -- Up-to-date symlink: /home/wtr/programs/cpp/ros2/jaka/src/install/jaka_msgs/include/jaka_msgs/jaka_msgs/srv/set_collision.hpp
[0.335s] -- Up-to-date symlink: /home/wtr/programs/cpp/ros2/jaka/src/install/jaka_msgs/include/jaka_msgs/jaka_msgs/srv/set_io.hpp
[0.335s] -- Up-to-date symlink: /home/wtr/programs/cpp/ros2/jaka/src/install/jaka_msgs/include/jaka_msgs/jaka_msgs/srv/set_payload.hpp
[0.335s] -- Up-to-date symlink: /home/wtr/programs/cpp/ros2/jaka/src/install/jaka_msgs/include/jaka_msgs/jaka_msgs/srv/set_tcp_frame.hpp
[0.335s] -- Up-to-date symlink: /home/wtr/programs/cpp/ros2/jaka/src/install/jaka_msgs/include/jaka_msgs/jaka_msgs/srv/set_user_frame.hpp
[0.336s] -- Up-to-date symlink: /home/wtr/programs/cpp/ros2/jaka/src/install/jaka_msgs/include/jaka_msgs/jaka_msgs/msg/detail/robot_msg__rosidl_typesupport_fastrtps_cpp.hpp
[0.336s] -- Up-to-date symlink: /home/wtr/programs/cpp/ros2/jaka/src/install/jaka_msgs/include/jaka_msgs/jaka_msgs/msg/rosidl_typesupport_fastrtps_cpp__visibility_control.h
[0.336s] -- Up-to-date symlink: /home/wtr/programs/cpp/ros2/jaka/src/install/jaka_msgs/include/jaka_msgs/jaka_msgs/srv/detail/clear_error__rosidl_typesupport_fastrtps_cpp.hpp
[0.336s] -- Up-to-date symlink: /home/wtr/programs/cpp/ros2/jaka/src/install/jaka_msgs/include/jaka_msgs/jaka_msgs/srv/detail/get_fk__rosidl_typesupport_fastrtps_cpp.hpp
[0.336s] -- Up-to-date symlink: /home/wtr/programs/cpp/ros2/jaka/src/install/jaka_msgs/include/jaka_msgs/jaka_msgs/srv/detail/get_ik__rosidl_typesupport_fastrtps_cpp.hpp
[0.336s] -- Up-to-date symlink: /home/wtr/programs/cpp/ros2/jaka/src/install/jaka_msgs/include/jaka_msgs/jaka_msgs/srv/detail/get_io__rosidl_typesupport_fastrtps_cpp.hpp
[0.336s] -- Up-to-date symlink: /home/wtr/programs/cpp/ros2/jaka/src/install/jaka_msgs/include/jaka_msgs/jaka_msgs/srv/detail/move__rosidl_typesupport_fastrtps_cpp.hpp
[0.336s] -- Up-to-date symlink: /home/wtr/programs/cpp/ros2/jaka/src/install/jaka_msgs/include/jaka_msgs/jaka_msgs/srv/detail/servo_move__rosidl_typesupport_fastrtps_cpp.hpp
[0.337s] -- Up-to-date symlink: /home/wtr/programs/cpp/ros2/jaka/src/install/jaka_msgs/include/jaka_msgs/jaka_msgs/srv/detail/servo_move_enable__rosidl_typesupport_fastrtps_cpp.hpp
[0.337s] -- Up-to-date symlink: /home/wtr/programs/cpp/ros2/jaka/src/install/jaka_msgs/include/jaka_msgs/jaka_msgs/srv/detail/set_collision__rosidl_typesupport_fastrtps_cpp.hpp
[0.337s] -- Up-to-date symlink: /home/wtr/programs/cpp/ros2/jaka/src/install/jaka_msgs/include/jaka_msgs/jaka_msgs/srv/detail/set_io__rosidl_typesupport_fastrtps_cpp.hpp
[0.337s] -- Up-to-date symlink: /home/wtr/programs/cpp/ros2/jaka/src/install/jaka_msgs/include/jaka_msgs/jaka_msgs/srv/detail/set_payload__rosidl_typesupport_fastrtps_cpp.hpp
[0.337s] -- Up-to-date symlink: /home/wtr/programs/cpp/ros2/jaka/src/install/jaka_msgs/include/jaka_msgs/jaka_msgs/srv/detail/set_tcp_frame__rosidl_typesupport_fastrtps_cpp.hpp
[0.337s] -- Up-to-date symlink: /home/wtr/programs/cpp/ros2/jaka/src/install/jaka_msgs/include/jaka_msgs/jaka_msgs/srv/detail/set_user_frame__rosidl_typesupport_fastrtps_cpp.hpp
[0.337s] -- Up-to-date symlink: /home/wtr/programs/cpp/ros2/jaka/src/install/jaka_msgs/include/jaka_msgs/jaka_msgs/msg/detail/robot_msg__rosidl_typesupport_introspection_cpp.hpp
[0.338s] -- Up-to-date symlink: /home/wtr/programs/cpp/ros2/jaka/src/install/jaka_msgs/include/jaka_msgs/jaka_msgs/srv/detail/clear_error__rosidl_typesupport_introspection_cpp.hpp
[0.338s] -- Up-to-date symlink: /home/wtr/programs/cpp/ros2/jaka/src/install/jaka_msgs/include/jaka_msgs/jaka_msgs/srv/detail/get_fk__rosidl_typesupport_introspection_cpp.hpp
[0.338s] -- Up-to-date symlink: /home/wtr/programs/cpp/ros2/jaka/src/install/jaka_msgs/include/jaka_msgs/jaka_msgs/srv/detail/get_ik__rosidl_typesupport_introspection_cpp.hpp
[0.338s] -- Up-to-date symlink: /home/wtr/programs/cpp/ros2/jaka/src/install/jaka_msgs/include/jaka_msgs/jaka_msgs/srv/detail/get_io__rosidl_typesupport_introspection_cpp.hpp
[0.338s] -- Up-to-date symlink: /home/wtr/programs/cpp/ros2/jaka/src/install/jaka_msgs/include/jaka_msgs/jaka_msgs/srv/detail/move__rosidl_typesupport_introspection_cpp.hpp
[0.338s] -- Up-to-date symlink: /home/wtr/programs/cpp/ros2/jaka/src/install/jaka_msgs/include/jaka_msgs/jaka_msgs/srv/detail/servo_move__rosidl_typesupport_introspection_cpp.hpp
[0.338s] -- Up-to-date symlink: /home/wtr/programs/cpp/ros2/jaka/src/install/jaka_msgs/include/jaka_msgs/jaka_msgs/srv/detail/servo_move_enable__rosidl_typesupport_introspection_cpp.hpp
[0.338s] -- Up-to-date symlink: /home/wtr/programs/cpp/ros2/jaka/src/install/jaka_msgs/include/jaka_msgs/jaka_msgs/srv/detail/set_collision__rosidl_typesupport_introspection_cpp.hpp
[0.338s] -- Up-to-date symlink: /home/wtr/programs/cpp/ros2/jaka/src/install/jaka_msgs/include/jaka_msgs/jaka_msgs/srv/detail/set_io__rosidl_typesupport_introspection_cpp.hpp
[0.338s] -- Up-to-date symlink: /home/wtr/programs/cpp/ros2/jaka/src/install/jaka_msgs/include/jaka_msgs/jaka_msgs/srv/detail/set_payload__rosidl_typesupport_introspection_cpp.hpp
[0.338s] -- Up-to-date symlink: /home/wtr/programs/cpp/ros2/jaka/src/install/jaka_msgs/include/jaka_msgs/jaka_msgs/srv/detail/set_tcp_frame__rosidl_typesupport_introspection_cpp.hpp
[0.339s] -- Up-to-date symlink: /home/wtr/programs/cpp/ros2/jaka/src/install/jaka_msgs/include/jaka_msgs/jaka_msgs/srv/detail/set_user_frame__rosidl_typesupport_introspection_cpp.hpp
[0.339s] -- Up-to-date symlink: /home/wtr/programs/cpp/ros2/jaka/src/install/jaka_msgs/share/jaka_msgs/environment/pythonpath.sh
[0.339s] -- Up-to-date symlink: /home/wtr/programs/cpp/ros2/jaka/src/install/jaka_msgs/share/jaka_msgs/environment/pythonpath.dsv
[0.339s] -- Up-to-date symlink: /home/wtr/programs/cpp/ros2/jaka/src/install/jaka_msgs/local/lib/python3.10/dist-packages/jaka_msgs-0.0.0-py3.10.egg-info/PKG-INFO
[0.339s] -- Up-to-date symlink: /home/wtr/programs/cpp/ros2/jaka/src/install/jaka_msgs/local/lib/python3.10/dist-packages/jaka_msgs-0.0.0-py3.10.egg-info/SOURCES.txt
[0.339s] -- Up-to-date symlink: /home/wtr/programs/cpp/ros2/jaka/src/install/jaka_msgs/local/lib/python3.10/dist-packages/jaka_msgs-0.0.0-py3.10.egg-info/dependency_links.txt
[0.339s] -- Up-to-date symlink: /home/wtr/programs/cpp/ros2/jaka/src/install/jaka_msgs/local/lib/python3.10/dist-packages/jaka_msgs-0.0.0-py3.10.egg-info/top_level.txt
[0.340s] -- Up-to-date symlink: /home/wtr/programs/cpp/ros2/jaka/src/install/jaka_msgs/local/lib/python3.10/dist-packages/jaka_msgs/__init__.py
[0.340s] -- Up-to-date symlink: /home/wtr/programs/cpp/ros2/jaka/src/install/jaka_msgs/local/lib/python3.10/dist-packages/jaka_msgs/_jaka_msgs_s.ep.rosidl_typesupport_c.c
[0.340s] -- Up-to-date symlink: /home/wtr/programs/cpp/ros2/jaka/src/install/jaka_msgs/local/lib/python3.10/dist-packages/jaka_msgs/_jaka_msgs_s.ep.rosidl_typesupport_fastrtps_c.c
[0.340s] -- Up-to-date symlink: /home/wtr/programs/cpp/ros2/jaka/src/install/jaka_msgs/local/lib/python3.10/dist-packages/jaka_msgs/_jaka_msgs_s.ep.rosidl_typesupport_introspection_c.c
[0.340s] -- Up-to-date symlink: /home/wtr/programs/cpp/ros2/jaka/src/install/jaka_msgs/local/lib/python3.10/dist-packages/jaka_msgs/jaka_msgs_s__rosidl_typesupport_c.cpython-310-x86_64-linux-gnu.so
[0.340s] -- Up-to-date symlink: /home/wtr/programs/cpp/ros2/jaka/src/install/jaka_msgs/local/lib/python3.10/dist-packages/jaka_msgs/jaka_msgs_s__rosidl_typesupport_fastrtps_c.cpython-310-x86_64-linux-gnu.so
[0.341s] -- Up-to-date symlink: /home/wtr/programs/cpp/ros2/jaka/src/install/jaka_msgs/local/lib/python3.10/dist-packages/jaka_msgs/jaka_msgs_s__rosidl_typesupport_introspection_c.cpython-310-x86_64-linux-gnu.so
[0.341s] -- Up-to-date symlink: /home/wtr/programs/cpp/ros2/jaka/src/install/jaka_msgs/local/lib/python3.10/dist-packages/jaka_msgs/libjaka_msgs__rosidl_generator_py.so
[0.341s] -- Up-to-date symlink: /home/wtr/programs/cpp/ros2/jaka/src/install/jaka_msgs/local/lib/python3.10/dist-packages/jaka_msgs/msg/__init__.py
[0.341s] -- Up-to-date symlink: /home/wtr/programs/cpp/ros2/jaka/src/install/jaka_msgs/local/lib/python3.10/dist-packages/jaka_msgs/msg/_robot_msg.py
[0.341s] -- Up-to-date symlink: /home/wtr/programs/cpp/ros2/jaka/src/install/jaka_msgs/local/lib/python3.10/dist-packages/jaka_msgs/msg/_robot_msg_s.c
[0.341s] -- Up-to-date symlink: /home/wtr/programs/cpp/ros2/jaka/src/install/jaka_msgs/local/lib/python3.10/dist-packages/jaka_msgs/srv/__init__.py
[0.341s] -- Up-to-date symlink: /home/wtr/programs/cpp/ros2/jaka/src/install/jaka_msgs/local/lib/python3.10/dist-packages/jaka_msgs/srv/_clear_error.py
[0.341s] -- Up-to-date symlink: /home/wtr/programs/cpp/ros2/jaka/src/install/jaka_msgs/local/lib/python3.10/dist-packages/jaka_msgs/srv/_clear_error_s.c
[0.341s] -- Up-to-date symlink: /home/wtr/programs/cpp/ros2/jaka/src/install/jaka_msgs/local/lib/python3.10/dist-packages/jaka_msgs/srv/_get_fk.py
[0.341s] -- Up-to-date symlink: /home/wtr/programs/cpp/ros2/jaka/src/install/jaka_msgs/local/lib/python3.10/dist-packages/jaka_msgs/srv/_get_fk_s.c
[0.341s] -- Up-to-date symlink: /home/wtr/programs/cpp/ros2/jaka/src/install/jaka_msgs/local/lib/python3.10/dist-packages/jaka_msgs/srv/_get_ik.py
[0.341s] -- Up-to-date symlink: /home/wtr/programs/cpp/ros2/jaka/src/install/jaka_msgs/local/lib/python3.10/dist-packages/jaka_msgs/srv/_get_ik_s.c
[0.342s] -- Up-to-date symlink: /home/wtr/programs/cpp/ros2/jaka/src/install/jaka_msgs/local/lib/python3.10/dist-packages/jaka_msgs/srv/_get_io.py
[0.342s] -- Up-to-date symlink: /home/wtr/programs/cpp/ros2/jaka/src/install/jaka_msgs/local/lib/python3.10/dist-packages/jaka_msgs/srv/_get_io_s.c
[0.342s] -- Up-to-date symlink: /home/wtr/programs/cpp/ros2/jaka/src/install/jaka_msgs/local/lib/python3.10/dist-packages/jaka_msgs/srv/_move.py
[0.342s] -- Up-to-date symlink: /home/wtr/programs/cpp/ros2/jaka/src/install/jaka_msgs/local/lib/python3.10/dist-packages/jaka_msgs/srv/_move_s.c
[0.342s] -- Up-to-date symlink: /home/wtr/programs/cpp/ros2/jaka/src/install/jaka_msgs/local/lib/python3.10/dist-packages/jaka_msgs/srv/_servo_move.py
[0.342s] -- Up-to-date symlink: /home/wtr/programs/cpp/ros2/jaka/src/install/jaka_msgs/local/lib/python3.10/dist-packages/jaka_msgs/srv/_servo_move_enable.py
[0.342s] -- Up-to-date symlink: /home/wtr/programs/cpp/ros2/jaka/src/install/jaka_msgs/local/lib/python3.10/dist-packages/jaka_msgs/srv/_servo_move_enable_s.c
[0.342s] -- Up-to-date symlink: /home/wtr/programs/cpp/ros2/jaka/src/install/jaka_msgs/local/lib/python3.10/dist-packages/jaka_msgs/srv/_servo_move_s.c
[0.342s] -- Up-to-date symlink: /home/wtr/programs/cpp/ros2/jaka/src/install/jaka_msgs/local/lib/python3.10/dist-packages/jaka_msgs/srv/_set_collision.py
[0.342s] -- Up-to-date symlink: /home/wtr/programs/cpp/ros2/jaka/src/install/jaka_msgs/local/lib/python3.10/dist-packages/jaka_msgs/srv/_set_collision_s.c
[0.342s] -- Up-to-date symlink: /home/wtr/programs/cpp/ros2/jaka/src/install/jaka_msgs/local/lib/python3.10/dist-packages/jaka_msgs/srv/_set_io.py
[0.342s] -- Up-to-date symlink: /home/wtr/programs/cpp/ros2/jaka/src/install/jaka_msgs/local/lib/python3.10/dist-packages/jaka_msgs/srv/_set_io_s.c
[0.342s] -- Up-to-date symlink: /home/wtr/programs/cpp/ros2/jaka/src/install/jaka_msgs/local/lib/python3.10/dist-packages/jaka_msgs/srv/_set_payload.py
[0.342s] -- Up-to-date symlink: /home/wtr/programs/cpp/ros2/jaka/src/install/jaka_msgs/local/lib/python3.10/dist-packages/jaka_msgs/srv/_set_payload_s.c
[0.342s] -- Up-to-date symlink: /home/wtr/programs/cpp/ros2/jaka/src/install/jaka_msgs/local/lib/python3.10/dist-packages/jaka_msgs/srv/_set_tcp_frame.py
[0.342s] -- Up-to-date symlink: /home/wtr/programs/cpp/ros2/jaka/src/install/jaka_msgs/local/lib/python3.10/dist-packages/jaka_msgs/srv/_set_tcp_frame_s.c
[0.342s] -- Up-to-date symlink: /home/wtr/programs/cpp/ros2/jaka/src/install/jaka_msgs/local/lib/python3.10/dist-packages/jaka_msgs/srv/_set_user_frame.py
[0.342s] -- Up-to-date symlink: /home/wtr/programs/cpp/ros2/jaka/src/install/jaka_msgs/local/lib/python3.10/dist-packages/jaka_msgs/srv/_set_user_frame_s.c
[0.342s] -- Up-to-date symlink: /home/wtr/programs/cpp/ros2/jaka/src/install/jaka_msgs/local/lib/python3.10/dist-packages/jaka_msgs/jaka_msgs_s__rosidl_typesupport_fastrtps_c.cpython-310-x86_64-linux-gnu.so
[0.342s] -- Up-to-date symlink: /home/wtr/programs/cpp/ros2/jaka/src/install/jaka_msgs/local/lib/python3.10/dist-packages/jaka_msgs/jaka_msgs_s__rosidl_typesupport_introspection_c.cpython-310-x86_64-linux-gnu.so
[0.343s] -- Up-to-date symlink: /home/wtr/programs/cpp/ros2/jaka/src/install/jaka_msgs/local/lib/python3.10/dist-packages/jaka_msgs/jaka_msgs_s__rosidl_typesupport_c.cpython-310-x86_64-linux-gnu.so
[0.343s] -- Up-to-date symlink: /home/wtr/programs/cpp/ros2/jaka/src/install/jaka_msgs/share/jaka_msgs/msg/RobotMsg.idl
[0.343s] -- Up-to-date symlink: /home/wtr/programs/cpp/ros2/jaka/src/install/jaka_msgs/share/jaka_msgs/srv/Move.idl
[0.343s] -- Up-to-date symlink: /home/wtr/programs/cpp/ros2/jaka/src/install/jaka_msgs/share/jaka_msgs/srv/ServoMoveEnable.idl
[0.343s] -- Up-to-date symlink: /home/wtr/programs/cpp/ros2/jaka/src/install/jaka_msgs/share/jaka_msgs/srv/ServoMove.idl
[0.343s] -- Up-to-date symlink: /home/wtr/programs/cpp/ros2/jaka/src/install/jaka_msgs/share/jaka_msgs/srv/SetTcpFrame.idl
[0.343s] -- Up-to-date symlink: /home/wtr/programs/cpp/ros2/jaka/src/install/jaka_msgs/share/jaka_msgs/srv/SetUserFrame.idl
[0.343s] -- Up-to-date symlink: /home/wtr/programs/cpp/ros2/jaka/src/install/jaka_msgs/share/jaka_msgs/srv/SetPayload.idl
[0.343s] -- Up-to-date symlink: /home/wtr/programs/cpp/ros2/jaka/src/install/jaka_msgs/share/jaka_msgs/srv/SetCollision.idl
[0.344s] -- Up-to-date symlink: /home/wtr/programs/cpp/ros2/jaka/src/install/jaka_msgs/share/jaka_msgs/srv/SetIO.idl
[0.344s] -- Up-to-date symlink: /home/wtr/programs/cpp/ros2/jaka/src/install/jaka_msgs/share/jaka_msgs/srv/GetIO.idl
[0.344s] -- Up-to-date symlink: /home/wtr/programs/cpp/ros2/jaka/src/install/jaka_msgs/share/jaka_msgs/srv/ClearError.idl
[0.344s] -- Up-to-date symlink: /home/wtr/programs/cpp/ros2/jaka/src/install/jaka_msgs/share/jaka_msgs/srv/GetFK.idl
[0.344s] -- Up-to-date symlink: /home/wtr/programs/cpp/ros2/jaka/src/install/jaka_msgs/share/jaka_msgs/srv/GetIK.idl
[0.344s] -- Up-to-date symlink: /home/wtr/programs/cpp/ros2/jaka/src/install/jaka_msgs/share/jaka_msgs/msg/RobotMsg.msg
[0.344s] -- Up-to-date symlink: /home/wtr/programs/cpp/ros2/jaka/src/install/jaka_msgs/share/jaka_msgs/srv/Move.srv
[0.344s] -- Up-to-date symlink: /home/wtr/programs/cpp/ros2/jaka/src/install/jaka_msgs/share/jaka_msgs/srv/Move_Request.msg
[0.344s] -- Up-to-date symlink: /home/wtr/programs/cpp/ros2/jaka/src/install/jaka_msgs/share/jaka_msgs/srv/Move_Response.msg
[0.344s] -- Up-to-date symlink: /home/wtr/programs/cpp/ros2/jaka/src/install/jaka_msgs/share/jaka_msgs/srv/ServoMoveEnable.srv
[0.344s] -- Up-to-date symlink: /home/wtr/programs/cpp/ros2/jaka/src/install/jaka_msgs/share/jaka_msgs/srv/ServoMoveEnable_Request.msg
[0.344s] -- Up-to-date symlink: /home/wtr/programs/cpp/ros2/jaka/src/install/jaka_msgs/share/jaka_msgs/srv/ServoMoveEnable_Response.msg
[0.344s] -- Up-to-date symlink: /home/wtr/programs/cpp/ros2/jaka/src/install/jaka_msgs/share/jaka_msgs/srv/ServoMove.srv
[0.345s] -- Up-to-date symlink: /home/wtr/programs/cpp/ros2/jaka/src/install/jaka_msgs/share/jaka_msgs/srv/ServoMove_Request.msg
[0.345s] -- Up-to-date symlink: /home/wtr/programs/cpp/ros2/jaka/src/install/jaka_msgs/share/jaka_msgs/srv/ServoMove_Response.msg
[0.345s] -- Up-to-date symlink: /home/wtr/programs/cpp/ros2/jaka/src/install/jaka_msgs/share/jaka_msgs/srv/SetTcpFrame.srv
[0.345s] -- Up-to-date symlink: /home/wtr/programs/cpp/ros2/jaka/src/install/jaka_msgs/share/jaka_msgs/srv/SetTcpFrame_Request.msg
[0.345s] -- Up-to-date symlink: /home/wtr/programs/cpp/ros2/jaka/src/install/jaka_msgs/share/jaka_msgs/srv/SetTcpFrame_Response.msg
[0.345s] -- Up-to-date symlink: /home/wtr/programs/cpp/ros2/jaka/src/install/jaka_msgs/share/jaka_msgs/srv/SetUserFrame.srv
[0.345s] -- Up-to-date symlink: /home/wtr/programs/cpp/ros2/jaka/src/install/jaka_msgs/share/jaka_msgs/srv/SetUserFrame_Request.msg
[0.345s] -- Up-to-date symlink: /home/wtr/programs/cpp/ros2/jaka/src/install/jaka_msgs/share/jaka_msgs/srv/SetUserFrame_Response.msg
[0.346s] -- Up-to-date symlink: /home/wtr/programs/cpp/ros2/jaka/src/install/jaka_msgs/share/jaka_msgs/srv/SetPayload.srv
[0.346s] -- Up-to-date symlink: /home/wtr/programs/cpp/ros2/jaka/src/install/jaka_msgs/share/jaka_msgs/srv/SetPayload_Request.msg
[0.346s] -- Up-to-date symlink: /home/wtr/programs/cpp/ros2/jaka/src/install/jaka_msgs/share/jaka_msgs/srv/SetPayload_Response.msg
[0.346s] -- Up-to-date symlink: /home/wtr/programs/cpp/ros2/jaka/src/install/jaka_msgs/share/jaka_msgs/srv/SetCollision.srv
[0.346s] -- Up-to-date symlink: /home/wtr/programs/cpp/ros2/jaka/src/install/jaka_msgs/share/jaka_msgs/srv/SetCollision_Request.msg
[0.346s] -- Up-to-date symlink: /home/wtr/programs/cpp/ros2/jaka/src/install/jaka_msgs/share/jaka_msgs/srv/SetCollision_Response.msg
[0.346s] -- Up-to-date symlink: /home/wtr/programs/cpp/ros2/jaka/src/install/jaka_msgs/share/jaka_msgs/srv/SetIO.srv
[0.346s] -- Up-to-date symlink: /home/wtr/programs/cpp/ros2/jaka/src/install/jaka_msgs/share/jaka_msgs/srv/SetIO_Request.msg
[0.346s] -- Up-to-date symlink: /home/wtr/programs/cpp/ros2/jaka/src/install/jaka_msgs/share/jaka_msgs/srv/SetIO_Response.msg
[0.346s] -- Up-to-date symlink: /home/wtr/programs/cpp/ros2/jaka/src/install/jaka_msgs/share/jaka_msgs/srv/GetIO.srv
[0.346s] -- Up-to-date symlink: /home/wtr/programs/cpp/ros2/jaka/src/install/jaka_msgs/share/jaka_msgs/srv/GetIO_Request.msg
[0.347s] -- Up-to-date symlink: /home/wtr/programs/cpp/ros2/jaka/src/install/jaka_msgs/share/jaka_msgs/srv/GetIO_Response.msg
[0.347s] -- Up-to-date symlink: /home/wtr/programs/cpp/ros2/jaka/src/install/jaka_msgs/share/jaka_msgs/srv/ClearError.srv
[0.347s] -- Up-to-date symlink: /home/wtr/programs/cpp/ros2/jaka/src/install/jaka_msgs/share/jaka_msgs/srv/ClearError_Request.msg
[0.347s] -- Up-to-date symlink: /home/wtr/programs/cpp/ros2/jaka/src/install/jaka_msgs/share/jaka_msgs/srv/ClearError_Response.msg
[0.347s] -- Up-to-date symlink: /home/wtr/programs/cpp/ros2/jaka/src/install/jaka_msgs/share/jaka_msgs/srv/GetFK.srv
[0.347s] -- Up-to-date symlink: /home/wtr/programs/cpp/ros2/jaka/src/install/jaka_msgs/share/jaka_msgs/srv/GetFK_Request.msg
[0.347s] -- Up-to-date symlink: /home/wtr/programs/cpp/ros2/jaka/src/install/jaka_msgs/share/jaka_msgs/srv/GetFK_Response.msg
[0.347s] -- Up-to-date symlink: /home/wtr/programs/cpp/ros2/jaka/src/install/jaka_msgs/share/jaka_msgs/srv/GetIK.srv
[0.347s] -- Up-to-date symlink: /home/wtr/programs/cpp/ros2/jaka/src/install/jaka_msgs/share/jaka_msgs/srv/GetIK_Request.msg
[0.348s] -- Up-to-date symlink: /home/wtr/programs/cpp/ros2/jaka/src/install/jaka_msgs/share/jaka_msgs/srv/GetIK_Response.msg
[0.348s] -- Up-to-date symlink: /home/wtr/programs/cpp/ros2/jaka/src/install/jaka_msgs/share/ament_index/resource_index/package_run_dependencies/jaka_msgs
[0.348s] -- Up-to-date symlink: /home/wtr/programs/cpp/ros2/jaka/src/install/jaka_msgs/share/ament_index/resource_index/parent_prefix_path/jaka_msgs
[0.348s] -- Up-to-date symlink: /home/wtr/programs/cpp/ros2/jaka/src/install/jaka_msgs/share/jaka_msgs/environment/ament_prefix_path.sh
[0.348s] -- Up-to-date symlink: /home/wtr/programs/cpp/ros2/jaka/src/install/jaka_msgs/share/jaka_msgs/environment/ament_prefix_path.dsv
[0.348s] -- Up-to-date symlink: /home/wtr/programs/cpp/ros2/jaka/src/install/jaka_msgs/share/jaka_msgs/environment/path.sh
[0.348s] -- Up-to-date symlink: /home/wtr/programs/cpp/ros2/jaka/src/install/jaka_msgs/share/jaka_msgs/environment/path.dsv
[0.348s] -- Up-to-date symlink: /home/wtr/programs/cpp/ros2/jaka/src/install/jaka_msgs/share/jaka_msgs/local_setup.bash
[0.348s] -- Up-to-date symlink: /home/wtr/programs/cpp/ros2/jaka/src/install/jaka_msgs/share/jaka_msgs/local_setup.sh
[0.348s] -- Up-to-date symlink: /home/wtr/programs/cpp/ros2/jaka/src/install/jaka_msgs/share/jaka_msgs/local_setup.zsh
[0.348s] -- Up-to-date symlink: /home/wtr/programs/cpp/ros2/jaka/src/install/jaka_msgs/share/jaka_msgs/local_setup.dsv
[0.349s] -- Symlinking: /home/wtr/programs/cpp/ros2/jaka/src/install/jaka_msgs/share/jaka_msgs/package.dsv
[0.356s] -- Up-to-date symlink: /home/wtr/programs/cpp/ros2/jaka/src/install/jaka_msgs/share/ament_index/resource_index/packages/jaka_msgs
[0.356s] -- Up-to-date symlink: /home/wtr/programs/cpp/ros2/jaka/src/install/jaka_msgs/share/jaka_msgs/cmake/rosidl_cmake-extras.cmake
[0.356s] -- Up-to-date symlink: /home/wtr/programs/cpp/ros2/jaka/src/install/jaka_msgs/share/jaka_msgs/cmake/ament_cmake_export_dependencies-extras.cmake
[0.356s] -- Up-to-date symlink: /home/wtr/programs/cpp/ros2/jaka/src/install/jaka_msgs/share/jaka_msgs/cmake/ament_cmake_export_include_directories-extras.cmake
[0.356s] -- Up-to-date symlink: /home/wtr/programs/cpp/ros2/jaka/src/install/jaka_msgs/share/jaka_msgs/cmake/ament_cmake_export_libraries-extras.cmake
[0.356s] -- Up-to-date symlink: /home/wtr/programs/cpp/ros2/jaka/src/install/jaka_msgs/share/jaka_msgs/cmake/ament_cmake_export_targets-extras.cmake
[0.356s] -- Up-to-date symlink: /home/wtr/programs/cpp/ros2/jaka/src/install/jaka_msgs/share/jaka_msgs/cmake/rosidl_cmake_export_typesupport_targets-extras.cmake
[0.356s] -- Up-to-date symlink: /home/wtr/programs/cpp/ros2/jaka/src/install/jaka_msgs/share/jaka_msgs/cmake/rosidl_cmake_export_typesupport_libraries-extras.cmake
[0.356s] -- Up-to-date symlink: /home/wtr/programs/cpp/ros2/jaka/src/install/jaka_msgs/share/jaka_msgs/cmake/jaka_msgsConfig.cmake
[0.356s] -- Up-to-date symlink: /home/wtr/programs/cpp/ros2/jaka/src/install/jaka_msgs/share/jaka_msgs/cmake/jaka_msgsConfig-version.cmake
[0.357s] -- Up-to-date symlink: /home/wtr/programs/cpp/ros2/jaka/src/install/jaka_msgs/share/jaka_msgs/package.xml
[0.357s] -- Up-to-date: /home/wtr/programs/cpp/ros2/jaka/src/install/jaka_msgs/lib/libjaka_msgs__rosidl_generator_c.so
[0.357s] -- Up-to-date: /home/wtr/programs/cpp/ros2/jaka/src/install/jaka_msgs/lib/libjaka_msgs__rosidl_typesupport_fastrtps_c.so
[0.357s] -- Up-to-date: /home/wtr/programs/cpp/ros2/jaka/src/install/jaka_msgs/lib/libjaka_msgs__rosidl_typesupport_introspection_c.so
[0.358s] -- Up-to-date: /home/wtr/programs/cpp/ros2/jaka/src/install/jaka_msgs/lib/libjaka_msgs__rosidl_typesupport_c.so
[0.358s] -- Up-to-date: /home/wtr/programs/cpp/ros2/jaka/src/install/jaka_msgs/lib/libjaka_msgs__rosidl_typesupport_fastrtps_cpp.so
[0.358s] -- Up-to-date: /home/wtr/programs/cpp/ros2/jaka/src/install/jaka_msgs/lib/libjaka_msgs__rosidl_typesupport_introspection_cpp.so
[0.358s] -- Up-to-date: /home/wtr/programs/cpp/ros2/jaka/src/install/jaka_msgs/lib/libjaka_msgs__rosidl_typesupport_cpp.so
[0.388s] Listing '/home/wtr/programs/cpp/ros2/jaka/src/install/jaka_msgs/local/lib/python3.10/dist-packages/jaka_msgs'...
[0.389s] Listing '/home/wtr/programs/cpp/ros2/jaka/src/install/jaka_msgs/local/lib/python3.10/dist-packages/jaka_msgs/msg'...
[0.389s] Listing '/home/wtr/programs/cpp/ros2/jaka/src/install/jaka_msgs/local/lib/python3.10/dist-packages/jaka_msgs/srv'...
[0.390s] -- Up-to-date: /home/wtr/programs/cpp/ros2/jaka/src/install/jaka_msgs/lib/libjaka_msgs__rosidl_generator_py.so
[0.391s] -- Up-to-date: /home/wtr/programs/cpp/ros2/jaka/src/install/jaka_msgs/share/jaka_msgs/cmake/export_jaka_msgs__rosidl_generator_cExport.cmake
[0.391s] -- Up-to-date: /home/wtr/programs/cpp/ros2/jaka/src/install/jaka_msgs/share/jaka_msgs/cmake/export_jaka_msgs__rosidl_generator_cExport-noconfig.cmake
[0.391s] -- Up-to-date: /home/wtr/programs/cpp/ros2/jaka/src/install/jaka_msgs/share/jaka_msgs/cmake/export_jaka_msgs__rosidl_typesupport_fastrtps_cExport.cmake
[0.391s] -- Up-to-date: /home/wtr/programs/cpp/ros2/jaka/src/install/jaka_msgs/share/jaka_msgs/cmake/export_jaka_msgs__rosidl_typesupport_fastrtps_cExport-noconfig.cmake
[0.391s] -- Up-to-date: /home/wtr/programs/cpp/ros2/jaka/src/install/jaka_msgs/share/jaka_msgs/cmake/jaka_msgs__rosidl_typesupport_introspection_cExport.cmake
[0.391s] -- Up-to-date: /home/wtr/programs/cpp/ros2/jaka/src/install/jaka_msgs/share/jaka_msgs/cmake/jaka_msgs__rosidl_typesupport_introspection_cExport-noconfig.cmake
[0.391s] -- Up-to-date: /home/wtr/programs/cpp/ros2/jaka/src/install/jaka_msgs/share/jaka_msgs/cmake/jaka_msgs__rosidl_typesupport_cExport.cmake
[0.391s] -- Up-to-date: /home/wtr/programs/cpp/ros2/jaka/src/install/jaka_msgs/share/jaka_msgs/cmake/jaka_msgs__rosidl_typesupport_cExport-noconfig.cmake
[0.391s] -- Up-to-date: /home/wtr/programs/cpp/ros2/jaka/src/install/jaka_msgs/share/jaka_msgs/cmake/export_jaka_msgs__rosidl_generator_cppExport.cmake
[0.392s] -- Up-to-date: /home/wtr/programs/cpp/ros2/jaka/src/install/jaka_msgs/share/jaka_msgs/cmake/export_jaka_msgs__rosidl_typesupport_fastrtps_cppExport.cmake
[0.392s] -- Up-to-date: /home/wtr/programs/cpp/ros2/jaka/src/install/jaka_msgs/share/jaka_msgs/cmake/export_jaka_msgs__rosidl_typesupport_fastrtps_cppExport-noconfig.cmake
[0.392s] -- Up-to-date: /home/wtr/programs/cpp/ros2/jaka/src/install/jaka_msgs/share/jaka_msgs/cmake/jaka_msgs__rosidl_typesupport_introspection_cppExport.cmake
[0.392s] -- Up-to-date: /home/wtr/programs/cpp/ros2/jaka/src/install/jaka_msgs/share/jaka_msgs/cmake/jaka_msgs__rosidl_typesupport_introspection_cppExport-noconfig.cmake
[0.392s] -- Up-to-date: /home/wtr/programs/cpp/ros2/jaka/src/install/jaka_msgs/share/jaka_msgs/cmake/jaka_msgs__rosidl_typesupport_cppExport.cmake
[0.392s] -- Up-to-date: /home/wtr/programs/cpp/ros2/jaka/src/install/jaka_msgs/share/jaka_msgs/cmake/jaka_msgs__rosidl_typesupport_cppExport-noconfig.cmake
[0.392s] -- Up-to-date: /home/wtr/programs/cpp/ros2/jaka/src/install/jaka_msgs/share/jaka_msgs/cmake/export_jaka_msgs__rosidl_generator_pyExport.cmake
[0.392s] -- Up-to-date: /home/wtr/programs/cpp/ros2/jaka/src/install/jaka_msgs/share/jaka_msgs/cmake/export_jaka_msgs__rosidl_generator_pyExport-noconfig.cmake
[0.394s] Invoked command in '/home/wtr/programs/cpp/ros2/jaka/src/build/jaka_msgs' returned '0': CMAKE_PREFIX_PATH=/opt/ros/humble /usr/bin/cmake --install /home/wtr/programs/cpp/ros2/jaka/src/build/jaka_msgs
