-- The C compiler identification is GNU 11.4.0
-- The CXX compiler identification is GNU 11.4.0
-- Detecting C compiler ABI info
-- Detecting C compiler ABI info - done
-- Check for working C compiler: /usr/bin/cc - skipped
-- Detecting C compile features
-- Detecting C compile features - done
-- Detecting CXX compiler ABI info
-- Detecting CXX compiler ABI info - done
-- Check for working CXX compiler: /usr/bin/c++ - skipped
-- Detecting CXX compile features
-- Detecting CXX compile features - done
-- Found ament_cmake: 1.3.12 (/opt/ros/humble/share/ament_cmake/cmake)
-- Found Python3: /usr/bin/python3 (found version "3.10.12") found components: Interpreter 
-- Override CMake install command with custom implementation using symlinks instead of copying resources
-- Found rosidl_default_generators: 1.2.0 (/opt/ros/humble/share/rosidl_default_generators/cmake)
-- Using all available rosidl_typesupport_c: rosidl_typesupport_fastrtps_c;rosidl_typesupport_introspection_c
-- Found rosidl_adapter: 3.1.7 (/opt/ros/humble/share/rosidl_adapter/cmake)
-- Using all available rosidl_typesupport_cpp: rosidl_typesupport_fastrtps_cpp;rosidl_typesupport_introspection_cpp
-- Found std_msgs: 4.9.0 (/opt/ros/humble/share/std_msgs/cmake)
-- Found rclcpp: 16.0.15 (/opt/ros/humble/share/rclcpp/cmake)
-- Found rmw_implementation_cmake: 6.1.2 (/opt/ros/humble/share/rmw_implementation_cmake/cmake)
-- Found rmw_fastrtps_cpp: 6.2.9 (/opt/ros/humble/share/rmw_fastrtps_cpp/cmake)
-- Found OpenSSL: /usr/lib/x86_64-linux-gnu/libcrypto.so (found version "3.0.2")  
-- Found FastRTPS: /opt/ros/humble/include  
-- Using RMW implementation 'rmw_fastrtps_cpp' as default
-- Looking for pthread.h
-- Looking for pthread.h - found
-- Performing Test CMAKE_HAVE_LIBC_PTHREAD
-- Performing Test CMAKE_HAVE_LIBC_PTHREAD - Success
-- Found Threads: TRUE  
-- Found std_srvs: 4.9.0 (/opt/ros/humble/share/std_srvs/cmake)
-- Found ament_cmake_ros: 0.10.0 (/opt/ros/humble/share/ament_cmake_ros/cmake)
-- Using all available rosidl_typesupport_c: rosidl_typesupport_fastrtps_c;rosidl_typesupport_introspection_c
-- Using all available rosidl_typesupport_cpp: rosidl_typesupport_fastrtps_cpp;rosidl_typesupport_introspection_cpp
-- Found PythonInterp: /usr/bin/python3 (found suitable version "3.10.12", minimum required is "3.6") 
-- Found python_cmake_module: 0.10.0 (/opt/ros/humble/share/python_cmake_module/cmake)
-- Found PythonLibs: /usr/lib/x86_64-linux-gnu/libpython3.10.so (found suitable version "3.10.12", minimum required is "3.5") 
-- Using PYTHON_EXECUTABLE: /usr/bin/python3
-- Using PYTHON_INCLUDE_DIRS: /usr/include/python3.10
-- Using PYTHON_LIBRARIES: /usr/lib/x86_64-linux-gnu/libpython3.10.so
-- Found PythonExtra: .so  
-- Configuring done
-- Generating done
-- Build files have been written to: /home/wtr/programs/cpp/ros2/jaka/src/build/jaka_msgs
[  1%] [34m[1mGenerating C code for ROS interfaces[0m
[  1%] [34m[1mGenerating C++ code for ROS interfaces[0m
[  1%] Built target ament_cmake_python_symlink_jaka_msgs
running egg_info
creating jaka_msgs.egg-info
writing jaka_msgs.egg-info/PKG-INFO
writing dependency_links to jaka_msgs.egg-info/dependency_links.txt
writing top-level names to jaka_msgs.egg-info/top_level.txt
writing manifest file 'jaka_msgs.egg-info/SOURCES.txt'
reading manifest file 'jaka_msgs.egg-info/SOURCES.txt'
writing manifest file 'jaka_msgs.egg-info/SOURCES.txt'
[  1%] Built target ament_cmake_python_build_jaka_msgs_egg
[  2%] [32mBuilding C object CMakeFiles/jaka_msgs__rosidl_generator_c.dir/rosidl_generator_c/jaka_msgs/srv/detail/servo_move_enable__functions.c.o[0m
[  3%] [32mBuilding C object CMakeFiles/jaka_msgs__rosidl_generator_c.dir/rosidl_generator_c/jaka_msgs/msg/detail/robot_msg__functions.c.o[0m
[  3%] [32mBuilding C object CMakeFiles/jaka_msgs__rosidl_generator_c.dir/rosidl_generator_c/jaka_msgs/srv/detail/move__functions.c.o[0m
[  4%] [32mBuilding C object CMakeFiles/jaka_msgs__rosidl_generator_c.dir/rosidl_generator_c/jaka_msgs/srv/detail/servo_move__functions.c.o[0m
[  4%] [32mBuilding C object CMakeFiles/jaka_msgs__rosidl_generator_c.dir/rosidl_generator_c/jaka_msgs/srv/detail/set_payload__functions.c.o[0m
[  4%] Built target jaka_msgs__cpp
[  5%] [32mBuilding C object CMakeFiles/jaka_msgs__rosidl_generator_c.dir/rosidl_generator_c/jaka_msgs/srv/detail/set_tcp_frame__functions.c.o[0m
[  6%] [32mBuilding C object CMakeFiles/jaka_msgs__rosidl_generator_c.dir/rosidl_generator_c/jaka_msgs/srv/detail/set_user_frame__functions.c.o[0m
[  7%] [34m[1mGenerating C++ type support dispatch for ROS interfaces[0m
[  8%] [32mBuilding C object CMakeFiles/jaka_msgs__rosidl_generator_c.dir/rosidl_generator_c/jaka_msgs/srv/detail/get_io__functions.c.o[0m
[  9%] [32mBuilding C object CMakeFiles/jaka_msgs__rosidl_generator_c.dir/rosidl_generator_c/jaka_msgs/srv/detail/set_io__functions.c.o[0m
[ 11%] [34m[1mGenerating C++ type support for eProsima Fast-RTPS[0m
[ 12%] [32mBuilding C object CMakeFiles/jaka_msgs__rosidl_generator_c.dir/rosidl_generator_c/jaka_msgs/srv/detail/clear_error__functions.c.o[0m
[ 11%] [32mBuilding C object CMakeFiles/jaka_msgs__rosidl_generator_c.dir/rosidl_generator_c/jaka_msgs/srv/detail/set_collision__functions.c.o[0m
[ 12%] [34m[1mGenerating C++ introspection for ROS interfaces[0m
[ 12%] [32mBuilding C object CMakeFiles/jaka_msgs__rosidl_generator_c.dir/rosidl_generator_c/jaka_msgs/srv/detail/get_fk__functions.c.o[0m
[ 13%] [32mBuilding C object CMakeFiles/jaka_msgs__rosidl_generator_c.dir/rosidl_generator_c/jaka_msgs/srv/detail/get_ik__functions.c.o[0m
[ 14%] [32m[1mLinking C shared library libjaka_msgs__rosidl_generator_c.so[0m
[ 14%] Built target jaka_msgs__rosidl_generator_c
[ 15%] [34m[1mGenerating C type support for eProsima Fast-RTPS[0m
[ 16%] [34m[1mGenerating C introspection for ROS interfaces[0m
[ 17%] [34m[1mGenerating C type support dispatch for ROS interfaces[0m
[ 19%] [32mBuilding CXX object CMakeFiles/jaka_msgs__rosidl_typesupport_cpp.dir/rosidl_typesupport_cpp/jaka_msgs/srv/move__type_support.cpp.o[0m
[ 19%] [32mBuilding CXX object CMakeFiles/jaka_msgs__rosidl_typesupport_cpp.dir/rosidl_typesupport_cpp/jaka_msgs/srv/servo_move_enable__type_support.cpp.o[0m
[ 19%] [32mBuilding CXX object CMakeFiles/jaka_msgs__rosidl_typesupport_cpp.dir/rosidl_typesupport_cpp/jaka_msgs/msg/robot_msg__type_support.cpp.o[0m
[ 20%] [32mBuilding CXX object CMakeFiles/jaka_msgs__rosidl_typesupport_cpp.dir/rosidl_typesupport_cpp/jaka_msgs/srv/servo_move__type_support.cpp.o[0m
[ 21%] [32mBuilding CXX object CMakeFiles/jaka_msgs__rosidl_typesupport_cpp.dir/rosidl_typesupport_cpp/jaka_msgs/srv/set_tcp_frame__type_support.cpp.o[0m
[ 21%] [32mBuilding CXX object CMakeFiles/jaka_msgs__rosidl_typesupport_c.dir/rosidl_typesupport_c/jaka_msgs/msg/robot_msg__type_support.cpp.o[0m
[ 22%] [32mBuilding CXX object CMakeFiles/jaka_msgs__rosidl_typesupport_c.dir/rosidl_typesupport_c/jaka_msgs/srv/move__type_support.cpp.o[0m
[ 23%] [32mBuilding CXX object CMakeFiles/jaka_msgs__rosidl_typesupport_c.dir/rosidl_typesupport_c/jaka_msgs/srv/servo_move_enable__type_support.cpp.o[0m
[ 24%] [32mBuilding CXX object CMakeFiles/jaka_msgs__rosidl_typesupport_cpp.dir/rosidl_typesupport_cpp/jaka_msgs/srv/set_user_frame__type_support.cpp.o[0m
[ 26%] [32mBuilding CXX object CMakeFiles/jaka_msgs__rosidl_typesupport_c.dir/rosidl_typesupport_c/jaka_msgs/srv/servo_move__type_support.cpp.o[0m
[ 26%] [32mBuilding CXX object CMakeFiles/jaka_msgs__rosidl_typesupport_introspection_cpp.dir/rosidl_typesupport_introspection_cpp/jaka_msgs/msg/detail/robot_msg__type_support.cpp.o[0m
[ 27%] [32mBuilding CXX object CMakeFiles/jaka_msgs__rosidl_typesupport_c.dir/rosidl_typesupport_c/jaka_msgs/srv/set_tcp_frame__type_support.cpp.o[0m
[ 27%] [32mBuilding CXX object CMakeFiles/jaka_msgs__rosidl_typesupport_c.dir/rosidl_typesupport_c/jaka_msgs/srv/set_user_frame__type_support.cpp.o[0m
[ 28%] [32mBuilding C object CMakeFiles/jaka_msgs__rosidl_typesupport_introspection_c.dir/rosidl_typesupport_introspection_c/jaka_msgs/msg/detail/robot_msg__type_support.c.o[0m
[ 29%] [32mBuilding CXX object CMakeFiles/jaka_msgs__rosidl_typesupport_fastrtps_cpp.dir/rosidl_typesupport_fastrtps_cpp/jaka_msgs/msg/detail/dds_fastrtps/robot_msg__type_support.cpp.o[0m
[ 30%] [32mBuilding CXX object CMakeFiles/jaka_msgs__rosidl_typesupport_c.dir/rosidl_typesupport_c/jaka_msgs/srv/set_payload__type_support.cpp.o[0m
[ 31%] [32mBuilding C object CMakeFiles/jaka_msgs__rosidl_typesupport_introspection_c.dir/rosidl_typesupport_introspection_c/jaka_msgs/srv/detail/move__type_support.c.o[0m
[ 32%] [32mBuilding CXX object CMakeFiles/jaka_msgs__rosidl_typesupport_introspection_cpp.dir/rosidl_typesupport_introspection_cpp/jaka_msgs/srv/detail/move__type_support.cpp.o[0m
[ 33%] [32mBuilding CXX object CMakeFiles/jaka_msgs__rosidl_typesupport_c.dir/rosidl_typesupport_c/jaka_msgs/srv/set_collision__type_support.cpp.o[0m
[ 34%] [32mBuilding CXX object CMakeFiles/jaka_msgs__rosidl_typesupport_fastrtps_cpp.dir/rosidl_typesupport_fastrtps_cpp/jaka_msgs/srv/detail/dds_fastrtps/move__type_support.cpp.o[0m
[ 34%] [32mBuilding C object CMakeFiles/jaka_msgs__rosidl_typesupport_introspection_c.dir/rosidl_typesupport_introspection_c/jaka_msgs/srv/detail/servo_move_enable__type_support.c.o[0m
[ 35%] [32mBuilding CXX object CMakeFiles/jaka_msgs__rosidl_typesupport_cpp.dir/rosidl_typesupport_cpp/jaka_msgs/srv/set_payload__type_support.cpp.o[0m
[ 36%] [32mBuilding CXX object CMakeFiles/jaka_msgs__rosidl_typesupport_c.dir/rosidl_typesupport_c/jaka_msgs/srv/set_io__type_support.cpp.o[0m
[ 37%] [32mBuilding C object CMakeFiles/jaka_msgs__rosidl_typesupport_introspection_c.dir/rosidl_typesupport_introspection_c/jaka_msgs/srv/detail/servo_move__type_support.c.o[0m
[ 38%] [32mBuilding CXX object CMakeFiles/jaka_msgs__rosidl_typesupport_c.dir/rosidl_typesupport_c/jaka_msgs/srv/get_io__type_support.cpp.o[0m
[ 39%] [32mBuilding C object CMakeFiles/jaka_msgs__rosidl_typesupport_introspection_c.dir/rosidl_typesupport_introspection_c/jaka_msgs/srv/detail/set_tcp_frame__type_support.c.o[0m
[ 40%] [32mBuilding CXX object CMakeFiles/jaka_msgs__rosidl_typesupport_fastrtps_c.dir/rosidl_typesupport_fastrtps_c/jaka_msgs/msg/detail/robot_msg__type_support_c.cpp.o[0m
[ 40%] [32mBuilding CXX object CMakeFiles/jaka_msgs__rosidl_typesupport_c.dir/rosidl_typesupport_c/jaka_msgs/srv/clear_error__type_support.cpp.o[0m
[ 41%] [32mBuilding C object CMakeFiles/jaka_msgs__rosidl_typesupport_introspection_c.dir/rosidl_typesupport_introspection_c/jaka_msgs/srv/detail/set_user_frame__type_support.c.o[0m
[ 41%] [32mBuilding CXX object CMakeFiles/jaka_msgs__rosidl_typesupport_cpp.dir/rosidl_typesupport_cpp/jaka_msgs/srv/set_collision__type_support.cpp.o[0m
[ 42%] [32mBuilding CXX object CMakeFiles/jaka_msgs__rosidl_typesupport_c.dir/rosidl_typesupport_c/jaka_msgs/srv/get_fk__type_support.cpp.o[0m
[ 43%] [32mBuilding C object CMakeFiles/jaka_msgs__rosidl_typesupport_introspection_c.dir/rosidl_typesupport_introspection_c/jaka_msgs/srv/detail/set_payload__type_support.c.o[0m
[ 44%] [32mBuilding CXX object CMakeFiles/jaka_msgs__rosidl_typesupport_c.dir/rosidl_typesupport_c/jaka_msgs/srv/get_ik__type_support.cpp.o[0m
[ 45%] [32m[1mLinking CXX shared library libjaka_msgs__rosidl_typesupport_c.so[0m
[ 46%] [32mBuilding CXX object CMakeFiles/jaka_msgs__rosidl_typesupport_fastrtps_cpp.dir/rosidl_typesupport_fastrtps_cpp/jaka_msgs/srv/detail/dds_fastrtps/servo_move_enable__type_support.cpp.o[0m
[ 46%] [32mBuilding C object CMakeFiles/jaka_msgs__rosidl_typesupport_introspection_c.dir/rosidl_typesupport_introspection_c/jaka_msgs/srv/detail/set_collision__type_support.c.o[0m
[ 46%] Built target jaka_msgs__rosidl_typesupport_c
[ 47%] [32mBuilding CXX object CMakeFiles/jaka_msgs__rosidl_typesupport_introspection_cpp.dir/rosidl_typesupport_introspection_cpp/jaka_msgs/srv/detail/servo_move_enable__type_support.cpp.o[0m
[ 48%] [32mBuilding C object CMakeFiles/jaka_msgs__rosidl_typesupport_introspection_c.dir/rosidl_typesupport_introspection_c/jaka_msgs/srv/detail/set_io__type_support.c.o[0m
[ 48%] [32mBuilding CXX object CMakeFiles/jaka_msgs__rosidl_typesupport_fastrtps_c.dir/rosidl_typesupport_fastrtps_c/jaka_msgs/srv/detail/move__type_support_c.cpp.o[0m
[ 49%] [32mBuilding CXX object CMakeFiles/jaka_msgs__rosidl_typesupport_cpp.dir/rosidl_typesupport_cpp/jaka_msgs/srv/set_io__type_support.cpp.o[0m
[ 50%] [32mBuilding CXX object CMakeFiles/jaka_msgs__rosidl_typesupport_cpp.dir/rosidl_typesupport_cpp/jaka_msgs/srv/get_io__type_support.cpp.o[0m
[ 51%] [32mBuilding CXX object CMakeFiles/jaka_msgs__rosidl_typesupport_cpp.dir/rosidl_typesupport_cpp/jaka_msgs/srv/clear_error__type_support.cpp.o[0m
[ 52%] [32mBuilding C object CMakeFiles/jaka_msgs__rosidl_typesupport_introspection_c.dir/rosidl_typesupport_introspection_c/jaka_msgs/srv/detail/get_io__type_support.c.o[0m
[ 53%] [32mBuilding C object CMakeFiles/jaka_msgs__rosidl_typesupport_introspection_c.dir/rosidl_typesupport_introspection_c/jaka_msgs/srv/detail/clear_error__type_support.c.o[0m
[ 54%] [32mBuilding CXX object CMakeFiles/jaka_msgs__rosidl_typesupport_cpp.dir/rosidl_typesupport_cpp/jaka_msgs/srv/get_fk__type_support.cpp.o[0m
[ 55%] [32mBuilding C object CMakeFiles/jaka_msgs__rosidl_typesupport_introspection_c.dir/rosidl_typesupport_introspection_c/jaka_msgs/srv/detail/get_ik__type_support.c.o[0m
[ 55%] [32mBuilding C object CMakeFiles/jaka_msgs__rosidl_typesupport_introspection_c.dir/rosidl_typesupport_introspection_c/jaka_msgs/srv/detail/get_fk__type_support.c.o[0m
[ 55%] [32mBuilding CXX object CMakeFiles/jaka_msgs__rosidl_typesupport_cpp.dir/rosidl_typesupport_cpp/jaka_msgs/srv/get_ik__type_support.cpp.o[0m
[ 55%] [32mBuilding CXX object CMakeFiles/jaka_msgs__rosidl_typesupport_fastrtps_cpp.dir/rosidl_typesupport_fastrtps_cpp/jaka_msgs/srv/detail/dds_fastrtps/servo_move__type_support.cpp.o[0m
[ 56%] [32mBuilding CXX object CMakeFiles/jaka_msgs__rosidl_typesupport_fastrtps_c.dir/rosidl_typesupport_fastrtps_c/jaka_msgs/srv/detail/servo_move_enable__type_support_c.cpp.o[0m
[ 57%] [32m[1mLinking C shared library libjaka_msgs__rosidl_typesupport_introspection_c.so[0m
[ 57%] [32mBuilding CXX object CMakeFiles/jaka_msgs__rosidl_typesupport_introspection_cpp.dir/rosidl_typesupport_introspection_cpp/jaka_msgs/srv/detail/set_tcp_frame__type_support.cpp.o[0m
[ 58%] [32mBuilding CXX object CMakeFiles/jaka_msgs__rosidl_typesupport_introspection_cpp.dir/rosidl_typesupport_introspection_cpp/jaka_msgs/srv/detail/servo_move__type_support.cpp.o[0m
[ 58%] Built target jaka_msgs__rosidl_typesupport_introspection_c
[ 59%] [32mBuilding CXX object CMakeFiles/jaka_msgs__rosidl_typesupport_introspection_cpp.dir/rosidl_typesupport_introspection_cpp/jaka_msgs/srv/detail/set_user_frame__type_support.cpp.o[0m
[ 60%] [32mBuilding CXX object CMakeFiles/jaka_msgs__rosidl_typesupport_fastrtps_cpp.dir/rosidl_typesupport_fastrtps_cpp/jaka_msgs/srv/detail/dds_fastrtps/set_tcp_frame__type_support.cpp.o[0m
[ 61%] [32mBuilding CXX object CMakeFiles/jaka_msgs__rosidl_typesupport_introspection_cpp.dir/rosidl_typesupport_introspection_cpp/jaka_msgs/srv/detail/set_payload__type_support.cpp.o[0m
[ 62%] [32m[1mLinking CXX shared library libjaka_msgs__rosidl_typesupport_cpp.so[0m
[ 62%] Built target jaka_msgs__rosidl_typesupport_cpp
[ 63%] [32mBuilding CXX object CMakeFiles/jaka_msgs__rosidl_typesupport_introspection_cpp.dir/rosidl_typesupport_introspection_cpp/jaka_msgs/srv/detail/set_collision__type_support.cpp.o[0m
[ 64%] [32mBuilding CXX object CMakeFiles/jaka_msgs__rosidl_typesupport_fastrtps_c.dir/rosidl_typesupport_fastrtps_c/jaka_msgs/srv/detail/servo_move__type_support_c.cpp.o[0m
[ 65%] [32mBuilding CXX object CMakeFiles/jaka_msgs__rosidl_typesupport_fastrtps_cpp.dir/rosidl_typesupport_fastrtps_cpp/jaka_msgs/srv/detail/dds_fastrtps/set_user_frame__type_support.cpp.o[0m
[ 66%] [32mBuilding CXX object CMakeFiles/jaka_msgs__rosidl_typesupport_fastrtps_cpp.dir/rosidl_typesupport_fastrtps_cpp/jaka_msgs/srv/detail/dds_fastrtps/set_payload__type_support.cpp.o[0m
[ 67%] [32mBuilding CXX object CMakeFiles/jaka_msgs__rosidl_typesupport_fastrtps_c.dir/rosidl_typesupport_fastrtps_c/jaka_msgs/srv/detail/set_tcp_frame__type_support_c.cpp.o[0m
[ 68%] [32mBuilding CXX object CMakeFiles/jaka_msgs__rosidl_typesupport_fastrtps_c.dir/rosidl_typesupport_fastrtps_c/jaka_msgs/srv/detail/set_user_frame__type_support_c.cpp.o[0m
[ 69%] [32mBuilding CXX object CMakeFiles/jaka_msgs__rosidl_typesupport_fastrtps_cpp.dir/rosidl_typesupport_fastrtps_cpp/jaka_msgs/srv/detail/dds_fastrtps/set_collision__type_support.cpp.o[0m
[ 70%] [32mBuilding CXX object CMakeFiles/jaka_msgs__rosidl_typesupport_introspection_cpp.dir/rosidl_typesupport_introspection_cpp/jaka_msgs/srv/detail/set_io__type_support.cpp.o[0m
[ 70%] [32mBuilding CXX object CMakeFiles/jaka_msgs__rosidl_typesupport_fastrtps_c.dir/rosidl_typesupport_fastrtps_c/jaka_msgs/srv/detail/set_payload__type_support_c.cpp.o[0m
[ 70%] [32mBuilding CXX object CMakeFiles/jaka_msgs__rosidl_typesupport_introspection_cpp.dir/rosidl_typesupport_introspection_cpp/jaka_msgs/srv/detail/get_io__type_support.cpp.o[0m
[ 71%] [32mBuilding CXX object CMakeFiles/jaka_msgs__rosidl_typesupport_introspection_cpp.dir/rosidl_typesupport_introspection_cpp/jaka_msgs/srv/detail/clear_error__type_support.cpp.o[0m
[ 71%] [32mBuilding CXX object CMakeFiles/jaka_msgs__rosidl_typesupport_fastrtps_cpp.dir/rosidl_typesupport_fastrtps_cpp/jaka_msgs/srv/detail/dds_fastrtps/set_io__type_support.cpp.o[0m
[ 72%] [32mBuilding CXX object CMakeFiles/jaka_msgs__rosidl_typesupport_fastrtps_cpp.dir/rosidl_typesupport_fastrtps_cpp/jaka_msgs/srv/detail/dds_fastrtps/get_io__type_support.cpp.o[0m
[ 73%] [32mBuilding CXX object CMakeFiles/jaka_msgs__rosidl_typesupport_fastrtps_c.dir/rosidl_typesupport_fastrtps_c/jaka_msgs/srv/detail/set_collision__type_support_c.cpp.o[0m
[ 74%] [32mBuilding CXX object CMakeFiles/jaka_msgs__rosidl_typesupport_introspection_cpp.dir/rosidl_typesupport_introspection_cpp/jaka_msgs/srv/detail/get_fk__type_support.cpp.o[0m
[ 75%] [32mBuilding CXX object CMakeFiles/jaka_msgs__rosidl_typesupport_fastrtps_cpp.dir/rosidl_typesupport_fastrtps_cpp/jaka_msgs/srv/detail/dds_fastrtps/clear_error__type_support.cpp.o[0m
[ 76%] [32mBuilding CXX object CMakeFiles/jaka_msgs__rosidl_typesupport_introspection_cpp.dir/rosidl_typesupport_introspection_cpp/jaka_msgs/srv/detail/get_ik__type_support.cpp.o[0m
[ 77%] [32mBuilding CXX object CMakeFiles/jaka_msgs__rosidl_typesupport_fastrtps_c.dir/rosidl_typesupport_fastrtps_c/jaka_msgs/srv/detail/set_io__type_support_c.cpp.o[0m
[ 78%] [32mBuilding CXX object CMakeFiles/jaka_msgs__rosidl_typesupport_fastrtps_cpp.dir/rosidl_typesupport_fastrtps_cpp/jaka_msgs/srv/detail/dds_fastrtps/get_fk__type_support.cpp.o[0m
[ 79%] [32mBuilding CXX object CMakeFiles/jaka_msgs__rosidl_typesupport_fastrtps_c.dir/rosidl_typesupport_fastrtps_c/jaka_msgs/srv/detail/get_io__type_support_c.cpp.o[0m
[ 80%] [32mBuilding CXX object CMakeFiles/jaka_msgs__rosidl_typesupport_fastrtps_c.dir/rosidl_typesupport_fastrtps_c/jaka_msgs/srv/detail/clear_error__type_support_c.cpp.o[0m
[ 80%] [32mBuilding CXX object CMakeFiles/jaka_msgs__rosidl_typesupport_fastrtps_c.dir/rosidl_typesupport_fastrtps_c/jaka_msgs/srv/detail/get_fk__type_support_c.cpp.o[0m
[ 81%] [32mBuilding CXX object CMakeFiles/jaka_msgs__rosidl_typesupport_fastrtps_c.dir/rosidl_typesupport_fastrtps_c/jaka_msgs/srv/detail/get_ik__type_support_c.cpp.o[0m
[ 82%] [32m[1mLinking CXX shared library libjaka_msgs__rosidl_typesupport_introspection_cpp.so[0m
[ 83%] [32mBuilding CXX object CMakeFiles/jaka_msgs__rosidl_typesupport_fastrtps_cpp.dir/rosidl_typesupport_fastrtps_cpp/jaka_msgs/srv/detail/dds_fastrtps/get_ik__type_support.cpp.o[0m
[ 83%] Built target jaka_msgs__rosidl_typesupport_introspection_cpp
[ 84%] [32m[1mLinking CXX shared library libjaka_msgs__rosidl_typesupport_fastrtps_c.so[0m
[ 84%] Built target jaka_msgs__rosidl_typesupport_fastrtps_c
[ 84%] [32m[1mLinking CXX shared library libjaka_msgs__rosidl_typesupport_fastrtps_cpp.so[0m
[ 84%] Built target jaka_msgs__rosidl_typesupport_fastrtps_cpp
[ 84%] Built target jaka_msgs
[ 85%] [34m[1mGenerating Python code for ROS interfaces[0m
[ 85%] Built target jaka_msgs__py
[ 86%] [32mBuilding C object CMakeFiles/jaka_msgs__rosidl_generator_py.dir/rosidl_generator_py/jaka_msgs/srv/_servo_move_enable_s.c.o[0m
[ 87%] [32mBuilding C object CMakeFiles/jaka_msgs__rosidl_generator_py.dir/rosidl_generator_py/jaka_msgs/msg/_robot_msg_s.c.o[0m
[ 88%] [32mBuilding C object CMakeFiles/jaka_msgs__rosidl_generator_py.dir/rosidl_generator_py/jaka_msgs/srv/_set_tcp_frame_s.c.o[0m
[ 88%] [32mBuilding C object CMakeFiles/jaka_msgs__rosidl_generator_py.dir/rosidl_generator_py/jaka_msgs/srv/_set_payload_s.c.o[0m
[ 88%] [32mBuilding C object CMakeFiles/jaka_msgs__rosidl_generator_py.dir/rosidl_generator_py/jaka_msgs/srv/_move_s.c.o[0m
[ 89%] [32mBuilding C object CMakeFiles/jaka_msgs__rosidl_generator_py.dir/rosidl_generator_py/jaka_msgs/srv/_servo_move_s.c.o[0m
[ 90%] [32mBuilding C object CMakeFiles/jaka_msgs__rosidl_generator_py.dir/rosidl_generator_py/jaka_msgs/srv/_set_user_frame_s.c.o[0m
[ 91%] [32mBuilding C object CMakeFiles/jaka_msgs__rosidl_generator_py.dir/rosidl_generator_py/jaka_msgs/srv/_set_collision_s.c.o[0m
[ 92%] [32mBuilding C object CMakeFiles/jaka_msgs__rosidl_generator_py.dir/rosidl_generator_py/jaka_msgs/srv/_set_io_s.c.o[0m
[ 93%] [32mBuilding C object CMakeFiles/jaka_msgs__rosidl_generator_py.dir/rosidl_generator_py/jaka_msgs/srv/_clear_error_s.c.o[0m
[ 94%] [32mBuilding C object CMakeFiles/jaka_msgs__rosidl_generator_py.dir/rosidl_generator_py/jaka_msgs/srv/_get_io_s.c.o[0m
[ 94%] [32mBuilding C object CMakeFiles/jaka_msgs__rosidl_generator_py.dir/rosidl_generator_py/jaka_msgs/srv/_get_fk_s.c.o[0m
[ 95%] [32mBuilding C object CMakeFiles/jaka_msgs__rosidl_generator_py.dir/rosidl_generator_py/jaka_msgs/srv/_get_ik_s.c.o[0m
[ 96%] [32m[1mLinking C shared library rosidl_generator_py/jaka_msgs/libjaka_msgs__rosidl_generator_py.so[0m
[ 96%] Built target jaka_msgs__rosidl_generator_py
[ 97%] [32mBuilding C object CMakeFiles/jaka_msgs__rosidl_typesupport_introspection_c__pyext.dir/rosidl_generator_py/jaka_msgs/_jaka_msgs_s.ep.rosidl_typesupport_introspection_c.c.o[0m
[ 98%] [32mBuilding C object CMakeFiles/jaka_msgs__rosidl_typesupport_c__pyext.dir/rosidl_generator_py/jaka_msgs/_jaka_msgs_s.ep.rosidl_typesupport_c.c.o[0m
[ 99%] [32mBuilding C object CMakeFiles/jaka_msgs__rosidl_typesupport_fastrtps_c__pyext.dir/rosidl_generator_py/jaka_msgs/_jaka_msgs_s.ep.rosidl_typesupport_fastrtps_c.c.o[0m
[ 99%] [32m[1mLinking C shared library rosidl_generator_py/jaka_msgs/jaka_msgs_s__rosidl_typesupport_c.cpython-310-x86_64-linux-gnu.so[0m
[ 99%] [32m[1mLinking C shared library rosidl_generator_py/jaka_msgs/jaka_msgs_s__rosidl_typesupport_fastrtps_c.cpython-310-x86_64-linux-gnu.so[0m
[100%] [32m[1mLinking C shared library rosidl_generator_py/jaka_msgs/jaka_msgs_s__rosidl_typesupport_introspection_c.cpython-310-x86_64-linux-gnu.so[0m
[100%] Built target jaka_msgs__rosidl_typesupport_fastrtps_c__pyext
[100%] Built target jaka_msgs__rosidl_typesupport_c__pyext
[100%] Built target jaka_msgs__rosidl_typesupport_introspection_c__pyext
-- Install configuration: ""
-- Execute custom install script
-- Symlinking: /home/wtr/programs/cpp/ros2/jaka/src/install/jaka_msgs/share/ament_index/resource_index/rosidl_interfaces/jaka_msgs
-- Symlinking: /home/wtr/programs/cpp/ros2/jaka/src/install/jaka_msgs/include/jaka_msgs/jaka_msgs/msg/detail/robot_msg__functions.h
-- Symlinking: /home/wtr/programs/cpp/ros2/jaka/src/install/jaka_msgs/include/jaka_msgs/jaka_msgs/msg/detail/robot_msg__struct.h
-- Symlinking: /home/wtr/programs/cpp/ros2/jaka/src/install/jaka_msgs/include/jaka_msgs/jaka_msgs/msg/detail/robot_msg__type_support.h
-- Symlinking: /home/wtr/programs/cpp/ros2/jaka/src/install/jaka_msgs/include/jaka_msgs/jaka_msgs/msg/robot_msg.h
-- Symlinking: /home/wtr/programs/cpp/ros2/jaka/src/install/jaka_msgs/include/jaka_msgs/jaka_msgs/msg/rosidl_generator_c__visibility_control.h
-- Symlinking: /home/wtr/programs/cpp/ros2/jaka/src/install/jaka_msgs/include/jaka_msgs/jaka_msgs/srv/clear_error.h
-- Symlinking: /home/wtr/programs/cpp/ros2/jaka/src/install/jaka_msgs/include/jaka_msgs/jaka_msgs/srv/detail/clear_error__functions.h
-- Symlinking: /home/wtr/programs/cpp/ros2/jaka/src/install/jaka_msgs/include/jaka_msgs/jaka_msgs/srv/detail/clear_error__struct.h
-- Symlinking: /home/wtr/programs/cpp/ros2/jaka/src/install/jaka_msgs/include/jaka_msgs/jaka_msgs/srv/detail/clear_error__type_support.h
-- Symlinking: /home/wtr/programs/cpp/ros2/jaka/src/install/jaka_msgs/include/jaka_msgs/jaka_msgs/srv/detail/get_fk__functions.h
-- Symlinking: /home/wtr/programs/cpp/ros2/jaka/src/install/jaka_msgs/include/jaka_msgs/jaka_msgs/srv/detail/get_fk__struct.h
-- Symlinking: /home/wtr/programs/cpp/ros2/jaka/src/install/jaka_msgs/include/jaka_msgs/jaka_msgs/srv/detail/get_fk__type_support.h
-- Symlinking: /home/wtr/programs/cpp/ros2/jaka/src/install/jaka_msgs/include/jaka_msgs/jaka_msgs/srv/detail/get_ik__functions.h
-- Symlinking: /home/wtr/programs/cpp/ros2/jaka/src/install/jaka_msgs/include/jaka_msgs/jaka_msgs/srv/detail/get_ik__struct.h
-- Symlinking: /home/wtr/programs/cpp/ros2/jaka/src/install/jaka_msgs/include/jaka_msgs/jaka_msgs/srv/detail/get_ik__type_support.h
-- Symlinking: /home/wtr/programs/cpp/ros2/jaka/src/install/jaka_msgs/include/jaka_msgs/jaka_msgs/srv/detail/get_io__functions.h
-- Symlinking: /home/wtr/programs/cpp/ros2/jaka/src/install/jaka_msgs/include/jaka_msgs/jaka_msgs/srv/detail/get_io__struct.h
-- Symlinking: /home/wtr/programs/cpp/ros2/jaka/src/install/jaka_msgs/include/jaka_msgs/jaka_msgs/srv/detail/get_io__type_support.h
-- Symlinking: /home/wtr/programs/cpp/ros2/jaka/src/install/jaka_msgs/include/jaka_msgs/jaka_msgs/srv/detail/move__functions.h
-- Symlinking: /home/wtr/programs/cpp/ros2/jaka/src/install/jaka_msgs/include/jaka_msgs/jaka_msgs/srv/detail/move__struct.h
-- Symlinking: /home/wtr/programs/cpp/ros2/jaka/src/install/jaka_msgs/include/jaka_msgs/jaka_msgs/srv/detail/move__type_support.h
-- Symlinking: /home/wtr/programs/cpp/ros2/jaka/src/install/jaka_msgs/include/jaka_msgs/jaka_msgs/srv/detail/servo_move__functions.h
-- Symlinking: /home/wtr/programs/cpp/ros2/jaka/src/install/jaka_msgs/include/jaka_msgs/jaka_msgs/srv/detail/servo_move__struct.h
-- Symlinking: /home/wtr/programs/cpp/ros2/jaka/src/install/jaka_msgs/include/jaka_msgs/jaka_msgs/srv/detail/servo_move__type_support.h
-- Symlinking: /home/wtr/programs/cpp/ros2/jaka/src/install/jaka_msgs/include/jaka_msgs/jaka_msgs/srv/detail/servo_move_enable__functions.h
-- Symlinking: /home/wtr/programs/cpp/ros2/jaka/src/install/jaka_msgs/include/jaka_msgs/jaka_msgs/srv/detail/servo_move_enable__struct.h
-- Symlinking: /home/wtr/programs/cpp/ros2/jaka/src/install/jaka_msgs/include/jaka_msgs/jaka_msgs/srv/detail/servo_move_enable__type_support.h
-- Symlinking: /home/wtr/programs/cpp/ros2/jaka/src/install/jaka_msgs/include/jaka_msgs/jaka_msgs/srv/detail/set_collision__functions.h
-- Symlinking: /home/wtr/programs/cpp/ros2/jaka/src/install/jaka_msgs/include/jaka_msgs/jaka_msgs/srv/detail/set_collision__struct.h
-- Symlinking: /home/wtr/programs/cpp/ros2/jaka/src/install/jaka_msgs/include/jaka_msgs/jaka_msgs/srv/detail/set_collision__type_support.h
-- Symlinking: /home/wtr/programs/cpp/ros2/jaka/src/install/jaka_msgs/include/jaka_msgs/jaka_msgs/srv/detail/set_io__functions.h
-- Symlinking: /home/wtr/programs/cpp/ros2/jaka/src/install/jaka_msgs/include/jaka_msgs/jaka_msgs/srv/detail/set_io__struct.h
-- Symlinking: /home/wtr/programs/cpp/ros2/jaka/src/install/jaka_msgs/include/jaka_msgs/jaka_msgs/srv/detail/set_io__type_support.h
-- Symlinking: /home/wtr/programs/cpp/ros2/jaka/src/install/jaka_msgs/include/jaka_msgs/jaka_msgs/srv/detail/set_payload__functions.h
-- Symlinking: /home/wtr/programs/cpp/ros2/jaka/src/install/jaka_msgs/include/jaka_msgs/jaka_msgs/srv/detail/set_payload__struct.h
-- Symlinking: /home/wtr/programs/cpp/ros2/jaka/src/install/jaka_msgs/include/jaka_msgs/jaka_msgs/srv/detail/set_payload__type_support.h
-- Symlinking: /home/wtr/programs/cpp/ros2/jaka/src/install/jaka_msgs/include/jaka_msgs/jaka_msgs/srv/detail/set_tcp_frame__functions.h
-- Symlinking: /home/wtr/programs/cpp/ros2/jaka/src/install/jaka_msgs/include/jaka_msgs/jaka_msgs/srv/detail/set_tcp_frame__struct.h
-- Symlinking: /home/wtr/programs/cpp/ros2/jaka/src/install/jaka_msgs/include/jaka_msgs/jaka_msgs/srv/detail/set_tcp_frame__type_support.h
-- Symlinking: /home/wtr/programs/cpp/ros2/jaka/src/install/jaka_msgs/include/jaka_msgs/jaka_msgs/srv/detail/set_user_frame__functions.h
-- Symlinking: /home/wtr/programs/cpp/ros2/jaka/src/install/jaka_msgs/include/jaka_msgs/jaka_msgs/srv/detail/set_user_frame__struct.h
-- Symlinking: /home/wtr/programs/cpp/ros2/jaka/src/install/jaka_msgs/include/jaka_msgs/jaka_msgs/srv/detail/set_user_frame__type_support.h
-- Symlinking: /home/wtr/programs/cpp/ros2/jaka/src/install/jaka_msgs/include/jaka_msgs/jaka_msgs/srv/get_fk.h
-- Symlinking: /home/wtr/programs/cpp/ros2/jaka/src/install/jaka_msgs/include/jaka_msgs/jaka_msgs/srv/get_ik.h
-- Symlinking: /home/wtr/programs/cpp/ros2/jaka/src/install/jaka_msgs/include/jaka_msgs/jaka_msgs/srv/get_io.h
-- Symlinking: /home/wtr/programs/cpp/ros2/jaka/src/install/jaka_msgs/include/jaka_msgs/jaka_msgs/srv/move.h
-- Symlinking: /home/wtr/programs/cpp/ros2/jaka/src/install/jaka_msgs/include/jaka_msgs/jaka_msgs/srv/servo_move.h
-- Symlinking: /home/wtr/programs/cpp/ros2/jaka/src/install/jaka_msgs/include/jaka_msgs/jaka_msgs/srv/servo_move_enable.h
-- Symlinking: /home/wtr/programs/cpp/ros2/jaka/src/install/jaka_msgs/include/jaka_msgs/jaka_msgs/srv/set_collision.h
-- Symlinking: /home/wtr/programs/cpp/ros2/jaka/src/install/jaka_msgs/include/jaka_msgs/jaka_msgs/srv/set_io.h
-- Symlinking: /home/wtr/programs/cpp/ros2/jaka/src/install/jaka_msgs/include/jaka_msgs/jaka_msgs/srv/set_payload.h
-- Symlinking: /home/wtr/programs/cpp/ros2/jaka/src/install/jaka_msgs/include/jaka_msgs/jaka_msgs/srv/set_tcp_frame.h
-- Symlinking: /home/wtr/programs/cpp/ros2/jaka/src/install/jaka_msgs/include/jaka_msgs/jaka_msgs/srv/set_user_frame.h
-- Symlinking: /home/wtr/programs/cpp/ros2/jaka/src/install/jaka_msgs/share/jaka_msgs/environment/library_path.sh
-- Symlinking: /home/wtr/programs/cpp/ros2/jaka/src/install/jaka_msgs/share/jaka_msgs/environment/library_path.dsv
-- Symlinking: /home/wtr/programs/cpp/ros2/jaka/src/install/jaka_msgs/include/jaka_msgs/jaka_msgs/msg/detail/robot_msg__rosidl_typesupport_fastrtps_c.h
-- Symlinking: /home/wtr/programs/cpp/ros2/jaka/src/install/jaka_msgs/include/jaka_msgs/jaka_msgs/msg/rosidl_typesupport_fastrtps_c__visibility_control.h
-- Symlinking: /home/wtr/programs/cpp/ros2/jaka/src/install/jaka_msgs/include/jaka_msgs/jaka_msgs/srv/detail/clear_error__rosidl_typesupport_fastrtps_c.h
-- Symlinking: /home/wtr/programs/cpp/ros2/jaka/src/install/jaka_msgs/include/jaka_msgs/jaka_msgs/srv/detail/get_fk__rosidl_typesupport_fastrtps_c.h
-- Symlinking: /home/wtr/programs/cpp/ros2/jaka/src/install/jaka_msgs/include/jaka_msgs/jaka_msgs/srv/detail/get_ik__rosidl_typesupport_fastrtps_c.h
-- Symlinking: /home/wtr/programs/cpp/ros2/jaka/src/install/jaka_msgs/include/jaka_msgs/jaka_msgs/srv/detail/get_io__rosidl_typesupport_fastrtps_c.h
-- Symlinking: /home/wtr/programs/cpp/ros2/jaka/src/install/jaka_msgs/include/jaka_msgs/jaka_msgs/srv/detail/move__rosidl_typesupport_fastrtps_c.h
-- Symlinking: /home/wtr/programs/cpp/ros2/jaka/src/install/jaka_msgs/include/jaka_msgs/jaka_msgs/srv/detail/servo_move__rosidl_typesupport_fastrtps_c.h
-- Symlinking: /home/wtr/programs/cpp/ros2/jaka/src/install/jaka_msgs/include/jaka_msgs/jaka_msgs/srv/detail/servo_move_enable__rosidl_typesupport_fastrtps_c.h
-- Symlinking: /home/wtr/programs/cpp/ros2/jaka/src/install/jaka_msgs/include/jaka_msgs/jaka_msgs/srv/detail/set_collision__rosidl_typesupport_fastrtps_c.h
-- Symlinking: /home/wtr/programs/cpp/ros2/jaka/src/install/jaka_msgs/include/jaka_msgs/jaka_msgs/srv/detail/set_io__rosidl_typesupport_fastrtps_c.h
-- Symlinking: /home/wtr/programs/cpp/ros2/jaka/src/install/jaka_msgs/include/jaka_msgs/jaka_msgs/srv/detail/set_payload__rosidl_typesupport_fastrtps_c.h
-- Symlinking: /home/wtr/programs/cpp/ros2/jaka/src/install/jaka_msgs/include/jaka_msgs/jaka_msgs/srv/detail/set_tcp_frame__rosidl_typesupport_fastrtps_c.h
-- Symlinking: /home/wtr/programs/cpp/ros2/jaka/src/install/jaka_msgs/include/jaka_msgs/jaka_msgs/srv/detail/set_user_frame__rosidl_typesupport_fastrtps_c.h
-- Symlinking: /home/wtr/programs/cpp/ros2/jaka/src/install/jaka_msgs/include/jaka_msgs/jaka_msgs/msg/detail/robot_msg__rosidl_typesupport_introspection_c.h
-- Symlinking: /home/wtr/programs/cpp/ros2/jaka/src/install/jaka_msgs/include/jaka_msgs/jaka_msgs/msg/rosidl_typesupport_introspection_c__visibility_control.h
-- Symlinking: /home/wtr/programs/cpp/ros2/jaka/src/install/jaka_msgs/include/jaka_msgs/jaka_msgs/srv/detail/clear_error__rosidl_typesupport_introspection_c.h
-- Symlinking: /home/wtr/programs/cpp/ros2/jaka/src/install/jaka_msgs/include/jaka_msgs/jaka_msgs/srv/detail/get_fk__rosidl_typesupport_introspection_c.h
-- Symlinking: /home/wtr/programs/cpp/ros2/jaka/src/install/jaka_msgs/include/jaka_msgs/jaka_msgs/srv/detail/get_ik__rosidl_typesupport_introspection_c.h
-- Symlinking: /home/wtr/programs/cpp/ros2/jaka/src/install/jaka_msgs/include/jaka_msgs/jaka_msgs/srv/detail/get_io__rosidl_typesupport_introspection_c.h
-- Symlinking: /home/wtr/programs/cpp/ros2/jaka/src/install/jaka_msgs/include/jaka_msgs/jaka_msgs/srv/detail/move__rosidl_typesupport_introspection_c.h
-- Symlinking: /home/wtr/programs/cpp/ros2/jaka/src/install/jaka_msgs/include/jaka_msgs/jaka_msgs/srv/detail/servo_move__rosidl_typesupport_introspection_c.h
-- Symlinking: /home/wtr/programs/cpp/ros2/jaka/src/install/jaka_msgs/include/jaka_msgs/jaka_msgs/srv/detail/servo_move_enable__rosidl_typesupport_introspection_c.h
-- Symlinking: /home/wtr/programs/cpp/ros2/jaka/src/install/jaka_msgs/include/jaka_msgs/jaka_msgs/srv/detail/set_collision__rosidl_typesupport_introspection_c.h
-- Symlinking: /home/wtr/programs/cpp/ros2/jaka/src/install/jaka_msgs/include/jaka_msgs/jaka_msgs/srv/detail/set_io__rosidl_typesupport_introspection_c.h
-- Symlinking: /home/wtr/programs/cpp/ros2/jaka/src/install/jaka_msgs/include/jaka_msgs/jaka_msgs/srv/detail/set_payload__rosidl_typesupport_introspection_c.h
-- Symlinking: /home/wtr/programs/cpp/ros2/jaka/src/install/jaka_msgs/include/jaka_msgs/jaka_msgs/srv/detail/set_tcp_frame__rosidl_typesupport_introspection_c.h
-- Symlinking: /home/wtr/programs/cpp/ros2/jaka/src/install/jaka_msgs/include/jaka_msgs/jaka_msgs/srv/detail/set_user_frame__rosidl_typesupport_introspection_c.h
-- Symlinking: /home/wtr/programs/cpp/ros2/jaka/src/install/jaka_msgs/include/jaka_msgs/jaka_msgs/msg/detail/robot_msg__builder.hpp
-- Symlinking: /home/wtr/programs/cpp/ros2/jaka/src/install/jaka_msgs/include/jaka_msgs/jaka_msgs/msg/detail/robot_msg__struct.hpp
-- Symlinking: /home/wtr/programs/cpp/ros2/jaka/src/install/jaka_msgs/include/jaka_msgs/jaka_msgs/msg/detail/robot_msg__traits.hpp
-- Symlinking: /home/wtr/programs/cpp/ros2/jaka/src/install/jaka_msgs/include/jaka_msgs/jaka_msgs/msg/detail/robot_msg__type_support.hpp
-- Symlinking: /home/wtr/programs/cpp/ros2/jaka/src/install/jaka_msgs/include/jaka_msgs/jaka_msgs/msg/robot_msg.hpp
-- Symlinking: /home/wtr/programs/cpp/ros2/jaka/src/install/jaka_msgs/include/jaka_msgs/jaka_msgs/msg/rosidl_generator_cpp__visibility_control.hpp
-- Symlinking: /home/wtr/programs/cpp/ros2/jaka/src/install/jaka_msgs/include/jaka_msgs/jaka_msgs/srv/clear_error.hpp
-- Symlinking: /home/wtr/programs/cpp/ros2/jaka/src/install/jaka_msgs/include/jaka_msgs/jaka_msgs/srv/detail/clear_error__builder.hpp
-- Symlinking: /home/wtr/programs/cpp/ros2/jaka/src/install/jaka_msgs/include/jaka_msgs/jaka_msgs/srv/detail/clear_error__struct.hpp
-- Symlinking: /home/wtr/programs/cpp/ros2/jaka/src/install/jaka_msgs/include/jaka_msgs/jaka_msgs/srv/detail/clear_error__traits.hpp
-- Symlinking: /home/wtr/programs/cpp/ros2/jaka/src/install/jaka_msgs/include/jaka_msgs/jaka_msgs/srv/detail/clear_error__type_support.hpp
-- Symlinking: /home/wtr/programs/cpp/ros2/jaka/src/install/jaka_msgs/include/jaka_msgs/jaka_msgs/srv/detail/get_fk__builder.hpp
-- Symlinking: /home/wtr/programs/cpp/ros2/jaka/src/install/jaka_msgs/include/jaka_msgs/jaka_msgs/srv/detail/get_fk__struct.hpp
-- Symlinking: /home/wtr/programs/cpp/ros2/jaka/src/install/jaka_msgs/include/jaka_msgs/jaka_msgs/srv/detail/get_fk__traits.hpp
-- Symlinking: /home/wtr/programs/cpp/ros2/jaka/src/install/jaka_msgs/include/jaka_msgs/jaka_msgs/srv/detail/get_fk__type_support.hpp
-- Symlinking: /home/wtr/programs/cpp/ros2/jaka/src/install/jaka_msgs/include/jaka_msgs/jaka_msgs/srv/detail/get_ik__builder.hpp
-- Symlinking: /home/wtr/programs/cpp/ros2/jaka/src/install/jaka_msgs/include/jaka_msgs/jaka_msgs/srv/detail/get_ik__struct.hpp
-- Symlinking: /home/wtr/programs/cpp/ros2/jaka/src/install/jaka_msgs/include/jaka_msgs/jaka_msgs/srv/detail/get_ik__traits.hpp
-- Symlinking: /home/wtr/programs/cpp/ros2/jaka/src/install/jaka_msgs/include/jaka_msgs/jaka_msgs/srv/detail/get_ik__type_support.hpp
-- Symlinking: /home/wtr/programs/cpp/ros2/jaka/src/install/jaka_msgs/include/jaka_msgs/jaka_msgs/srv/detail/get_io__builder.hpp
-- Symlinking: /home/wtr/programs/cpp/ros2/jaka/src/install/jaka_msgs/include/jaka_msgs/jaka_msgs/srv/detail/get_io__struct.hpp
-- Symlinking: /home/wtr/programs/cpp/ros2/jaka/src/install/jaka_msgs/include/jaka_msgs/jaka_msgs/srv/detail/get_io__traits.hpp
-- Symlinking: /home/wtr/programs/cpp/ros2/jaka/src/install/jaka_msgs/include/jaka_msgs/jaka_msgs/srv/detail/get_io__type_support.hpp
-- Symlinking: /home/wtr/programs/cpp/ros2/jaka/src/install/jaka_msgs/include/jaka_msgs/jaka_msgs/srv/detail/move__builder.hpp
-- Symlinking: /home/wtr/programs/cpp/ros2/jaka/src/install/jaka_msgs/include/jaka_msgs/jaka_msgs/srv/detail/move__struct.hpp
-- Symlinking: /home/wtr/programs/cpp/ros2/jaka/src/install/jaka_msgs/include/jaka_msgs/jaka_msgs/srv/detail/move__traits.hpp
-- Symlinking: /home/wtr/programs/cpp/ros2/jaka/src/install/jaka_msgs/include/jaka_msgs/jaka_msgs/srv/detail/move__type_support.hpp
-- Symlinking: /home/wtr/programs/cpp/ros2/jaka/src/install/jaka_msgs/include/jaka_msgs/jaka_msgs/srv/detail/servo_move__builder.hpp
-- Symlinking: /home/wtr/programs/cpp/ros2/jaka/src/install/jaka_msgs/include/jaka_msgs/jaka_msgs/srv/detail/servo_move__struct.hpp
-- Symlinking: /home/wtr/programs/cpp/ros2/jaka/src/install/jaka_msgs/include/jaka_msgs/jaka_msgs/srv/detail/servo_move__traits.hpp
-- Symlinking: /home/wtr/programs/cpp/ros2/jaka/src/install/jaka_msgs/include/jaka_msgs/jaka_msgs/srv/detail/servo_move__type_support.hpp
-- Symlinking: /home/wtr/programs/cpp/ros2/jaka/src/install/jaka_msgs/include/jaka_msgs/jaka_msgs/srv/detail/servo_move_enable__builder.hpp
-- Symlinking: /home/wtr/programs/cpp/ros2/jaka/src/install/jaka_msgs/include/jaka_msgs/jaka_msgs/srv/detail/servo_move_enable__struct.hpp
-- Symlinking: /home/wtr/programs/cpp/ros2/jaka/src/install/jaka_msgs/include/jaka_msgs/jaka_msgs/srv/detail/servo_move_enable__traits.hpp
-- Symlinking: /home/wtr/programs/cpp/ros2/jaka/src/install/jaka_msgs/include/jaka_msgs/jaka_msgs/srv/detail/servo_move_enable__type_support.hpp
-- Symlinking: /home/wtr/programs/cpp/ros2/jaka/src/install/jaka_msgs/include/jaka_msgs/jaka_msgs/srv/detail/set_collision__builder.hpp
-- Symlinking: /home/wtr/programs/cpp/ros2/jaka/src/install/jaka_msgs/include/jaka_msgs/jaka_msgs/srv/detail/set_collision__struct.hpp
-- Symlinking: /home/wtr/programs/cpp/ros2/jaka/src/install/jaka_msgs/include/jaka_msgs/jaka_msgs/srv/detail/set_collision__traits.hpp
-- Symlinking: /home/wtr/programs/cpp/ros2/jaka/src/install/jaka_msgs/include/jaka_msgs/jaka_msgs/srv/detail/set_collision__type_support.hpp
-- Symlinking: /home/wtr/programs/cpp/ros2/jaka/src/install/jaka_msgs/include/jaka_msgs/jaka_msgs/srv/detail/set_io__builder.hpp
-- Symlinking: /home/wtr/programs/cpp/ros2/jaka/src/install/jaka_msgs/include/jaka_msgs/jaka_msgs/srv/detail/set_io__struct.hpp
-- Symlinking: /home/wtr/programs/cpp/ros2/jaka/src/install/jaka_msgs/include/jaka_msgs/jaka_msgs/srv/detail/set_io__traits.hpp
-- Symlinking: /home/wtr/programs/cpp/ros2/jaka/src/install/jaka_msgs/include/jaka_msgs/jaka_msgs/srv/detail/set_io__type_support.hpp
-- Symlinking: /home/wtr/programs/cpp/ros2/jaka/src/install/jaka_msgs/include/jaka_msgs/jaka_msgs/srv/detail/set_payload__builder.hpp
-- Symlinking: /home/wtr/programs/cpp/ros2/jaka/src/install/jaka_msgs/include/jaka_msgs/jaka_msgs/srv/detail/set_payload__struct.hpp
-- Symlinking: /home/wtr/programs/cpp/ros2/jaka/src/install/jaka_msgs/include/jaka_msgs/jaka_msgs/srv/detail/set_payload__traits.hpp
-- Symlinking: /home/wtr/programs/cpp/ros2/jaka/src/install/jaka_msgs/include/jaka_msgs/jaka_msgs/srv/detail/set_payload__type_support.hpp
-- Symlinking: /home/wtr/programs/cpp/ros2/jaka/src/install/jaka_msgs/include/jaka_msgs/jaka_msgs/srv/detail/set_tcp_frame__builder.hpp
-- Symlinking: /home/wtr/programs/cpp/ros2/jaka/src/install/jaka_msgs/include/jaka_msgs/jaka_msgs/srv/detail/set_tcp_frame__struct.hpp
-- Symlinking: /home/wtr/programs/cpp/ros2/jaka/src/install/jaka_msgs/include/jaka_msgs/jaka_msgs/srv/detail/set_tcp_frame__traits.hpp
-- Symlinking: /home/wtr/programs/cpp/ros2/jaka/src/install/jaka_msgs/include/jaka_msgs/jaka_msgs/srv/detail/set_tcp_frame__type_support.hpp
-- Symlinking: /home/wtr/programs/cpp/ros2/jaka/src/install/jaka_msgs/include/jaka_msgs/jaka_msgs/srv/detail/set_user_frame__builder.hpp
-- Symlinking: /home/wtr/programs/cpp/ros2/jaka/src/install/jaka_msgs/include/jaka_msgs/jaka_msgs/srv/detail/set_user_frame__struct.hpp
-- Symlinking: /home/wtr/programs/cpp/ros2/jaka/src/install/jaka_msgs/include/jaka_msgs/jaka_msgs/srv/detail/set_user_frame__traits.hpp
-- Symlinking: /home/wtr/programs/cpp/ros2/jaka/src/install/jaka_msgs/include/jaka_msgs/jaka_msgs/srv/detail/set_user_frame__type_support.hpp
-- Symlinking: /home/wtr/programs/cpp/ros2/jaka/src/install/jaka_msgs/include/jaka_msgs/jaka_msgs/srv/get_fk.hpp
-- Symlinking: /home/wtr/programs/cpp/ros2/jaka/src/install/jaka_msgs/include/jaka_msgs/jaka_msgs/srv/get_ik.hpp
-- Symlinking: /home/wtr/programs/cpp/ros2/jaka/src/install/jaka_msgs/include/jaka_msgs/jaka_msgs/srv/get_io.hpp
-- Symlinking: /home/wtr/programs/cpp/ros2/jaka/src/install/jaka_msgs/include/jaka_msgs/jaka_msgs/srv/move.hpp
-- Symlinking: /home/wtr/programs/cpp/ros2/jaka/src/install/jaka_msgs/include/jaka_msgs/jaka_msgs/srv/servo_move.hpp
-- Symlinking: /home/wtr/programs/cpp/ros2/jaka/src/install/jaka_msgs/include/jaka_msgs/jaka_msgs/srv/servo_move_enable.hpp
-- Symlinking: /home/wtr/programs/cpp/ros2/jaka/src/install/jaka_msgs/include/jaka_msgs/jaka_msgs/srv/set_collision.hpp
-- Symlinking: /home/wtr/programs/cpp/ros2/jaka/src/install/jaka_msgs/include/jaka_msgs/jaka_msgs/srv/set_io.hpp
-- Symlinking: /home/wtr/programs/cpp/ros2/jaka/src/install/jaka_msgs/include/jaka_msgs/jaka_msgs/srv/set_payload.hpp
-- Symlinking: /home/wtr/programs/cpp/ros2/jaka/src/install/jaka_msgs/include/jaka_msgs/jaka_msgs/srv/set_tcp_frame.hpp
-- Symlinking: /home/wtr/programs/cpp/ros2/jaka/src/install/jaka_msgs/include/jaka_msgs/jaka_msgs/srv/set_user_frame.hpp
-- Symlinking: /home/wtr/programs/cpp/ros2/jaka/src/install/jaka_msgs/include/jaka_msgs/jaka_msgs/msg/detail/robot_msg__rosidl_typesupport_fastrtps_cpp.hpp
-- Symlinking: /home/wtr/programs/cpp/ros2/jaka/src/install/jaka_msgs/include/jaka_msgs/jaka_msgs/msg/rosidl_typesupport_fastrtps_cpp__visibility_control.h
-- Symlinking: /home/wtr/programs/cpp/ros2/jaka/src/install/jaka_msgs/include/jaka_msgs/jaka_msgs/srv/detail/clear_error__rosidl_typesupport_fastrtps_cpp.hpp
-- Symlinking: /home/wtr/programs/cpp/ros2/jaka/src/install/jaka_msgs/include/jaka_msgs/jaka_msgs/srv/detail/get_fk__rosidl_typesupport_fastrtps_cpp.hpp
-- Symlinking: /home/wtr/programs/cpp/ros2/jaka/src/install/jaka_msgs/include/jaka_msgs/jaka_msgs/srv/detail/get_ik__rosidl_typesupport_fastrtps_cpp.hpp
-- Symlinking: /home/wtr/programs/cpp/ros2/jaka/src/install/jaka_msgs/include/jaka_msgs/jaka_msgs/srv/detail/get_io__rosidl_typesupport_fastrtps_cpp.hpp
-- Symlinking: /home/wtr/programs/cpp/ros2/jaka/src/install/jaka_msgs/include/jaka_msgs/jaka_msgs/srv/detail/move__rosidl_typesupport_fastrtps_cpp.hpp
-- Symlinking: /home/wtr/programs/cpp/ros2/jaka/src/install/jaka_msgs/include/jaka_msgs/jaka_msgs/srv/detail/servo_move__rosidl_typesupport_fastrtps_cpp.hpp
-- Symlinking: /home/wtr/programs/cpp/ros2/jaka/src/install/jaka_msgs/include/jaka_msgs/jaka_msgs/srv/detail/servo_move_enable__rosidl_typesupport_fastrtps_cpp.hpp
-- Symlinking: /home/wtr/programs/cpp/ros2/jaka/src/install/jaka_msgs/include/jaka_msgs/jaka_msgs/srv/detail/set_collision__rosidl_typesupport_fastrtps_cpp.hpp
-- Symlinking: /home/wtr/programs/cpp/ros2/jaka/src/install/jaka_msgs/include/jaka_msgs/jaka_msgs/srv/detail/set_io__rosidl_typesupport_fastrtps_cpp.hpp
-- Symlinking: /home/wtr/programs/cpp/ros2/jaka/src/install/jaka_msgs/include/jaka_msgs/jaka_msgs/srv/detail/set_payload__rosidl_typesupport_fastrtps_cpp.hpp
-- Symlinking: /home/wtr/programs/cpp/ros2/jaka/src/install/jaka_msgs/include/jaka_msgs/jaka_msgs/srv/detail/set_tcp_frame__rosidl_typesupport_fastrtps_cpp.hpp
-- Symlinking: /home/wtr/programs/cpp/ros2/jaka/src/install/jaka_msgs/include/jaka_msgs/jaka_msgs/srv/detail/set_user_frame__rosidl_typesupport_fastrtps_cpp.hpp
-- Symlinking: /home/wtr/programs/cpp/ros2/jaka/src/install/jaka_msgs/include/jaka_msgs/jaka_msgs/msg/detail/robot_msg__rosidl_typesupport_introspection_cpp.hpp
-- Symlinking: /home/wtr/programs/cpp/ros2/jaka/src/install/jaka_msgs/include/jaka_msgs/jaka_msgs/srv/detail/clear_error__rosidl_typesupport_introspection_cpp.hpp
-- Symlinking: /home/wtr/programs/cpp/ros2/jaka/src/install/jaka_msgs/include/jaka_msgs/jaka_msgs/srv/detail/get_fk__rosidl_typesupport_introspection_cpp.hpp
-- Symlinking: /home/wtr/programs/cpp/ros2/jaka/src/install/jaka_msgs/include/jaka_msgs/jaka_msgs/srv/detail/get_ik__rosidl_typesupport_introspection_cpp.hpp
-- Symlinking: /home/wtr/programs/cpp/ros2/jaka/src/install/jaka_msgs/include/jaka_msgs/jaka_msgs/srv/detail/get_io__rosidl_typesupport_introspection_cpp.hpp
-- Symlinking: /home/wtr/programs/cpp/ros2/jaka/src/install/jaka_msgs/include/jaka_msgs/jaka_msgs/srv/detail/move__rosidl_typesupport_introspection_cpp.hpp
-- Symlinking: /home/wtr/programs/cpp/ros2/jaka/src/install/jaka_msgs/include/jaka_msgs/jaka_msgs/srv/detail/servo_move__rosidl_typesupport_introspection_cpp.hpp
-- Symlinking: /home/wtr/programs/cpp/ros2/jaka/src/install/jaka_msgs/include/jaka_msgs/jaka_msgs/srv/detail/servo_move_enable__rosidl_typesupport_introspection_cpp.hpp
-- Symlinking: /home/wtr/programs/cpp/ros2/jaka/src/install/jaka_msgs/include/jaka_msgs/jaka_msgs/srv/detail/set_collision__rosidl_typesupport_introspection_cpp.hpp
-- Symlinking: /home/wtr/programs/cpp/ros2/jaka/src/install/jaka_msgs/include/jaka_msgs/jaka_msgs/srv/detail/set_io__rosidl_typesupport_introspection_cpp.hpp
-- Symlinking: /home/wtr/programs/cpp/ros2/jaka/src/install/jaka_msgs/include/jaka_msgs/jaka_msgs/srv/detail/set_payload__rosidl_typesupport_introspection_cpp.hpp
-- Symlinking: /home/wtr/programs/cpp/ros2/jaka/src/install/jaka_msgs/include/jaka_msgs/jaka_msgs/srv/detail/set_tcp_frame__rosidl_typesupport_introspection_cpp.hpp
-- Symlinking: /home/wtr/programs/cpp/ros2/jaka/src/install/jaka_msgs/include/jaka_msgs/jaka_msgs/srv/detail/set_user_frame__rosidl_typesupport_introspection_cpp.hpp
-- Symlinking: /home/wtr/programs/cpp/ros2/jaka/src/install/jaka_msgs/share/jaka_msgs/environment/pythonpath.sh
-- Symlinking: /home/wtr/programs/cpp/ros2/jaka/src/install/jaka_msgs/share/jaka_msgs/environment/pythonpath.dsv
-- Symlinking: /home/wtr/programs/cpp/ros2/jaka/src/install/jaka_msgs/local/lib/python3.10/dist-packages/jaka_msgs-0.0.0-py3.10.egg-info/PKG-INFO
-- Symlinking: /home/wtr/programs/cpp/ros2/jaka/src/install/jaka_msgs/local/lib/python3.10/dist-packages/jaka_msgs-0.0.0-py3.10.egg-info/SOURCES.txt
-- Symlinking: /home/wtr/programs/cpp/ros2/jaka/src/install/jaka_msgs/local/lib/python3.10/dist-packages/jaka_msgs-0.0.0-py3.10.egg-info/dependency_links.txt
-- Symlinking: /home/wtr/programs/cpp/ros2/jaka/src/install/jaka_msgs/local/lib/python3.10/dist-packages/jaka_msgs-0.0.0-py3.10.egg-info/top_level.txt
-- Symlinking: /home/wtr/programs/cpp/ros2/jaka/src/install/jaka_msgs/local/lib/python3.10/dist-packages/jaka_msgs/__init__.py
-- Symlinking: /home/wtr/programs/cpp/ros2/jaka/src/install/jaka_msgs/local/lib/python3.10/dist-packages/jaka_msgs/_jaka_msgs_s.ep.rosidl_typesupport_c.c
-- Symlinking: /home/wtr/programs/cpp/ros2/jaka/src/install/jaka_msgs/local/lib/python3.10/dist-packages/jaka_msgs/_jaka_msgs_s.ep.rosidl_typesupport_fastrtps_c.c
-- Symlinking: /home/wtr/programs/cpp/ros2/jaka/src/install/jaka_msgs/local/lib/python3.10/dist-packages/jaka_msgs/_jaka_msgs_s.ep.rosidl_typesupport_introspection_c.c
-- Symlinking: /home/wtr/programs/cpp/ros2/jaka/src/install/jaka_msgs/local/lib/python3.10/dist-packages/jaka_msgs/jaka_msgs_s__rosidl_typesupport_c.cpython-310-x86_64-linux-gnu.so
-- Symlinking: /home/wtr/programs/cpp/ros2/jaka/src/install/jaka_msgs/local/lib/python3.10/dist-packages/jaka_msgs/jaka_msgs_s__rosidl_typesupport_fastrtps_c.cpython-310-x86_64-linux-gnu.so
-- Symlinking: /home/wtr/programs/cpp/ros2/jaka/src/install/jaka_msgs/local/lib/python3.10/dist-packages/jaka_msgs/jaka_msgs_s__rosidl_typesupport_introspection_c.cpython-310-x86_64-linux-gnu.so
-- Symlinking: /home/wtr/programs/cpp/ros2/jaka/src/install/jaka_msgs/local/lib/python3.10/dist-packages/jaka_msgs/libjaka_msgs__rosidl_generator_py.so
-- Symlinking: /home/wtr/programs/cpp/ros2/jaka/src/install/jaka_msgs/local/lib/python3.10/dist-packages/jaka_msgs/msg/__init__.py
-- Symlinking: /home/wtr/programs/cpp/ros2/jaka/src/install/jaka_msgs/local/lib/python3.10/dist-packages/jaka_msgs/msg/_robot_msg.py
-- Symlinking: /home/wtr/programs/cpp/ros2/jaka/src/install/jaka_msgs/local/lib/python3.10/dist-packages/jaka_msgs/msg/_robot_msg_s.c
-- Symlinking: /home/wtr/programs/cpp/ros2/jaka/src/install/jaka_msgs/local/lib/python3.10/dist-packages/jaka_msgs/srv/__init__.py
-- Symlinking: /home/wtr/programs/cpp/ros2/jaka/src/install/jaka_msgs/local/lib/python3.10/dist-packages/jaka_msgs/srv/_clear_error.py
-- Symlinking: /home/wtr/programs/cpp/ros2/jaka/src/install/jaka_msgs/local/lib/python3.10/dist-packages/jaka_msgs/srv/_clear_error_s.c
-- Symlinking: /home/wtr/programs/cpp/ros2/jaka/src/install/jaka_msgs/local/lib/python3.10/dist-packages/jaka_msgs/srv/_get_fk.py
-- Symlinking: /home/wtr/programs/cpp/ros2/jaka/src/install/jaka_msgs/local/lib/python3.10/dist-packages/jaka_msgs/srv/_get_fk_s.c
-- Symlinking: /home/wtr/programs/cpp/ros2/jaka/src/install/jaka_msgs/local/lib/python3.10/dist-packages/jaka_msgs/srv/_get_ik.py
-- Symlinking: /home/wtr/programs/cpp/ros2/jaka/src/install/jaka_msgs/local/lib/python3.10/dist-packages/jaka_msgs/srv/_get_ik_s.c
-- Symlinking: /home/wtr/programs/cpp/ros2/jaka/src/install/jaka_msgs/local/lib/python3.10/dist-packages/jaka_msgs/srv/_get_io.py
-- Symlinking: /home/wtr/programs/cpp/ros2/jaka/src/install/jaka_msgs/local/lib/python3.10/dist-packages/jaka_msgs/srv/_get_io_s.c
-- Symlinking: /home/wtr/programs/cpp/ros2/jaka/src/install/jaka_msgs/local/lib/python3.10/dist-packages/jaka_msgs/srv/_move.py
-- Symlinking: /home/wtr/programs/cpp/ros2/jaka/src/install/jaka_msgs/local/lib/python3.10/dist-packages/jaka_msgs/srv/_move_s.c
-- Symlinking: /home/wtr/programs/cpp/ros2/jaka/src/install/jaka_msgs/local/lib/python3.10/dist-packages/jaka_msgs/srv/_servo_move.py
-- Symlinking: /home/wtr/programs/cpp/ros2/jaka/src/install/jaka_msgs/local/lib/python3.10/dist-packages/jaka_msgs/srv/_servo_move_enable.py
-- Symlinking: /home/wtr/programs/cpp/ros2/jaka/src/install/jaka_msgs/local/lib/python3.10/dist-packages/jaka_msgs/srv/_servo_move_enable_s.c
-- Symlinking: /home/wtr/programs/cpp/ros2/jaka/src/install/jaka_msgs/local/lib/python3.10/dist-packages/jaka_msgs/srv/_servo_move_s.c
-- Symlinking: /home/wtr/programs/cpp/ros2/jaka/src/install/jaka_msgs/local/lib/python3.10/dist-packages/jaka_msgs/srv/_set_collision.py
-- Symlinking: /home/wtr/programs/cpp/ros2/jaka/src/install/jaka_msgs/local/lib/python3.10/dist-packages/jaka_msgs/srv/_set_collision_s.c
-- Symlinking: /home/wtr/programs/cpp/ros2/jaka/src/install/jaka_msgs/local/lib/python3.10/dist-packages/jaka_msgs/srv/_set_io.py
-- Symlinking: /home/wtr/programs/cpp/ros2/jaka/src/install/jaka_msgs/local/lib/python3.10/dist-packages/jaka_msgs/srv/_set_io_s.c
-- Symlinking: /home/wtr/programs/cpp/ros2/jaka/src/install/jaka_msgs/local/lib/python3.10/dist-packages/jaka_msgs/srv/_set_payload.py
-- Symlinking: /home/wtr/programs/cpp/ros2/jaka/src/install/jaka_msgs/local/lib/python3.10/dist-packages/jaka_msgs/srv/_set_payload_s.c
-- Symlinking: /home/wtr/programs/cpp/ros2/jaka/src/install/jaka_msgs/local/lib/python3.10/dist-packages/jaka_msgs/srv/_set_tcp_frame.py
-- Symlinking: /home/wtr/programs/cpp/ros2/jaka/src/install/jaka_msgs/local/lib/python3.10/dist-packages/jaka_msgs/srv/_set_tcp_frame_s.c
-- Symlinking: /home/wtr/programs/cpp/ros2/jaka/src/install/jaka_msgs/local/lib/python3.10/dist-packages/jaka_msgs/srv/_set_user_frame.py
-- Symlinking: /home/wtr/programs/cpp/ros2/jaka/src/install/jaka_msgs/local/lib/python3.10/dist-packages/jaka_msgs/srv/_set_user_frame_s.c
-- Up-to-date symlink: /home/wtr/programs/cpp/ros2/jaka/src/install/jaka_msgs/local/lib/python3.10/dist-packages/jaka_msgs/jaka_msgs_s__rosidl_typesupport_fastrtps_c.cpython-310-x86_64-linux-gnu.so
-- Up-to-date symlink: /home/wtr/programs/cpp/ros2/jaka/src/install/jaka_msgs/local/lib/python3.10/dist-packages/jaka_msgs/jaka_msgs_s__rosidl_typesupport_introspection_c.cpython-310-x86_64-linux-gnu.so
-- Up-to-date symlink: /home/wtr/programs/cpp/ros2/jaka/src/install/jaka_msgs/local/lib/python3.10/dist-packages/jaka_msgs/jaka_msgs_s__rosidl_typesupport_c.cpython-310-x86_64-linux-gnu.so
-- Symlinking: /home/wtr/programs/cpp/ros2/jaka/src/install/jaka_msgs/share/jaka_msgs/msg/RobotMsg.idl
-- Symlinking: /home/wtr/programs/cpp/ros2/jaka/src/install/jaka_msgs/share/jaka_msgs/srv/Move.idl
-- Symlinking: /home/wtr/programs/cpp/ros2/jaka/src/install/jaka_msgs/share/jaka_msgs/srv/ServoMoveEnable.idl
-- Symlinking: /home/wtr/programs/cpp/ros2/jaka/src/install/jaka_msgs/share/jaka_msgs/srv/ServoMove.idl
-- Symlinking: /home/wtr/programs/cpp/ros2/jaka/src/install/jaka_msgs/share/jaka_msgs/srv/SetTcpFrame.idl
-- Symlinking: /home/wtr/programs/cpp/ros2/jaka/src/install/jaka_msgs/share/jaka_msgs/srv/SetUserFrame.idl
-- Symlinking: /home/wtr/programs/cpp/ros2/jaka/src/install/jaka_msgs/share/jaka_msgs/srv/SetPayload.idl
-- Symlinking: /home/wtr/programs/cpp/ros2/jaka/src/install/jaka_msgs/share/jaka_msgs/srv/SetCollision.idl
-- Symlinking: /home/wtr/programs/cpp/ros2/jaka/src/install/jaka_msgs/share/jaka_msgs/srv/SetIO.idl
-- Symlinking: /home/wtr/programs/cpp/ros2/jaka/src/install/jaka_msgs/share/jaka_msgs/srv/GetIO.idl
-- Symlinking: /home/wtr/programs/cpp/ros2/jaka/src/install/jaka_msgs/share/jaka_msgs/srv/ClearError.idl
-- Symlinking: /home/wtr/programs/cpp/ros2/jaka/src/install/jaka_msgs/share/jaka_msgs/srv/GetFK.idl
-- Symlinking: /home/wtr/programs/cpp/ros2/jaka/src/install/jaka_msgs/share/jaka_msgs/srv/GetIK.idl
-- Symlinking: /home/wtr/programs/cpp/ros2/jaka/src/install/jaka_msgs/share/jaka_msgs/msg/RobotMsg.msg
-- Symlinking: /home/wtr/programs/cpp/ros2/jaka/src/install/jaka_msgs/share/jaka_msgs/srv/Move.srv
-- Symlinking: /home/wtr/programs/cpp/ros2/jaka/src/install/jaka_msgs/share/jaka_msgs/srv/Move_Request.msg
-- Symlinking: /home/wtr/programs/cpp/ros2/jaka/src/install/jaka_msgs/share/jaka_msgs/srv/Move_Response.msg
-- Symlinking: /home/wtr/programs/cpp/ros2/jaka/src/install/jaka_msgs/share/jaka_msgs/srv/ServoMoveEnable.srv
-- Symlinking: /home/wtr/programs/cpp/ros2/jaka/src/install/jaka_msgs/share/jaka_msgs/srv/ServoMoveEnable_Request.msg
-- Symlinking: /home/wtr/programs/cpp/ros2/jaka/src/install/jaka_msgs/share/jaka_msgs/srv/ServoMoveEnable_Response.msg
-- Symlinking: /home/wtr/programs/cpp/ros2/jaka/src/install/jaka_msgs/share/jaka_msgs/srv/ServoMove.srv
-- Symlinking: /home/wtr/programs/cpp/ros2/jaka/src/install/jaka_msgs/share/jaka_msgs/srv/ServoMove_Request.msg
-- Symlinking: /home/wtr/programs/cpp/ros2/jaka/src/install/jaka_msgs/share/jaka_msgs/srv/ServoMove_Response.msg
-- Symlinking: /home/wtr/programs/cpp/ros2/jaka/src/install/jaka_msgs/share/jaka_msgs/srv/SetTcpFrame.srv
-- Symlinking: /home/wtr/programs/cpp/ros2/jaka/src/install/jaka_msgs/share/jaka_msgs/srv/SetTcpFrame_Request.msg
-- Symlinking: /home/wtr/programs/cpp/ros2/jaka/src/install/jaka_msgs/share/jaka_msgs/srv/SetTcpFrame_Response.msg
-- Symlinking: /home/wtr/programs/cpp/ros2/jaka/src/install/jaka_msgs/share/jaka_msgs/srv/SetUserFrame.srv
-- Symlinking: /home/wtr/programs/cpp/ros2/jaka/src/install/jaka_msgs/share/jaka_msgs/srv/SetUserFrame_Request.msg
-- Symlinking: /home/wtr/programs/cpp/ros2/jaka/src/install/jaka_msgs/share/jaka_msgs/srv/SetUserFrame_Response.msg
-- Symlinking: /home/wtr/programs/cpp/ros2/jaka/src/install/jaka_msgs/share/jaka_msgs/srv/SetPayload.srv
-- Symlinking: /home/wtr/programs/cpp/ros2/jaka/src/install/jaka_msgs/share/jaka_msgs/srv/SetPayload_Request.msg
-- Symlinking: /home/wtr/programs/cpp/ros2/jaka/src/install/jaka_msgs/share/jaka_msgs/srv/SetPayload_Response.msg
-- Symlinking: /home/wtr/programs/cpp/ros2/jaka/src/install/jaka_msgs/share/jaka_msgs/srv/SetCollision.srv
-- Symlinking: /home/wtr/programs/cpp/ros2/jaka/src/install/jaka_msgs/share/jaka_msgs/srv/SetCollision_Request.msg
-- Symlinking: /home/wtr/programs/cpp/ros2/jaka/src/install/jaka_msgs/share/jaka_msgs/srv/SetCollision_Response.msg
-- Symlinking: /home/wtr/programs/cpp/ros2/jaka/src/install/jaka_msgs/share/jaka_msgs/srv/SetIO.srv
-- Symlinking: /home/wtr/programs/cpp/ros2/jaka/src/install/jaka_msgs/share/jaka_msgs/srv/SetIO_Request.msg
-- Symlinking: /home/wtr/programs/cpp/ros2/jaka/src/install/jaka_msgs/share/jaka_msgs/srv/SetIO_Response.msg
-- Symlinking: /home/wtr/programs/cpp/ros2/jaka/src/install/jaka_msgs/share/jaka_msgs/srv/GetIO.srv
-- Symlinking: /home/wtr/programs/cpp/ros2/jaka/src/install/jaka_msgs/share/jaka_msgs/srv/GetIO_Request.msg
-- Symlinking: /home/wtr/programs/cpp/ros2/jaka/src/install/jaka_msgs/share/jaka_msgs/srv/GetIO_Response.msg
-- Symlinking: /home/wtr/programs/cpp/ros2/jaka/src/install/jaka_msgs/share/jaka_msgs/srv/ClearError.srv
-- Symlinking: /home/wtr/programs/cpp/ros2/jaka/src/install/jaka_msgs/share/jaka_msgs/srv/ClearError_Request.msg
-- Symlinking: /home/wtr/programs/cpp/ros2/jaka/src/install/jaka_msgs/share/jaka_msgs/srv/ClearError_Response.msg
-- Symlinking: /home/wtr/programs/cpp/ros2/jaka/src/install/jaka_msgs/share/jaka_msgs/srv/GetFK.srv
-- Symlinking: /home/wtr/programs/cpp/ros2/jaka/src/install/jaka_msgs/share/jaka_msgs/srv/GetFK_Request.msg
-- Symlinking: /home/wtr/programs/cpp/ros2/jaka/src/install/jaka_msgs/share/jaka_msgs/srv/GetFK_Response.msg
-- Symlinking: /home/wtr/programs/cpp/ros2/jaka/src/install/jaka_msgs/share/jaka_msgs/srv/GetIK.srv
-- Symlinking: /home/wtr/programs/cpp/ros2/jaka/src/install/jaka_msgs/share/jaka_msgs/srv/GetIK_Request.msg
-- Symlinking: /home/wtr/programs/cpp/ros2/jaka/src/install/jaka_msgs/share/jaka_msgs/srv/GetIK_Response.msg
-- Symlinking: /home/wtr/programs/cpp/ros2/jaka/src/install/jaka_msgs/share/ament_index/resource_index/package_run_dependencies/jaka_msgs
-- Symlinking: /home/wtr/programs/cpp/ros2/jaka/src/install/jaka_msgs/share/ament_index/resource_index/parent_prefix_path/jaka_msgs
-- Symlinking: /home/wtr/programs/cpp/ros2/jaka/src/install/jaka_msgs/share/jaka_msgs/environment/ament_prefix_path.sh
-- Symlinking: /home/wtr/programs/cpp/ros2/jaka/src/install/jaka_msgs/share/jaka_msgs/environment/ament_prefix_path.dsv
-- Symlinking: /home/wtr/programs/cpp/ros2/jaka/src/install/jaka_msgs/share/jaka_msgs/environment/path.sh
-- Symlinking: /home/wtr/programs/cpp/ros2/jaka/src/install/jaka_msgs/share/jaka_msgs/environment/path.dsv
-- Symlinking: /home/wtr/programs/cpp/ros2/jaka/src/install/jaka_msgs/share/jaka_msgs/local_setup.bash
-- Symlinking: /home/wtr/programs/cpp/ros2/jaka/src/install/jaka_msgs/share/jaka_msgs/local_setup.sh
-- Symlinking: /home/wtr/programs/cpp/ros2/jaka/src/install/jaka_msgs/share/jaka_msgs/local_setup.zsh
-- Symlinking: /home/wtr/programs/cpp/ros2/jaka/src/install/jaka_msgs/share/jaka_msgs/local_setup.dsv
-- Symlinking: /home/wtr/programs/cpp/ros2/jaka/src/install/jaka_msgs/share/jaka_msgs/package.dsv
-- Symlinking: /home/wtr/programs/cpp/ros2/jaka/src/install/jaka_msgs/share/ament_index/resource_index/packages/jaka_msgs
-- Symlinking: /home/wtr/programs/cpp/ros2/jaka/src/install/jaka_msgs/share/jaka_msgs/cmake/rosidl_cmake-extras.cmake
-- Symlinking: /home/wtr/programs/cpp/ros2/jaka/src/install/jaka_msgs/share/jaka_msgs/cmake/ament_cmake_export_dependencies-extras.cmake
-- Symlinking: /home/wtr/programs/cpp/ros2/jaka/src/install/jaka_msgs/share/jaka_msgs/cmake/ament_cmake_export_include_directories-extras.cmake
-- Symlinking: /home/wtr/programs/cpp/ros2/jaka/src/install/jaka_msgs/share/jaka_msgs/cmake/ament_cmake_export_libraries-extras.cmake
-- Symlinking: /home/wtr/programs/cpp/ros2/jaka/src/install/jaka_msgs/share/jaka_msgs/cmake/ament_cmake_export_targets-extras.cmake
-- Symlinking: /home/wtr/programs/cpp/ros2/jaka/src/install/jaka_msgs/share/jaka_msgs/cmake/rosidl_cmake_export_typesupport_targets-extras.cmake
-- Symlinking: /home/wtr/programs/cpp/ros2/jaka/src/install/jaka_msgs/share/jaka_msgs/cmake/rosidl_cmake_export_typesupport_libraries-extras.cmake
-- Symlinking: /home/wtr/programs/cpp/ros2/jaka/src/install/jaka_msgs/share/jaka_msgs/cmake/jaka_msgsConfig.cmake
-- Symlinking: /home/wtr/programs/cpp/ros2/jaka/src/install/jaka_msgs/share/jaka_msgs/cmake/jaka_msgsConfig-version.cmake
-- Symlinking: /home/wtr/programs/cpp/ros2/jaka/src/install/jaka_msgs/share/jaka_msgs/package.xml
-- Installing: /home/wtr/programs/cpp/ros2/jaka/src/install/jaka_msgs/lib/libjaka_msgs__rosidl_generator_c.so
-- Set runtime path of "/home/wtr/programs/cpp/ros2/jaka/src/install/jaka_msgs/lib/libjaka_msgs__rosidl_generator_c.so" to ""
-- Installing: /home/wtr/programs/cpp/ros2/jaka/src/install/jaka_msgs/lib/libjaka_msgs__rosidl_typesupport_fastrtps_c.so
-- Set runtime path of "/home/wtr/programs/cpp/ros2/jaka/src/install/jaka_msgs/lib/libjaka_msgs__rosidl_typesupport_fastrtps_c.so" to ""
-- Installing: /home/wtr/programs/cpp/ros2/jaka/src/install/jaka_msgs/lib/libjaka_msgs__rosidl_typesupport_introspection_c.so
-- Set runtime path of "/home/wtr/programs/cpp/ros2/jaka/src/install/jaka_msgs/lib/libjaka_msgs__rosidl_typesupport_introspection_c.so" to ""
-- Installing: /home/wtr/programs/cpp/ros2/jaka/src/install/jaka_msgs/lib/libjaka_msgs__rosidl_typesupport_c.so
-- Set runtime path of "/home/wtr/programs/cpp/ros2/jaka/src/install/jaka_msgs/lib/libjaka_msgs__rosidl_typesupport_c.so" to ""
-- Installing: /home/wtr/programs/cpp/ros2/jaka/src/install/jaka_msgs/lib/libjaka_msgs__rosidl_typesupport_fastrtps_cpp.so
-- Set runtime path of "/home/wtr/programs/cpp/ros2/jaka/src/install/jaka_msgs/lib/libjaka_msgs__rosidl_typesupport_fastrtps_cpp.so" to ""
-- Installing: /home/wtr/programs/cpp/ros2/jaka/src/install/jaka_msgs/lib/libjaka_msgs__rosidl_typesupport_introspection_cpp.so
-- Set runtime path of "/home/wtr/programs/cpp/ros2/jaka/src/install/jaka_msgs/lib/libjaka_msgs__rosidl_typesupport_introspection_cpp.so" to ""
-- Installing: /home/wtr/programs/cpp/ros2/jaka/src/install/jaka_msgs/lib/libjaka_msgs__rosidl_typesupport_cpp.so
-- Set runtime path of "/home/wtr/programs/cpp/ros2/jaka/src/install/jaka_msgs/lib/libjaka_msgs__rosidl_typesupport_cpp.so" to ""
Listing '/home/wtr/programs/cpp/ros2/jaka/src/install/jaka_msgs/local/lib/python3.10/dist-packages/jaka_msgs'...
Compiling '/home/wtr/programs/cpp/ros2/jaka/src/install/jaka_msgs/local/lib/python3.10/dist-packages/jaka_msgs/__init__.py'...
Listing '/home/wtr/programs/cpp/ros2/jaka/src/install/jaka_msgs/local/lib/python3.10/dist-packages/jaka_msgs/msg'...
Compiling '/home/wtr/programs/cpp/ros2/jaka/src/install/jaka_msgs/local/lib/python3.10/dist-packages/jaka_msgs/msg/__init__.py'...
Compiling '/home/wtr/programs/cpp/ros2/jaka/src/install/jaka_msgs/local/lib/python3.10/dist-packages/jaka_msgs/msg/_robot_msg.py'...
Listing '/home/wtr/programs/cpp/ros2/jaka/src/install/jaka_msgs/local/lib/python3.10/dist-packages/jaka_msgs/srv'...
Compiling '/home/wtr/programs/cpp/ros2/jaka/src/install/jaka_msgs/local/lib/python3.10/dist-packages/jaka_msgs/srv/__init__.py'...
Compiling '/home/wtr/programs/cpp/ros2/jaka/src/install/jaka_msgs/local/lib/python3.10/dist-packages/jaka_msgs/srv/_clear_error.py'...
Compiling '/home/wtr/programs/cpp/ros2/jaka/src/install/jaka_msgs/local/lib/python3.10/dist-packages/jaka_msgs/srv/_get_fk.py'...
Compiling '/home/wtr/programs/cpp/ros2/jaka/src/install/jaka_msgs/local/lib/python3.10/dist-packages/jaka_msgs/srv/_get_ik.py'...
Compiling '/home/wtr/programs/cpp/ros2/jaka/src/install/jaka_msgs/local/lib/python3.10/dist-packages/jaka_msgs/srv/_get_io.py'...
Compiling '/home/wtr/programs/cpp/ros2/jaka/src/install/jaka_msgs/local/lib/python3.10/dist-packages/jaka_msgs/srv/_move.py'...
Compiling '/home/wtr/programs/cpp/ros2/jaka/src/install/jaka_msgs/local/lib/python3.10/dist-packages/jaka_msgs/srv/_servo_move.py'...
Compiling '/home/wtr/programs/cpp/ros2/jaka/src/install/jaka_msgs/local/lib/python3.10/dist-packages/jaka_msgs/srv/_servo_move_enable.py'...
Compiling '/home/wtr/programs/cpp/ros2/jaka/src/install/jaka_msgs/local/lib/python3.10/dist-packages/jaka_msgs/srv/_set_collision.py'...
Compiling '/home/wtr/programs/cpp/ros2/jaka/src/install/jaka_msgs/local/lib/python3.10/dist-packages/jaka_msgs/srv/_set_io.py'...
Compiling '/home/wtr/programs/cpp/ros2/jaka/src/install/jaka_msgs/local/lib/python3.10/dist-packages/jaka_msgs/srv/_set_payload.py'...
Compiling '/home/wtr/programs/cpp/ros2/jaka/src/install/jaka_msgs/local/lib/python3.10/dist-packages/jaka_msgs/srv/_set_tcp_frame.py'...
Compiling '/home/wtr/programs/cpp/ros2/jaka/src/install/jaka_msgs/local/lib/python3.10/dist-packages/jaka_msgs/srv/_set_user_frame.py'...
-- Installing: /home/wtr/programs/cpp/ros2/jaka/src/install/jaka_msgs/lib/libjaka_msgs__rosidl_generator_py.so
-- Set runtime path of "/home/wtr/programs/cpp/ros2/jaka/src/install/jaka_msgs/lib/libjaka_msgs__rosidl_generator_py.so" to ""
-- Installing: /home/wtr/programs/cpp/ros2/jaka/src/install/jaka_msgs/share/jaka_msgs/cmake/export_jaka_msgs__rosidl_generator_cExport.cmake
-- Installing: /home/wtr/programs/cpp/ros2/jaka/src/install/jaka_msgs/share/jaka_msgs/cmake/export_jaka_msgs__rosidl_generator_cExport-noconfig.cmake
-- Installing: /home/wtr/programs/cpp/ros2/jaka/src/install/jaka_msgs/share/jaka_msgs/cmake/export_jaka_msgs__rosidl_typesupport_fastrtps_cExport.cmake
-- Installing: /home/wtr/programs/cpp/ros2/jaka/src/install/jaka_msgs/share/jaka_msgs/cmake/export_jaka_msgs__rosidl_typesupport_fastrtps_cExport-noconfig.cmake
-- Installing: /home/wtr/programs/cpp/ros2/jaka/src/install/jaka_msgs/share/jaka_msgs/cmake/jaka_msgs__rosidl_typesupport_introspection_cExport.cmake
-- Installing: /home/wtr/programs/cpp/ros2/jaka/src/install/jaka_msgs/share/jaka_msgs/cmake/jaka_msgs__rosidl_typesupport_introspection_cExport-noconfig.cmake
-- Installing: /home/wtr/programs/cpp/ros2/jaka/src/install/jaka_msgs/share/jaka_msgs/cmake/jaka_msgs__rosidl_typesupport_cExport.cmake
-- Installing: /home/wtr/programs/cpp/ros2/jaka/src/install/jaka_msgs/share/jaka_msgs/cmake/jaka_msgs__rosidl_typesupport_cExport-noconfig.cmake
-- Installing: /home/wtr/programs/cpp/ros2/jaka/src/install/jaka_msgs/share/jaka_msgs/cmake/export_jaka_msgs__rosidl_generator_cppExport.cmake
-- Installing: /home/wtr/programs/cpp/ros2/jaka/src/install/jaka_msgs/share/jaka_msgs/cmake/export_jaka_msgs__rosidl_typesupport_fastrtps_cppExport.cmake
-- Installing: /home/wtr/programs/cpp/ros2/jaka/src/install/jaka_msgs/share/jaka_msgs/cmake/export_jaka_msgs__rosidl_typesupport_fastrtps_cppExport-noconfig.cmake
-- Installing: /home/wtr/programs/cpp/ros2/jaka/src/install/jaka_msgs/share/jaka_msgs/cmake/jaka_msgs__rosidl_typesupport_introspection_cppExport.cmake
-- Installing: /home/wtr/programs/cpp/ros2/jaka/src/install/jaka_msgs/share/jaka_msgs/cmake/jaka_msgs__rosidl_typesupport_introspection_cppExport-noconfig.cmake
-- Installing: /home/wtr/programs/cpp/ros2/jaka/src/install/jaka_msgs/share/jaka_msgs/cmake/jaka_msgs__rosidl_typesupport_cppExport.cmake
-- Installing: /home/wtr/programs/cpp/ros2/jaka/src/install/jaka_msgs/share/jaka_msgs/cmake/jaka_msgs__rosidl_typesupport_cppExport-noconfig.cmake
-- Installing: /home/wtr/programs/cpp/ros2/jaka/src/install/jaka_msgs/share/jaka_msgs/cmake/export_jaka_msgs__rosidl_generator_pyExport.cmake
-- Installing: /home/wtr/programs/cpp/ros2/jaka/src/install/jaka_msgs/share/jaka_msgs/cmake/export_jaka_msgs__rosidl_generator_pyExport-noconfig.cmake
