[0.009s] Invoking command in '/home/wtr/programs/cpp/ros2/jaka/src/build/jaka_msgs': CMAKE_PREFIX_PATH=/opt/ros/humble /usr/bin/cmake /home/wtr/programs/cpp/ros2/jaka/src/jaka_msgs -DAMENT_CMAKE_SYMLINK_INSTALL=1 -DCMAKE_INSTALL_PREFIX=/home/wtr/programs/cpp/ros2/jaka/src/install/jaka_msgs
[0.054s] -- The C compiler identification is GNU 11.4.0
[0.092s] -- The CXX compiler identification is GNU 11.4.0
[0.097s] -- Detecting C compiler ABI info
[0.151s] -- Detecting C compiler ABI info - done
[0.155s] -- Check for working C compiler: /usr/bin/cc - skipped
[0.156s] -- Detecting C compile features
[0.156s] -- Detecting C compile features - done
[0.159s] -- Detecting CXX compiler ABI info
[0.220s] -- Detecting CXX compiler ABI info - done
[0.225s] -- Check for working CXX compiler: /usr/bin/c++ - skipped
[0.225s] -- Detecting CXX compile features
[0.226s] -- Detecting CXX compile features - done
[0.227s] -- Found ament_cmake: 1.3.12 (/opt/ros/humble/share/ament_cmake/cmake)
[0.339s] -- Found Python3: /usr/bin/python3 (found version "3.10.12") found components: Interpreter 
[0.395s] -- Override CMake install command with custom implementation using symlinks instead of copying resources
[0.414s] -- Found rosidl_default_generators: 1.2.0 (/opt/ros/humble/share/rosidl_default_generators/cmake)
[0.417s] -- Using all available rosidl_typesupport_c: rosidl_typesupport_fastrtps_c;rosidl_typesupport_introspection_c
[0.422s] -- Found rosidl_adapter: 3.1.7 (/opt/ros/humble/share/rosidl_adapter/cmake)
[0.449s] -- Using all available rosidl_typesupport_cpp: rosidl_typesupport_fastrtps_cpp;rosidl_typesupport_introspection_cpp
[0.472s] -- Found std_msgs: 4.9.0 (/opt/ros/humble/share/std_msgs/cmake)
[0.490s] -- Found rclcpp: 16.0.15 (/opt/ros/humble/share/rclcpp/cmake)
[0.516s] -- Found rmw_implementation_cmake: 6.1.2 (/opt/ros/humble/share/rmw_implementation_cmake/cmake)
[0.519s] -- Found rmw_fastrtps_cpp: 6.2.9 (/opt/ros/humble/share/rmw_fastrtps_cpp/cmake)
[0.582s] -- Found OpenSSL: /usr/lib/x86_64-linux-gnu/libcrypto.so (found version "3.0.2")  
[0.599s] -- Found FastRTPS: /opt/ros/humble/include  
[0.633s] -- Using RMW implementation 'rmw_fastrtps_cpp' as default
[0.638s] -- Looking for pthread.h
[0.688s] -- Looking for pthread.h - found
[0.688s] -- Performing Test CMAKE_HAVE_LIBC_PTHREAD
[0.746s] -- Performing Test CMAKE_HAVE_LIBC_PTHREAD - Success
[0.746s] -- Found Threads: TRUE  
[0.772s] -- Found std_srvs: 4.9.0 (/opt/ros/humble/share/std_srvs/cmake)
[1.033s] -- Found ament_cmake_ros: 0.10.0 (/opt/ros/humble/share/ament_cmake_ros/cmake)
[1.195s] -- Using all available rosidl_typesupport_c: rosidl_typesupport_fastrtps_c;rosidl_typesupport_introspection_c
[1.405s] -- Using all available rosidl_typesupport_cpp: rosidl_typesupport_fastrtps_cpp;rosidl_typesupport_introspection_cpp
[1.421s] -- Found PythonInterp: /usr/bin/python3 (found suitable version "3.10.12", minimum required is "3.6") 
[1.424s] -- Found python_cmake_module: 0.10.0 (/opt/ros/humble/share/python_cmake_module/cmake)
[1.444s] -- Found PythonLibs: /usr/lib/x86_64-linux-gnu/libpython3.10.so (found suitable version "3.10.12", minimum required is "3.5") 
[1.444s] -- Using PYTHON_EXECUTABLE: /usr/bin/python3
[1.444s] -- Using PYTHON_INCLUDE_DIRS: /usr/include/python3.10
[1.444s] -- Using PYTHON_LIBRARIES: /usr/lib/x86_64-linux-gnu/libpython3.10.so
[1.460s] -- Found PythonExtra: .so  
[1.506s] -- Configuring done
[1.555s] -- Generating done
[1.567s] -- Build files have been written to: /home/wtr/programs/cpp/ros2/jaka/src/build/jaka_msgs
[1.582s] Invoked command in '/home/wtr/programs/cpp/ros2/jaka/src/build/jaka_msgs' returned '0': CMAKE_PREFIX_PATH=/opt/ros/humble /usr/bin/cmake /home/wtr/programs/cpp/ros2/jaka/src/jaka_msgs -DAMENT_CMAKE_SYMLINK_INSTALL=1 -DCMAKE_INSTALL_PREFIX=/home/wtr/programs/cpp/ros2/jaka/src/install/jaka_msgs
[1.584s] Invoking command in '/home/wtr/programs/cpp/ros2/jaka/src/build/jaka_msgs': CMAKE_PREFIX_PATH=/opt/ros/humble /usr/bin/cmake --build /home/wtr/programs/cpp/ros2/jaka/src/build/jaka_msgs -- -j8 -l8
[1.615s] [  1%] [34m[1mGenerating C code for ROS interfaces[0m
[1.630s] [  1%] [34m[1mGenerating C++ code for ROS interfaces[0m
[1.632s] [  1%] Built target ament_cmake_python_symlink_jaka_msgs
[1.826s] running egg_info
[1.826s] creating jaka_msgs.egg-info
[1.826s] writing jaka_msgs.egg-info/PKG-INFO
[1.826s] writing dependency_links to jaka_msgs.egg-info/dependency_links.txt
[1.826s] writing top-level names to jaka_msgs.egg-info/top_level.txt
[1.826s] writing manifest file 'jaka_msgs.egg-info/SOURCES.txt'
[1.828s] reading manifest file 'jaka_msgs.egg-info/SOURCES.txt'
[1.829s] writing manifest file 'jaka_msgs.egg-info/SOURCES.txt'
[1.854s] [  1%] Built target ament_cmake_python_build_jaka_msgs_egg
[2.606s] [  2%] [32mBuilding C object CMakeFiles/jaka_msgs__rosidl_generator_c.dir/rosidl_generator_c/jaka_msgs/srv/detail/servo_move_enable__functions.c.o[0m
[2.606s] [  3%] [32mBuilding C object CMakeFiles/jaka_msgs__rosidl_generator_c.dir/rosidl_generator_c/jaka_msgs/msg/detail/robot_msg__functions.c.o[0m
[2.606s] [  3%] [32mBuilding C object CMakeFiles/jaka_msgs__rosidl_generator_c.dir/rosidl_generator_c/jaka_msgs/srv/detail/move__functions.c.o[0m
[2.609s] [  4%] [32mBuilding C object CMakeFiles/jaka_msgs__rosidl_generator_c.dir/rosidl_generator_c/jaka_msgs/srv/detail/servo_move__functions.c.o[0m
[2.611s] [  4%] [32mBuilding C object CMakeFiles/jaka_msgs__rosidl_generator_c.dir/rosidl_generator_c/jaka_msgs/srv/detail/set_payload__functions.c.o[0m
[2.612s] [  4%] Built target jaka_msgs__cpp
[2.612s] [  5%] [32mBuilding C object CMakeFiles/jaka_msgs__rosidl_generator_c.dir/rosidl_generator_c/jaka_msgs/srv/detail/set_tcp_frame__functions.c.o[0m
[2.613s] [  6%] [32mBuilding C object CMakeFiles/jaka_msgs__rosidl_generator_c.dir/rosidl_generator_c/jaka_msgs/srv/detail/set_user_frame__functions.c.o[0m
[2.630s] [  7%] [34m[1mGenerating C++ type support dispatch for ROS interfaces[0m
[2.669s] [  8%] [32mBuilding C object CMakeFiles/jaka_msgs__rosidl_generator_c.dir/rosidl_generator_c/jaka_msgs/srv/detail/get_io__functions.c.o[0m
[2.672s] [  9%] [32mBuilding C object CMakeFiles/jaka_msgs__rosidl_generator_c.dir/rosidl_generator_c/jaka_msgs/srv/detail/set_io__functions.c.o[0m
[2.677s] [ 11%] [34m[1mGenerating C++ type support for eProsima Fast-RTPS[0m
[2.677s] [ 12%] [32mBuilding C object CMakeFiles/jaka_msgs__rosidl_generator_c.dir/rosidl_generator_c/jaka_msgs/srv/detail/clear_error__functions.c.o[0m
[2.677s] [ 11%] [32mBuilding C object CMakeFiles/jaka_msgs__rosidl_generator_c.dir/rosidl_generator_c/jaka_msgs/srv/detail/set_collision__functions.c.o[0m
[2.688s] [ 12%] [34m[1mGenerating C++ introspection for ROS interfaces[0m
[2.695s] [ 12%] [32mBuilding C object CMakeFiles/jaka_msgs__rosidl_generator_c.dir/rosidl_generator_c/jaka_msgs/srv/detail/get_fk__functions.c.o[0m
[2.718s] [ 13%] [32mBuilding C object CMakeFiles/jaka_msgs__rosidl_generator_c.dir/rosidl_generator_c/jaka_msgs/srv/detail/get_ik__functions.c.o[0m
[2.778s] [ 14%] [32m[1mLinking C shared library libjaka_msgs__rosidl_generator_c.so[0m
[2.814s] [ 14%] Built target jaka_msgs__rosidl_generator_c
[2.824s] [ 15%] [34m[1mGenerating C type support for eProsima Fast-RTPS[0m
[2.829s] [ 16%] [34m[1mGenerating C introspection for ROS interfaces[0m
[2.837s] [ 17%] [34m[1mGenerating C type support dispatch for ROS interfaces[0m
[3.257s] [ 19%] [32mBuilding CXX object CMakeFiles/jaka_msgs__rosidl_typesupport_cpp.dir/rosidl_typesupport_cpp/jaka_msgs/srv/move__type_support.cpp.o[0m
[3.257s] [ 19%] [32mBuilding CXX object CMakeFiles/jaka_msgs__rosidl_typesupport_cpp.dir/rosidl_typesupport_cpp/jaka_msgs/srv/servo_move_enable__type_support.cpp.o[0m
[3.258s] [ 19%] [32mBuilding CXX object CMakeFiles/jaka_msgs__rosidl_typesupport_cpp.dir/rosidl_typesupport_cpp/jaka_msgs/msg/robot_msg__type_support.cpp.o[0m
[3.548s] [ 20%] [32mBuilding CXX object CMakeFiles/jaka_msgs__rosidl_typesupport_cpp.dir/rosidl_typesupport_cpp/jaka_msgs/srv/servo_move__type_support.cpp.o[0m
[3.560s] [ 21%] [32mBuilding CXX object CMakeFiles/jaka_msgs__rosidl_typesupport_cpp.dir/rosidl_typesupport_cpp/jaka_msgs/srv/set_tcp_frame__type_support.cpp.o[0m
[3.589s] [ 21%] [32mBuilding CXX object CMakeFiles/jaka_msgs__rosidl_typesupport_c.dir/rosidl_typesupport_c/jaka_msgs/msg/robot_msg__type_support.cpp.o[0m
[3.616s] [ 22%] [32mBuilding CXX object CMakeFiles/jaka_msgs__rosidl_typesupport_c.dir/rosidl_typesupport_c/jaka_msgs/srv/move__type_support.cpp.o[0m
[3.629s] [ 23%] [32mBuilding CXX object CMakeFiles/jaka_msgs__rosidl_typesupport_c.dir/rosidl_typesupport_c/jaka_msgs/srv/servo_move_enable__type_support.cpp.o[0m
[3.657s] [ 24%] [32mBuilding CXX object CMakeFiles/jaka_msgs__rosidl_typesupport_cpp.dir/rosidl_typesupport_cpp/jaka_msgs/srv/set_user_frame__type_support.cpp.o[0m
[3.671s] [ 26%] [32mBuilding CXX object CMakeFiles/jaka_msgs__rosidl_typesupport_c.dir/rosidl_typesupport_c/jaka_msgs/srv/servo_move__type_support.cpp.o[0m
[3.675s] [ 26%] [32mBuilding CXX object CMakeFiles/jaka_msgs__rosidl_typesupport_introspection_cpp.dir/rosidl_typesupport_introspection_cpp/jaka_msgs/msg/detail/robot_msg__type_support.cpp.o[0m
[3.731s] [ 27%] [32mBuilding CXX object CMakeFiles/jaka_msgs__rosidl_typesupport_c.dir/rosidl_typesupport_c/jaka_msgs/srv/set_tcp_frame__type_support.cpp.o[0m
[3.790s] [ 27%] [32mBuilding CXX object CMakeFiles/jaka_msgs__rosidl_typesupport_c.dir/rosidl_typesupport_c/jaka_msgs/srv/set_user_frame__type_support.cpp.o[0m
[3.824s] [ 28%] [32mBuilding C object CMakeFiles/jaka_msgs__rosidl_typesupport_introspection_c.dir/rosidl_typesupport_introspection_c/jaka_msgs/msg/detail/robot_msg__type_support.c.o[0m
[3.842s] [ 29%] [32mBuilding CXX object CMakeFiles/jaka_msgs__rosidl_typesupport_fastrtps_cpp.dir/rosidl_typesupport_fastrtps_cpp/jaka_msgs/msg/detail/dds_fastrtps/robot_msg__type_support.cpp.o[0m
[3.852s] [ 30%] [32mBuilding CXX object CMakeFiles/jaka_msgs__rosidl_typesupport_c.dir/rosidl_typesupport_c/jaka_msgs/srv/set_payload__type_support.cpp.o[0m
[3.873s] [ 31%] [32mBuilding C object CMakeFiles/jaka_msgs__rosidl_typesupport_introspection_c.dir/rosidl_typesupport_introspection_c/jaka_msgs/srv/detail/move__type_support.c.o[0m
[3.887s] [ 32%] [32mBuilding CXX object CMakeFiles/jaka_msgs__rosidl_typesupport_introspection_cpp.dir/rosidl_typesupport_introspection_cpp/jaka_msgs/srv/detail/move__type_support.cpp.o[0m
[3.911s] [ 33%] [32mBuilding CXX object CMakeFiles/jaka_msgs__rosidl_typesupport_c.dir/rosidl_typesupport_c/jaka_msgs/srv/set_collision__type_support.cpp.o[0m
[3.920s] [ 34%] [32mBuilding CXX object CMakeFiles/jaka_msgs__rosidl_typesupport_fastrtps_cpp.dir/rosidl_typesupport_fastrtps_cpp/jaka_msgs/srv/detail/dds_fastrtps/move__type_support.cpp.o[0m
[3.943s] [ 34%] [32mBuilding C object CMakeFiles/jaka_msgs__rosidl_typesupport_introspection_c.dir/rosidl_typesupport_introspection_c/jaka_msgs/srv/detail/servo_move_enable__type_support.c.o[0m
[3.980s] [ 35%] [32mBuilding CXX object CMakeFiles/jaka_msgs__rosidl_typesupport_cpp.dir/rosidl_typesupport_cpp/jaka_msgs/srv/set_payload__type_support.cpp.o[0m
[4.000s] [ 36%] [32mBuilding CXX object CMakeFiles/jaka_msgs__rosidl_typesupport_c.dir/rosidl_typesupport_c/jaka_msgs/srv/set_io__type_support.cpp.o[0m
[4.000s] [ 37%] [32mBuilding C object CMakeFiles/jaka_msgs__rosidl_typesupport_introspection_c.dir/rosidl_typesupport_introspection_c/jaka_msgs/srv/detail/servo_move__type_support.c.o[0m
[4.036s] [ 38%] [32mBuilding CXX object CMakeFiles/jaka_msgs__rosidl_typesupport_c.dir/rosidl_typesupport_c/jaka_msgs/srv/get_io__type_support.cpp.o[0m
[4.037s] [ 39%] [32mBuilding C object CMakeFiles/jaka_msgs__rosidl_typesupport_introspection_c.dir/rosidl_typesupport_introspection_c/jaka_msgs/srv/detail/set_tcp_frame__type_support.c.o[0m
[4.057s] [ 40%] [32mBuilding CXX object CMakeFiles/jaka_msgs__rosidl_typesupport_fastrtps_c.dir/rosidl_typesupport_fastrtps_c/jaka_msgs/msg/detail/robot_msg__type_support_c.cpp.o[0m
[4.111s] [ 40%] [32mBuilding CXX object CMakeFiles/jaka_msgs__rosidl_typesupport_c.dir/rosidl_typesupport_c/jaka_msgs/srv/clear_error__type_support.cpp.o[0m
[4.120s] [ 41%] [32mBuilding C object CMakeFiles/jaka_msgs__rosidl_typesupport_introspection_c.dir/rosidl_typesupport_introspection_c/jaka_msgs/srv/detail/set_user_frame__type_support.c.o[0m
[4.145s] [ 41%] [32mBuilding CXX object CMakeFiles/jaka_msgs__rosidl_typesupport_cpp.dir/rosidl_typesupport_cpp/jaka_msgs/srv/set_collision__type_support.cpp.o[0m
[4.167s] [ 42%] [32mBuilding CXX object CMakeFiles/jaka_msgs__rosidl_typesupport_c.dir/rosidl_typesupport_c/jaka_msgs/srv/get_fk__type_support.cpp.o[0m
[4.216s] [ 43%] [32mBuilding C object CMakeFiles/jaka_msgs__rosidl_typesupport_introspection_c.dir/rosidl_typesupport_introspection_c/jaka_msgs/srv/detail/set_payload__type_support.c.o[0m
[4.231s] [ 44%] [32mBuilding CXX object CMakeFiles/jaka_msgs__rosidl_typesupport_c.dir/rosidl_typesupport_c/jaka_msgs/srv/get_ik__type_support.cpp.o[0m
[4.260s] [ 45%] [32m[1mLinking CXX shared library libjaka_msgs__rosidl_typesupport_c.so[0m
[4.266s] [ 46%] [32mBuilding CXX object CMakeFiles/jaka_msgs__rosidl_typesupport_fastrtps_cpp.dir/rosidl_typesupport_fastrtps_cpp/jaka_msgs/srv/detail/dds_fastrtps/servo_move_enable__type_support.cpp.o[0m
[4.302s] [ 46%] [32mBuilding C object CMakeFiles/jaka_msgs__rosidl_typesupport_introspection_c.dir/rosidl_typesupport_introspection_c/jaka_msgs/srv/detail/set_collision__type_support.c.o[0m
[4.323s] [ 46%] Built target jaka_msgs__rosidl_typesupport_c
[4.333s] [ 47%] [32mBuilding CXX object CMakeFiles/jaka_msgs__rosidl_typesupport_introspection_cpp.dir/rosidl_typesupport_introspection_cpp/jaka_msgs/srv/detail/servo_move_enable__type_support.cpp.o[0m
[4.345s] [ 48%] [32mBuilding C object CMakeFiles/jaka_msgs__rosidl_typesupport_introspection_c.dir/rosidl_typesupport_introspection_c/jaka_msgs/srv/detail/set_io__type_support.c.o[0m
[4.345s] [ 48%] [32mBuilding CXX object CMakeFiles/jaka_msgs__rosidl_typesupport_fastrtps_c.dir/rosidl_typesupport_fastrtps_c/jaka_msgs/srv/detail/move__type_support_c.cpp.o[0m
[4.353s] [ 49%] [32mBuilding CXX object CMakeFiles/jaka_msgs__rosidl_typesupport_cpp.dir/rosidl_typesupport_cpp/jaka_msgs/srv/set_io__type_support.cpp.o[0m
[4.358s] [ 50%] [32mBuilding CXX object CMakeFiles/jaka_msgs__rosidl_typesupport_cpp.dir/rosidl_typesupport_cpp/jaka_msgs/srv/get_io__type_support.cpp.o[0m
[4.372s] [ 51%] [32mBuilding CXX object CMakeFiles/jaka_msgs__rosidl_typesupport_cpp.dir/rosidl_typesupport_cpp/jaka_msgs/srv/clear_error__type_support.cpp.o[0m
[4.382s] [ 52%] [32mBuilding C object CMakeFiles/jaka_msgs__rosidl_typesupport_introspection_c.dir/rosidl_typesupport_introspection_c/jaka_msgs/srv/detail/get_io__type_support.c.o[0m
[4.465s] [ 53%] [32mBuilding C object CMakeFiles/jaka_msgs__rosidl_typesupport_introspection_c.dir/rosidl_typesupport_introspection_c/jaka_msgs/srv/detail/clear_error__type_support.c.o[0m
[4.465s] [ 54%] [32mBuilding CXX object CMakeFiles/jaka_msgs__rosidl_typesupport_cpp.dir/rosidl_typesupport_cpp/jaka_msgs/srv/get_fk__type_support.cpp.o[0m
[4.574s] [ 55%] [32mBuilding C object CMakeFiles/jaka_msgs__rosidl_typesupport_introspection_c.dir/rosidl_typesupport_introspection_c/jaka_msgs/srv/detail/get_ik__type_support.c.o[0m
[4.584s] [ 55%] [32mBuilding C object CMakeFiles/jaka_msgs__rosidl_typesupport_introspection_c.dir/rosidl_typesupport_introspection_c/jaka_msgs/srv/detail/get_fk__type_support.c.o[0m
[4.623s] [ 55%] [32mBuilding CXX object CMakeFiles/jaka_msgs__rosidl_typesupport_cpp.dir/rosidl_typesupport_cpp/jaka_msgs/srv/get_ik__type_support.cpp.o[0m
[4.639s] [ 55%] [32mBuilding CXX object CMakeFiles/jaka_msgs__rosidl_typesupport_fastrtps_cpp.dir/rosidl_typesupport_fastrtps_cpp/jaka_msgs/srv/detail/dds_fastrtps/servo_move__type_support.cpp.o[0m
[4.653s] [ 56%] [32mBuilding CXX object CMakeFiles/jaka_msgs__rosidl_typesupport_fastrtps_c.dir/rosidl_typesupport_fastrtps_c/jaka_msgs/srv/detail/servo_move_enable__type_support_c.cpp.o[0m
[4.701s] [ 57%] [32m[1mLinking C shared library libjaka_msgs__rosidl_typesupport_introspection_c.so[0m
[4.754s] [ 57%] [32mBuilding CXX object CMakeFiles/jaka_msgs__rosidl_typesupport_introspection_cpp.dir/rosidl_typesupport_introspection_cpp/jaka_msgs/srv/detail/set_tcp_frame__type_support.cpp.o[0m
[4.757s] [ 58%] [32mBuilding CXX object CMakeFiles/jaka_msgs__rosidl_typesupport_introspection_cpp.dir/rosidl_typesupport_introspection_cpp/jaka_msgs/srv/detail/servo_move__type_support.cpp.o[0m
[4.765s] [ 58%] Built target jaka_msgs__rosidl_typesupport_introspection_c
[4.771s] [ 59%] [32mBuilding CXX object CMakeFiles/jaka_msgs__rosidl_typesupport_introspection_cpp.dir/rosidl_typesupport_introspection_cpp/jaka_msgs/srv/detail/set_user_frame__type_support.cpp.o[0m
[4.787s] [ 60%] [32mBuilding CXX object CMakeFiles/jaka_msgs__rosidl_typesupport_fastrtps_cpp.dir/rosidl_typesupport_fastrtps_cpp/jaka_msgs/srv/detail/dds_fastrtps/set_tcp_frame__type_support.cpp.o[0m
[4.822s] [ 61%] [32mBuilding CXX object CMakeFiles/jaka_msgs__rosidl_typesupport_introspection_cpp.dir/rosidl_typesupport_introspection_cpp/jaka_msgs/srv/detail/set_payload__type_support.cpp.o[0m
[4.932s] [ 62%] [32m[1mLinking CXX shared library libjaka_msgs__rosidl_typesupport_cpp.so[0m
[4.968s] [ 62%] Built target jaka_msgs__rosidl_typesupport_cpp
[4.978s] [ 63%] [32mBuilding CXX object CMakeFiles/jaka_msgs__rosidl_typesupport_introspection_cpp.dir/rosidl_typesupport_introspection_cpp/jaka_msgs/srv/detail/set_collision__type_support.cpp.o[0m
[5.048s] [ 64%] [32mBuilding CXX object CMakeFiles/jaka_msgs__rosidl_typesupport_fastrtps_c.dir/rosidl_typesupport_fastrtps_c/jaka_msgs/srv/detail/servo_move__type_support_c.cpp.o[0m
[5.161s] [ 65%] [32mBuilding CXX object CMakeFiles/jaka_msgs__rosidl_typesupport_fastrtps_cpp.dir/rosidl_typesupport_fastrtps_cpp/jaka_msgs/srv/detail/dds_fastrtps/set_user_frame__type_support.cpp.o[0m
[5.253s] [ 66%] [32mBuilding CXX object CMakeFiles/jaka_msgs__rosidl_typesupport_fastrtps_cpp.dir/rosidl_typesupport_fastrtps_cpp/jaka_msgs/srv/detail/dds_fastrtps/set_payload__type_support.cpp.o[0m
[5.253s] [ 67%] [32mBuilding CXX object CMakeFiles/jaka_msgs__rosidl_typesupport_fastrtps_c.dir/rosidl_typesupport_fastrtps_c/jaka_msgs/srv/detail/set_tcp_frame__type_support_c.cpp.o[0m
[5.292s] [ 68%] [32mBuilding CXX object CMakeFiles/jaka_msgs__rosidl_typesupport_fastrtps_c.dir/rosidl_typesupport_fastrtps_c/jaka_msgs/srv/detail/set_user_frame__type_support_c.cpp.o[0m
[5.338s] [ 69%] [32mBuilding CXX object CMakeFiles/jaka_msgs__rosidl_typesupport_fastrtps_cpp.dir/rosidl_typesupport_fastrtps_cpp/jaka_msgs/srv/detail/dds_fastrtps/set_collision__type_support.cpp.o[0m
[5.343s] [ 70%] [32mBuilding CXX object CMakeFiles/jaka_msgs__rosidl_typesupport_introspection_cpp.dir/rosidl_typesupport_introspection_cpp/jaka_msgs/srv/detail/set_io__type_support.cpp.o[0m
[5.445s] [ 70%] [32mBuilding CXX object CMakeFiles/jaka_msgs__rosidl_typesupport_fastrtps_c.dir/rosidl_typesupport_fastrtps_c/jaka_msgs/srv/detail/set_payload__type_support_c.cpp.o[0m
[5.462s] [ 70%] [32mBuilding CXX object CMakeFiles/jaka_msgs__rosidl_typesupport_introspection_cpp.dir/rosidl_typesupport_introspection_cpp/jaka_msgs/srv/detail/get_io__type_support.cpp.o[0m
[5.611s] [ 71%] [32mBuilding CXX object CMakeFiles/jaka_msgs__rosidl_typesupport_introspection_cpp.dir/rosidl_typesupport_introspection_cpp/jaka_msgs/srv/detail/clear_error__type_support.cpp.o[0m
[5.645s] [ 71%] [32mBuilding CXX object CMakeFiles/jaka_msgs__rosidl_typesupport_fastrtps_cpp.dir/rosidl_typesupport_fastrtps_cpp/jaka_msgs/srv/detail/dds_fastrtps/set_io__type_support.cpp.o[0m
[5.660s] [ 72%] [32mBuilding CXX object CMakeFiles/jaka_msgs__rosidl_typesupport_fastrtps_cpp.dir/rosidl_typesupport_fastrtps_cpp/jaka_msgs/srv/detail/dds_fastrtps/get_io__type_support.cpp.o[0m
[5.779s] [ 73%] [32mBuilding CXX object CMakeFiles/jaka_msgs__rosidl_typesupport_fastrtps_c.dir/rosidl_typesupport_fastrtps_c/jaka_msgs/srv/detail/set_collision__type_support_c.cpp.o[0m
[5.802s] [ 74%] [32mBuilding CXX object CMakeFiles/jaka_msgs__rosidl_typesupport_introspection_cpp.dir/rosidl_typesupport_introspection_cpp/jaka_msgs/srv/detail/get_fk__type_support.cpp.o[0m
[5.817s] [ 75%] [32mBuilding CXX object CMakeFiles/jaka_msgs__rosidl_typesupport_fastrtps_cpp.dir/rosidl_typesupport_fastrtps_cpp/jaka_msgs/srv/detail/dds_fastrtps/clear_error__type_support.cpp.o[0m
[5.846s] [ 76%] [32mBuilding CXX object CMakeFiles/jaka_msgs__rosidl_typesupport_introspection_cpp.dir/rosidl_typesupport_introspection_cpp/jaka_msgs/srv/detail/get_ik__type_support.cpp.o[0m
[6.053s] [ 77%] [32mBuilding CXX object CMakeFiles/jaka_msgs__rosidl_typesupport_fastrtps_c.dir/rosidl_typesupport_fastrtps_c/jaka_msgs/srv/detail/set_io__type_support_c.cpp.o[0m
[6.091s] [ 78%] [32mBuilding CXX object CMakeFiles/jaka_msgs__rosidl_typesupport_fastrtps_cpp.dir/rosidl_typesupport_fastrtps_cpp/jaka_msgs/srv/detail/dds_fastrtps/get_fk__type_support.cpp.o[0m
[6.112s] [ 79%] [32mBuilding CXX object CMakeFiles/jaka_msgs__rosidl_typesupport_fastrtps_c.dir/rosidl_typesupport_fastrtps_c/jaka_msgs/srv/detail/get_io__type_support_c.cpp.o[0m
[6.207s] [ 80%] [32mBuilding CXX object CMakeFiles/jaka_msgs__rosidl_typesupport_fastrtps_c.dir/rosidl_typesupport_fastrtps_c/jaka_msgs/srv/detail/clear_error__type_support_c.cpp.o[0m
[6.248s] [ 80%] [32mBuilding CXX object CMakeFiles/jaka_msgs__rosidl_typesupport_fastrtps_c.dir/rosidl_typesupport_fastrtps_c/jaka_msgs/srv/detail/get_fk__type_support_c.cpp.o[0m
[6.253s] [ 81%] [32mBuilding CXX object CMakeFiles/jaka_msgs__rosidl_typesupport_fastrtps_c.dir/rosidl_typesupport_fastrtps_c/jaka_msgs/srv/detail/get_ik__type_support_c.cpp.o[0m
[6.289s] [ 82%] [32m[1mLinking CXX shared library libjaka_msgs__rosidl_typesupport_introspection_cpp.so[0m
[6.295s] [ 83%] [32mBuilding CXX object CMakeFiles/jaka_msgs__rosidl_typesupport_fastrtps_cpp.dir/rosidl_typesupport_fastrtps_cpp/jaka_msgs/srv/detail/dds_fastrtps/get_ik__type_support.cpp.o[0m
[6.412s] [ 83%] Built target jaka_msgs__rosidl_typesupport_introspection_cpp
[6.601s] [ 84%] [32m[1mLinking CXX shared library libjaka_msgs__rosidl_typesupport_fastrtps_c.so[0m
[6.666s] [ 84%] Built target jaka_msgs__rosidl_typesupport_fastrtps_c
[6.733s] [ 84%] [32m[1mLinking CXX shared library libjaka_msgs__rosidl_typesupport_fastrtps_cpp.so[0m
[6.799s] [ 84%] Built target jaka_msgs__rosidl_typesupport_fastrtps_cpp
[6.813s] [ 84%] Built target jaka_msgs
[6.828s] [ 85%] [34m[1mGenerating Python code for ROS interfaces[0m
[8.094s] [ 85%] Built target jaka_msgs__py
[8.113s] [ 86%] [32mBuilding C object CMakeFiles/jaka_msgs__rosidl_generator_py.dir/rosidl_generator_py/jaka_msgs/srv/_servo_move_enable_s.c.o[0m
[8.113s] [ 87%] [32mBuilding C object CMakeFiles/jaka_msgs__rosidl_generator_py.dir/rosidl_generator_py/jaka_msgs/msg/_robot_msg_s.c.o[0m
[8.113s] [ 88%] [32mBuilding C object CMakeFiles/jaka_msgs__rosidl_generator_py.dir/rosidl_generator_py/jaka_msgs/srv/_set_tcp_frame_s.c.o[0m
[8.113s] [ 88%] [32mBuilding C object CMakeFiles/jaka_msgs__rosidl_generator_py.dir/rosidl_generator_py/jaka_msgs/srv/_set_payload_s.c.o[0m
[8.113s] [ 88%] [32mBuilding C object CMakeFiles/jaka_msgs__rosidl_generator_py.dir/rosidl_generator_py/jaka_msgs/srv/_move_s.c.o[0m
[8.113s] [ 89%] [32mBuilding C object CMakeFiles/jaka_msgs__rosidl_generator_py.dir/rosidl_generator_py/jaka_msgs/srv/_servo_move_s.c.o[0m
[8.116s] [ 90%] [32mBuilding C object CMakeFiles/jaka_msgs__rosidl_generator_py.dir/rosidl_generator_py/jaka_msgs/srv/_set_user_frame_s.c.o[0m
[8.121s] [ 91%] [32mBuilding C object CMakeFiles/jaka_msgs__rosidl_generator_py.dir/rosidl_generator_py/jaka_msgs/srv/_set_collision_s.c.o[0m
[8.205s] [ 92%] [32mBuilding C object CMakeFiles/jaka_msgs__rosidl_generator_py.dir/rosidl_generator_py/jaka_msgs/srv/_set_io_s.c.o[0m
[8.219s] [ 93%] [32mBuilding C object CMakeFiles/jaka_msgs__rosidl_generator_py.dir/rosidl_generator_py/jaka_msgs/srv/_clear_error_s.c.o[0m
[8.227s] [ 94%] [32mBuilding C object CMakeFiles/jaka_msgs__rosidl_generator_py.dir/rosidl_generator_py/jaka_msgs/srv/_get_io_s.c.o[0m
[8.228s] [ 94%] [32mBuilding C object CMakeFiles/jaka_msgs__rosidl_generator_py.dir/rosidl_generator_py/jaka_msgs/srv/_get_fk_s.c.o[0m
[8.241s] [ 95%] [32mBuilding C object CMakeFiles/jaka_msgs__rosidl_generator_py.dir/rosidl_generator_py/jaka_msgs/srv/_get_ik_s.c.o[0m
[8.337s] [ 96%] [32m[1mLinking C shared library rosidl_generator_py/jaka_msgs/libjaka_msgs__rosidl_generator_py.so[0m
[8.370s] [ 96%] Built target jaka_msgs__rosidl_generator_py
[8.387s] [ 97%] [32mBuilding C object CMakeFiles/jaka_msgs__rosidl_typesupport_introspection_c__pyext.dir/rosidl_generator_py/jaka_msgs/_jaka_msgs_s.ep.rosidl_typesupport_introspection_c.c.o[0m
[8.395s] [ 98%] [32mBuilding C object CMakeFiles/jaka_msgs__rosidl_typesupport_c__pyext.dir/rosidl_generator_py/jaka_msgs/_jaka_msgs_s.ep.rosidl_typesupport_c.c.o[0m
[8.395s] [ 99%] [32mBuilding C object CMakeFiles/jaka_msgs__rosidl_typesupport_fastrtps_c__pyext.dir/rosidl_generator_py/jaka_msgs/_jaka_msgs_s.ep.rosidl_typesupport_fastrtps_c.c.o[0m
[8.512s] [ 99%] [32m[1mLinking C shared library rosidl_generator_py/jaka_msgs/jaka_msgs_s__rosidl_typesupport_c.cpython-310-x86_64-linux-gnu.so[0m
[8.512s] [ 99%] [32m[1mLinking C shared library rosidl_generator_py/jaka_msgs/jaka_msgs_s__rosidl_typesupport_fastrtps_c.cpython-310-x86_64-linux-gnu.so[0m
[8.514s] [100%] [32m[1mLinking C shared library rosidl_generator_py/jaka_msgs/jaka_msgs_s__rosidl_typesupport_introspection_c.cpython-310-x86_64-linux-gnu.so[0m
[8.545s] [100%] Built target jaka_msgs__rosidl_typesupport_fastrtps_c__pyext
[8.546s] [100%] Built target jaka_msgs__rosidl_typesupport_c__pyext
[8.551s] [100%] Built target jaka_msgs__rosidl_typesupport_introspection_c__pyext
[8.562s] Invoked command in '/home/wtr/programs/cpp/ros2/jaka/src/build/jaka_msgs' returned '0': CMAKE_PREFIX_PATH=/opt/ros/humble /usr/bin/cmake --build /home/wtr/programs/cpp/ros2/jaka/src/build/jaka_msgs -- -j8 -l8
[8.564s] Invoking command in '/home/wtr/programs/cpp/ros2/jaka/src/build/jaka_msgs': CMAKE_PREFIX_PATH=/opt/ros/humble /usr/bin/cmake --install /home/wtr/programs/cpp/ros2/jaka/src/build/jaka_msgs
[8.569s] -- Install configuration: ""
[8.569s] -- Execute custom install script
[8.570s] -- Symlinking: /home/wtr/programs/cpp/ros2/jaka/src/install/jaka_msgs/share/ament_index/resource_index/rosidl_interfaces/jaka_msgs
[8.577s] -- Symlinking: /home/wtr/programs/cpp/ros2/jaka/src/install/jaka_msgs/include/jaka_msgs/jaka_msgs/msg/detail/robot_msg__functions.h
[8.584s] -- Symlinking: /home/wtr/programs/cpp/ros2/jaka/src/install/jaka_msgs/include/jaka_msgs/jaka_msgs/msg/detail/robot_msg__struct.h
[8.595s] -- Symlinking: /home/wtr/programs/cpp/ros2/jaka/src/install/jaka_msgs/include/jaka_msgs/jaka_msgs/msg/detail/robot_msg__type_support.h
[8.602s] -- Symlinking: /home/wtr/programs/cpp/ros2/jaka/src/install/jaka_msgs/include/jaka_msgs/jaka_msgs/msg/robot_msg.h
[8.610s] -- Symlinking: /home/wtr/programs/cpp/ros2/jaka/src/install/jaka_msgs/include/jaka_msgs/jaka_msgs/msg/rosidl_generator_c__visibility_control.h
[8.616s] -- Symlinking: /home/wtr/programs/cpp/ros2/jaka/src/install/jaka_msgs/include/jaka_msgs/jaka_msgs/srv/clear_error.h
[8.622s] -- Symlinking: /home/wtr/programs/cpp/ros2/jaka/src/install/jaka_msgs/include/jaka_msgs/jaka_msgs/srv/detail/clear_error__functions.h
[8.629s] -- Symlinking: /home/wtr/programs/cpp/ros2/jaka/src/install/jaka_msgs/include/jaka_msgs/jaka_msgs/srv/detail/clear_error__struct.h
[8.636s] -- Symlinking: /home/wtr/programs/cpp/ros2/jaka/src/install/jaka_msgs/include/jaka_msgs/jaka_msgs/srv/detail/clear_error__type_support.h
[8.642s] -- Symlinking: /home/wtr/programs/cpp/ros2/jaka/src/install/jaka_msgs/include/jaka_msgs/jaka_msgs/srv/detail/get_fk__functions.h
[8.648s] -- Symlinking: /home/wtr/programs/cpp/ros2/jaka/src/install/jaka_msgs/include/jaka_msgs/jaka_msgs/srv/detail/get_fk__struct.h
[8.655s] -- Symlinking: /home/wtr/programs/cpp/ros2/jaka/src/install/jaka_msgs/include/jaka_msgs/jaka_msgs/srv/detail/get_fk__type_support.h
[8.661s] -- Symlinking: /home/wtr/programs/cpp/ros2/jaka/src/install/jaka_msgs/include/jaka_msgs/jaka_msgs/srv/detail/get_ik__functions.h
[8.667s] -- Symlinking: /home/wtr/programs/cpp/ros2/jaka/src/install/jaka_msgs/include/jaka_msgs/jaka_msgs/srv/detail/get_ik__struct.h
[8.677s] -- Symlinking: /home/wtr/programs/cpp/ros2/jaka/src/install/jaka_msgs/include/jaka_msgs/jaka_msgs/srv/detail/get_ik__type_support.h
[8.684s] -- Symlinking: /home/wtr/programs/cpp/ros2/jaka/src/install/jaka_msgs/include/jaka_msgs/jaka_msgs/srv/detail/get_io__functions.h
[8.692s] -- Symlinking: /home/wtr/programs/cpp/ros2/jaka/src/install/jaka_msgs/include/jaka_msgs/jaka_msgs/srv/detail/get_io__struct.h
[8.699s] -- Symlinking: /home/wtr/programs/cpp/ros2/jaka/src/install/jaka_msgs/include/jaka_msgs/jaka_msgs/srv/detail/get_io__type_support.h
[8.706s] -- Symlinking: /home/wtr/programs/cpp/ros2/jaka/src/install/jaka_msgs/include/jaka_msgs/jaka_msgs/srv/detail/move__functions.h
[8.712s] -- Symlinking: /home/wtr/programs/cpp/ros2/jaka/src/install/jaka_msgs/include/jaka_msgs/jaka_msgs/srv/detail/move__struct.h
[8.719s] -- Symlinking: /home/wtr/programs/cpp/ros2/jaka/src/install/jaka_msgs/include/jaka_msgs/jaka_msgs/srv/detail/move__type_support.h
[8.726s] -- Symlinking: /home/wtr/programs/cpp/ros2/jaka/src/install/jaka_msgs/include/jaka_msgs/jaka_msgs/srv/detail/servo_move__functions.h
[8.732s] -- Symlinking: /home/wtr/programs/cpp/ros2/jaka/src/install/jaka_msgs/include/jaka_msgs/jaka_msgs/srv/detail/servo_move__struct.h
[8.738s] -- Symlinking: /home/wtr/programs/cpp/ros2/jaka/src/install/jaka_msgs/include/jaka_msgs/jaka_msgs/srv/detail/servo_move__type_support.h
[8.745s] -- Symlinking: /home/wtr/programs/cpp/ros2/jaka/src/install/jaka_msgs/include/jaka_msgs/jaka_msgs/srv/detail/servo_move_enable__functions.h
[8.751s] -- Symlinking: /home/wtr/programs/cpp/ros2/jaka/src/install/jaka_msgs/include/jaka_msgs/jaka_msgs/srv/detail/servo_move_enable__struct.h
[8.757s] -- Symlinking: /home/wtr/programs/cpp/ros2/jaka/src/install/jaka_msgs/include/jaka_msgs/jaka_msgs/srv/detail/servo_move_enable__type_support.h
[8.763s] -- Symlinking: /home/wtr/programs/cpp/ros2/jaka/src/install/jaka_msgs/include/jaka_msgs/jaka_msgs/srv/detail/set_collision__functions.h
[8.769s] -- Symlinking: /home/wtr/programs/cpp/ros2/jaka/src/install/jaka_msgs/include/jaka_msgs/jaka_msgs/srv/detail/set_collision__struct.h
[8.775s] -- Symlinking: /home/wtr/programs/cpp/ros2/jaka/src/install/jaka_msgs/include/jaka_msgs/jaka_msgs/srv/detail/set_collision__type_support.h
[8.783s] -- Symlinking: /home/wtr/programs/cpp/ros2/jaka/src/install/jaka_msgs/include/jaka_msgs/jaka_msgs/srv/detail/set_io__functions.h
[8.792s] -- Symlinking: /home/wtr/programs/cpp/ros2/jaka/src/install/jaka_msgs/include/jaka_msgs/jaka_msgs/srv/detail/set_io__struct.h
[8.801s] -- Symlinking: /home/wtr/programs/cpp/ros2/jaka/src/install/jaka_msgs/include/jaka_msgs/jaka_msgs/srv/detail/set_io__type_support.h
[8.808s] -- Symlinking: /home/wtr/programs/cpp/ros2/jaka/src/install/jaka_msgs/include/jaka_msgs/jaka_msgs/srv/detail/set_payload__functions.h
[8.816s] -- Symlinking: /home/wtr/programs/cpp/ros2/jaka/src/install/jaka_msgs/include/jaka_msgs/jaka_msgs/srv/detail/set_payload__struct.h
[8.827s] -- Symlinking: /home/wtr/programs/cpp/ros2/jaka/src/install/jaka_msgs/include/jaka_msgs/jaka_msgs/srv/detail/set_payload__type_support.h
[8.833s] -- Symlinking: /home/wtr/programs/cpp/ros2/jaka/src/install/jaka_msgs/include/jaka_msgs/jaka_msgs/srv/detail/set_tcp_frame__functions.h
[8.840s] -- Symlinking: /home/wtr/programs/cpp/ros2/jaka/src/install/jaka_msgs/include/jaka_msgs/jaka_msgs/srv/detail/set_tcp_frame__struct.h
[8.845s] -- Symlinking: /home/wtr/programs/cpp/ros2/jaka/src/install/jaka_msgs/include/jaka_msgs/jaka_msgs/srv/detail/set_tcp_frame__type_support.h
[8.851s] -- Symlinking: /home/wtr/programs/cpp/ros2/jaka/src/install/jaka_msgs/include/jaka_msgs/jaka_msgs/srv/detail/set_user_frame__functions.h
[8.857s] -- Symlinking: /home/wtr/programs/cpp/ros2/jaka/src/install/jaka_msgs/include/jaka_msgs/jaka_msgs/srv/detail/set_user_frame__struct.h
[8.864s] -- Symlinking: /home/wtr/programs/cpp/ros2/jaka/src/install/jaka_msgs/include/jaka_msgs/jaka_msgs/srv/detail/set_user_frame__type_support.h
[8.870s] -- Symlinking: /home/wtr/programs/cpp/ros2/jaka/src/install/jaka_msgs/include/jaka_msgs/jaka_msgs/srv/get_fk.h
[8.876s] -- Symlinking: /home/wtr/programs/cpp/ros2/jaka/src/install/jaka_msgs/include/jaka_msgs/jaka_msgs/srv/get_ik.h
[8.886s] -- Symlinking: /home/wtr/programs/cpp/ros2/jaka/src/install/jaka_msgs/include/jaka_msgs/jaka_msgs/srv/get_io.h
[8.893s] -- Symlinking: /home/wtr/programs/cpp/ros2/jaka/src/install/jaka_msgs/include/jaka_msgs/jaka_msgs/srv/move.h
[8.899s] -- Symlinking: /home/wtr/programs/cpp/ros2/jaka/src/install/jaka_msgs/include/jaka_msgs/jaka_msgs/srv/servo_move.h
[8.905s] -- Symlinking: /home/wtr/programs/cpp/ros2/jaka/src/install/jaka_msgs/include/jaka_msgs/jaka_msgs/srv/servo_move_enable.h
[8.912s] -- Symlinking: /home/wtr/programs/cpp/ros2/jaka/src/install/jaka_msgs/include/jaka_msgs/jaka_msgs/srv/set_collision.h
[8.918s] -- Symlinking: /home/wtr/programs/cpp/ros2/jaka/src/install/jaka_msgs/include/jaka_msgs/jaka_msgs/srv/set_io.h
[8.925s] -- Symlinking: /home/wtr/programs/cpp/ros2/jaka/src/install/jaka_msgs/include/jaka_msgs/jaka_msgs/srv/set_payload.h
[8.931s] -- Symlinking: /home/wtr/programs/cpp/ros2/jaka/src/install/jaka_msgs/include/jaka_msgs/jaka_msgs/srv/set_tcp_frame.h
[8.937s] -- Symlinking: /home/wtr/programs/cpp/ros2/jaka/src/install/jaka_msgs/include/jaka_msgs/jaka_msgs/srv/set_user_frame.h
[8.943s] -- Symlinking: /home/wtr/programs/cpp/ros2/jaka/src/install/jaka_msgs/share/jaka_msgs/environment/library_path.sh
[8.950s] -- Symlinking: /home/wtr/programs/cpp/ros2/jaka/src/install/jaka_msgs/share/jaka_msgs/environment/library_path.dsv
[8.957s] -- Symlinking: /home/wtr/programs/cpp/ros2/jaka/src/install/jaka_msgs/include/jaka_msgs/jaka_msgs/msg/detail/robot_msg__rosidl_typesupport_fastrtps_c.h
[8.963s] -- Symlinking: /home/wtr/programs/cpp/ros2/jaka/src/install/jaka_msgs/include/jaka_msgs/jaka_msgs/msg/rosidl_typesupport_fastrtps_c__visibility_control.h
[8.969s] -- Symlinking: /home/wtr/programs/cpp/ros2/jaka/src/install/jaka_msgs/include/jaka_msgs/jaka_msgs/srv/detail/clear_error__rosidl_typesupport_fastrtps_c.h
[8.975s] -- Symlinking: /home/wtr/programs/cpp/ros2/jaka/src/install/jaka_msgs/include/jaka_msgs/jaka_msgs/srv/detail/get_fk__rosidl_typesupport_fastrtps_c.h
[8.983s] -- Symlinking: /home/wtr/programs/cpp/ros2/jaka/src/install/jaka_msgs/include/jaka_msgs/jaka_msgs/srv/detail/get_ik__rosidl_typesupport_fastrtps_c.h
[8.992s] -- Symlinking: /home/wtr/programs/cpp/ros2/jaka/src/install/jaka_msgs/include/jaka_msgs/jaka_msgs/srv/detail/get_io__rosidl_typesupport_fastrtps_c.h
[9.004s] -- Symlinking: /home/wtr/programs/cpp/ros2/jaka/src/install/jaka_msgs/include/jaka_msgs/jaka_msgs/srv/detail/move__rosidl_typesupport_fastrtps_c.h
[9.015s] -- Symlinking: /home/wtr/programs/cpp/ros2/jaka/src/install/jaka_msgs/include/jaka_msgs/jaka_msgs/srv/detail/servo_move__rosidl_typesupport_fastrtps_c.h
[9.029s] -- Symlinking: /home/wtr/programs/cpp/ros2/jaka/src/install/jaka_msgs/include/jaka_msgs/jaka_msgs/srv/detail/servo_move_enable__rosidl_typesupport_fastrtps_c.h
[9.034s] -- Symlinking: /home/wtr/programs/cpp/ros2/jaka/src/install/jaka_msgs/include/jaka_msgs/jaka_msgs/srv/detail/set_collision__rosidl_typesupport_fastrtps_c.h
[9.041s] -- Symlinking: /home/wtr/programs/cpp/ros2/jaka/src/install/jaka_msgs/include/jaka_msgs/jaka_msgs/srv/detail/set_io__rosidl_typesupport_fastrtps_c.h
[9.048s] -- Symlinking: /home/wtr/programs/cpp/ros2/jaka/src/install/jaka_msgs/include/jaka_msgs/jaka_msgs/srv/detail/set_payload__rosidl_typesupport_fastrtps_c.h
[9.055s] -- Symlinking: /home/wtr/programs/cpp/ros2/jaka/src/install/jaka_msgs/include/jaka_msgs/jaka_msgs/srv/detail/set_tcp_frame__rosidl_typesupport_fastrtps_c.h
[9.066s] -- Symlinking: /home/wtr/programs/cpp/ros2/jaka/src/install/jaka_msgs/include/jaka_msgs/jaka_msgs/srv/detail/set_user_frame__rosidl_typesupport_fastrtps_c.h
[9.073s] -- Symlinking: /home/wtr/programs/cpp/ros2/jaka/src/install/jaka_msgs/include/jaka_msgs/jaka_msgs/msg/detail/robot_msg__rosidl_typesupport_introspection_c.h
[9.081s] -- Symlinking: /home/wtr/programs/cpp/ros2/jaka/src/install/jaka_msgs/include/jaka_msgs/jaka_msgs/msg/rosidl_typesupport_introspection_c__visibility_control.h
[9.091s] -- Symlinking: /home/wtr/programs/cpp/ros2/jaka/src/install/jaka_msgs/include/jaka_msgs/jaka_msgs/srv/detail/clear_error__rosidl_typesupport_introspection_c.h
[9.098s] -- Symlinking: /home/wtr/programs/cpp/ros2/jaka/src/install/jaka_msgs/include/jaka_msgs/jaka_msgs/srv/detail/get_fk__rosidl_typesupport_introspection_c.h
[9.105s] -- Symlinking: /home/wtr/programs/cpp/ros2/jaka/src/install/jaka_msgs/include/jaka_msgs/jaka_msgs/srv/detail/get_ik__rosidl_typesupport_introspection_c.h
[9.112s] -- Symlinking: /home/wtr/programs/cpp/ros2/jaka/src/install/jaka_msgs/include/jaka_msgs/jaka_msgs/srv/detail/get_io__rosidl_typesupport_introspection_c.h
[9.119s] -- Symlinking: /home/wtr/programs/cpp/ros2/jaka/src/install/jaka_msgs/include/jaka_msgs/jaka_msgs/srv/detail/move__rosidl_typesupport_introspection_c.h
[9.125s] -- Symlinking: /home/wtr/programs/cpp/ros2/jaka/src/install/jaka_msgs/include/jaka_msgs/jaka_msgs/srv/detail/servo_move__rosidl_typesupport_introspection_c.h
[9.131s] -- Symlinking: /home/wtr/programs/cpp/ros2/jaka/src/install/jaka_msgs/include/jaka_msgs/jaka_msgs/srv/detail/servo_move_enable__rosidl_typesupport_introspection_c.h
[9.136s] -- Symlinking: /home/wtr/programs/cpp/ros2/jaka/src/install/jaka_msgs/include/jaka_msgs/jaka_msgs/srv/detail/set_collision__rosidl_typesupport_introspection_c.h
[9.143s] -- Symlinking: /home/wtr/programs/cpp/ros2/jaka/src/install/jaka_msgs/include/jaka_msgs/jaka_msgs/srv/detail/set_io__rosidl_typesupport_introspection_c.h
[9.148s] -- Symlinking: /home/wtr/programs/cpp/ros2/jaka/src/install/jaka_msgs/include/jaka_msgs/jaka_msgs/srv/detail/set_payload__rosidl_typesupport_introspection_c.h
[9.158s] -- Symlinking: /home/wtr/programs/cpp/ros2/jaka/src/install/jaka_msgs/include/jaka_msgs/jaka_msgs/srv/detail/set_tcp_frame__rosidl_typesupport_introspection_c.h
[9.165s] -- Symlinking: /home/wtr/programs/cpp/ros2/jaka/src/install/jaka_msgs/include/jaka_msgs/jaka_msgs/srv/detail/set_user_frame__rosidl_typesupport_introspection_c.h
[9.173s] -- Symlinking: /home/wtr/programs/cpp/ros2/jaka/src/install/jaka_msgs/include/jaka_msgs/jaka_msgs/msg/detail/robot_msg__builder.hpp
[9.180s] -- Symlinking: /home/wtr/programs/cpp/ros2/jaka/src/install/jaka_msgs/include/jaka_msgs/jaka_msgs/msg/detail/robot_msg__struct.hpp
[9.190s] -- Symlinking: /home/wtr/programs/cpp/ros2/jaka/src/install/jaka_msgs/include/jaka_msgs/jaka_msgs/msg/detail/robot_msg__traits.hpp
[9.198s] -- Symlinking: /home/wtr/programs/cpp/ros2/jaka/src/install/jaka_msgs/include/jaka_msgs/jaka_msgs/msg/detail/robot_msg__type_support.hpp
[9.205s] -- Symlinking: /home/wtr/programs/cpp/ros2/jaka/src/install/jaka_msgs/include/jaka_msgs/jaka_msgs/msg/robot_msg.hpp
[9.212s] -- Symlinking: /home/wtr/programs/cpp/ros2/jaka/src/install/jaka_msgs/include/jaka_msgs/jaka_msgs/msg/rosidl_generator_cpp__visibility_control.hpp
[9.219s] -- Symlinking: /home/wtr/programs/cpp/ros2/jaka/src/install/jaka_msgs/include/jaka_msgs/jaka_msgs/srv/clear_error.hpp
[9.226s] -- Symlinking: /home/wtr/programs/cpp/ros2/jaka/src/install/jaka_msgs/include/jaka_msgs/jaka_msgs/srv/detail/clear_error__builder.hpp
[9.233s] -- Symlinking: /home/wtr/programs/cpp/ros2/jaka/src/install/jaka_msgs/include/jaka_msgs/jaka_msgs/srv/detail/clear_error__struct.hpp
[9.239s] -- Symlinking: /home/wtr/programs/cpp/ros2/jaka/src/install/jaka_msgs/include/jaka_msgs/jaka_msgs/srv/detail/clear_error__traits.hpp
[9.245s] -- Symlinking: /home/wtr/programs/cpp/ros2/jaka/src/install/jaka_msgs/include/jaka_msgs/jaka_msgs/srv/detail/clear_error__type_support.hpp
[9.251s] -- Symlinking: /home/wtr/programs/cpp/ros2/jaka/src/install/jaka_msgs/include/jaka_msgs/jaka_msgs/srv/detail/get_fk__builder.hpp
[9.258s] -- Symlinking: /home/wtr/programs/cpp/ros2/jaka/src/install/jaka_msgs/include/jaka_msgs/jaka_msgs/srv/detail/get_fk__struct.hpp
[9.264s] -- Symlinking: /home/wtr/programs/cpp/ros2/jaka/src/install/jaka_msgs/include/jaka_msgs/jaka_msgs/srv/detail/get_fk__traits.hpp
[9.270s] -- Symlinking: /home/wtr/programs/cpp/ros2/jaka/src/install/jaka_msgs/include/jaka_msgs/jaka_msgs/srv/detail/get_fk__type_support.hpp
[9.277s] -- Symlinking: /home/wtr/programs/cpp/ros2/jaka/src/install/jaka_msgs/include/jaka_msgs/jaka_msgs/srv/detail/get_ik__builder.hpp
[9.283s] -- Symlinking: /home/wtr/programs/cpp/ros2/jaka/src/install/jaka_msgs/include/jaka_msgs/jaka_msgs/srv/detail/get_ik__struct.hpp
[9.293s] -- Symlinking: /home/wtr/programs/cpp/ros2/jaka/src/install/jaka_msgs/include/jaka_msgs/jaka_msgs/srv/detail/get_ik__traits.hpp
[9.300s] -- Symlinking: /home/wtr/programs/cpp/ros2/jaka/src/install/jaka_msgs/include/jaka_msgs/jaka_msgs/srv/detail/get_ik__type_support.hpp
[9.307s] -- Symlinking: /home/wtr/programs/cpp/ros2/jaka/src/install/jaka_msgs/include/jaka_msgs/jaka_msgs/srv/detail/get_io__builder.hpp
[9.315s] -- Symlinking: /home/wtr/programs/cpp/ros2/jaka/src/install/jaka_msgs/include/jaka_msgs/jaka_msgs/srv/detail/get_io__struct.hpp
[9.321s] -- Symlinking: /home/wtr/programs/cpp/ros2/jaka/src/install/jaka_msgs/include/jaka_msgs/jaka_msgs/srv/detail/get_io__traits.hpp
[9.332s] -- Symlinking: /home/wtr/programs/cpp/ros2/jaka/src/install/jaka_msgs/include/jaka_msgs/jaka_msgs/srv/detail/get_io__type_support.hpp
[9.342s] -- Symlinking: /home/wtr/programs/cpp/ros2/jaka/src/install/jaka_msgs/include/jaka_msgs/jaka_msgs/srv/detail/move__builder.hpp
[9.349s] -- Symlinking: /home/wtr/programs/cpp/ros2/jaka/src/install/jaka_msgs/include/jaka_msgs/jaka_msgs/srv/detail/move__struct.hpp
[9.357s] -- Symlinking: /home/wtr/programs/cpp/ros2/jaka/src/install/jaka_msgs/include/jaka_msgs/jaka_msgs/srv/detail/move__traits.hpp
[9.364s] -- Symlinking: /home/wtr/programs/cpp/ros2/jaka/src/install/jaka_msgs/include/jaka_msgs/jaka_msgs/srv/detail/move__type_support.hpp
[9.371s] -- Symlinking: /home/wtr/programs/cpp/ros2/jaka/src/install/jaka_msgs/include/jaka_msgs/jaka_msgs/srv/detail/servo_move__builder.hpp
[9.379s] -- Symlinking: /home/wtr/programs/cpp/ros2/jaka/src/install/jaka_msgs/include/jaka_msgs/jaka_msgs/srv/detail/servo_move__struct.hpp
[9.386s] -- Symlinking: /home/wtr/programs/cpp/ros2/jaka/src/install/jaka_msgs/include/jaka_msgs/jaka_msgs/srv/detail/servo_move__traits.hpp
[9.394s] -- Symlinking: /home/wtr/programs/cpp/ros2/jaka/src/install/jaka_msgs/include/jaka_msgs/jaka_msgs/srv/detail/servo_move__type_support.hpp
[9.401s] -- Symlinking: /home/wtr/programs/cpp/ros2/jaka/src/install/jaka_msgs/include/jaka_msgs/jaka_msgs/srv/detail/servo_move_enable__builder.hpp
[9.415s] -- Symlinking: /home/wtr/programs/cpp/ros2/jaka/src/install/jaka_msgs/include/jaka_msgs/jaka_msgs/srv/detail/servo_move_enable__struct.hpp
[9.422s] -- Symlinking: /home/wtr/programs/cpp/ros2/jaka/src/install/jaka_msgs/include/jaka_msgs/jaka_msgs/srv/detail/servo_move_enable__traits.hpp
[9.429s] -- Symlinking: /home/wtr/programs/cpp/ros2/jaka/src/install/jaka_msgs/include/jaka_msgs/jaka_msgs/srv/detail/servo_move_enable__type_support.hpp
[9.441s] -- Symlinking: /home/wtr/programs/cpp/ros2/jaka/src/install/jaka_msgs/include/jaka_msgs/jaka_msgs/srv/detail/set_collision__builder.hpp
[9.447s] -- Symlinking: /home/wtr/programs/cpp/ros2/jaka/src/install/jaka_msgs/include/jaka_msgs/jaka_msgs/srv/detail/set_collision__struct.hpp
[9.453s] -- Symlinking: /home/wtr/programs/cpp/ros2/jaka/src/install/jaka_msgs/include/jaka_msgs/jaka_msgs/srv/detail/set_collision__traits.hpp
[9.459s] -- Symlinking: /home/wtr/programs/cpp/ros2/jaka/src/install/jaka_msgs/include/jaka_msgs/jaka_msgs/srv/detail/set_collision__type_support.hpp
[9.465s] -- Symlinking: /home/wtr/programs/cpp/ros2/jaka/src/install/jaka_msgs/include/jaka_msgs/jaka_msgs/srv/detail/set_io__builder.hpp
[9.471s] -- Symlinking: /home/wtr/programs/cpp/ros2/jaka/src/install/jaka_msgs/include/jaka_msgs/jaka_msgs/srv/detail/set_io__struct.hpp
[9.478s] -- Symlinking: /home/wtr/programs/cpp/ros2/jaka/src/install/jaka_msgs/include/jaka_msgs/jaka_msgs/srv/detail/set_io__traits.hpp
[9.493s] -- Symlinking: /home/wtr/programs/cpp/ros2/jaka/src/install/jaka_msgs/include/jaka_msgs/jaka_msgs/srv/detail/set_io__type_support.hpp
[9.502s] -- Symlinking: /home/wtr/programs/cpp/ros2/jaka/src/install/jaka_msgs/include/jaka_msgs/jaka_msgs/srv/detail/set_payload__builder.hpp
[9.509s] -- Symlinking: /home/wtr/programs/cpp/ros2/jaka/src/install/jaka_msgs/include/jaka_msgs/jaka_msgs/srv/detail/set_payload__struct.hpp
[9.516s] -- Symlinking: /home/wtr/programs/cpp/ros2/jaka/src/install/jaka_msgs/include/jaka_msgs/jaka_msgs/srv/detail/set_payload__traits.hpp
[9.522s] -- Symlinking: /home/wtr/programs/cpp/ros2/jaka/src/install/jaka_msgs/include/jaka_msgs/jaka_msgs/srv/detail/set_payload__type_support.hpp
[9.529s] -- Symlinking: /home/wtr/programs/cpp/ros2/jaka/src/install/jaka_msgs/include/jaka_msgs/jaka_msgs/srv/detail/set_tcp_frame__builder.hpp
[9.535s] -- Symlinking: /home/wtr/programs/cpp/ros2/jaka/src/install/jaka_msgs/include/jaka_msgs/jaka_msgs/srv/detail/set_tcp_frame__struct.hpp
[9.541s] -- Symlinking: /home/wtr/programs/cpp/ros2/jaka/src/install/jaka_msgs/include/jaka_msgs/jaka_msgs/srv/detail/set_tcp_frame__traits.hpp
[9.548s] -- Symlinking: /home/wtr/programs/cpp/ros2/jaka/src/install/jaka_msgs/include/jaka_msgs/jaka_msgs/srv/detail/set_tcp_frame__type_support.hpp
[9.554s] -- Symlinking: /home/wtr/programs/cpp/ros2/jaka/src/install/jaka_msgs/include/jaka_msgs/jaka_msgs/srv/detail/set_user_frame__builder.hpp
[9.561s] -- Symlinking: /home/wtr/programs/cpp/ros2/jaka/src/install/jaka_msgs/include/jaka_msgs/jaka_msgs/srv/detail/set_user_frame__struct.hpp
[9.566s] -- Symlinking: /home/wtr/programs/cpp/ros2/jaka/src/install/jaka_msgs/include/jaka_msgs/jaka_msgs/srv/detail/set_user_frame__traits.hpp
[9.574s] -- Symlinking: /home/wtr/programs/cpp/ros2/jaka/src/install/jaka_msgs/include/jaka_msgs/jaka_msgs/srv/detail/set_user_frame__type_support.hpp
[9.581s] -- Symlinking: /home/wtr/programs/cpp/ros2/jaka/src/install/jaka_msgs/include/jaka_msgs/jaka_msgs/srv/get_fk.hpp
[9.589s] -- Symlinking: /home/wtr/programs/cpp/ros2/jaka/src/install/jaka_msgs/include/jaka_msgs/jaka_msgs/srv/get_ik.hpp
[9.598s] -- Symlinking: /home/wtr/programs/cpp/ros2/jaka/src/install/jaka_msgs/include/jaka_msgs/jaka_msgs/srv/get_io.hpp
[9.604s] -- Symlinking: /home/wtr/programs/cpp/ros2/jaka/src/install/jaka_msgs/include/jaka_msgs/jaka_msgs/srv/move.hpp
[9.610s] -- Symlinking: /home/wtr/programs/cpp/ros2/jaka/src/install/jaka_msgs/include/jaka_msgs/jaka_msgs/srv/servo_move.hpp
[9.618s] -- Symlinking: /home/wtr/programs/cpp/ros2/jaka/src/install/jaka_msgs/include/jaka_msgs/jaka_msgs/srv/servo_move_enable.hpp
[9.624s] -- Symlinking: /home/wtr/programs/cpp/ros2/jaka/src/install/jaka_msgs/include/jaka_msgs/jaka_msgs/srv/set_collision.hpp
[9.631s] -- Symlinking: /home/wtr/programs/cpp/ros2/jaka/src/install/jaka_msgs/include/jaka_msgs/jaka_msgs/srv/set_io.hpp
[9.637s] -- Symlinking: /home/wtr/programs/cpp/ros2/jaka/src/install/jaka_msgs/include/jaka_msgs/jaka_msgs/srv/set_payload.hpp
[9.642s] -- Symlinking: /home/wtr/programs/cpp/ros2/jaka/src/install/jaka_msgs/include/jaka_msgs/jaka_msgs/srv/set_tcp_frame.hpp
[9.648s] -- Symlinking: /home/wtr/programs/cpp/ros2/jaka/src/install/jaka_msgs/include/jaka_msgs/jaka_msgs/srv/set_user_frame.hpp
[9.654s] -- Symlinking: /home/wtr/programs/cpp/ros2/jaka/src/install/jaka_msgs/include/jaka_msgs/jaka_msgs/msg/detail/robot_msg__rosidl_typesupport_fastrtps_cpp.hpp
[9.660s] -- Symlinking: /home/wtr/programs/cpp/ros2/jaka/src/install/jaka_msgs/include/jaka_msgs/jaka_msgs/msg/rosidl_typesupport_fastrtps_cpp__visibility_control.h
[9.665s] -- Symlinking: /home/wtr/programs/cpp/ros2/jaka/src/install/jaka_msgs/include/jaka_msgs/jaka_msgs/srv/detail/clear_error__rosidl_typesupport_fastrtps_cpp.hpp
[9.671s] -- Symlinking: /home/wtr/programs/cpp/ros2/jaka/src/install/jaka_msgs/include/jaka_msgs/jaka_msgs/srv/detail/get_fk__rosidl_typesupport_fastrtps_cpp.hpp
[9.677s] -- Symlinking: /home/wtr/programs/cpp/ros2/jaka/src/install/jaka_msgs/include/jaka_msgs/jaka_msgs/srv/detail/get_ik__rosidl_typesupport_fastrtps_cpp.hpp
[9.685s] -- Symlinking: /home/wtr/programs/cpp/ros2/jaka/src/install/jaka_msgs/include/jaka_msgs/jaka_msgs/srv/detail/get_io__rosidl_typesupport_fastrtps_cpp.hpp
[9.693s] -- Symlinking: /home/wtr/programs/cpp/ros2/jaka/src/install/jaka_msgs/include/jaka_msgs/jaka_msgs/srv/detail/move__rosidl_typesupport_fastrtps_cpp.hpp
[9.701s] -- Symlinking: /home/wtr/programs/cpp/ros2/jaka/src/install/jaka_msgs/include/jaka_msgs/jaka_msgs/srv/detail/servo_move__rosidl_typesupport_fastrtps_cpp.hpp
[9.709s] -- Symlinking: /home/wtr/programs/cpp/ros2/jaka/src/install/jaka_msgs/include/jaka_msgs/jaka_msgs/srv/detail/servo_move_enable__rosidl_typesupport_fastrtps_cpp.hpp
[9.715s] -- Symlinking: /home/wtr/programs/cpp/ros2/jaka/src/install/jaka_msgs/include/jaka_msgs/jaka_msgs/srv/detail/set_collision__rosidl_typesupport_fastrtps_cpp.hpp
[9.722s] -- Symlinking: /home/wtr/programs/cpp/ros2/jaka/src/install/jaka_msgs/include/jaka_msgs/jaka_msgs/srv/detail/set_io__rosidl_typesupport_fastrtps_cpp.hpp
[9.729s] -- Symlinking: /home/wtr/programs/cpp/ros2/jaka/src/install/jaka_msgs/include/jaka_msgs/jaka_msgs/srv/detail/set_payload__rosidl_typesupport_fastrtps_cpp.hpp
[9.735s] -- Symlinking: /home/wtr/programs/cpp/ros2/jaka/src/install/jaka_msgs/include/jaka_msgs/jaka_msgs/srv/detail/set_tcp_frame__rosidl_typesupport_fastrtps_cpp.hpp
[9.741s] -- Symlinking: /home/wtr/programs/cpp/ros2/jaka/src/install/jaka_msgs/include/jaka_msgs/jaka_msgs/srv/detail/set_user_frame__rosidl_typesupport_fastrtps_cpp.hpp
[9.748s] -- Symlinking: /home/wtr/programs/cpp/ros2/jaka/src/install/jaka_msgs/include/jaka_msgs/jaka_msgs/msg/detail/robot_msg__rosidl_typesupport_introspection_cpp.hpp
[9.754s] -- Symlinking: /home/wtr/programs/cpp/ros2/jaka/src/install/jaka_msgs/include/jaka_msgs/jaka_msgs/srv/detail/clear_error__rosidl_typesupport_introspection_cpp.hpp
[9.760s] -- Symlinking: /home/wtr/programs/cpp/ros2/jaka/src/install/jaka_msgs/include/jaka_msgs/jaka_msgs/srv/detail/get_fk__rosidl_typesupport_introspection_cpp.hpp
[9.766s] -- Symlinking: /home/wtr/programs/cpp/ros2/jaka/src/install/jaka_msgs/include/jaka_msgs/jaka_msgs/srv/detail/get_ik__rosidl_typesupport_introspection_cpp.hpp
[9.773s] -- Symlinking: /home/wtr/programs/cpp/ros2/jaka/src/install/jaka_msgs/include/jaka_msgs/jaka_msgs/srv/detail/get_io__rosidl_typesupport_introspection_cpp.hpp
[9.779s] -- Symlinking: /home/wtr/programs/cpp/ros2/jaka/src/install/jaka_msgs/include/jaka_msgs/jaka_msgs/srv/detail/move__rosidl_typesupport_introspection_cpp.hpp
[9.785s] -- Symlinking: /home/wtr/programs/cpp/ros2/jaka/src/install/jaka_msgs/include/jaka_msgs/jaka_msgs/srv/detail/servo_move__rosidl_typesupport_introspection_cpp.hpp
[9.797s] -- Symlinking: /home/wtr/programs/cpp/ros2/jaka/src/install/jaka_msgs/include/jaka_msgs/jaka_msgs/srv/detail/servo_move_enable__rosidl_typesupport_introspection_cpp.hpp
[9.804s] -- Symlinking: /home/wtr/programs/cpp/ros2/jaka/src/install/jaka_msgs/include/jaka_msgs/jaka_msgs/srv/detail/set_collision__rosidl_typesupport_introspection_cpp.hpp
[9.813s] -- Symlinking: /home/wtr/programs/cpp/ros2/jaka/src/install/jaka_msgs/include/jaka_msgs/jaka_msgs/srv/detail/set_io__rosidl_typesupport_introspection_cpp.hpp
[9.822s] -- Symlinking: /home/wtr/programs/cpp/ros2/jaka/src/install/jaka_msgs/include/jaka_msgs/jaka_msgs/srv/detail/set_payload__rosidl_typesupport_introspection_cpp.hpp
[9.833s] -- Symlinking: /home/wtr/programs/cpp/ros2/jaka/src/install/jaka_msgs/include/jaka_msgs/jaka_msgs/srv/detail/set_tcp_frame__rosidl_typesupport_introspection_cpp.hpp
[9.845s] -- Symlinking: /home/wtr/programs/cpp/ros2/jaka/src/install/jaka_msgs/include/jaka_msgs/jaka_msgs/srv/detail/set_user_frame__rosidl_typesupport_introspection_cpp.hpp
[9.852s] -- Symlinking: /home/wtr/programs/cpp/ros2/jaka/src/install/jaka_msgs/share/jaka_msgs/environment/pythonpath.sh
[9.857s] -- Symlinking: /home/wtr/programs/cpp/ros2/jaka/src/install/jaka_msgs/share/jaka_msgs/environment/pythonpath.dsv
[9.863s] -- Symlinking: /home/wtr/programs/cpp/ros2/jaka/src/install/jaka_msgs/local/lib/python3.10/dist-packages/jaka_msgs-0.0.0-py3.10.egg-info/PKG-INFO
[9.869s] -- Symlinking: /home/wtr/programs/cpp/ros2/jaka/src/install/jaka_msgs/local/lib/python3.10/dist-packages/jaka_msgs-0.0.0-py3.10.egg-info/SOURCES.txt
[9.875s] -- Symlinking: /home/wtr/programs/cpp/ros2/jaka/src/install/jaka_msgs/local/lib/python3.10/dist-packages/jaka_msgs-0.0.0-py3.10.egg-info/dependency_links.txt
[9.881s] -- Symlinking: /home/wtr/programs/cpp/ros2/jaka/src/install/jaka_msgs/local/lib/python3.10/dist-packages/jaka_msgs-0.0.0-py3.10.egg-info/top_level.txt
[9.888s] -- Symlinking: /home/wtr/programs/cpp/ros2/jaka/src/install/jaka_msgs/local/lib/python3.10/dist-packages/jaka_msgs/__init__.py
[9.897s] -- Symlinking: /home/wtr/programs/cpp/ros2/jaka/src/install/jaka_msgs/local/lib/python3.10/dist-packages/jaka_msgs/_jaka_msgs_s.ep.rosidl_typesupport_c.c
[9.908s] -- Symlinking: /home/wtr/programs/cpp/ros2/jaka/src/install/jaka_msgs/local/lib/python3.10/dist-packages/jaka_msgs/_jaka_msgs_s.ep.rosidl_typesupport_fastrtps_c.c
[9.916s] -- Symlinking: /home/wtr/programs/cpp/ros2/jaka/src/install/jaka_msgs/local/lib/python3.10/dist-packages/jaka_msgs/_jaka_msgs_s.ep.rosidl_typesupport_introspection_c.c
[9.922s] -- Symlinking: /home/wtr/programs/cpp/ros2/jaka/src/install/jaka_msgs/local/lib/python3.10/dist-packages/jaka_msgs/jaka_msgs_s__rosidl_typesupport_c.cpython-310-x86_64-linux-gnu.so
[9.929s] -- Symlinking: /home/wtr/programs/cpp/ros2/jaka/src/install/jaka_msgs/local/lib/python3.10/dist-packages/jaka_msgs/jaka_msgs_s__rosidl_typesupport_fastrtps_c.cpython-310-x86_64-linux-gnu.so
[9.935s] -- Symlinking: /home/wtr/programs/cpp/ros2/jaka/src/install/jaka_msgs/local/lib/python3.10/dist-packages/jaka_msgs/jaka_msgs_s__rosidl_typesupport_introspection_c.cpython-310-x86_64-linux-gnu.so
[9.942s] -- Symlinking: /home/wtr/programs/cpp/ros2/jaka/src/install/jaka_msgs/local/lib/python3.10/dist-packages/jaka_msgs/libjaka_msgs__rosidl_generator_py.so
[9.949s] -- Symlinking: /home/wtr/programs/cpp/ros2/jaka/src/install/jaka_msgs/local/lib/python3.10/dist-packages/jaka_msgs/msg/__init__.py
[9.955s] -- Symlinking: /home/wtr/programs/cpp/ros2/jaka/src/install/jaka_msgs/local/lib/python3.10/dist-packages/jaka_msgs/msg/_robot_msg.py
[9.961s] -- Symlinking: /home/wtr/programs/cpp/ros2/jaka/src/install/jaka_msgs/local/lib/python3.10/dist-packages/jaka_msgs/msg/_robot_msg_s.c
[9.966s] -- Symlinking: /home/wtr/programs/cpp/ros2/jaka/src/install/jaka_msgs/local/lib/python3.10/dist-packages/jaka_msgs/srv/__init__.py
[9.974s] -- Symlinking: /home/wtr/programs/cpp/ros2/jaka/src/install/jaka_msgs/local/lib/python3.10/dist-packages/jaka_msgs/srv/_clear_error.py
[9.979s] -- Symlinking: /home/wtr/programs/cpp/ros2/jaka/src/install/jaka_msgs/local/lib/python3.10/dist-packages/jaka_msgs/srv/_clear_error_s.c
[9.990s] -- Symlinking: /home/wtr/programs/cpp/ros2/jaka/src/install/jaka_msgs/local/lib/python3.10/dist-packages/jaka_msgs/srv/_get_fk.py
[9.995s] -- Symlinking: /home/wtr/programs/cpp/ros2/jaka/src/install/jaka_msgs/local/lib/python3.10/dist-packages/jaka_msgs/srv/_get_fk_s.c
[10.002s] -- Symlinking: /home/wtr/programs/cpp/ros2/jaka/src/install/jaka_msgs/local/lib/python3.10/dist-packages/jaka_msgs/srv/_get_ik.py
[10.009s] -- Symlinking: /home/wtr/programs/cpp/ros2/jaka/src/install/jaka_msgs/local/lib/python3.10/dist-packages/jaka_msgs/srv/_get_ik_s.c
[10.016s] -- Symlinking: /home/wtr/programs/cpp/ros2/jaka/src/install/jaka_msgs/local/lib/python3.10/dist-packages/jaka_msgs/srv/_get_io.py
[10.024s] -- Symlinking: /home/wtr/programs/cpp/ros2/jaka/src/install/jaka_msgs/local/lib/python3.10/dist-packages/jaka_msgs/srv/_get_io_s.c
[10.030s] -- Symlinking: /home/wtr/programs/cpp/ros2/jaka/src/install/jaka_msgs/local/lib/python3.10/dist-packages/jaka_msgs/srv/_move.py
[10.038s] -- Symlinking: /home/wtr/programs/cpp/ros2/jaka/src/install/jaka_msgs/local/lib/python3.10/dist-packages/jaka_msgs/srv/_move_s.c
[10.044s] -- Symlinking: /home/wtr/programs/cpp/ros2/jaka/src/install/jaka_msgs/local/lib/python3.10/dist-packages/jaka_msgs/srv/_servo_move.py
[10.050s] -- Symlinking: /home/wtr/programs/cpp/ros2/jaka/src/install/jaka_msgs/local/lib/python3.10/dist-packages/jaka_msgs/srv/_servo_move_enable.py
[10.056s] -- Symlinking: /home/wtr/programs/cpp/ros2/jaka/src/install/jaka_msgs/local/lib/python3.10/dist-packages/jaka_msgs/srv/_servo_move_enable_s.c
[10.064s] -- Symlinking: /home/wtr/programs/cpp/ros2/jaka/src/install/jaka_msgs/local/lib/python3.10/dist-packages/jaka_msgs/srv/_servo_move_s.c
[10.069s] -- Symlinking: /home/wtr/programs/cpp/ros2/jaka/src/install/jaka_msgs/local/lib/python3.10/dist-packages/jaka_msgs/srv/_set_collision.py
[10.075s] -- Symlinking: /home/wtr/programs/cpp/ros2/jaka/src/install/jaka_msgs/local/lib/python3.10/dist-packages/jaka_msgs/srv/_set_collision_s.c
[10.081s] -- Symlinking: /home/wtr/programs/cpp/ros2/jaka/src/install/jaka_msgs/local/lib/python3.10/dist-packages/jaka_msgs/srv/_set_io.py
[10.092s] -- Symlinking: /home/wtr/programs/cpp/ros2/jaka/src/install/jaka_msgs/local/lib/python3.10/dist-packages/jaka_msgs/srv/_set_io_s.c
[10.105s] -- Symlinking: /home/wtr/programs/cpp/ros2/jaka/src/install/jaka_msgs/local/lib/python3.10/dist-packages/jaka_msgs/srv/_set_payload.py
[10.111s] -- Symlinking: /home/wtr/programs/cpp/ros2/jaka/src/install/jaka_msgs/local/lib/python3.10/dist-packages/jaka_msgs/srv/_set_payload_s.c
[10.117s] -- Symlinking: /home/wtr/programs/cpp/ros2/jaka/src/install/jaka_msgs/local/lib/python3.10/dist-packages/jaka_msgs/srv/_set_tcp_frame.py
[10.123s] -- Symlinking: /home/wtr/programs/cpp/ros2/jaka/src/install/jaka_msgs/local/lib/python3.10/dist-packages/jaka_msgs/srv/_set_tcp_frame_s.c
[10.129s] -- Symlinking: /home/wtr/programs/cpp/ros2/jaka/src/install/jaka_msgs/local/lib/python3.10/dist-packages/jaka_msgs/srv/_set_user_frame.py
[10.135s] -- Symlinking: /home/wtr/programs/cpp/ros2/jaka/src/install/jaka_msgs/local/lib/python3.10/dist-packages/jaka_msgs/srv/_set_user_frame_s.c
[10.141s] -- Up-to-date symlink: /home/wtr/programs/cpp/ros2/jaka/src/install/jaka_msgs/local/lib/python3.10/dist-packages/jaka_msgs/jaka_msgs_s__rosidl_typesupport_fastrtps_c.cpython-310-x86_64-linux-gnu.so
[10.141s] -- Up-to-date symlink: /home/wtr/programs/cpp/ros2/jaka/src/install/jaka_msgs/local/lib/python3.10/dist-packages/jaka_msgs/jaka_msgs_s__rosidl_typesupport_introspection_c.cpython-310-x86_64-linux-gnu.so
[10.141s] -- Up-to-date symlink: /home/wtr/programs/cpp/ros2/jaka/src/install/jaka_msgs/local/lib/python3.10/dist-packages/jaka_msgs/jaka_msgs_s__rosidl_typesupport_c.cpython-310-x86_64-linux-gnu.so
[10.141s] -- Symlinking: /home/wtr/programs/cpp/ros2/jaka/src/install/jaka_msgs/share/jaka_msgs/msg/RobotMsg.idl
[10.147s] -- Symlinking: /home/wtr/programs/cpp/ros2/jaka/src/install/jaka_msgs/share/jaka_msgs/srv/Move.idl
[10.153s] -- Symlinking: /home/wtr/programs/cpp/ros2/jaka/src/install/jaka_msgs/share/jaka_msgs/srv/ServoMoveEnable.idl
[10.161s] -- Symlinking: /home/wtr/programs/cpp/ros2/jaka/src/install/jaka_msgs/share/jaka_msgs/srv/ServoMove.idl
[10.168s] -- Symlinking: /home/wtr/programs/cpp/ros2/jaka/src/install/jaka_msgs/share/jaka_msgs/srv/SetTcpFrame.idl
[10.176s] -- Symlinking: /home/wtr/programs/cpp/ros2/jaka/src/install/jaka_msgs/share/jaka_msgs/srv/SetUserFrame.idl
[10.182s] -- Symlinking: /home/wtr/programs/cpp/ros2/jaka/src/install/jaka_msgs/share/jaka_msgs/srv/SetPayload.idl
[10.189s] -- Symlinking: /home/wtr/programs/cpp/ros2/jaka/src/install/jaka_msgs/share/jaka_msgs/srv/SetCollision.idl
[10.196s] -- Symlinking: /home/wtr/programs/cpp/ros2/jaka/src/install/jaka_msgs/share/jaka_msgs/srv/SetIO.idl
[10.203s] -- Symlinking: /home/wtr/programs/cpp/ros2/jaka/src/install/jaka_msgs/share/jaka_msgs/srv/GetIO.idl
[10.211s] -- Symlinking: /home/wtr/programs/cpp/ros2/jaka/src/install/jaka_msgs/share/jaka_msgs/srv/ClearError.idl
[10.217s] -- Symlinking: /home/wtr/programs/cpp/ros2/jaka/src/install/jaka_msgs/share/jaka_msgs/srv/GetFK.idl
[10.224s] -- Symlinking: /home/wtr/programs/cpp/ros2/jaka/src/install/jaka_msgs/share/jaka_msgs/srv/GetIK.idl
[10.230s] -- Symlinking: /home/wtr/programs/cpp/ros2/jaka/src/install/jaka_msgs/share/jaka_msgs/msg/RobotMsg.msg
[10.237s] -- Symlinking: /home/wtr/programs/cpp/ros2/jaka/src/install/jaka_msgs/share/jaka_msgs/srv/Move.srv
[10.245s] -- Symlinking: /home/wtr/programs/cpp/ros2/jaka/src/install/jaka_msgs/share/jaka_msgs/srv/Move_Request.msg
[10.251s] -- Symlinking: /home/wtr/programs/cpp/ros2/jaka/src/install/jaka_msgs/share/jaka_msgs/srv/Move_Response.msg
[10.256s] -- Symlinking: /home/wtr/programs/cpp/ros2/jaka/src/install/jaka_msgs/share/jaka_msgs/srv/ServoMoveEnable.srv
[10.262s] -- Symlinking: /home/wtr/programs/cpp/ros2/jaka/src/install/jaka_msgs/share/jaka_msgs/srv/ServoMoveEnable_Request.msg
[10.272s] -- Symlinking: /home/wtr/programs/cpp/ros2/jaka/src/install/jaka_msgs/share/jaka_msgs/srv/ServoMoveEnable_Response.msg
[10.278s] -- Symlinking: /home/wtr/programs/cpp/ros2/jaka/src/install/jaka_msgs/share/jaka_msgs/srv/ServoMove.srv
[10.284s] -- Symlinking: /home/wtr/programs/cpp/ros2/jaka/src/install/jaka_msgs/share/jaka_msgs/srv/ServoMove_Request.msg
[10.291s] -- Symlinking: /home/wtr/programs/cpp/ros2/jaka/src/install/jaka_msgs/share/jaka_msgs/srv/ServoMove_Response.msg
[10.302s] -- Symlinking: /home/wtr/programs/cpp/ros2/jaka/src/install/jaka_msgs/share/jaka_msgs/srv/SetTcpFrame.srv
[10.310s] -- Symlinking: /home/wtr/programs/cpp/ros2/jaka/src/install/jaka_msgs/share/jaka_msgs/srv/SetTcpFrame_Request.msg
[10.316s] -- Symlinking: /home/wtr/programs/cpp/ros2/jaka/src/install/jaka_msgs/share/jaka_msgs/srv/SetTcpFrame_Response.msg
[10.322s] -- Symlinking: /home/wtr/programs/cpp/ros2/jaka/src/install/jaka_msgs/share/jaka_msgs/srv/SetUserFrame.srv
[10.329s] -- Symlinking: /home/wtr/programs/cpp/ros2/jaka/src/install/jaka_msgs/share/jaka_msgs/srv/SetUserFrame_Request.msg
[10.335s] -- Symlinking: /home/wtr/programs/cpp/ros2/jaka/src/install/jaka_msgs/share/jaka_msgs/srv/SetUserFrame_Response.msg
[10.341s] -- Symlinking: /home/wtr/programs/cpp/ros2/jaka/src/install/jaka_msgs/share/jaka_msgs/srv/SetPayload.srv
[10.347s] -- Symlinking: /home/wtr/programs/cpp/ros2/jaka/src/install/jaka_msgs/share/jaka_msgs/srv/SetPayload_Request.msg
[10.353s] -- Symlinking: /home/wtr/programs/cpp/ros2/jaka/src/install/jaka_msgs/share/jaka_msgs/srv/SetPayload_Response.msg
[10.361s] -- Symlinking: /home/wtr/programs/cpp/ros2/jaka/src/install/jaka_msgs/share/jaka_msgs/srv/SetCollision.srv
[10.368s] -- Symlinking: /home/wtr/programs/cpp/ros2/jaka/src/install/jaka_msgs/share/jaka_msgs/srv/SetCollision_Request.msg
[10.375s] -- Symlinking: /home/wtr/programs/cpp/ros2/jaka/src/install/jaka_msgs/share/jaka_msgs/srv/SetCollision_Response.msg
[10.381s] -- Symlinking: /home/wtr/programs/cpp/ros2/jaka/src/install/jaka_msgs/share/jaka_msgs/srv/SetIO.srv
[10.387s] -- Symlinking: /home/wtr/programs/cpp/ros2/jaka/src/install/jaka_msgs/share/jaka_msgs/srv/SetIO_Request.msg
[10.399s] -- Symlinking: /home/wtr/programs/cpp/ros2/jaka/src/install/jaka_msgs/share/jaka_msgs/srv/SetIO_Response.msg
[10.403s] -- Symlinking: /home/wtr/programs/cpp/ros2/jaka/src/install/jaka_msgs/share/jaka_msgs/srv/GetIO.srv
[10.410s] -- Symlinking: /home/wtr/programs/cpp/ros2/jaka/src/install/jaka_msgs/share/jaka_msgs/srv/GetIO_Request.msg
[10.416s] -- Symlinking: /home/wtr/programs/cpp/ros2/jaka/src/install/jaka_msgs/share/jaka_msgs/srv/GetIO_Response.msg
[10.423s] -- Symlinking: /home/wtr/programs/cpp/ros2/jaka/src/install/jaka_msgs/share/jaka_msgs/srv/ClearError.srv
[10.429s] -- Symlinking: /home/wtr/programs/cpp/ros2/jaka/src/install/jaka_msgs/share/jaka_msgs/srv/ClearError_Request.msg
[10.436s] -- Symlinking: /home/wtr/programs/cpp/ros2/jaka/src/install/jaka_msgs/share/jaka_msgs/srv/ClearError_Response.msg
[10.448s] -- Symlinking: /home/wtr/programs/cpp/ros2/jaka/src/install/jaka_msgs/share/jaka_msgs/srv/GetFK.srv
[10.454s] -- Symlinking: /home/wtr/programs/cpp/ros2/jaka/src/install/jaka_msgs/share/jaka_msgs/srv/GetFK_Request.msg
[10.460s] -- Symlinking: /home/wtr/programs/cpp/ros2/jaka/src/install/jaka_msgs/share/jaka_msgs/srv/GetFK_Response.msg
[10.469s] -- Symlinking: /home/wtr/programs/cpp/ros2/jaka/src/install/jaka_msgs/share/jaka_msgs/srv/GetIK.srv
[10.474s] -- Symlinking: /home/wtr/programs/cpp/ros2/jaka/src/install/jaka_msgs/share/jaka_msgs/srv/GetIK_Request.msg
[10.480s] -- Symlinking: /home/wtr/programs/cpp/ros2/jaka/src/install/jaka_msgs/share/jaka_msgs/srv/GetIK_Response.msg
[10.486s] -- Symlinking: /home/wtr/programs/cpp/ros2/jaka/src/install/jaka_msgs/share/ament_index/resource_index/package_run_dependencies/jaka_msgs
[10.493s] -- Symlinking: /home/wtr/programs/cpp/ros2/jaka/src/install/jaka_msgs/share/ament_index/resource_index/parent_prefix_path/jaka_msgs
[10.501s] -- Symlinking: /home/wtr/programs/cpp/ros2/jaka/src/install/jaka_msgs/share/jaka_msgs/environment/ament_prefix_path.sh
[10.509s] -- Symlinking: /home/wtr/programs/cpp/ros2/jaka/src/install/jaka_msgs/share/jaka_msgs/environment/ament_prefix_path.dsv
[10.516s] -- Symlinking: /home/wtr/programs/cpp/ros2/jaka/src/install/jaka_msgs/share/jaka_msgs/environment/path.sh
[10.523s] -- Symlinking: /home/wtr/programs/cpp/ros2/jaka/src/install/jaka_msgs/share/jaka_msgs/environment/path.dsv
[10.529s] -- Symlinking: /home/wtr/programs/cpp/ros2/jaka/src/install/jaka_msgs/share/jaka_msgs/local_setup.bash
[10.536s] -- Symlinking: /home/wtr/programs/cpp/ros2/jaka/src/install/jaka_msgs/share/jaka_msgs/local_setup.sh
[10.542s] -- Symlinking: /home/wtr/programs/cpp/ros2/jaka/src/install/jaka_msgs/share/jaka_msgs/local_setup.zsh
[10.548s] -- Symlinking: /home/wtr/programs/cpp/ros2/jaka/src/install/jaka_msgs/share/jaka_msgs/local_setup.dsv
[10.554s] -- Symlinking: /home/wtr/programs/cpp/ros2/jaka/src/install/jaka_msgs/share/jaka_msgs/package.dsv
[10.560s] -- Symlinking: /home/wtr/programs/cpp/ros2/jaka/src/install/jaka_msgs/share/ament_index/resource_index/packages/jaka_msgs
[10.567s] -- Symlinking: /home/wtr/programs/cpp/ros2/jaka/src/install/jaka_msgs/share/jaka_msgs/cmake/rosidl_cmake-extras.cmake
[10.573s] -- Symlinking: /home/wtr/programs/cpp/ros2/jaka/src/install/jaka_msgs/share/jaka_msgs/cmake/ament_cmake_export_dependencies-extras.cmake
[10.579s] -- Symlinking: /home/wtr/programs/cpp/ros2/jaka/src/install/jaka_msgs/share/jaka_msgs/cmake/ament_cmake_export_include_directories-extras.cmake
[10.586s] -- Symlinking: /home/wtr/programs/cpp/ros2/jaka/src/install/jaka_msgs/share/jaka_msgs/cmake/ament_cmake_export_libraries-extras.cmake
[10.593s] -- Symlinking: /home/wtr/programs/cpp/ros2/jaka/src/install/jaka_msgs/share/jaka_msgs/cmake/ament_cmake_export_targets-extras.cmake
[10.603s] -- Symlinking: /home/wtr/programs/cpp/ros2/jaka/src/install/jaka_msgs/share/jaka_msgs/cmake/rosidl_cmake_export_typesupport_targets-extras.cmake
[10.609s] -- Symlinking: /home/wtr/programs/cpp/ros2/jaka/src/install/jaka_msgs/share/jaka_msgs/cmake/rosidl_cmake_export_typesupport_libraries-extras.cmake
[10.615s] -- Symlinking: /home/wtr/programs/cpp/ros2/jaka/src/install/jaka_msgs/share/jaka_msgs/cmake/jaka_msgsConfig.cmake
[10.621s] -- Symlinking: /home/wtr/programs/cpp/ros2/jaka/src/install/jaka_msgs/share/jaka_msgs/cmake/jaka_msgsConfig-version.cmake
[10.632s] -- Symlinking: /home/wtr/programs/cpp/ros2/jaka/src/install/jaka_msgs/share/jaka_msgs/package.xml
[10.639s] -- Installing: /home/wtr/programs/cpp/ros2/jaka/src/install/jaka_msgs/lib/libjaka_msgs__rosidl_generator_c.so
[10.639s] -- Set runtime path of "/home/wtr/programs/cpp/ros2/jaka/src/install/jaka_msgs/lib/libjaka_msgs__rosidl_generator_c.so" to ""
[10.639s] -- Installing: /home/wtr/programs/cpp/ros2/jaka/src/install/jaka_msgs/lib/libjaka_msgs__rosidl_typesupport_fastrtps_c.so
[10.639s] -- Set runtime path of "/home/wtr/programs/cpp/ros2/jaka/src/install/jaka_msgs/lib/libjaka_msgs__rosidl_typesupport_fastrtps_c.so" to ""
[10.639s] -- Installing: /home/wtr/programs/cpp/ros2/jaka/src/install/jaka_msgs/lib/libjaka_msgs__rosidl_typesupport_introspection_c.so
[10.639s] -- Set runtime path of "/home/wtr/programs/cpp/ros2/jaka/src/install/jaka_msgs/lib/libjaka_msgs__rosidl_typesupport_introspection_c.so" to ""
[10.639s] -- Installing: /home/wtr/programs/cpp/ros2/jaka/src/install/jaka_msgs/lib/libjaka_msgs__rosidl_typesupport_c.so
[10.640s] -- Set runtime path of "/home/wtr/programs/cpp/ros2/jaka/src/install/jaka_msgs/lib/libjaka_msgs__rosidl_typesupport_c.so" to ""
[10.640s] -- Installing: /home/wtr/programs/cpp/ros2/jaka/src/install/jaka_msgs/lib/libjaka_msgs__rosidl_typesupport_fastrtps_cpp.so
[10.640s] -- Set runtime path of "/home/wtr/programs/cpp/ros2/jaka/src/install/jaka_msgs/lib/libjaka_msgs__rosidl_typesupport_fastrtps_cpp.so" to ""
[10.640s] -- Installing: /home/wtr/programs/cpp/ros2/jaka/src/install/jaka_msgs/lib/libjaka_msgs__rosidl_typesupport_introspection_cpp.so
[10.640s] -- Set runtime path of "/home/wtr/programs/cpp/ros2/jaka/src/install/jaka_msgs/lib/libjaka_msgs__rosidl_typesupport_introspection_cpp.so" to ""
[10.640s] -- Installing: /home/wtr/programs/cpp/ros2/jaka/src/install/jaka_msgs/lib/libjaka_msgs__rosidl_typesupport_cpp.so
[10.641s] -- Set runtime path of "/home/wtr/programs/cpp/ros2/jaka/src/install/jaka_msgs/lib/libjaka_msgs__rosidl_typesupport_cpp.so" to ""
[10.678s] Listing '/home/wtr/programs/cpp/ros2/jaka/src/install/jaka_msgs/local/lib/python3.10/dist-packages/jaka_msgs'...
[10.678s] Compiling '/home/wtr/programs/cpp/ros2/jaka/src/install/jaka_msgs/local/lib/python3.10/dist-packages/jaka_msgs/__init__.py'...
[10.678s] Listing '/home/wtr/programs/cpp/ros2/jaka/src/install/jaka_msgs/local/lib/python3.10/dist-packages/jaka_msgs/msg'...
[10.679s] Compiling '/home/wtr/programs/cpp/ros2/jaka/src/install/jaka_msgs/local/lib/python3.10/dist-packages/jaka_msgs/msg/__init__.py'...
[10.679s] Compiling '/home/wtr/programs/cpp/ros2/jaka/src/install/jaka_msgs/local/lib/python3.10/dist-packages/jaka_msgs/msg/_robot_msg.py'...
[10.679s] Listing '/home/wtr/programs/cpp/ros2/jaka/src/install/jaka_msgs/local/lib/python3.10/dist-packages/jaka_msgs/srv'...
[10.679s] Compiling '/home/wtr/programs/cpp/ros2/jaka/src/install/jaka_msgs/local/lib/python3.10/dist-packages/jaka_msgs/srv/__init__.py'...
[10.679s] Compiling '/home/wtr/programs/cpp/ros2/jaka/src/install/jaka_msgs/local/lib/python3.10/dist-packages/jaka_msgs/srv/_clear_error.py'...
[10.679s] Compiling '/home/wtr/programs/cpp/ros2/jaka/src/install/jaka_msgs/local/lib/python3.10/dist-packages/jaka_msgs/srv/_get_fk.py'...
[10.679s] Compiling '/home/wtr/programs/cpp/ros2/jaka/src/install/jaka_msgs/local/lib/python3.10/dist-packages/jaka_msgs/srv/_get_ik.py'...
[10.679s] Compiling '/home/wtr/programs/cpp/ros2/jaka/src/install/jaka_msgs/local/lib/python3.10/dist-packages/jaka_msgs/srv/_get_io.py'...
[10.679s] Compiling '/home/wtr/programs/cpp/ros2/jaka/src/install/jaka_msgs/local/lib/python3.10/dist-packages/jaka_msgs/srv/_move.py'...
[10.679s] Compiling '/home/wtr/programs/cpp/ros2/jaka/src/install/jaka_msgs/local/lib/python3.10/dist-packages/jaka_msgs/srv/_servo_move.py'...
[10.679s] Compiling '/home/wtr/programs/cpp/ros2/jaka/src/install/jaka_msgs/local/lib/python3.10/dist-packages/jaka_msgs/srv/_servo_move_enable.py'...
[10.679s] Compiling '/home/wtr/programs/cpp/ros2/jaka/src/install/jaka_msgs/local/lib/python3.10/dist-packages/jaka_msgs/srv/_set_collision.py'...
[10.679s] Compiling '/home/wtr/programs/cpp/ros2/jaka/src/install/jaka_msgs/local/lib/python3.10/dist-packages/jaka_msgs/srv/_set_io.py'...
[10.679s] Compiling '/home/wtr/programs/cpp/ros2/jaka/src/install/jaka_msgs/local/lib/python3.10/dist-packages/jaka_msgs/srv/_set_payload.py'...
[10.679s] Compiling '/home/wtr/programs/cpp/ros2/jaka/src/install/jaka_msgs/local/lib/python3.10/dist-packages/jaka_msgs/srv/_set_tcp_frame.py'...
[10.679s] Compiling '/home/wtr/programs/cpp/ros2/jaka/src/install/jaka_msgs/local/lib/python3.10/dist-packages/jaka_msgs/srv/_set_user_frame.py'...
[10.682s] -- Installing: /home/wtr/programs/cpp/ros2/jaka/src/install/jaka_msgs/lib/libjaka_msgs__rosidl_generator_py.so
[10.682s] -- Set runtime path of "/home/wtr/programs/cpp/ros2/jaka/src/install/jaka_msgs/lib/libjaka_msgs__rosidl_generator_py.so" to ""
[10.683s] -- Installing: /home/wtr/programs/cpp/ros2/jaka/src/install/jaka_msgs/share/jaka_msgs/cmake/export_jaka_msgs__rosidl_generator_cExport.cmake
[10.683s] -- Installing: /home/wtr/programs/cpp/ros2/jaka/src/install/jaka_msgs/share/jaka_msgs/cmake/export_jaka_msgs__rosidl_generator_cExport-noconfig.cmake
[10.683s] -- Installing: /home/wtr/programs/cpp/ros2/jaka/src/install/jaka_msgs/share/jaka_msgs/cmake/export_jaka_msgs__rosidl_typesupport_fastrtps_cExport.cmake
[10.683s] -- Installing: /home/wtr/programs/cpp/ros2/jaka/src/install/jaka_msgs/share/jaka_msgs/cmake/export_jaka_msgs__rosidl_typesupport_fastrtps_cExport-noconfig.cmake
[10.683s] -- Installing: /home/wtr/programs/cpp/ros2/jaka/src/install/jaka_msgs/share/jaka_msgs/cmake/jaka_msgs__rosidl_typesupport_introspection_cExport.cmake
[10.683s] -- Installing: /home/wtr/programs/cpp/ros2/jaka/src/install/jaka_msgs/share/jaka_msgs/cmake/jaka_msgs__rosidl_typesupport_introspection_cExport-noconfig.cmake
[10.683s] -- Installing: /home/wtr/programs/cpp/ros2/jaka/src/install/jaka_msgs/share/jaka_msgs/cmake/jaka_msgs__rosidl_typesupport_cExport.cmake
[10.683s] -- Installing: /home/wtr/programs/cpp/ros2/jaka/src/install/jaka_msgs/share/jaka_msgs/cmake/jaka_msgs__rosidl_typesupport_cExport-noconfig.cmake
[10.684s] -- Installing: /home/wtr/programs/cpp/ros2/jaka/src/install/jaka_msgs/share/jaka_msgs/cmake/export_jaka_msgs__rosidl_generator_cppExport.cmake
[10.684s] -- Installing: /home/wtr/programs/cpp/ros2/jaka/src/install/jaka_msgs/share/jaka_msgs/cmake/export_jaka_msgs__rosidl_typesupport_fastrtps_cppExport.cmake
[10.684s] -- Installing: /home/wtr/programs/cpp/ros2/jaka/src/install/jaka_msgs/share/jaka_msgs/cmake/export_jaka_msgs__rosidl_typesupport_fastrtps_cppExport-noconfig.cmake
[10.684s] -- Installing: /home/wtr/programs/cpp/ros2/jaka/src/install/jaka_msgs/share/jaka_msgs/cmake/jaka_msgs__rosidl_typesupport_introspection_cppExport.cmake
[10.684s] -- Installing: /home/wtr/programs/cpp/ros2/jaka/src/install/jaka_msgs/share/jaka_msgs/cmake/jaka_msgs__rosidl_typesupport_introspection_cppExport-noconfig.cmake
[10.684s] -- Installing: /home/wtr/programs/cpp/ros2/jaka/src/install/jaka_msgs/share/jaka_msgs/cmake/jaka_msgs__rosidl_typesupport_cppExport.cmake
[10.684s] -- Installing: /home/wtr/programs/cpp/ros2/jaka/src/install/jaka_msgs/share/jaka_msgs/cmake/jaka_msgs__rosidl_typesupport_cppExport-noconfig.cmake
[10.684s] -- Installing: /home/wtr/programs/cpp/ros2/jaka/src/install/jaka_msgs/share/jaka_msgs/cmake/export_jaka_msgs__rosidl_generator_pyExport.cmake
[10.684s] -- Installing: /home/wtr/programs/cpp/ros2/jaka/src/install/jaka_msgs/share/jaka_msgs/cmake/export_jaka_msgs__rosidl_generator_pyExport-noconfig.cmake
[10.687s] Invoked command in '/home/wtr/programs/cpp/ros2/jaka/src/build/jaka_msgs' returned '0': CMAKE_PREFIX_PATH=/opt/ros/humble /usr/bin/cmake --install /home/wtr/programs/cpp/ros2/jaka/src/build/jaka_msgs
