[0.015s] Invoking command in '/home/wtr/programs/cpp/ros2/jaka/src/build/jaka_driver': AMENT_PREFIX_PATH=/home/wtr/programs/cpp/ros2/jaka/src/install/jaka_msgs:${AMENT_PREFIX_PATH} CMAKE_PREFIX_PATH=/home/wtr/programs/cpp/ros2/jaka/src/install/jaka_msgs:/opt/ros/humble LD_LIBRARY_PATH=/home/wtr/programs/cpp/ros2/jaka/src/install/jaka_msgs/lib:${LD_LIBRARY_PATH} PYTHONPATH=/home/wtr/programs/cpp/ros2/jaka/src/install/jaka_msgs/local/lib/python3.10/dist-packages:${PYTHONPATH} /usr/bin/cmake --build /home/wtr/programs/cpp/ros2/jaka/src/build/jaka_driver -- -j8 -l8
[0.057s] [35m[1mConsolidate compiler generated dependencies of target servoj_demo[0m
[0.058s] [35m[1mConsolidate compiler generated dependencies of target jaka_driver[0m
[0.060s] [35m[1mConsolidate compiler generated dependencies of target client[0m
[0.061s] [35m[1mConsolidate compiler generated dependencies of target sdk_test[0m
[0.075s] [ 25%] Built target jaka_driver
[0.075s] [ 50%] Built target servoj_demo
[0.078s] [ 75%] Built target sdk_test
[0.079s] [100%] Built target client
[0.088s] Invoked command in '/home/wtr/programs/cpp/ros2/jaka/src/build/jaka_driver' returned '0': AMENT_PREFIX_PATH=/home/wtr/programs/cpp/ros2/jaka/src/install/jaka_msgs:${AMENT_PREFIX_PATH} CMAKE_PREFIX_PATH=/home/wtr/programs/cpp/ros2/jaka/src/install/jaka_msgs:/opt/ros/humble LD_LIBRARY_PATH=/home/wtr/programs/cpp/ros2/jaka/src/install/jaka_msgs/lib:${LD_LIBRARY_PATH} PYTHONPATH=/home/wtr/programs/cpp/ros2/jaka/src/install/jaka_msgs/local/lib/python3.10/dist-packages:${PYTHONPATH} /usr/bin/cmake --build /home/wtr/programs/cpp/ros2/jaka/src/build/jaka_driver -- -j8 -l8
[0.089s] Invoking command in '/home/wtr/programs/cpp/ros2/jaka/src/build/jaka_driver': AMENT_PREFIX_PATH=/home/wtr/programs/cpp/ros2/jaka/src/install/jaka_msgs:${AMENT_PREFIX_PATH} CMAKE_PREFIX_PATH=/home/wtr/programs/cpp/ros2/jaka/src/install/jaka_msgs:/opt/ros/humble LD_LIBRARY_PATH=/home/wtr/programs/cpp/ros2/jaka/src/install/jaka_msgs/lib:${LD_LIBRARY_PATH} PYTHONPATH=/home/wtr/programs/cpp/ros2/jaka/src/install/jaka_msgs/local/lib/python3.10/dist-packages:${PYTHONPATH} /usr/bin/cmake --install /home/wtr/programs/cpp/ros2/jaka/src/build/jaka_driver
[0.093s] -- Install configuration: "Debug"
[0.093s] -- Execute custom install script
[0.093s] -- Up-to-date symlink: /home/wtr/programs/cpp/ros2/jaka/src/install/jaka_driver/lib/jaka_driver/jaka_driver
[0.094s] -- Up-to-date symlink: /home/wtr/programs/cpp/ros2/jaka/src/install/jaka_driver/lib/jaka_driver/sdk_test
[0.094s] -- Up-to-date symlink: /home/wtr/programs/cpp/ros2/jaka/src/install/jaka_driver/lib/jaka_driver/client
[0.094s] -- Up-to-date symlink: /home/wtr/programs/cpp/ros2/jaka/src/install/jaka_driver/lib/jaka_driver/servoj_demo
[0.094s] -- Up-to-date symlink: /home/wtr/programs/cpp/ros2/jaka/src/install/jaka_driver/share/jaka_driver/launch/robot_start.launch.py
[0.094s] -- Up-to-date symlink: /home/wtr/programs/cpp/ros2/jaka/src/install/jaka_driver/share/ament_index/resource_index/package_run_dependencies/jaka_driver
[0.094s] -- Up-to-date symlink: /home/wtr/programs/cpp/ros2/jaka/src/install/jaka_driver/share/ament_index/resource_index/parent_prefix_path/jaka_driver
[0.094s] -- Up-to-date symlink: /home/wtr/programs/cpp/ros2/jaka/src/install/jaka_driver/share/jaka_driver/environment/ament_prefix_path.sh
[0.095s] -- Up-to-date symlink: /home/wtr/programs/cpp/ros2/jaka/src/install/jaka_driver/share/jaka_driver/environment/ament_prefix_path.dsv
[0.095s] -- Up-to-date symlink: /home/wtr/programs/cpp/ros2/jaka/src/install/jaka_driver/share/jaka_driver/environment/path.sh
[0.095s] -- Up-to-date symlink: /home/wtr/programs/cpp/ros2/jaka/src/install/jaka_driver/share/jaka_driver/environment/path.dsv
[0.095s] -- Up-to-date symlink: /home/wtr/programs/cpp/ros2/jaka/src/install/jaka_driver/share/jaka_driver/local_setup.bash
[0.095s] -- Up-to-date symlink: /home/wtr/programs/cpp/ros2/jaka/src/install/jaka_driver/share/jaka_driver/local_setup.sh
[0.095s] -- Up-to-date symlink: /home/wtr/programs/cpp/ros2/jaka/src/install/jaka_driver/share/jaka_driver/local_setup.zsh
[0.095s] -- Up-to-date symlink: /home/wtr/programs/cpp/ros2/jaka/src/install/jaka_driver/share/jaka_driver/local_setup.dsv
[0.095s] -- Symlinking: /home/wtr/programs/cpp/ros2/jaka/src/install/jaka_driver/share/jaka_driver/package.dsv
[0.105s] -- Up-to-date symlink: /home/wtr/programs/cpp/ros2/jaka/src/install/jaka_driver/share/ament_index/resource_index/packages/jaka_driver
[0.106s] -- Up-to-date symlink: /home/wtr/programs/cpp/ros2/jaka/src/install/jaka_driver/share/jaka_driver/cmake/jaka_driverConfig.cmake
[0.106s] -- Up-to-date symlink: /home/wtr/programs/cpp/ros2/jaka/src/install/jaka_driver/share/jaka_driver/cmake/jaka_driverConfig-version.cmake
[0.106s] -- Up-to-date symlink: /home/wtr/programs/cpp/ros2/jaka/src/install/jaka_driver/share/jaka_driver/package.xml
[0.108s] Invoked command in '/home/wtr/programs/cpp/ros2/jaka/src/build/jaka_driver' returned '0': AMENT_PREFIX_PATH=/home/wtr/programs/cpp/ros2/jaka/src/install/jaka_msgs:${AMENT_PREFIX_PATH} CMAKE_PREFIX_PATH=/home/wtr/programs/cpp/ros2/jaka/src/install/jaka_msgs:/opt/ros/humble LD_LIBRARY_PATH=/home/wtr/programs/cpp/ros2/jaka/src/install/jaka_msgs/lib:${LD_LIBRARY_PATH} PYTHONPATH=/home/wtr/programs/cpp/ros2/jaka/src/install/jaka_msgs/local/lib/python3.10/dist-packages:${PYTHONPATH} /usr/bin/cmake --install /home/wtr/programs/cpp/ros2/jaka/src/build/jaka_driver
