[0.098s] DEBUG:colcon:Command line arguments: ['/usr/bin/colcon', 'build', '--packages-select', 'user_commands', '--symlink-install']
[0.098s] DEBUG:colcon:Parsed command line arguments: Namespace(log_base=None, log_level=None, verb_name='build', build_base='build', install_base='install', merge_install=False, symlink_install=True, test_result_base=None, continue_on_error=False, executor='parallel', parallel_workers=8, event_handlers=None, ignore_user_meta=False, metas=['./colcon.meta'], base_paths=['.'], packages_ignore=None, packages_ignore_regex=None, paths=None, packages_up_to=None, packages_up_to_regex=None, packages_above=None, packages_above_and_dependencies=None, packages_above_depth=None, packages_select_by_dep=None, packages_skip_by_dep=None, packages_skip_up_to=None, packages_select_build_failed=False, packages_skip_build_finished=False, packages_select_test_failures=False, packages_skip_test_passed=False, packages_select=['user_commands'], packages_skip=None, packages_select_regex=None, packages_skip_regex=None, packages_start=None, packages_end=None, allow_overriding=[], cmake_args=None, cmake_target=None, cmake_target_skip_unavailable=False, cmake_clean_cache=False, cmake_clean_first=False, cmake_force_configure=False, ament_cmake_args=None, catkin_cmake_args=None, catkin_skip_building_tests=False, verb_parser=<colcon_defaults.argument_parser.defaults.DefaultArgumentsDecorator object at 0x7748efa48790>, verb_extension=<colcon_core.verb.build.BuildVerb object at 0x7748efa482b0>, main=<bound method BuildVerb.main of <colcon_core.verb.build.BuildVerb object at 0x7748efa482b0>>)
[0.199s] Level 1:colcon.colcon_core.package_discovery:discover_packages(colcon_meta) check parameters
[0.199s] Level 1:colcon.colcon_core.package_discovery:discover_packages(recursive) check parameters
[0.199s] Level 1:colcon.colcon_core.package_discovery:discover_packages(ignore) check parameters
[0.199s] Level 1:colcon.colcon_core.package_discovery:discover_packages(path) check parameters
[0.199s] Level 1:colcon.colcon_core.package_discovery:discover_packages(colcon_meta) discover
[0.199s] Level 1:colcon.colcon_core.package_discovery:discover_packages(recursive) discover
[0.199s] INFO:colcon.colcon_core.package_discovery:Crawling recursively for packages in '/home/wtr/programs/cpp/ros2/jaka/src'
[0.199s] Level 1:colcon.colcon_core.package_identification:_identify(.) by extensions ['ignore', 'ignore_ament_install']
[0.199s] Level 1:colcon.colcon_core.package_identification:_identify(.) by extension 'ignore'
[0.199s] Level 1:colcon.colcon_core.package_identification:_identify(.) by extension 'ignore_ament_install'
[0.199s] Level 1:colcon.colcon_core.package_identification:_identify(.) by extensions ['colcon_pkg']
[0.199s] Level 1:colcon.colcon_core.package_identification:_identify(.) by extension 'colcon_pkg'
[0.200s] Level 1:colcon.colcon_core.package_identification:_identify(.) by extensions ['colcon_meta']
[0.200s] Level 1:colcon.colcon_core.package_identification:_identify(.) by extension 'colcon_meta'
[0.200s] Level 1:colcon.colcon_core.package_identification:_identify(.) by extensions ['ros']
[0.200s] Level 1:colcon.colcon_core.package_identification:_identify(.) by extension 'ros'
[0.208s] Level 1:colcon.colcon_core.package_identification:_identify(.) by extensions ['cmake', 'python']
[0.208s] Level 1:colcon.colcon_core.package_identification:_identify(.) by extension 'cmake'
[0.208s] Level 1:colcon.colcon_core.package_identification:_identify(.) by extension 'python'
[0.208s] Level 1:colcon.colcon_core.package_identification:_identify(.) by extensions ['python_setup_py']
[0.208s] Level 1:colcon.colcon_core.package_identification:_identify(.) by extension 'python_setup_py'
[0.208s] Level 1:colcon.colcon_core.package_identification:_identify(build) by extensions ['ignore', 'ignore_ament_install']
[0.208s] Level 1:colcon.colcon_core.package_identification:_identify(build) by extension 'ignore'
[0.208s] Level 1:colcon.colcon_core.package_identification:_identify(build) ignored
[0.208s] Level 1:colcon.colcon_core.package_identification:_identify(install) by extensions ['ignore', 'ignore_ament_install']
[0.209s] Level 1:colcon.colcon_core.package_identification:_identify(install) by extension 'ignore'
[0.209s] Level 1:colcon.colcon_core.package_identification:_identify(install) ignored
[0.209s] Level 1:colcon.colcon_core.package_identification:_identify(jaka_description) by extensions ['ignore', 'ignore_ament_install']
[0.209s] Level 1:colcon.colcon_core.package_identification:_identify(jaka_description) by extension 'ignore'
[0.209s] Level 1:colcon.colcon_core.package_identification:_identify(jaka_description) by extension 'ignore_ament_install'
[0.209s] Level 1:colcon.colcon_core.package_identification:_identify(jaka_description) by extensions ['colcon_pkg']
[0.209s] Level 1:colcon.colcon_core.package_identification:_identify(jaka_description) by extension 'colcon_pkg'
[0.209s] Level 1:colcon.colcon_core.package_identification:_identify(jaka_description) by extensions ['colcon_meta']
[0.209s] Level 1:colcon.colcon_core.package_identification:_identify(jaka_description) by extension 'colcon_meta'
[0.209s] Level 1:colcon.colcon_core.package_identification:_identify(jaka_description) by extensions ['ros']
[0.209s] Level 1:colcon.colcon_core.package_identification:_identify(jaka_description) by extension 'ros'
[0.211s] DEBUG:colcon.colcon_core.package_identification:Package 'jaka_description' with type 'ros.ament_cmake' and name 'jaka_description'
[0.211s] Level 1:colcon.colcon_core.package_identification:_identify(jaka_driver) by extensions ['ignore', 'ignore_ament_install']
[0.211s] Level 1:colcon.colcon_core.package_identification:_identify(jaka_driver) by extension 'ignore'
[0.211s] Level 1:colcon.colcon_core.package_identification:_identify(jaka_driver) by extension 'ignore_ament_install'
[0.211s] Level 1:colcon.colcon_core.package_identification:_identify(jaka_driver) by extensions ['colcon_pkg']
[0.211s] Level 1:colcon.colcon_core.package_identification:_identify(jaka_driver) by extension 'colcon_pkg'
[0.211s] Level 1:colcon.colcon_core.package_identification:_identify(jaka_driver) by extensions ['colcon_meta']
[0.211s] Level 1:colcon.colcon_core.package_identification:_identify(jaka_driver) by extension 'colcon_meta'
[0.211s] Level 1:colcon.colcon_core.package_identification:_identify(jaka_driver) by extensions ['ros']
[0.211s] Level 1:colcon.colcon_core.package_identification:_identify(jaka_driver) by extension 'ros'
[0.212s] DEBUG:colcon.colcon_core.package_identification:Package 'jaka_driver' with type 'ros.ament_cmake' and name 'jaka_driver'
[0.212s] Level 1:colcon.colcon_core.package_identification:_identify(jaka_msgs) by extensions ['ignore', 'ignore_ament_install']
[0.212s] Level 1:colcon.colcon_core.package_identification:_identify(jaka_msgs) by extension 'ignore'
[0.212s] Level 1:colcon.colcon_core.package_identification:_identify(jaka_msgs) by extension 'ignore_ament_install'
[0.212s] Level 1:colcon.colcon_core.package_identification:_identify(jaka_msgs) by extensions ['colcon_pkg']
[0.212s] Level 1:colcon.colcon_core.package_identification:_identify(jaka_msgs) by extension 'colcon_pkg'
[0.212s] Level 1:colcon.colcon_core.package_identification:_identify(jaka_msgs) by extensions ['colcon_meta']
[0.212s] Level 1:colcon.colcon_core.package_identification:_identify(jaka_msgs) by extension 'colcon_meta'
[0.212s] Level 1:colcon.colcon_core.package_identification:_identify(jaka_msgs) by extensions ['ros']
[0.212s] Level 1:colcon.colcon_core.package_identification:_identify(jaka_msgs) by extension 'ros'
[0.213s] DEBUG:colcon.colcon_core.package_identification:Package 'jaka_msgs' with type 'ros.ament_cmake' and name 'jaka_msgs'
[0.213s] Level 1:colcon.colcon_core.package_identification:_identify(jaka_planner) by extensions ['ignore', 'ignore_ament_install']
[0.213s] Level 1:colcon.colcon_core.package_identification:_identify(jaka_planner) by extension 'ignore'
[0.213s] Level 1:colcon.colcon_core.package_identification:_identify(jaka_planner) by extension 'ignore_ament_install'
[0.213s] Level 1:colcon.colcon_core.package_identification:_identify(jaka_planner) by extensions ['colcon_pkg']
[0.213s] Level 1:colcon.colcon_core.package_identification:_identify(jaka_planner) by extension 'colcon_pkg'
[0.213s] Level 1:colcon.colcon_core.package_identification:_identify(jaka_planner) by extensions ['colcon_meta']
[0.213s] Level 1:colcon.colcon_core.package_identification:_identify(jaka_planner) by extension 'colcon_meta'
[0.213s] Level 1:colcon.colcon_core.package_identification:_identify(jaka_planner) by extensions ['ros']
[0.213s] Level 1:colcon.colcon_core.package_identification:_identify(jaka_planner) by extension 'ros'
[0.214s] DEBUG:colcon.colcon_core.package_identification:Package 'jaka_planner' with type 'ros.ament_cmake' and name 'jaka_planner'
[0.214s] Level 1:colcon.colcon_core.package_identification:_identify(jaka_zu5_moveit_config) by extensions ['ignore', 'ignore_ament_install']
[0.214s] Level 1:colcon.colcon_core.package_identification:_identify(jaka_zu5_moveit_config) by extension 'ignore'
[0.214s] Level 1:colcon.colcon_core.package_identification:_identify(jaka_zu5_moveit_config) by extension 'ignore_ament_install'
[0.214s] Level 1:colcon.colcon_core.package_identification:_identify(jaka_zu5_moveit_config) by extensions ['colcon_pkg']
[0.214s] Level 1:colcon.colcon_core.package_identification:_identify(jaka_zu5_moveit_config) by extension 'colcon_pkg'
[0.214s] Level 1:colcon.colcon_core.package_identification:_identify(jaka_zu5_moveit_config) by extensions ['colcon_meta']
[0.214s] Level 1:colcon.colcon_core.package_identification:_identify(jaka_zu5_moveit_config) by extension 'colcon_meta'
[0.214s] Level 1:colcon.colcon_core.package_identification:_identify(jaka_zu5_moveit_config) by extensions ['ros']
[0.214s] Level 1:colcon.colcon_core.package_identification:_identify(jaka_zu5_moveit_config) by extension 'ros'
[0.215s] DEBUG:colcon.colcon_core.package_identification:Package 'jaka_zu5_moveit_config' with type 'ros.ament_cmake' and name 'jaka_zu5_moveit_config'
[0.215s] Level 1:colcon.colcon_core.package_identification:_identify(log) by extensions ['ignore', 'ignore_ament_install']
[0.215s] Level 1:colcon.colcon_core.package_identification:_identify(log) by extension 'ignore'
[0.215s] Level 1:colcon.colcon_core.package_identification:_identify(log) ignored
[0.215s] Level 1:colcon.colcon_core.package_identification:_identify(user_commands) by extensions ['ignore', 'ignore_ament_install']
[0.215s] Level 1:colcon.colcon_core.package_identification:_identify(user_commands) by extension 'ignore'
[0.216s] Level 1:colcon.colcon_core.package_identification:_identify(user_commands) by extension 'ignore_ament_install'
[0.216s] Level 1:colcon.colcon_core.package_identification:_identify(user_commands) by extensions ['colcon_pkg']
[0.216s] Level 1:colcon.colcon_core.package_identification:_identify(user_commands) by extension 'colcon_pkg'
[0.216s] Level 1:colcon.colcon_core.package_identification:_identify(user_commands) by extensions ['colcon_meta']
[0.216s] Level 1:colcon.colcon_core.package_identification:_identify(user_commands) by extension 'colcon_meta'
[0.216s] Level 1:colcon.colcon_core.package_identification:_identify(user_commands) by extensions ['ros']
[0.216s] Level 1:colcon.colcon_core.package_identification:_identify(user_commands) by extension 'ros'
[0.216s] DEBUG:colcon.colcon_core.package_identification:Package 'user_commands' with type 'ros.ament_cmake' and name 'user_commands'
[0.216s] Level 1:colcon.colcon_core.package_discovery:discover_packages(recursive) using defaults
[0.216s] Level 1:colcon.colcon_core.package_discovery:discover_packages(ignore) discover
[0.216s] Level 1:colcon.colcon_core.package_discovery:discover_packages(ignore) using defaults
[0.216s] Level 1:colcon.colcon_core.package_discovery:discover_packages(path) discover
[0.216s] Level 1:colcon.colcon_core.package_discovery:discover_packages(path) using defaults
[0.245s] INFO:colcon.colcon_core.package_selection:Skipping not selected package 'jaka_description' in 'jaka_description'
[0.245s] INFO:colcon.colcon_core.package_selection:Skipping not selected package 'jaka_msgs' in 'jaka_msgs'
[0.245s] INFO:colcon.colcon_core.package_selection:Skipping not selected package 'jaka_driver' in 'jaka_driver'
[0.245s] INFO:colcon.colcon_core.package_selection:Skipping not selected package 'jaka_planner' in 'jaka_planner'
[0.245s] INFO:colcon.colcon_core.package_selection:Skipping not selected package 'jaka_zu5_moveit_config' in 'jaka_zu5_moveit_config'
[0.246s] Level 1:colcon.colcon_core.package_discovery:discover_packages(prefix_path) check parameters
[0.246s] Level 1:colcon.colcon_core.package_discovery:discover_packages(prefix_path) discover
[0.249s] DEBUG:colcon.colcon_installed_package_information.package_discovery:Found 383 installed packages in /opt/ros/humble
[0.250s] Level 1:colcon.colcon_core.package_discovery:discover_packages(prefix_path) using defaults
[0.283s] Level 5:colcon.colcon_core.verb:set package 'user_commands' build argument 'cmake_args' from command line to 'None'
[0.283s] Level 5:colcon.colcon_core.verb:set package 'user_commands' build argument 'cmake_target' from command line to 'None'
[0.283s] Level 5:colcon.colcon_core.verb:set package 'user_commands' build argument 'cmake_target_skip_unavailable' from command line to 'False'
[0.283s] Level 5:colcon.colcon_core.verb:set package 'user_commands' build argument 'cmake_clean_cache' from command line to 'False'
[0.283s] Level 5:colcon.colcon_core.verb:set package 'user_commands' build argument 'cmake_clean_first' from command line to 'False'
[0.283s] Level 5:colcon.colcon_core.verb:set package 'user_commands' build argument 'cmake_force_configure' from command line to 'False'
[0.283s] Level 5:colcon.colcon_core.verb:set package 'user_commands' build argument 'ament_cmake_args' from command line to 'None'
[0.283s] Level 5:colcon.colcon_core.verb:set package 'user_commands' build argument 'catkin_cmake_args' from command line to 'None'
[0.283s] Level 5:colcon.colcon_core.verb:set package 'user_commands' build argument 'catkin_skip_building_tests' from command line to 'False'
[0.283s] DEBUG:colcon.colcon_core.verb:Building package 'user_commands' with the following arguments: {'ament_cmake_args': None, 'build_base': '/home/wtr/programs/cpp/ros2/jaka/src/build/user_commands', 'catkin_cmake_args': None, 'catkin_skip_building_tests': False, 'cmake_args': None, 'cmake_clean_cache': False, 'cmake_clean_first': False, 'cmake_force_configure': False, 'cmake_target': None, 'cmake_target_skip_unavailable': False, 'install_base': '/home/wtr/programs/cpp/ros2/jaka/src/install/user_commands', 'merge_install': False, 'path': '/home/wtr/programs/cpp/ros2/jaka/src/user_commands', 'symlink_install': True, 'test_result_base': None}
[0.283s] INFO:colcon.colcon_core.executor:Executing jobs using 'parallel' executor
[0.284s] DEBUG:colcon.colcon_parallel_executor.executor.parallel:run_until_complete
[0.285s] INFO:colcon.colcon_ros.task.ament_cmake.build:Building ROS package in '/home/wtr/programs/cpp/ros2/jaka/src/user_commands' with build type 'ament_cmake'
[0.285s] INFO:colcon.colcon_cmake.task.cmake.build:Building CMake package in '/home/wtr/programs/cpp/ros2/jaka/src/user_commands'
[0.287s] INFO:colcon.colcon_core.plugin_system:Skipping extension 'colcon_core.shell.bat': Not used on non-Windows systems
[0.287s] INFO:colcon.colcon_core.shell:Skip shell extension 'powershell' for command environment: Not usable outside of PowerShell
[0.287s] DEBUG:colcon.colcon_core.shell:Skip shell extension 'dsv' for command environment
[0.298s] DEBUG:colcon.colcon_core.event_handler.log_command:Invoking command in '/home/wtr/programs/cpp/ros2/jaka/src/build/user_commands': AMENT_PREFIX_PATH=/home/wtr/programs/cpp/ros2/jaka/src/install/jaka_msgs:${AMENT_PREFIX_PATH} CMAKE_PREFIX_PATH=/home/wtr/programs/cpp/ros2/jaka/src/install/jaka_msgs:/opt/ros/humble LD_LIBRARY_PATH=/home/wtr/programs/cpp/ros2/jaka/src/install/jaka_msgs/lib:${LD_LIBRARY_PATH} PYTHONPATH=/home/wtr/programs/cpp/ros2/jaka/src/install/jaka_msgs/local/lib/python3.10/dist-packages:${PYTHONPATH} /usr/bin/cmake --build /home/wtr/programs/cpp/ros2/jaka/src/build/user_commands -- -j8 -l8
[0.363s] DEBUG:colcon.colcon_core.event_handler.log_command:Invoked command in '/home/wtr/programs/cpp/ros2/jaka/src/build/user_commands' returned '0': AMENT_PREFIX_PATH=/home/wtr/programs/cpp/ros2/jaka/src/install/jaka_msgs:${AMENT_PREFIX_PATH} CMAKE_PREFIX_PATH=/home/wtr/programs/cpp/ros2/jaka/src/install/jaka_msgs:/opt/ros/humble LD_LIBRARY_PATH=/home/wtr/programs/cpp/ros2/jaka/src/install/jaka_msgs/lib:${LD_LIBRARY_PATH} PYTHONPATH=/home/wtr/programs/cpp/ros2/jaka/src/install/jaka_msgs/local/lib/python3.10/dist-packages:${PYTHONPATH} /usr/bin/cmake --build /home/wtr/programs/cpp/ros2/jaka/src/build/user_commands -- -j8 -l8
[0.372s] DEBUG:colcon.colcon_core.event_handler.log_command:Invoking command in '/home/wtr/programs/cpp/ros2/jaka/src/build/user_commands': AMENT_PREFIX_PATH=/home/wtr/programs/cpp/ros2/jaka/src/install/jaka_msgs:${AMENT_PREFIX_PATH} CMAKE_PREFIX_PATH=/home/wtr/programs/cpp/ros2/jaka/src/install/jaka_msgs:/opt/ros/humble LD_LIBRARY_PATH=/home/wtr/programs/cpp/ros2/jaka/src/install/jaka_msgs/lib:${LD_LIBRARY_PATH} PYTHONPATH=/home/wtr/programs/cpp/ros2/jaka/src/install/jaka_msgs/local/lib/python3.10/dist-packages:${PYTHONPATH} /usr/bin/cmake --install /home/wtr/programs/cpp/ros2/jaka/src/build/user_commands
[0.393s] Level 1:colcon.colcon_core.environment:create_environment_scripts_only(user_commands)
[0.394s] DEBUG:colcon.colcon_core.event_handler.log_command:Invoked command in '/home/wtr/programs/cpp/ros2/jaka/src/build/user_commands' returned '0': AMENT_PREFIX_PATH=/home/wtr/programs/cpp/ros2/jaka/src/install/jaka_msgs:${AMENT_PREFIX_PATH} CMAKE_PREFIX_PATH=/home/wtr/programs/cpp/ros2/jaka/src/install/jaka_msgs:/opt/ros/humble LD_LIBRARY_PATH=/home/wtr/programs/cpp/ros2/jaka/src/install/jaka_msgs/lib:${LD_LIBRARY_PATH} PYTHONPATH=/home/wtr/programs/cpp/ros2/jaka/src/install/jaka_msgs/local/lib/python3.10/dist-packages:${PYTHONPATH} /usr/bin/cmake --install /home/wtr/programs/cpp/ros2/jaka/src/build/user_commands
[0.396s] Level 1:colcon.colcon_core.environment:checking '/home/wtr/programs/cpp/ros2/jaka/src/install/user_commands' for CMake module files
[0.396s] Level 1:colcon.colcon_core.environment:checking '/home/wtr/programs/cpp/ros2/jaka/src/install/user_commands' for CMake config files
[0.397s] Level 1:colcon.colcon_core.shell:create_environment_hook('user_commands', 'cmake_prefix_path')
[0.397s] INFO:colcon.colcon_core.shell:Creating environment hook '/home/wtr/programs/cpp/ros2/jaka/src/install/user_commands/share/user_commands/hook/cmake_prefix_path.ps1'
[0.398s] INFO:colcon.colcon_core.shell:Creating environment descriptor '/home/wtr/programs/cpp/ros2/jaka/src/install/user_commands/share/user_commands/hook/cmake_prefix_path.dsv'
[0.398s] INFO:colcon.colcon_core.shell:Creating environment hook '/home/wtr/programs/cpp/ros2/jaka/src/install/user_commands/share/user_commands/hook/cmake_prefix_path.sh'
[0.399s] Level 1:colcon.colcon_core.environment:checking '/home/wtr/programs/cpp/ros2/jaka/src/install/user_commands/lib'
[0.399s] Level 1:colcon.colcon_core.environment:checking '/home/wtr/programs/cpp/ros2/jaka/src/install/user_commands/bin'
[0.399s] Level 1:colcon.colcon_core.environment:checking '/home/wtr/programs/cpp/ros2/jaka/src/install/user_commands/lib/pkgconfig/user_commands.pc'
[0.399s] Level 1:colcon.colcon_core.environment:checking '/home/wtr/programs/cpp/ros2/jaka/src/install/user_commands/lib/python3.10/site-packages'
[0.399s] Level 1:colcon.colcon_core.environment:checking '/home/wtr/programs/cpp/ros2/jaka/src/install/user_commands/bin'
[0.400s] INFO:colcon.colcon_core.shell:Creating package script '/home/wtr/programs/cpp/ros2/jaka/src/install/user_commands/share/user_commands/package.ps1'
[0.400s] INFO:colcon.colcon_core.shell:Creating package descriptor '/home/wtr/programs/cpp/ros2/jaka/src/install/user_commands/share/user_commands/package.dsv'
[0.401s] INFO:colcon.colcon_core.shell:Creating package script '/home/wtr/programs/cpp/ros2/jaka/src/install/user_commands/share/user_commands/package.sh'
[0.402s] INFO:colcon.colcon_core.shell:Creating package script '/home/wtr/programs/cpp/ros2/jaka/src/install/user_commands/share/user_commands/package.bash'
[0.403s] INFO:colcon.colcon_core.shell:Creating package script '/home/wtr/programs/cpp/ros2/jaka/src/install/user_commands/share/user_commands/package.zsh'
[0.404s] Level 1:colcon.colcon_core.environment:create_file_with_runtime_dependencies(/home/wtr/programs/cpp/ros2/jaka/src/install/user_commands/share/colcon-core/packages/user_commands)
[0.404s] Level 1:colcon.colcon_core.environment:create_environment_scripts_only(user_commands)
[0.405s] Level 1:colcon.colcon_core.environment:checking '/home/wtr/programs/cpp/ros2/jaka/src/install/user_commands' for CMake module files
[0.405s] Level 1:colcon.colcon_core.environment:checking '/home/wtr/programs/cpp/ros2/jaka/src/install/user_commands' for CMake config files
[0.406s] Level 1:colcon.colcon_core.shell:create_environment_hook('user_commands', 'cmake_prefix_path')
[0.406s] INFO:colcon.colcon_core.shell:Creating environment hook '/home/wtr/programs/cpp/ros2/jaka/src/install/user_commands/share/user_commands/hook/cmake_prefix_path.ps1'
[0.407s] INFO:colcon.colcon_core.shell:Creating environment descriptor '/home/wtr/programs/cpp/ros2/jaka/src/install/user_commands/share/user_commands/hook/cmake_prefix_path.dsv'
[0.407s] INFO:colcon.colcon_core.shell:Creating environment hook '/home/wtr/programs/cpp/ros2/jaka/src/install/user_commands/share/user_commands/hook/cmake_prefix_path.sh'
[0.408s] Level 1:colcon.colcon_core.environment:checking '/home/wtr/programs/cpp/ros2/jaka/src/install/user_commands/lib'
[0.408s] Level 1:colcon.colcon_core.environment:checking '/home/wtr/programs/cpp/ros2/jaka/src/install/user_commands/bin'
[0.408s] Level 1:colcon.colcon_core.environment:checking '/home/wtr/programs/cpp/ros2/jaka/src/install/user_commands/lib/pkgconfig/user_commands.pc'
[0.408s] Level 1:colcon.colcon_core.environment:checking '/home/wtr/programs/cpp/ros2/jaka/src/install/user_commands/lib/python3.10/site-packages'
[0.409s] Level 1:colcon.colcon_core.environment:checking '/home/wtr/programs/cpp/ros2/jaka/src/install/user_commands/bin'
[0.409s] INFO:colcon.colcon_core.shell:Creating package script '/home/wtr/programs/cpp/ros2/jaka/src/install/user_commands/share/user_commands/package.ps1'
[0.410s] INFO:colcon.colcon_core.shell:Creating package descriptor '/home/wtr/programs/cpp/ros2/jaka/src/install/user_commands/share/user_commands/package.dsv'
[0.410s] INFO:colcon.colcon_core.shell:Creating package script '/home/wtr/programs/cpp/ros2/jaka/src/install/user_commands/share/user_commands/package.sh'
[0.411s] INFO:colcon.colcon_core.shell:Creating package script '/home/wtr/programs/cpp/ros2/jaka/src/install/user_commands/share/user_commands/package.bash'
[0.411s] INFO:colcon.colcon_core.shell:Creating package script '/home/wtr/programs/cpp/ros2/jaka/src/install/user_commands/share/user_commands/package.zsh'
[0.412s] Level 1:colcon.colcon_core.environment:create_file_with_runtime_dependencies(/home/wtr/programs/cpp/ros2/jaka/src/install/user_commands/share/colcon-core/packages/user_commands)
[0.412s] DEBUG:colcon.colcon_parallel_executor.executor.parallel:closing loop
[0.413s] DEBUG:colcon.colcon_parallel_executor.executor.parallel:loop closed
[0.413s] DEBUG:colcon.colcon_parallel_executor.executor.parallel:run_until_complete finished with '0'
[0.413s] DEBUG:colcon.colcon_core.event_reactor:joining thread
[0.422s] INFO:colcon.colcon_core.plugin_system:Skipping extension 'colcon_notification.desktop_notification.terminal_notifier': Not used on non-Darwin systems
[0.422s] INFO:colcon.colcon_core.plugin_system:Skipping extension 'colcon_notification.desktop_notification.win32': Not used on non-Windows systems
[0.422s] INFO:colcon.colcon_notification.desktop_notification:Sending desktop notification using 'notify2'
[0.454s] DEBUG:colcon.colcon_core.event_reactor:joined thread
[0.454s] INFO:colcon.colcon_core.shell:Creating prefix script '/home/wtr/programs/cpp/ros2/jaka/src/install/local_setup.ps1'
[0.455s] INFO:colcon.colcon_core.shell:Creating prefix util module '/home/wtr/programs/cpp/ros2/jaka/src/install/_local_setup_util_ps1.py'
[0.457s] INFO:colcon.colcon_core.shell:Creating prefix chain script '/home/wtr/programs/cpp/ros2/jaka/src/install/setup.ps1'
[0.458s] INFO:colcon.colcon_core.shell:Creating prefix script '/home/wtr/programs/cpp/ros2/jaka/src/install/local_setup.sh'
[0.458s] INFO:colcon.colcon_core.shell:Creating prefix util module '/home/wtr/programs/cpp/ros2/jaka/src/install/_local_setup_util_sh.py'
[0.460s] INFO:colcon.colcon_core.shell:Creating prefix chain script '/home/wtr/programs/cpp/ros2/jaka/src/install/setup.sh'
[0.461s] INFO:colcon.colcon_core.shell:Creating prefix script '/home/wtr/programs/cpp/ros2/jaka/src/install/local_setup.bash'
[0.462s] INFO:colcon.colcon_core.shell:Creating prefix chain script '/home/wtr/programs/cpp/ros2/jaka/src/install/setup.bash'
[0.462s] INFO:colcon.colcon_core.shell:Creating prefix script '/home/wtr/programs/cpp/ros2/jaka/src/install/local_setup.zsh'
[0.463s] INFO:colcon.colcon_core.shell:Creating prefix chain script '/home/wtr/programs/cpp/ros2/jaka/src/install/setup.zsh'
