[0.026s] Invoking command in '/home/wtr/programs/cpp/ros2/jaka/src/build/user_commands': AMENT_PREFIX_PATH=/home/wtr/programs/cpp/ros2/jaka/src/install/jaka_msgs:${AMENT_PREFIX_PATH} CMAKE_PREFIX_PATH=/home/wtr/programs/cpp/ros2/jaka/src/install/jaka_msgs:/opt/ros/humble LD_LIBRARY_PATH=/home/wtr/programs/cpp/ros2/jaka/src/install/jaka_msgs/lib:${LD_LIBRARY_PATH} PYTHONPATH=/home/wtr/programs/cpp/ros2/jaka/src/install/jaka_msgs/local/lib/python3.10/dist-packages:${PYTHONPATH} /usr/bin/cmake --build /home/wtr/programs/cpp/ros2/jaka/src/build/user_commands -- -j8 -l8
[0.126s] [100%] Built target my_moveit
[0.136s] Invoked command in '/home/wtr/programs/cpp/ros2/jaka/src/build/user_commands' returned '0': AMENT_PREFIX_PATH=/home/wtr/programs/cpp/ros2/jaka/src/install/jaka_msgs:${AMENT_PREFIX_PATH} CMAKE_PREFIX_PATH=/home/wtr/programs/cpp/ros2/jaka/src/install/jaka_msgs:/opt/ros/humble LD_LIBRARY_PATH=/home/wtr/programs/cpp/ros2/jaka/src/install/jaka_msgs/lib:${LD_LIBRARY_PATH} PYTHONPATH=/home/wtr/programs/cpp/ros2/jaka/src/install/jaka_msgs/local/lib/python3.10/dist-packages:${PYTHONPATH} /usr/bin/cmake --build /home/wtr/programs/cpp/ros2/jaka/src/build/user_commands -- -j8 -l8
[0.144s] Invoking command in '/home/wtr/programs/cpp/ros2/jaka/src/build/user_commands': AMENT_PREFIX_PATH=/home/wtr/programs/cpp/ros2/jaka/src/install/jaka_msgs:${AMENT_PREFIX_PATH} CMAKE_PREFIX_PATH=/home/wtr/programs/cpp/ros2/jaka/src/install/jaka_msgs:/opt/ros/humble LD_LIBRARY_PATH=/home/wtr/programs/cpp/ros2/jaka/src/install/jaka_msgs/lib:${LD_LIBRARY_PATH} PYTHONPATH=/home/wtr/programs/cpp/ros2/jaka/src/install/jaka_msgs/local/lib/python3.10/dist-packages:${PYTHONPATH} /usr/bin/cmake --install /home/wtr/programs/cpp/ros2/jaka/src/build/user_commands
[0.151s] -- Install configuration: ""
[0.152s] -- Execute custom install script
[0.152s] -- Up-to-date symlink: /home/wtr/programs/cpp/ros2/jaka/src/install/user_commands/lib/user_commands/my_moveit
[0.152s] -- Up-to-date symlink: /home/wtr/programs/cpp/ros2/jaka/src/install/user_commands/share/ament_index/resource_index/package_run_dependencies/user_commands
[0.152s] -- Up-to-date symlink: /home/wtr/programs/cpp/ros2/jaka/src/install/user_commands/share/ament_index/resource_index/parent_prefix_path/user_commands
[0.152s] -- Up-to-date symlink: /home/wtr/programs/cpp/ros2/jaka/src/install/user_commands/share/user_commands/environment/ament_prefix_path.sh
[0.153s] -- Up-to-date symlink: /home/wtr/programs/cpp/ros2/jaka/src/install/user_commands/share/user_commands/environment/ament_prefix_path.dsv
[0.153s] -- Up-to-date symlink: /home/wtr/programs/cpp/ros2/jaka/src/install/user_commands/share/user_commands/environment/path.sh
[0.153s] -- Up-to-date symlink: /home/wtr/programs/cpp/ros2/jaka/src/install/user_commands/share/user_commands/environment/path.dsv
[0.153s] -- Up-to-date symlink: /home/wtr/programs/cpp/ros2/jaka/src/install/user_commands/share/user_commands/local_setup.bash
[0.153s] -- Up-to-date symlink: /home/wtr/programs/cpp/ros2/jaka/src/install/user_commands/share/user_commands/local_setup.sh
[0.154s] -- Up-to-date symlink: /home/wtr/programs/cpp/ros2/jaka/src/install/user_commands/share/user_commands/local_setup.zsh
[0.154s] -- Up-to-date symlink: /home/wtr/programs/cpp/ros2/jaka/src/install/user_commands/share/user_commands/local_setup.dsv
[0.154s] -- Symlinking: /home/wtr/programs/cpp/ros2/jaka/src/install/user_commands/share/user_commands/package.dsv
[0.162s] -- Up-to-date symlink: /home/wtr/programs/cpp/ros2/jaka/src/install/user_commands/share/ament_index/resource_index/packages/user_commands
[0.162s] -- Up-to-date symlink: /home/wtr/programs/cpp/ros2/jaka/src/install/user_commands/share/user_commands/cmake/user_commandsConfig.cmake
[0.162s] -- Up-to-date symlink: /home/wtr/programs/cpp/ros2/jaka/src/install/user_commands/share/user_commands/cmake/user_commandsConfig-version.cmake
[0.163s] -- Up-to-date symlink: /home/wtr/programs/cpp/ros2/jaka/src/install/user_commands/share/user_commands/package.xml
[0.163s] -- Installing: /home/wtr/programs/cpp/ros2/jaka/src/install/user_commands/lib/user_commands/ui
[0.165s] Invoked command in '/home/wtr/programs/cpp/ros2/jaka/src/build/user_commands' returned '0': AMENT_PREFIX_PATH=/home/wtr/programs/cpp/ros2/jaka/src/install/jaka_msgs:${AMENT_PREFIX_PATH} CMAKE_PREFIX_PATH=/home/wtr/programs/cpp/ros2/jaka/src/install/jaka_msgs:/opt/ros/humble LD_LIBRARY_PATH=/home/wtr/programs/cpp/ros2/jaka/src/install/jaka_msgs/lib:${LD_LIBRARY_PATH} PYTHONPATH=/home/wtr/programs/cpp/ros2/jaka/src/install/jaka_msgs/local/lib/python3.10/dist-packages:${PYTHONPATH} /usr/bin/cmake --install /home/wtr/programs/cpp/ros2/jaka/src/build/user_commands
