[0.010s] Invoking command in '/home/wtr/programs/cpp/ros2/jaka/src/build/jaka_msgs': CMAKE_PREFIX_PATH=/opt/ros/humble /usr/bin/cmake --build /home/wtr/programs/cpp/ros2/jaka/src/build/jaka_msgs -- -j8 -l8
[0.035s] -- Found ament_cmake: 1.3.12 (/opt/ros/humble/share/ament_cmake/cmake)
[0.125s] -- Override CMake install command with custom implementation using symlinks instead of copying resources
[0.130s] -- Found rosidl_default_generators: 1.2.0 (/opt/ros/humble/share/rosidl_default_generators/cmake)
[0.130s] -- Using all available rosidl_typesupport_c: rosidl_typesupport_fastrtps_c;rosidl_typesupport_introspection_c
[0.132s] -- Found rosidl_adapter: 3.1.7 (/opt/ros/humble/share/rosidl_adapter/cmake)
[0.151s] -- Using all available rosidl_typesupport_cpp: rosidl_typesupport_fastrtps_cpp;rosidl_typesupport_introspection_cpp
[0.167s] -- Found std_msgs: 4.9.0 (/opt/ros/humble/share/std_msgs/cmake)
[0.180s] -- Found rclcpp: 16.0.15 (/opt/ros/humble/share/rclcpp/cmake)
[0.195s] -- Found rmw_implementation_cmake: 6.1.2 (/opt/ros/humble/share/rmw_implementation_cmake/cmake)
[0.196s] -- Found rmw_fastrtps_cpp: 6.2.9 (/opt/ros/humble/share/rmw_fastrtps_cpp/cmake)
[0.270s] -- Using RMW implementation 'rmw_fastrtps_cpp' as default
[0.295s] -- Found std_srvs: 4.9.0 (/opt/ros/humble/share/std_srvs/cmake)
[0.300s] [31mCMake Error at /opt/ros/humble/share/rosidl_cmake/cmake/rosidl_generate_interfaces.cmake:93 (message):
[0.300s]   rosidl_generate_interfaces() the passed file 'msg/my_pose_cmd.msg' doesn't
[0.300s]   exist relative to the CMAKE_CURRENT_SOURCE_DIR
[0.300s]   '/home/wtr/programs/cpp/ros2/jaka/src/jaka_msgs'
[0.300s] Call Stack (most recent call first):
[0.300s]   CMakeLists.txt:18 (rosidl_generate_interfaces)
[0.300s] 
[0.300s] [0m
[0.300s] -- Configuring incomplete, errors occurred!
[0.300s] See also "/home/wtr/programs/cpp/ros2/jaka/src/build/jaka_msgs/CMakeFiles/CMakeOutput.log".
[0.306s] gmake: *** [Makefile:3339：cmake_check_build_system] 错误 1
[0.308s] Invoked command in '/home/wtr/programs/cpp/ros2/jaka/src/build/jaka_msgs' returned '2': CMAKE_PREFIX_PATH=/opt/ros/humble /usr/bin/cmake --build /home/wtr/programs/cpp/ros2/jaka/src/build/jaka_msgs -- -j8 -l8
