[0.009s] Invoking command in '/home/wtr/programs/cpp/ros2/jaka/src/build/jaka_planner': AMENT_PREFIX_PATH=/home/wtr/programs/cpp/ros2/jaka/src/install/jaka_msgs:${AMENT_PREFIX_PATH} CMAKE_PREFIX_PATH=/home/wtr/programs/cpp/ros2/jaka/src/install/jaka_msgs:/opt/ros/humble LD_LIBRARY_PATH=/home/wtr/programs/cpp/ros2/jaka/src/install/jaka_msgs/lib:${LD_LIBRARY_PATH} PYTHONPATH=/home/wtr/programs/cpp/ros2/jaka/src/install/jaka_msgs/local/lib/python3.10/dist-packages:${PYTHONPATH} /usr/bin/cmake /home/wtr/programs/cpp/ros2/jaka/src/jaka_planner -DAMENT_CMAKE_SYMLINK_INSTALL=1 -DCMAKE_INSTALL_PREFIX=/home/wtr/programs/cpp/ros2/jaka/src/install/jaka_planner
[0.049s] -- The C compiler identification is GNU 11.4.0
[0.097s] -- The CXX compiler identification is GNU 11.4.0
[0.104s] -- Detecting C compiler ABI info
[0.153s] -- Detecting C compiler ABI info - done
[0.158s] -- Check for working C compiler: /usr/bin/cc - skipped
[0.158s] -- Detecting C compile features
[0.158s] -- Detecting C compile features - done
[0.160s] -- Detecting CXX compiler ABI info
[0.245s] -- Detecting CXX compiler ABI info - done
[0.249s] -- Check for working CXX compiler: /usr/bin/c++ - skipped
[0.249s] -- Detecting CXX compile features
[0.249s] -- Detecting CXX compile features - done
[0.251s] -- Found ament_cmake: 1.3.12 (/opt/ros/humble/share/ament_cmake/cmake)
[0.361s] -- Found Python3: /usr/bin/python3 (found version "3.10.12") found components: Interpreter 
[0.407s] -- Override CMake install command with custom implementation using symlinks instead of copying resources
[0.425s] -- Found rclcpp: 16.0.15 (/opt/ros/humble/share/rclcpp/cmake)
[0.451s] -- Found rosidl_generator_c: 3.1.7 (/opt/ros/humble/share/rosidl_generator_c/cmake)
[0.455s] -- Found rosidl_adapter: 3.1.7 (/opt/ros/humble/share/rosidl_adapter/cmake)
[0.459s] -- Found rosidl_generator_cpp: 3.1.7 (/opt/ros/humble/share/rosidl_generator_cpp/cmake)
[0.467s] -- Using all available rosidl_typesupport_c: rosidl_typesupport_fastrtps_c;rosidl_typesupport_introspection_c
[0.477s] -- Using all available rosidl_typesupport_cpp: rosidl_typesupport_fastrtps_cpp;rosidl_typesupport_introspection_cpp
[0.505s] -- Found rmw_implementation_cmake: 6.1.2 (/opt/ros/humble/share/rmw_implementation_cmake/cmake)
[0.507s] -- Found rmw_fastrtps_cpp: 6.2.9 (/opt/ros/humble/share/rmw_fastrtps_cpp/cmake)
[0.569s] -- Found OpenSSL: /usr/lib/x86_64-linux-gnu/libcrypto.so (found version "3.0.2")  
[0.593s] -- Found FastRTPS: /opt/ros/humble/include  
[0.624s] -- Using RMW implementation 'rmw_fastrtps_cpp' as default
[0.629s] -- Looking for pthread.h
[0.685s] -- Looking for pthread.h - found
[0.686s] -- Performing Test CMAKE_HAVE_LIBC_PTHREAD
[0.749s] -- Performing Test CMAKE_HAVE_LIBC_PTHREAD - Success
[0.750s] -- Found Threads: TRUE  
[0.781s] -- Found rclpy: 3.3.17 (/opt/ros/humble/share/rclpy/cmake)
[0.782s] -- Found geometry_msgs: 4.9.0 (/opt/ros/humble/share/geometry_msgs/cmake)
[0.790s] -- Found sensor_msgs: 4.9.0 (/opt/ros/humble/share/sensor_msgs/cmake)
[0.804s] -- Found jaka_msgs: 0.0.0 (/home/wtr/programs/cpp/ros2/jaka/src/install/jaka_msgs/share/jaka_msgs/cmake)
[0.818s] -- Found moveit_msgs: 2.2.1 (/opt/ros/humble/share/moveit_msgs/cmake)
[0.907s] -- Found control_msgs: 4.8.0 (/opt/ros/humble/share/control_msgs/cmake)
[0.923s] -- Found moveit_ros_planning_interface: 2.5.9 (/opt/ros/humble/share/moveit_ros_planning_interface/cmake)
[0.938s] -- Found Boost: /usr/lib/x86_64-linux-gnu/cmake/Boost-1.74.0/BoostConfig.cmake (found version "1.74.0") found components: date_time filesystem program_options system thread 
[0.952s] -- Found Boost: /usr/lib/x86_64-linux-gnu/cmake/Boost-1.74.0/BoostConfig.cmake (found version "1.74.0") found components: chrono date_time filesystem iostreams program_options regex serialization system thread 
[0.981s] -- Found parameter_traits: 0.5.0 (/opt/ros/humble/share/parameter_traits/cmake)
[0.990s] -- Found rclcpp_lifecycle: 16.0.15 (/opt/ros/humble/share/rclcpp_lifecycle/cmake)
[1.013s] -- Found Boost: /usr/lib/x86_64-linux-gnu/cmake/Boost-1.74.0/BoostConfig.cmake (found version "1.74.0") found components: filesystem 
[1.112s] -- library: /usr/lib/x86_64-linux-gnu/libcurl.so
[1.143s] -- Found Eigen3: TRUE (found version "3.4.0") 
[1.144s] -- Ensuring Eigen3 include directory is part of orocos-kdl CMake target
[1.257s] -- Found Boost: /usr/lib/x86_64-linux-gnu/cmake/Boost-1.74.0/BoostConfig.cmake (found version "1.74.0") found components: system filesystem date_time program_options thread chrono 
[1.293s] -- Found Boost: /usr/lib/x86_64-linux-gnu/cmake/Boost-1.74.0/BoostConfig.cmake (found version "1.74.0") found components: thread system filesystem regex date_time program_options 
[1.322s] -- Found Boost: /usr/lib/x86_64-linux-gnu/cmake/Boost-1.74.0/BoostConfig.cmake (found version "1.74.0") found components: system filesystem date_time program_options thread 
[1.344s] -- Found moveit_visual_tools: 4.1.2 (/opt/ros/humble/share/moveit_visual_tools/cmake)
[1.396s] -- Setting assimp_DIR to: '/opt/ros/humble/share/rviz_assimp_vendor/cmake/../../../opt/rviz_assimp_vendor/lib/cmake/assimp-4.1'
[1.402s] -- Setting OGRE_DIR to: '/opt/ros/humble/share/rviz_ogre_vendor/cmake/../../../opt/rviz_ogre_vendor/lib/OGRE/cmake'
[1.402s] -- Found OGRE
[1.403s] --   static     : OFF
[1.403s] --   components : HLMS;MeshLodGenerator;Overlay;Paging;Property;RTShaderSystem;Terrain;Volume
[1.403s] --   plugins    : Plugin_BSPSceneManager;Plugin_OctreeSceneManager;Plugin_PCZSceneManager;Plugin_ParticleFX;RenderSystem_GL;RenderSystem_GL3Plus;Codec_STBI
[1.403s] --   media      : /opt/ros/humble/opt/rviz_ogre_vendor/share/OGRE/Media
[1.403s] -- OGRE_LIBRARIES: OgreHLMS;OgreMeshLodGenerator;OgreOverlay;OgrePaging;OgreProperty;OgreRTShaderSystem;OgreTerrain;OgreVolume;OgreMain
[1.403s] -- OGRE_LIBRARY_DIRS: /opt/ros/humble/opt/rviz_ogre_vendor/lib
[1.403s] -- OGRE_PLUGINS: Plugin_BSPSceneManager;Plugin_OctreeSceneManager;Plugin_PCZSceneManager;Plugin_ParticleFX;RenderSystem_GL;RenderSystem_GL3Plus;Codec_STBI
[1.403s] -- OGRE_PLUGIN_DIR: /opt/ros/humble/opt/rviz_ogre_vendor/lib/OGRE
[1.403s] -- rviz_ogre_vendor::OgreOverlay for IMPORTED_LOCATION_RELEASE: /opt/ros/humble/opt/rviz_ogre_vendor/lib/libOgreOverlay.so
[1.403s] -- rviz_ogre_vendor::OgreOverlay for IMPORTED_LOCATION_DEBUG: /opt/ros/humble/opt/rviz_ogre_vendor/lib/libOgreOverlay.so
[1.403s] -- rviz_ogre_vendor::OgreMain for IMPORTED_LOCATION_RELEASE: /opt/ros/humble/opt/rviz_ogre_vendor/lib/libOgreMain.so
[1.403s] -- rviz_ogre_vendor::OgreMain for IMPORTED_LOCATION_DEBUG: /opt/ros/humble/opt/rviz_ogre_vendor/lib/libOgreMain.so
[1.415s] -- Found ZLIB: /usr/lib/x86_64-linux-gnu/libz.so (found version "1.2.11") 
[1.418s] -- Found OpenGL: /usr/lib/x86_64-linux-gnu/libOpenGL.so   
[1.528s] -- Found X11: /usr/include   
[1.528s] -- Looking for XOpenDisplay in /usr/lib/x86_64-linux-gnu/libX11.so;/usr/lib/x86_64-linux-gnu/libXext.so
[1.626s] -- Looking for XOpenDisplay in /usr/lib/x86_64-linux-gnu/libX11.so;/usr/lib/x86_64-linux-gnu/libXext.so - found
[1.626s] -- Looking for gethostbyname
[1.687s] -- Looking for gethostbyname - found
[1.688s] -- Looking for connect
[1.764s] -- Looking for connect - found
[1.764s] -- Looking for remove
[1.853s] -- Looking for remove - found
[1.853s] -- Looking for shmat
[1.934s] -- Looking for shmat - found
[1.935s] -- Looking for IceConnectionNumber in ICE
[2.017s] -- Looking for IceConnectionNumber in ICE - found
[2.213s] -- Configuring done
[2.608s] -- Generating done
[2.657s] -- Build files have been written to: /home/wtr/programs/cpp/ros2/jaka/src/build/jaka_planner
[2.676s] Invoked command in '/home/wtr/programs/cpp/ros2/jaka/src/build/jaka_planner' returned '0': AMENT_PREFIX_PATH=/home/wtr/programs/cpp/ros2/jaka/src/install/jaka_msgs:${AMENT_PREFIX_PATH} CMAKE_PREFIX_PATH=/home/wtr/programs/cpp/ros2/jaka/src/install/jaka_msgs:/opt/ros/humble LD_LIBRARY_PATH=/home/wtr/programs/cpp/ros2/jaka/src/install/jaka_msgs/lib:${LD_LIBRARY_PATH} PYTHONPATH=/home/wtr/programs/cpp/ros2/jaka/src/install/jaka_msgs/local/lib/python3.10/dist-packages:${PYTHONPATH} /usr/bin/cmake /home/wtr/programs/cpp/ros2/jaka/src/jaka_planner -DAMENT_CMAKE_SYMLINK_INSTALL=1 -DCMAKE_INSTALL_PREFIX=/home/wtr/programs/cpp/ros2/jaka/src/install/jaka_planner
[2.680s] Invoking command in '/home/wtr/programs/cpp/ros2/jaka/src/build/jaka_planner': AMENT_PREFIX_PATH=/home/wtr/programs/cpp/ros2/jaka/src/install/jaka_msgs:${AMENT_PREFIX_PATH} CMAKE_PREFIX_PATH=/home/wtr/programs/cpp/ros2/jaka/src/install/jaka_msgs:/opt/ros/humble LD_LIBRARY_PATH=/home/wtr/programs/cpp/ros2/jaka/src/install/jaka_msgs/lib:${LD_LIBRARY_PATH} PYTHONPATH=/home/wtr/programs/cpp/ros2/jaka/src/install/jaka_msgs/local/lib/python3.10/dist-packages:${PYTHONPATH} /usr/bin/cmake --build /home/wtr/programs/cpp/ros2/jaka/src/build/jaka_planner -- -j8 -l8
[2.736s] [ 25%] [32mBuilding CXX object CMakeFiles/moveit_server.dir/src/moveit_server.cpp.o[0m
[2.802s] [ 50%] [32mBuilding CXX object CMakeFiles/moveit_test.dir/src/moveit_test.cpp.o[0m
[10.348s] [ 75%] [32m[1mLinking CXX executable moveit_server[0m
[11.657s] [ 75%] Built target moveit_server
[16.097s] [100%] [32m[1mLinking CXX executable moveit_test[0m
[24.018s] [100%] Built target moveit_test
[24.027s] Invoked command in '/home/wtr/programs/cpp/ros2/jaka/src/build/jaka_planner' returned '0': AMENT_PREFIX_PATH=/home/wtr/programs/cpp/ros2/jaka/src/install/jaka_msgs:${AMENT_PREFIX_PATH} CMAKE_PREFIX_PATH=/home/wtr/programs/cpp/ros2/jaka/src/install/jaka_msgs:/opt/ros/humble LD_LIBRARY_PATH=/home/wtr/programs/cpp/ros2/jaka/src/install/jaka_msgs/lib:${LD_LIBRARY_PATH} PYTHONPATH=/home/wtr/programs/cpp/ros2/jaka/src/install/jaka_msgs/local/lib/python3.10/dist-packages:${PYTHONPATH} /usr/bin/cmake --build /home/wtr/programs/cpp/ros2/jaka/src/build/jaka_planner -- -j8 -l8
[24.029s] Invoking command in '/home/wtr/programs/cpp/ros2/jaka/src/build/jaka_planner': AMENT_PREFIX_PATH=/home/wtr/programs/cpp/ros2/jaka/src/install/jaka_msgs:${AMENT_PREFIX_PATH} CMAKE_PREFIX_PATH=/home/wtr/programs/cpp/ros2/jaka/src/install/jaka_msgs:/opt/ros/humble LD_LIBRARY_PATH=/home/wtr/programs/cpp/ros2/jaka/src/install/jaka_msgs/lib:${LD_LIBRARY_PATH} PYTHONPATH=/home/wtr/programs/cpp/ros2/jaka/src/install/jaka_msgs/local/lib/python3.10/dist-packages:${PYTHONPATH} /usr/bin/cmake --install /home/wtr/programs/cpp/ros2/jaka/src/build/jaka_planner
[24.034s] -- Install configuration: "Debug"
[24.034s] -- Execute custom install script
[24.035s] -- Symlinking: /home/wtr/programs/cpp/ros2/jaka/src/install/jaka_planner/lib/jaka_planner/moveit_server
[24.043s] -- Symlinking: /home/wtr/programs/cpp/ros2/jaka/src/install/jaka_planner/lib/jaka_planner/moveit_test
[24.050s] -- Symlinking: /home/wtr/programs/cpp/ros2/jaka/src/install/jaka_planner/share/jaka_planner/launch/moveit_server.launch.py
[24.056s] -- Symlinking: /home/wtr/programs/cpp/ros2/jaka/src/install/jaka_planner/share/ament_index/resource_index/package_run_dependencies/jaka_planner
[24.062s] -- Symlinking: /home/wtr/programs/cpp/ros2/jaka/src/install/jaka_planner/share/ament_index/resource_index/parent_prefix_path/jaka_planner
[24.068s] -- Symlinking: /home/wtr/programs/cpp/ros2/jaka/src/install/jaka_planner/share/jaka_planner/environment/ament_prefix_path.sh
[24.074s] -- Symlinking: /home/wtr/programs/cpp/ros2/jaka/src/install/jaka_planner/share/jaka_planner/environment/ament_prefix_path.dsv
[24.080s] -- Symlinking: /home/wtr/programs/cpp/ros2/jaka/src/install/jaka_planner/share/jaka_planner/environment/path.sh
[24.086s] -- Symlinking: /home/wtr/programs/cpp/ros2/jaka/src/install/jaka_planner/share/jaka_planner/environment/path.dsv
[24.094s] -- Symlinking: /home/wtr/programs/cpp/ros2/jaka/src/install/jaka_planner/share/jaka_planner/local_setup.bash
[24.101s] -- Symlinking: /home/wtr/programs/cpp/ros2/jaka/src/install/jaka_planner/share/jaka_planner/local_setup.sh
[24.108s] -- Symlinking: /home/wtr/programs/cpp/ros2/jaka/src/install/jaka_planner/share/jaka_planner/local_setup.zsh
[24.115s] -- Symlinking: /home/wtr/programs/cpp/ros2/jaka/src/install/jaka_planner/share/jaka_planner/local_setup.dsv
[24.122s] -- Symlinking: /home/wtr/programs/cpp/ros2/jaka/src/install/jaka_planner/share/jaka_planner/package.dsv
[24.129s] -- Symlinking: /home/wtr/programs/cpp/ros2/jaka/src/install/jaka_planner/share/ament_index/resource_index/packages/jaka_planner
[24.135s] -- Symlinking: /home/wtr/programs/cpp/ros2/jaka/src/install/jaka_planner/share/jaka_planner/cmake/jaka_plannerConfig.cmake
[24.141s] -- Symlinking: /home/wtr/programs/cpp/ros2/jaka/src/install/jaka_planner/share/jaka_planner/cmake/jaka_plannerConfig-version.cmake
[24.148s] -- Symlinking: /home/wtr/programs/cpp/ros2/jaka/src/install/jaka_planner/share/jaka_planner/package.xml
[24.156s] Invoked command in '/home/wtr/programs/cpp/ros2/jaka/src/build/jaka_planner' returned '0': AMENT_PREFIX_PATH=/home/wtr/programs/cpp/ros2/jaka/src/install/jaka_msgs:${AMENT_PREFIX_PATH} CMAKE_PREFIX_PATH=/home/wtr/programs/cpp/ros2/jaka/src/install/jaka_msgs:/opt/ros/humble LD_LIBRARY_PATH=/home/wtr/programs/cpp/ros2/jaka/src/install/jaka_msgs/lib:${LD_LIBRARY_PATH} PYTHONPATH=/home/wtr/programs/cpp/ros2/jaka/src/install/jaka_msgs/local/lib/python3.10/dist-packages:${PYTHONPATH} /usr/bin/cmake --install /home/wtr/programs/cpp/ros2/jaka/src/build/jaka_planner
