[0.005s] Invoking command in '/home/wtr/programs/cpp/ros2/jaka/src/build/jaka_zu5_moveit_config': AMENT_PREFIX_PATH=/home/wtr/programs/cpp/ros2/jaka/src/install/jaka_description:${AMENT_PREFIX_PATH} CMAKE_PREFIX_PATH=/home/wtr/programs/cpp/ros2/jaka/src/install/jaka_description:/opt/ros/humble /usr/bin/cmake /home/wtr/programs/cpp/ros2/jaka/src/jaka_zu5_moveit_config -DAMENT_CMAKE_SYMLINK_INSTALL=1 -DCMAKE_INSTALL_PREFIX=/home/wtr/programs/cpp/ros2/jaka/src/install/jaka_zu5_moveit_config
[0.060s] -- The C compiler identification is GNU 11.4.0
[0.102s] -- The CXX compiler identification is GNU 11.4.0
[0.113s] -- Detecting C compiler ABI info
[0.165s] -- Detecting C compiler ABI info - done
[0.171s] -- Check for working C compiler: /usr/bin/cc - skipped
[0.171s] -- Detecting C compile features
[0.171s] -- Detecting C compile features - done
[0.175s] -- Detecting CXX compiler ABI info
[0.243s] -- Detecting CXX compiler ABI info - done
[0.246s] -- Check for working CXX compiler: /usr/bin/c++ - skipped
[0.246s] -- Detecting CXX compile features
[0.246s] -- Detecting CXX compile features - done
[0.248s] -- Found ament_cmake: 1.3.12 (/opt/ros/humble/share/ament_cmake/cmake)
[0.381s] -- Found Python3: /usr/bin/python3 (found version "3.10.12") found components: Interpreter 
[0.463s] -- Override CMake install command with custom implementation using symlinks instead of copying resources
[0.483s] -- Found ament_lint_auto: 0.12.14 (/opt/ros/humble/share/ament_lint_auto/cmake)
[0.583s] -- Configuring done
[0.589s] -- Generating done
[0.589s] -- Build files have been written to: /home/wtr/programs/cpp/ros2/jaka/src/build/jaka_zu5_moveit_config
[0.596s] Invoked command in '/home/wtr/programs/cpp/ros2/jaka/src/build/jaka_zu5_moveit_config' returned '0': AMENT_PREFIX_PATH=/home/wtr/programs/cpp/ros2/jaka/src/install/jaka_description:${AMENT_PREFIX_PATH} CMAKE_PREFIX_PATH=/home/wtr/programs/cpp/ros2/jaka/src/install/jaka_description:/opt/ros/humble /usr/bin/cmake /home/wtr/programs/cpp/ros2/jaka/src/jaka_zu5_moveit_config -DAMENT_CMAKE_SYMLINK_INSTALL=1 -DCMAKE_INSTALL_PREFIX=/home/wtr/programs/cpp/ros2/jaka/src/install/jaka_zu5_moveit_config
[0.599s] Invoking command in '/home/wtr/programs/cpp/ros2/jaka/src/build/jaka_zu5_moveit_config': AMENT_PREFIX_PATH=/home/wtr/programs/cpp/ros2/jaka/src/install/jaka_description:${AMENT_PREFIX_PATH} CMAKE_PREFIX_PATH=/home/wtr/programs/cpp/ros2/jaka/src/install/jaka_description:/opt/ros/humble /usr/bin/cmake --build /home/wtr/programs/cpp/ros2/jaka/src/build/jaka_zu5_moveit_config -- -j8 -l8
[0.660s] Invoked command in '/home/wtr/programs/cpp/ros2/jaka/src/build/jaka_zu5_moveit_config' returned '0': AMENT_PREFIX_PATH=/home/wtr/programs/cpp/ros2/jaka/src/install/jaka_description:${AMENT_PREFIX_PATH} CMAKE_PREFIX_PATH=/home/wtr/programs/cpp/ros2/jaka/src/install/jaka_description:/opt/ros/humble /usr/bin/cmake --build /home/wtr/programs/cpp/ros2/jaka/src/build/jaka_zu5_moveit_config -- -j8 -l8
[0.661s] Invoking command in '/home/wtr/programs/cpp/ros2/jaka/src/build/jaka_zu5_moveit_config': AMENT_PREFIX_PATH=/home/wtr/programs/cpp/ros2/jaka/src/install/jaka_description:${AMENT_PREFIX_PATH} CMAKE_PREFIX_PATH=/home/wtr/programs/cpp/ros2/jaka/src/install/jaka_description:/opt/ros/humble /usr/bin/cmake --install /home/wtr/programs/cpp/ros2/jaka/src/build/jaka_zu5_moveit_config
[0.667s] -- Install configuration: ""
[0.667s] -- Execute custom install script
[0.670s] -- Symlinking: /home/wtr/programs/cpp/ros2/jaka/src/install/jaka_zu5_moveit_config/share/jaka_zu5_moveit_config/launch/demo.launch.py
[0.687s] -- Symlinking: /home/wtr/programs/cpp/ros2/jaka/src/install/jaka_zu5_moveit_config/share/jaka_zu5_moveit_config/launch/demo_gazebo.launch.py
[0.695s] -- Symlinking: /home/wtr/programs/cpp/ros2/jaka/src/install/jaka_zu5_moveit_config/share/jaka_zu5_moveit_config/launch/gazebo.launch.py
[0.704s] -- Symlinking: /home/wtr/programs/cpp/ros2/jaka/src/install/jaka_zu5_moveit_config/share/jaka_zu5_moveit_config/launch/move_group.launch.py
[0.714s] -- Symlinking: /home/wtr/programs/cpp/ros2/jaka/src/install/jaka_zu5_moveit_config/share/jaka_zu5_moveit_config/launch/moveit_rviz.launch.py
[0.721s] -- Symlinking: /home/wtr/programs/cpp/ros2/jaka/src/install/jaka_zu5_moveit_config/share/jaka_zu5_moveit_config/launch/rsp.launch.py
[0.731s] -- Symlinking: /home/wtr/programs/cpp/ros2/jaka/src/install/jaka_zu5_moveit_config/share/jaka_zu5_moveit_config/launch/setup_assistant.launch.py
[0.737s] -- Symlinking: /home/wtr/programs/cpp/ros2/jaka/src/install/jaka_zu5_moveit_config/share/jaka_zu5_moveit_config/launch/spawn_controllers.launch.py
[0.743s] -- Symlinking: /home/wtr/programs/cpp/ros2/jaka/src/install/jaka_zu5_moveit_config/share/jaka_zu5_moveit_config/launch/static_virtual_joint_tfs.launch.py
[0.755s] -- Symlinking: /home/wtr/programs/cpp/ros2/jaka/src/install/jaka_zu5_moveit_config/share/jaka_zu5_moveit_config/launch/warehouse_db.launch.py
[0.762s] -- Symlinking: /home/wtr/programs/cpp/ros2/jaka/src/install/jaka_zu5_moveit_config/share/jaka_zu5_moveit_config/config/initial_positions.yaml
[0.768s] -- Symlinking: /home/wtr/programs/cpp/ros2/jaka/src/install/jaka_zu5_moveit_config/share/jaka_zu5_moveit_config/config/jaka_zu5.ros2_control.xacro
[0.775s] -- Symlinking: /home/wtr/programs/cpp/ros2/jaka/src/install/jaka_zu5_moveit_config/share/jaka_zu5_moveit_config/config/jaka_zu5.srdf
[0.785s] -- Symlinking: /home/wtr/programs/cpp/ros2/jaka/src/install/jaka_zu5_moveit_config/share/jaka_zu5_moveit_config/config/jaka_zu5.urdf.xacro
[0.794s] -- Symlinking: /home/wtr/programs/cpp/ros2/jaka/src/install/jaka_zu5_moveit_config/share/jaka_zu5_moveit_config/config/joint_limits.yaml
[0.803s] -- Symlinking: /home/wtr/programs/cpp/ros2/jaka/src/install/jaka_zu5_moveit_config/share/jaka_zu5_moveit_config/config/kinematics.yaml
[0.812s] -- Symlinking: /home/wtr/programs/cpp/ros2/jaka/src/install/jaka_zu5_moveit_config/share/jaka_zu5_moveit_config/config/moveit.rviz
[0.826s] -- Symlinking: /home/wtr/programs/cpp/ros2/jaka/src/install/jaka_zu5_moveit_config/share/jaka_zu5_moveit_config/config/moveit_controllers.yaml
[0.834s] -- Symlinking: /home/wtr/programs/cpp/ros2/jaka/src/install/jaka_zu5_moveit_config/share/jaka_zu5_moveit_config/config/pilz_cartesian_limits.yaml
[0.846s] -- Symlinking: /home/wtr/programs/cpp/ros2/jaka/src/install/jaka_zu5_moveit_config/share/jaka_zu5_moveit_config/config/ros2_controllers.yaml
[0.853s] -- Symlinking: /home/wtr/programs/cpp/ros2/jaka/src/install/jaka_zu5_moveit_config/share/jaka_zu5_moveit_config/.setup_assistant
[0.861s] -- Symlinking: /home/wtr/programs/cpp/ros2/jaka/src/install/jaka_zu5_moveit_config/share/ament_index/resource_index/package_run_dependencies/jaka_zu5_moveit_config
[0.872s] -- Symlinking: /home/wtr/programs/cpp/ros2/jaka/src/install/jaka_zu5_moveit_config/share/ament_index/resource_index/parent_prefix_path/jaka_zu5_moveit_config
[0.883s] -- Symlinking: /home/wtr/programs/cpp/ros2/jaka/src/install/jaka_zu5_moveit_config/share/jaka_zu5_moveit_config/environment/ament_prefix_path.sh
[0.892s] -- Symlinking: /home/wtr/programs/cpp/ros2/jaka/src/install/jaka_zu5_moveit_config/share/jaka_zu5_moveit_config/environment/ament_prefix_path.dsv
[0.908s] -- Symlinking: /home/wtr/programs/cpp/ros2/jaka/src/install/jaka_zu5_moveit_config/share/jaka_zu5_moveit_config/environment/path.sh
[0.923s] -- Symlinking: /home/wtr/programs/cpp/ros2/jaka/src/install/jaka_zu5_moveit_config/share/jaka_zu5_moveit_config/environment/path.dsv
[0.932s] -- Symlinking: /home/wtr/programs/cpp/ros2/jaka/src/install/jaka_zu5_moveit_config/share/jaka_zu5_moveit_config/local_setup.bash
[0.942s] -- Symlinking: /home/wtr/programs/cpp/ros2/jaka/src/install/jaka_zu5_moveit_config/share/jaka_zu5_moveit_config/local_setup.sh
[0.948s] -- Symlinking: /home/wtr/programs/cpp/ros2/jaka/src/install/jaka_zu5_moveit_config/share/jaka_zu5_moveit_config/local_setup.zsh
[0.955s] -- Symlinking: /home/wtr/programs/cpp/ros2/jaka/src/install/jaka_zu5_moveit_config/share/jaka_zu5_moveit_config/local_setup.dsv
[0.962s] -- Symlinking: /home/wtr/programs/cpp/ros2/jaka/src/install/jaka_zu5_moveit_config/share/jaka_zu5_moveit_config/package.dsv
[0.972s] -- Symlinking: /home/wtr/programs/cpp/ros2/jaka/src/install/jaka_zu5_moveit_config/share/ament_index/resource_index/packages/jaka_zu5_moveit_config
[0.987s] -- Symlinking: /home/wtr/programs/cpp/ros2/jaka/src/install/jaka_zu5_moveit_config/share/jaka_zu5_moveit_config/cmake/jaka_zu5_moveit_configConfig.cmake
[0.999s] -- Symlinking: /home/wtr/programs/cpp/ros2/jaka/src/install/jaka_zu5_moveit_config/share/jaka_zu5_moveit_config/cmake/jaka_zu5_moveit_configConfig-version.cmake
[1.002s] -- Symlinking: /home/wtr/programs/cpp/ros2/jaka/src/install/jaka_zu5_moveit_config/share/jaka_zu5_moveit_config/package.xml
[1.010s] Invoked command in '/home/wtr/programs/cpp/ros2/jaka/src/build/jaka_zu5_moveit_config' returned '0': AMENT_PREFIX_PATH=/home/wtr/programs/cpp/ros2/jaka/src/install/jaka_description:${AMENT_PREFIX_PATH} CMAKE_PREFIX_PATH=/home/wtr/programs/cpp/ros2/jaka/src/install/jaka_description:/opt/ros/humble /usr/bin/cmake --install /home/wtr/programs/cpp/ros2/jaka/src/build/jaka_zu5_moveit_config
