[0.013s] Invoking command in '/home/wtr/programs/cpp/ros2/jaka/src/build/user_commands': AMENT_PREFIX_PATH=/home/wtr/programs/cpp/ros2/jaka/src/install/jaka_msgs:${AMENT_PREFIX_PATH} CMAKE_PREFIX_PATH=/home/wtr/programs/cpp/ros2/jaka/src/install/jaka_msgs:/opt/ros/humble LD_LIBRARY_PATH=/home/wtr/programs/cpp/ros2/jaka/src/install/jaka_msgs/lib:${LD_LIBRARY_PATH} PYTHONPATH=/home/wtr/programs/cpp/ros2/jaka/src/install/jaka_msgs/local/lib/python3.10/dist-packages:${PYTHONPATH} /usr/bin/cmake --build /home/wtr/programs/cpp/ros2/jaka/src/build/user_commands -- -j8 -l8
[0.035s] -- Found ament_cmake: 1.3.12 (/opt/ros/humble/share/ament_cmake/cmake)
[0.131s] -- Override CMake install command with custom implementation using symlinks instead of copying resources
[0.139s] -- Found rclcpp: 16.0.15 (/opt/ros/humble/share/rclcpp/cmake)
[0.158s] -- Found rosidl_generator_c: 3.1.7 (/opt/ros/humble/share/rosidl_generator_c/cmake)
[0.159s] -- Found rosidl_adapter: 3.1.7 (/opt/ros/humble/share/rosidl_adapter/cmake)
[0.164s] -- Found rosidl_generator_cpp: 3.1.7 (/opt/ros/humble/share/rosidl_generator_cpp/cmake)
[0.174s] -- Using all available rosidl_typesupport_c: rosidl_typesupport_fastrtps_c;rosidl_typesupport_introspection_c
[0.178s] -- Using all available rosidl_typesupport_cpp: rosidl_typesupport_fastrtps_cpp;rosidl_typesupport_introspection_cpp
[0.197s] -- Found rmw_implementation_cmake: 6.1.2 (/opt/ros/humble/share/rmw_implementation_cmake/cmake)
[0.198s] -- Found rmw_fastrtps_cpp: 6.2.9 (/opt/ros/humble/share/rmw_fastrtps_cpp/cmake)
[0.273s] -- Using RMW implementation 'rmw_fastrtps_cpp' as default
[0.303s] -- Found moveit_ros_planning_interface: 2.5.9 (/opt/ros/humble/share/moveit_ros_planning_interface/cmake)
[0.311s] -- Found Boost: /usr/lib/x86_64-linux-gnu/cmake/Boost-1.74.0/BoostConfig.cmake (found version "1.74.0") found components: date_time filesystem program_options system thread 
[0.424s] -- Found Boost: /usr/lib/x86_64-linux-gnu/cmake/Boost-1.74.0/BoostConfig.cmake (found version "1.74.0") found components: chrono date_time filesystem iostreams program_options regex serialization system thread 
[0.440s] -- Found parameter_traits: 0.5.0 (/opt/ros/humble/share/parameter_traits/cmake)
[0.444s] -- Found rclcpp_lifecycle: 16.0.15 (/opt/ros/humble/share/rclcpp_lifecycle/cmake)
[0.460s] -- Found Boost: /usr/lib/x86_64-linux-gnu/cmake/Boost-1.74.0/BoostConfig.cmake (found version "1.74.0") found components: filesystem 
[0.492s] -- library: /usr/lib/x86_64-linux-gnu/libcurl.so
[0.517s] -- Ensuring Eigen3 include directory is part of orocos-kdl CMake target
[0.615s] -- Found Boost: /usr/lib/x86_64-linux-gnu/cmake/Boost-1.74.0/BoostConfig.cmake (found version "1.74.0") found components: system filesystem date_time program_options thread chrono 
[0.647s] -- Found Boost: /usr/lib/x86_64-linux-gnu/cmake/Boost-1.74.0/BoostConfig.cmake (found version "1.74.0") found components: thread system filesystem regex date_time program_options 
[0.668s] -- Found Boost: /usr/lib/x86_64-linux-gnu/cmake/Boost-1.74.0/BoostConfig.cmake (found version "1.74.0") found components: system filesystem date_time program_options thread 
[0.690s] -- Found jaka_msgs: 0.0.0 (/home/wtr/programs/cpp/ros2/jaka/src/install/jaka_msgs/share/jaka_msgs/cmake)
[0.707s] -- Found ament_lint_auto: 0.12.14 (/opt/ros/humble/share/ament_lint_auto/cmake)
[0.796s] -- Added test 'cppcheck' to perform static code analysis on C / C++ code
[0.796s] -- Configured cppcheck include dirs: 
[0.796s] -- Configured cppcheck exclude dirs and/or files: 
[0.796s] -- Added test 'flake8' to check Python code syntax and style conventions
[0.796s] -- Added test 'lint_cmake' to check CMake code style
[0.797s] -- Added test 'pep257' to check Python code against some of the docstring style conventions in PEP 257
[0.797s] -- Added test 'uncrustify' to check C / C++ code style
[0.797s] -- Configured uncrustify additional arguments: 
[0.797s] -- Added test 'xmllint' to check XML markup files
[0.798s] -- Configuring done
[0.826s] -- Generating done
[0.835s] -- Build files have been written to: /home/wtr/programs/cpp/ros2/jaka/src/build/user_commands
[0.865s] [35m[1mConsolidate compiler generated dependencies of target my_moveit[0m
[0.885s] [ 50%] [32mBuilding CXX object CMakeFiles/my_moveit.dir/src/my_moveit.cpp.o[0m
[13.360s] [100%] [32m[1mLinking CXX executable my_moveit[0m
[13.992s] [100%] Built target my_moveit
[14.004s] Invoked command in '/home/wtr/programs/cpp/ros2/jaka/src/build/user_commands' returned '0': AMENT_PREFIX_PATH=/home/wtr/programs/cpp/ros2/jaka/src/install/jaka_msgs:${AMENT_PREFIX_PATH} CMAKE_PREFIX_PATH=/home/wtr/programs/cpp/ros2/jaka/src/install/jaka_msgs:/opt/ros/humble LD_LIBRARY_PATH=/home/wtr/programs/cpp/ros2/jaka/src/install/jaka_msgs/lib:${LD_LIBRARY_PATH} PYTHONPATH=/home/wtr/programs/cpp/ros2/jaka/src/install/jaka_msgs/local/lib/python3.10/dist-packages:${PYTHONPATH} /usr/bin/cmake --build /home/wtr/programs/cpp/ros2/jaka/src/build/user_commands -- -j8 -l8
[14.016s] Invoking command in '/home/wtr/programs/cpp/ros2/jaka/src/build/user_commands': AMENT_PREFIX_PATH=/home/wtr/programs/cpp/ros2/jaka/src/install/jaka_msgs:${AMENT_PREFIX_PATH} CMAKE_PREFIX_PATH=/home/wtr/programs/cpp/ros2/jaka/src/install/jaka_msgs:/opt/ros/humble LD_LIBRARY_PATH=/home/wtr/programs/cpp/ros2/jaka/src/install/jaka_msgs/lib:${LD_LIBRARY_PATH} PYTHONPATH=/home/wtr/programs/cpp/ros2/jaka/src/install/jaka_msgs/local/lib/python3.10/dist-packages:${PYTHONPATH} /usr/bin/cmake --install /home/wtr/programs/cpp/ros2/jaka/src/build/user_commands
[14.029s] -- Install configuration: ""
[14.029s] -- Execute custom install script
[14.030s] -- Up-to-date symlink: /home/wtr/programs/cpp/ros2/jaka/src/install/user_commands/lib/user_commands/my_moveit
[14.030s] -- Up-to-date symlink: /home/wtr/programs/cpp/ros2/jaka/src/install/user_commands/share/ament_index/resource_index/package_run_dependencies/user_commands
[14.030s] -- Up-to-date symlink: /home/wtr/programs/cpp/ros2/jaka/src/install/user_commands/share/ament_index/resource_index/parent_prefix_path/user_commands
[14.031s] -- Up-to-date symlink: /home/wtr/programs/cpp/ros2/jaka/src/install/user_commands/share/user_commands/environment/ament_prefix_path.sh
[14.031s] -- Up-to-date symlink: /home/wtr/programs/cpp/ros2/jaka/src/install/user_commands/share/user_commands/environment/ament_prefix_path.dsv
[14.031s] -- Up-to-date symlink: /home/wtr/programs/cpp/ros2/jaka/src/install/user_commands/share/user_commands/environment/path.sh
[14.031s] -- Up-to-date symlink: /home/wtr/programs/cpp/ros2/jaka/src/install/user_commands/share/user_commands/environment/path.dsv
[14.031s] -- Up-to-date symlink: /home/wtr/programs/cpp/ros2/jaka/src/install/user_commands/share/user_commands/local_setup.bash
[14.031s] -- Up-to-date symlink: /home/wtr/programs/cpp/ros2/jaka/src/install/user_commands/share/user_commands/local_setup.sh
[14.031s] -- Up-to-date symlink: /home/wtr/programs/cpp/ros2/jaka/src/install/user_commands/share/user_commands/local_setup.zsh
[14.032s] -- Up-to-date symlink: /home/wtr/programs/cpp/ros2/jaka/src/install/user_commands/share/user_commands/local_setup.dsv
[14.032s] -- Symlinking: /home/wtr/programs/cpp/ros2/jaka/src/install/user_commands/share/user_commands/package.dsv
[14.044s] -- Up-to-date symlink: /home/wtr/programs/cpp/ros2/jaka/src/install/user_commands/share/ament_index/resource_index/packages/user_commands
[14.044s] -- Up-to-date symlink: /home/wtr/programs/cpp/ros2/jaka/src/install/user_commands/share/user_commands/cmake/user_commandsConfig.cmake
[14.044s] -- Up-to-date symlink: /home/wtr/programs/cpp/ros2/jaka/src/install/user_commands/share/user_commands/cmake/user_commandsConfig-version.cmake
[14.045s] -- Up-to-date symlink: /home/wtr/programs/cpp/ros2/jaka/src/install/user_commands/share/user_commands/package.xml
[14.045s] -- Up-to-date: /home/wtr/programs/cpp/ros2/jaka/src/install/user_commands/lib/user_commands/ui
[14.047s] Invoked command in '/home/wtr/programs/cpp/ros2/jaka/src/build/user_commands' returned '0': AMENT_PREFIX_PATH=/home/wtr/programs/cpp/ros2/jaka/src/install/jaka_msgs:${AMENT_PREFIX_PATH} CMAKE_PREFIX_PATH=/home/wtr/programs/cpp/ros2/jaka/src/install/jaka_msgs:/opt/ros/humble LD_LIBRARY_PATH=/home/wtr/programs/cpp/ros2/jaka/src/install/jaka_msgs/lib:${LD_LIBRARY_PATH} PYTHONPATH=/home/wtr/programs/cpp/ros2/jaka/src/install/jaka_msgs/local/lib/python3.10/dist-packages:${PYTHONPATH} /usr/bin/cmake --install /home/wtr/programs/cpp/ros2/jaka/src/build/user_commands
