-- The C compiler identification is GNU 11.4.0
-- The CXX compiler identification is GNU 11.4.0
-- Detecting C compiler ABI info
-- Detecting C compiler ABI info - done
-- Check for working C compiler: /usr/bin/cc - skipped
-- Detecting C compile features
-- Detecting C compile features - done
-- Detecting CXX compiler ABI info
-- Detecting CXX compiler ABI info - done
-- Check for working CXX compiler: /usr/bin/c++ - skipped
-- Detecting CXX compile features
-- Detecting CXX compile features - done
-- Found ament_cmake: 1.3.12 (/opt/ros/humble/share/ament_cmake/cmake)
-- Found Python3: /usr/bin/python3 (found version "3.10.12") found components: Interpreter 
-- Override CMake install command with custom implementation using symlinks instead of copying resources
-- Found rclcpp: 16.0.15 (/opt/ros/humble/share/rclcpp/cmake)
-- Found rosidl_generator_c: 3.1.7 (/opt/ros/humble/share/rosidl_generator_c/cmake)
-- Found rosidl_adapter: 3.1.7 (/opt/ros/humble/share/rosidl_adapter/cmake)
-- Found rosidl_generator_cpp: 3.1.7 (/opt/ros/humble/share/rosidl_generator_cpp/cmake)
-- Using all available rosidl_typesupport_c: rosidl_typesupport_fastrtps_c;rosidl_typesupport_introspection_c
-- Using all available rosidl_typesupport_cpp: rosidl_typesupport_fastrtps_cpp;rosidl_typesupport_introspection_cpp
-- Found rmw_implementation_cmake: 6.1.2 (/opt/ros/humble/share/rmw_implementation_cmake/cmake)
-- Found rmw_fastrtps_cpp: 6.2.9 (/opt/ros/humble/share/rmw_fastrtps_cpp/cmake)
-- Found OpenSSL: /usr/lib/x86_64-linux-gnu/libcrypto.so (found version "3.0.2")  
-- Found FastRTPS: /opt/ros/humble/include  
-- Using RMW implementation 'rmw_fastrtps_cpp' as default
-- Looking for pthread.h
-- Looking for pthread.h - found
-- Performing Test CMAKE_HAVE_LIBC_PTHREAD
-- Performing Test CMAKE_HAVE_LIBC_PTHREAD - Success
-- Found Threads: TRUE  
-- Found rclpy: 3.3.17 (/opt/ros/humble/share/rclpy/cmake)
-- Found geometry_msgs: 4.9.0 (/opt/ros/humble/share/geometry_msgs/cmake)
-- Found sensor_msgs: 4.9.0 (/opt/ros/humble/share/sensor_msgs/cmake)
-- Found jaka_msgs: 0.0.0 (/home/wtr/programs/cpp/ros2/jaka/src/install/jaka_msgs/share/jaka_msgs/cmake)
-- Found action_msgs: 1.2.2 (/opt/ros/humble/share/action_msgs/cmake)
-- Found control_msgs: 4.8.0 (/opt/ros/humble/share/control_msgs/cmake)
-- Found rosidl_default_generators: 1.2.0 (/opt/ros/humble/share/rosidl_default_generators/cmake)
-- Configuring done
-- Generating done
-- Build files have been written to: /home/wtr/programs/cpp/ros2/jaka/src/build/jaka_driver
[ 12%] [32mBuilding CXX object CMakeFiles/sdk_test.dir/src/sdk_test.cpp.o[0m
[ 25%] [32mBuilding CXX object CMakeFiles/client.dir/src/client.cpp.o[0m
[ 37%] [32mBuilding CXX object CMakeFiles/jaka_driver.dir/src/jaka_driver.cpp.o[0m
[ 50%] [32mBuilding CXX object CMakeFiles/servoj_demo.dir/src/servoj_demo.cpp.o[0m
[ 62%] [32m[1mLinking CXX executable sdk_test[0m
[ 62%] Built target sdk_test
[ 75%] [32m[1mLinking CXX executable client[0m
[ 75%] Built target client
[ 87%] [32m[1mLinking CXX executable servoj_demo[0m
[ 87%] Built target servoj_demo
[100%] [32m[1mLinking CXX executable jaka_driver[0m
[100%] Built target jaka_driver
-- Install configuration: "Debug"
-- Execute custom install script
-- Symlinking: /home/wtr/programs/cpp/ros2/jaka/src/install/jaka_driver/lib/jaka_driver/jaka_driver
-- Symlinking: /home/wtr/programs/cpp/ros2/jaka/src/install/jaka_driver/lib/jaka_driver/sdk_test
-- Symlinking: /home/wtr/programs/cpp/ros2/jaka/src/install/jaka_driver/lib/jaka_driver/client
-- Symlinking: /home/wtr/programs/cpp/ros2/jaka/src/install/jaka_driver/lib/jaka_driver/servoj_demo
-- Symlinking: /home/wtr/programs/cpp/ros2/jaka/src/install/jaka_driver/share/jaka_driver/launch/robot_start.launch.py
-- Symlinking: /home/wtr/programs/cpp/ros2/jaka/src/install/jaka_driver/share/ament_index/resource_index/package_run_dependencies/jaka_driver
-- Symlinking: /home/wtr/programs/cpp/ros2/jaka/src/install/jaka_driver/share/ament_index/resource_index/parent_prefix_path/jaka_driver
-- Symlinking: /home/wtr/programs/cpp/ros2/jaka/src/install/jaka_driver/share/jaka_driver/environment/ament_prefix_path.sh
-- Symlinking: /home/wtr/programs/cpp/ros2/jaka/src/install/jaka_driver/share/jaka_driver/environment/ament_prefix_path.dsv
-- Symlinking: /home/wtr/programs/cpp/ros2/jaka/src/install/jaka_driver/share/jaka_driver/environment/path.sh
-- Symlinking: /home/wtr/programs/cpp/ros2/jaka/src/install/jaka_driver/share/jaka_driver/environment/path.dsv
-- Symlinking: /home/wtr/programs/cpp/ros2/jaka/src/install/jaka_driver/share/jaka_driver/local_setup.bash
-- Symlinking: /home/wtr/programs/cpp/ros2/jaka/src/install/jaka_driver/share/jaka_driver/local_setup.sh
-- Symlinking: /home/wtr/programs/cpp/ros2/jaka/src/install/jaka_driver/share/jaka_driver/local_setup.zsh
-- Symlinking: /home/wtr/programs/cpp/ros2/jaka/src/install/jaka_driver/share/jaka_driver/local_setup.dsv
-- Symlinking: /home/wtr/programs/cpp/ros2/jaka/src/install/jaka_driver/share/jaka_driver/package.dsv
-- Symlinking: /home/wtr/programs/cpp/ros2/jaka/src/install/jaka_driver/share/ament_index/resource_index/packages/jaka_driver
-- Symlinking: /home/wtr/programs/cpp/ros2/jaka/src/install/jaka_driver/share/jaka_driver/cmake/jaka_driverConfig.cmake
-- Symlinking: /home/wtr/programs/cpp/ros2/jaka/src/install/jaka_driver/share/jaka_driver/cmake/jaka_driverConfig-version.cmake
-- Symlinking: /home/wtr/programs/cpp/ros2/jaka/src/install/jaka_driver/share/jaka_driver/package.xml
