[0.009s] Invoking command in '/home/wtr/programs/cpp/ros2/jaka/src/build/jaka_driver': AMENT_PREFIX_PATH=/home/wtr/programs/cpp/ros2/jaka/src/install/jaka_msgs:${AMENT_PREFIX_PATH} CMAKE_PREFIX_PATH=/home/wtr/programs/cpp/ros2/jaka/src/install/jaka_msgs:/opt/ros/humble LD_LIBRARY_PATH=/home/wtr/programs/cpp/ros2/jaka/src/install/jaka_msgs/lib:${LD_LIBRARY_PATH} PYTHONPATH=/home/wtr/programs/cpp/ros2/jaka/src/install/jaka_msgs/local/lib/python3.10/dist-packages:${PYTHONPATH} /usr/bin/cmake /home/wtr/programs/cpp/ros2/jaka/src/jaka_driver -DAMENT_CMAKE_SYMLINK_INSTALL=1 -DCMAKE_INSTALL_PREFIX=/home/wtr/programs/cpp/ros2/jaka/src/install/jaka_driver
[0.055s] -- The C compiler identification is GNU 11.4.0
[0.097s] -- The CXX compiler identification is GNU 11.4.0
[0.105s] -- Detecting C compiler ABI info
[0.155s] -- Detecting C compiler ABI info - done
[0.159s] -- Check for working C compiler: /usr/bin/cc - skipped
[0.160s] -- Detecting C compile features
[0.160s] -- Detecting C compile features - done
[0.162s] -- Detecting CXX compiler ABI info
[0.244s] -- Detecting CXX compiler ABI info - done
[0.248s] -- Check for working CXX compiler: /usr/bin/c++ - skipped
[0.248s] -- Detecting CXX compile features
[0.249s] -- Detecting CXX compile features - done
[0.250s] -- Found ament_cmake: 1.3.12 (/opt/ros/humble/share/ament_cmake/cmake)
[0.368s] -- Found Python3: /usr/bin/python3 (found version "3.10.12") found components: Interpreter 
[0.422s] -- Override CMake install command with custom implementation using symlinks instead of copying resources
[0.440s] -- Found rclcpp: 16.0.15 (/opt/ros/humble/share/rclcpp/cmake)
[0.466s] -- Found rosidl_generator_c: 3.1.7 (/opt/ros/humble/share/rosidl_generator_c/cmake)
[0.469s] -- Found rosidl_adapter: 3.1.7 (/opt/ros/humble/share/rosidl_adapter/cmake)
[0.474s] -- Found rosidl_generator_cpp: 3.1.7 (/opt/ros/humble/share/rosidl_generator_cpp/cmake)
[0.482s] -- Using all available rosidl_typesupport_c: rosidl_typesupport_fastrtps_c;rosidl_typesupport_introspection_c
[0.493s] -- Using all available rosidl_typesupport_cpp: rosidl_typesupport_fastrtps_cpp;rosidl_typesupport_introspection_cpp
[0.523s] -- Found rmw_implementation_cmake: 6.1.2 (/opt/ros/humble/share/rmw_implementation_cmake/cmake)
[0.524s] -- Found rmw_fastrtps_cpp: 6.2.9 (/opt/ros/humble/share/rmw_fastrtps_cpp/cmake)
[0.587s] -- Found OpenSSL: /usr/lib/x86_64-linux-gnu/libcrypto.so (found version "3.0.2")  
[0.609s] -- Found FastRTPS: /opt/ros/humble/include  
[0.639s] -- Using RMW implementation 'rmw_fastrtps_cpp' as default
[0.645s] -- Looking for pthread.h
[0.707s] -- Looking for pthread.h - found
[0.710s] -- Performing Test CMAKE_HAVE_LIBC_PTHREAD
[0.771s] -- Performing Test CMAKE_HAVE_LIBC_PTHREAD - Success
[0.772s] -- Found Threads: TRUE  
[0.812s] -- Found rclpy: 3.3.17 (/opt/ros/humble/share/rclpy/cmake)
[0.812s] -- Found geometry_msgs: 4.9.0 (/opt/ros/humble/share/geometry_msgs/cmake)
[0.821s] -- Found sensor_msgs: 4.9.0 (/opt/ros/humble/share/sensor_msgs/cmake)
[0.833s] -- Found jaka_msgs: 0.0.0 (/home/wtr/programs/cpp/ros2/jaka/src/install/jaka_msgs/share/jaka_msgs/cmake)
[0.848s] -- Found action_msgs: 1.2.2 (/opt/ros/humble/share/action_msgs/cmake)
[0.862s] -- Found control_msgs: 4.8.0 (/opt/ros/humble/share/control_msgs/cmake)
[0.892s] -- Found rosidl_default_generators: 1.2.0 (/opt/ros/humble/share/rosidl_default_generators/cmake)
[0.955s] -- Configuring done
[0.974s] -- Generating done
[0.981s] -- Build files have been written to: /home/wtr/programs/cpp/ros2/jaka/src/build/jaka_driver
[0.990s] Invoked command in '/home/wtr/programs/cpp/ros2/jaka/src/build/jaka_driver' returned '0': AMENT_PREFIX_PATH=/home/wtr/programs/cpp/ros2/jaka/src/install/jaka_msgs:${AMENT_PREFIX_PATH} CMAKE_PREFIX_PATH=/home/wtr/programs/cpp/ros2/jaka/src/install/jaka_msgs:/opt/ros/humble LD_LIBRARY_PATH=/home/wtr/programs/cpp/ros2/jaka/src/install/jaka_msgs/lib:${LD_LIBRARY_PATH} PYTHONPATH=/home/wtr/programs/cpp/ros2/jaka/src/install/jaka_msgs/local/lib/python3.10/dist-packages:${PYTHONPATH} /usr/bin/cmake /home/wtr/programs/cpp/ros2/jaka/src/jaka_driver -DAMENT_CMAKE_SYMLINK_INSTALL=1 -DCMAKE_INSTALL_PREFIX=/home/wtr/programs/cpp/ros2/jaka/src/install/jaka_driver
[0.991s] Invoking command in '/home/wtr/programs/cpp/ros2/jaka/src/build/jaka_driver': AMENT_PREFIX_PATH=/home/wtr/programs/cpp/ros2/jaka/src/install/jaka_msgs:${AMENT_PREFIX_PATH} CMAKE_PREFIX_PATH=/home/wtr/programs/cpp/ros2/jaka/src/install/jaka_msgs:/opt/ros/humble LD_LIBRARY_PATH=/home/wtr/programs/cpp/ros2/jaka/src/install/jaka_msgs/lib:${LD_LIBRARY_PATH} PYTHONPATH=/home/wtr/programs/cpp/ros2/jaka/src/install/jaka_msgs/local/lib/python3.10/dist-packages:${PYTHONPATH} /usr/bin/cmake --build /home/wtr/programs/cpp/ros2/jaka/src/build/jaka_driver -- -j8 -l8
[1.037s] [ 12%] [32mBuilding CXX object CMakeFiles/sdk_test.dir/src/sdk_test.cpp.o[0m
[1.038s] [ 25%] [32mBuilding CXX object CMakeFiles/client.dir/src/client.cpp.o[0m
[1.041s] [ 37%] [32mBuilding CXX object CMakeFiles/jaka_driver.dir/src/jaka_driver.cpp.o[0m
[1.041s] [ 50%] [32mBuilding CXX object CMakeFiles/servoj_demo.dir/src/servoj_demo.cpp.o[0m
[7.397s] [ 62%] [32m[1mLinking CXX executable sdk_test[0m
[8.319s] [ 62%] Built target sdk_test
[9.010s] [ 75%] [32m[1mLinking CXX executable client[0m
[9.280s] [ 75%] Built target client
[9.676s] [ 87%] [32m[1mLinking CXX executable servoj_demo[0m
[10.368s] [ 87%] Built target servoj_demo
[17.401s] [100%] [32m[1mLinking CXX executable jaka_driver[0m
[18.727s] [100%] Built target jaka_driver
[18.737s] Invoked command in '/home/wtr/programs/cpp/ros2/jaka/src/build/jaka_driver' returned '0': AMENT_PREFIX_PATH=/home/wtr/programs/cpp/ros2/jaka/src/install/jaka_msgs:${AMENT_PREFIX_PATH} CMAKE_PREFIX_PATH=/home/wtr/programs/cpp/ros2/jaka/src/install/jaka_msgs:/opt/ros/humble LD_LIBRARY_PATH=/home/wtr/programs/cpp/ros2/jaka/src/install/jaka_msgs/lib:${LD_LIBRARY_PATH} PYTHONPATH=/home/wtr/programs/cpp/ros2/jaka/src/install/jaka_msgs/local/lib/python3.10/dist-packages:${PYTHONPATH} /usr/bin/cmake --build /home/wtr/programs/cpp/ros2/jaka/src/build/jaka_driver -- -j8 -l8
[18.738s] Invoking command in '/home/wtr/programs/cpp/ros2/jaka/src/build/jaka_driver': AMENT_PREFIX_PATH=/home/wtr/programs/cpp/ros2/jaka/src/install/jaka_msgs:${AMENT_PREFIX_PATH} CMAKE_PREFIX_PATH=/home/wtr/programs/cpp/ros2/jaka/src/install/jaka_msgs:/opt/ros/humble LD_LIBRARY_PATH=/home/wtr/programs/cpp/ros2/jaka/src/install/jaka_msgs/lib:${LD_LIBRARY_PATH} PYTHONPATH=/home/wtr/programs/cpp/ros2/jaka/src/install/jaka_msgs/local/lib/python3.10/dist-packages:${PYTHONPATH} /usr/bin/cmake --install /home/wtr/programs/cpp/ros2/jaka/src/build/jaka_driver
[18.743s] -- Install configuration: "Debug"
[18.743s] -- Execute custom install script
[18.744s] -- Symlinking: /home/wtr/programs/cpp/ros2/jaka/src/install/jaka_driver/lib/jaka_driver/jaka_driver
[18.751s] -- Symlinking: /home/wtr/programs/cpp/ros2/jaka/src/install/jaka_driver/lib/jaka_driver/sdk_test
[18.758s] -- Symlinking: /home/wtr/programs/cpp/ros2/jaka/src/install/jaka_driver/lib/jaka_driver/client
[18.766s] -- Symlinking: /home/wtr/programs/cpp/ros2/jaka/src/install/jaka_driver/lib/jaka_driver/servoj_demo
[18.773s] -- Symlinking: /home/wtr/programs/cpp/ros2/jaka/src/install/jaka_driver/share/jaka_driver/launch/robot_start.launch.py
[18.779s] -- Symlinking: /home/wtr/programs/cpp/ros2/jaka/src/install/jaka_driver/share/ament_index/resource_index/package_run_dependencies/jaka_driver
[18.788s] -- Symlinking: /home/wtr/programs/cpp/ros2/jaka/src/install/jaka_driver/share/ament_index/resource_index/parent_prefix_path/jaka_driver
[18.795s] -- Symlinking: /home/wtr/programs/cpp/ros2/jaka/src/install/jaka_driver/share/jaka_driver/environment/ament_prefix_path.sh
[18.803s] -- Symlinking: /home/wtr/programs/cpp/ros2/jaka/src/install/jaka_driver/share/jaka_driver/environment/ament_prefix_path.dsv
[18.809s] -- Symlinking: /home/wtr/programs/cpp/ros2/jaka/src/install/jaka_driver/share/jaka_driver/environment/path.sh
[18.816s] -- Symlinking: /home/wtr/programs/cpp/ros2/jaka/src/install/jaka_driver/share/jaka_driver/environment/path.dsv
[18.822s] -- Symlinking: /home/wtr/programs/cpp/ros2/jaka/src/install/jaka_driver/share/jaka_driver/local_setup.bash
[18.830s] -- Symlinking: /home/wtr/programs/cpp/ros2/jaka/src/install/jaka_driver/share/jaka_driver/local_setup.sh
[18.837s] -- Symlinking: /home/wtr/programs/cpp/ros2/jaka/src/install/jaka_driver/share/jaka_driver/local_setup.zsh
[18.843s] -- Symlinking: /home/wtr/programs/cpp/ros2/jaka/src/install/jaka_driver/share/jaka_driver/local_setup.dsv
[18.855s] -- Symlinking: /home/wtr/programs/cpp/ros2/jaka/src/install/jaka_driver/share/jaka_driver/package.dsv
[18.866s] -- Symlinking: /home/wtr/programs/cpp/ros2/jaka/src/install/jaka_driver/share/ament_index/resource_index/packages/jaka_driver
[18.874s] -- Symlinking: /home/wtr/programs/cpp/ros2/jaka/src/install/jaka_driver/share/jaka_driver/cmake/jaka_driverConfig.cmake
[18.881s] -- Symlinking: /home/wtr/programs/cpp/ros2/jaka/src/install/jaka_driver/share/jaka_driver/cmake/jaka_driverConfig-version.cmake
[18.888s] -- Symlinking: /home/wtr/programs/cpp/ros2/jaka/src/install/jaka_driver/share/jaka_driver/package.xml
[18.897s] Invoked command in '/home/wtr/programs/cpp/ros2/jaka/src/build/jaka_driver' returned '0': AMENT_PREFIX_PATH=/home/wtr/programs/cpp/ros2/jaka/src/install/jaka_msgs:${AMENT_PREFIX_PATH} CMAKE_PREFIX_PATH=/home/wtr/programs/cpp/ros2/jaka/src/install/jaka_msgs:/opt/ros/humble LD_LIBRARY_PATH=/home/wtr/programs/cpp/ros2/jaka/src/install/jaka_msgs/lib:${LD_LIBRARY_PATH} PYTHONPATH=/home/wtr/programs/cpp/ros2/jaka/src/install/jaka_msgs/local/lib/python3.10/dist-packages:${PYTHONPATH} /usr/bin/cmake --install /home/wtr/programs/cpp/ros2/jaka/src/build/jaka_driver
