[0.010s] Invoking command in '/home/wtr/programs/cpp/ros2/jaka/src/build/user_commands': CMAKE_PREFIX_PATH=/opt/ros/humble /usr/bin/cmake --build /home/wtr/programs/cpp/ros2/jaka/src/build/user_commands -- -j8 -l8
[0.049s] Invoked command in '/home/wtr/programs/cpp/ros2/jaka/src/build/user_commands' returned '0': CMAKE_PREFIX_PATH=/opt/ros/humble /usr/bin/cmake --build /home/wtr/programs/cpp/ros2/jaka/src/build/user_commands -- -j8 -l8
[0.060s] Invoking command in '/home/wtr/programs/cpp/ros2/jaka/src/build/user_commands': CMAKE_PREFIX_PATH=/opt/ros/humble /usr/bin/cmake --install /home/wtr/programs/cpp/ros2/jaka/src/build/user_commands
[0.065s] -- Install configuration: ""
[0.066s] -- Execute custom install script
[0.066s] -- Up-to-date symlink: /home/wtr/programs/cpp/ros2/jaka/src/install/user_commands/share/ament_index/resource_index/package_run_dependencies/user_commands
[0.066s] -- Up-to-date symlink: /home/wtr/programs/cpp/ros2/jaka/src/install/user_commands/share/ament_index/resource_index/parent_prefix_path/user_commands
[0.066s] -- Up-to-date symlink: /home/wtr/programs/cpp/ros2/jaka/src/install/user_commands/share/user_commands/environment/ament_prefix_path.sh
[0.066s] -- Up-to-date symlink: /home/wtr/programs/cpp/ros2/jaka/src/install/user_commands/share/user_commands/environment/ament_prefix_path.dsv
[0.066s] -- Up-to-date symlink: /home/wtr/programs/cpp/ros2/jaka/src/install/user_commands/share/user_commands/environment/path.sh
[0.066s] -- Up-to-date symlink: /home/wtr/programs/cpp/ros2/jaka/src/install/user_commands/share/user_commands/environment/path.dsv
[0.066s] -- Up-to-date symlink: /home/wtr/programs/cpp/ros2/jaka/src/install/user_commands/share/user_commands/local_setup.bash
[0.066s] -- Up-to-date symlink: /home/wtr/programs/cpp/ros2/jaka/src/install/user_commands/share/user_commands/local_setup.sh
[0.067s] -- Up-to-date symlink: /home/wtr/programs/cpp/ros2/jaka/src/install/user_commands/share/user_commands/local_setup.zsh
[0.067s] -- Up-to-date symlink: /home/wtr/programs/cpp/ros2/jaka/src/install/user_commands/share/user_commands/local_setup.dsv
[0.067s] -- Symlinking: /home/wtr/programs/cpp/ros2/jaka/src/install/user_commands/share/user_commands/package.dsv
[0.074s] -- Up-to-date symlink: /home/wtr/programs/cpp/ros2/jaka/src/install/user_commands/share/ament_index/resource_index/packages/user_commands
[0.074s] -- Up-to-date symlink: /home/wtr/programs/cpp/ros2/jaka/src/install/user_commands/share/user_commands/cmake/user_commandsConfig.cmake
[0.074s] -- Up-to-date symlink: /home/wtr/programs/cpp/ros2/jaka/src/install/user_commands/share/user_commands/cmake/user_commandsConfig-version.cmake
[0.074s] -- Up-to-date symlink: /home/wtr/programs/cpp/ros2/jaka/src/install/user_commands/share/user_commands/package.xml
[0.076s] Invoked command in '/home/wtr/programs/cpp/ros2/jaka/src/build/user_commands' returned '0': CMAKE_PREFIX_PATH=/opt/ros/humble /usr/bin/cmake --install /home/wtr/programs/cpp/ros2/jaka/src/build/user_commands
